#
# There is insufficient memory for the Java Runtime Environment to continue.
# Native memory allocation (malloc) failed to allocate 1021216 bytes for Chunk::new
# Possible reasons:
#   The system is out of physical RAM or swap space
#   In 32 bit mode, the process size limit was hit
# Possible solutions:
#   Reduce memory load on the system
#   Increase physical memory or swap space
#   Check if swap backing store is full
#   Use 64 bit Java on a 64 bit OS
#   Decrease Java heap size (-Xmx/-Xms)
#   Decrease number of Java threads
#   Decrease Java thread stack sizes (-Xss)
#   Set larger code cache with -XX:ReservedCodeCacheSize=
# This output file may be truncated or incomplete.
#
#  Out of Memory Error (allocation.cpp:390), pid=9112, tid=0x00000000000007b4
#
# JRE version: Java(TM) SE Runtime Environment (8.0_161-b12) (build 1.8.0_161-b12)
# Java VM: Java HotSpot(TM) 64-Bit Server VM (25.161-b12 mixed mode windows-amd64 compressed oops)
# Failed to write core dump. Minidumps are not enabled by default on client versions of Windows
#

---------------  T H R E A D  ---------------

Current thread (0x000000001a033800):  JavaThread "C2 CompilerThread0" daemon [_thread_in_native, id=1972, stack(0x000000001a660000,0x000000001a760000)]

Stack: [0x000000001a660000,0x000000001a760000]
[error occurred during error reporting (printing stack bounds), id 0xc0000005]

Native frames: (J=compiled Java code, j=interpreted, Vv=VM code, C=native code)


Current CompileTask:
C2:  10313 1874   !   4       java.net.URLClassLoader$1::run (63 bytes)


---------------  P R O C E S S  ---------------

Java Threads: ( => current thread )
  0x000000001b1a2000 JavaThread "Log4j2-TF-2-Scheduled-1" daemon [_thread_blocked, id=11872, stack(0x000000001d8b0000,0x000000001d9b0000)]
  0x000000001afca000 JavaThread "background-preinit" [_thread_in_vm, id=16652, stack(0x000000001c130000,0x000000001c230000)]
  0x000000001ae46000 JavaThread "restartedMain" [_thread_in_native, id=17724, stack(0x000000001c030000,0x000000001c130000)]
  0x000000001adc3000 JavaThread "Thread-1" [_thread_blocked, id=17668, stack(0x000000001bf30000,0x000000001c030000)]
  0x000000001a133000 JavaThread "Service Thread" daemon [_thread_blocked, id=20564, stack(0x000000001a960000,0x000000001aa60000)]
  0x000000001a035800 JavaThread "C1 CompilerThread2" daemon [_thread_in_vm, id=14500, stack(0x000000001a860000,0x000000001a960000)]
  0x000000001a034800 JavaThread "C2 CompilerThread1" daemon [_thread_in_native, id=12220, stack(0x000000001a760000,0x000000001a860000)]
=>0x000000001a033800 JavaThread "C2 CompilerThread0" daemon [_thread_in_native, id=1972, stack(0x000000001a660000,0x000000001a760000)]
  0x0000000018255800 JavaThread "JDWP Command Reader" daemon [_thread_in_native, id=21500, stack(0x0000000019d60000,0x0000000019e60000)]
  0x000000001824e800 JavaThread "JDWP Event Helper Thread" daemon [_thread_blocked, id=13972, stack(0x0000000019c60000,0x0000000019d60000)]
  0x0000000018243000 JavaThread "JDWP Transport Listener: dt_socket" daemon [_thread_blocked, id=19952, stack(0x0000000019b60000,0x0000000019c60000)]
  0x000000001823b000 JavaThread "Attach Listener" daemon [_thread_blocked, id=15136, stack(0x0000000019a60000,0x0000000019b60000)]
  0x0000000018229000 JavaThread "Signal Dispatcher" daemon [_thread_blocked, id=14932, stack(0x0000000019960000,0x0000000019a60000)]
  0x000000000359e800 JavaThread "Finalizer" daemon [_thread_blocked, id=11860, stack(0x0000000019460000,0x0000000019560000)]
  0x00000000181d8800 JavaThread "Reference Handler" daemon [_thread_blocked, id=20812, stack(0x0000000019360000,0x0000000019460000)]
  0x00000000034ab000 JavaThread "main" [_thread_blocked, id=8512, stack(0x00000000032b0000,0x00000000033b0000)]

Other Threads:
  0x00000000181d7800 VMThread [stack: 0x0000000019260000,0x0000000019360000] [id=19184]
  0x000000001a1d2800 WatcherThread [stack: 0x000000001aa60000,0x000000001ab60000] [id=20824]

VM state:not at safepoint (normal execution)

VM Mutex/Monitor currently owned by a thread: None

Heap:
 PSYoungGen      total 138240K, used 76587K [0x00000000d5c00000, 0x00000000e6a00000, 0x0000000100000000)
  eden space 131072K, 58% used [0x00000000d5c00000,0x00000000da6caf20,0x00000000ddc00000)
  from space 7168K, 0% used [0x00000000ddc00000,0x00000000ddc00000,0x00000000de300000)
  to   space 7168K, 0% used [0x00000000e6300000,0x00000000e6300000,0x00000000e6a00000)
 ParOldGen       total 52736K, used 9447K [0x0000000081400000, 0x0000000084780000, 0x00000000d5c00000)
  object space 52736K, 17% used [0x0000000081400000,0x0000000081d39d58,0x0000000084780000)
 Metaspace       used 25062K, capacity 25676K, committed 25984K, reserved 1071104K
  class space    used 3170K, capacity 3335K, committed 3456K, reserved 1048576K

Card table byte_map: [0x0000000012a60000,0x0000000012e60000] byte_map_base: 0x0000000012656000

Marking Bits: (ParMarkBitMap*) 0x000000006667f860
 Begin Bits: [0x0000000013510000, 0x00000000154c0000)
 End Bits:   [0x00000000154c0000, 0x0000000017470000)

Polling page: 0x0000000000df0000

CodeCache: size=245760Kb used=6642Kb max_used=6642Kb free=239117Kb
 bounds [0x00000000036a0000, 0x0000000003d20000, 0x00000000126a0000]
 total_blobs=2285 nmethods=1880 adapters=325
 compilation: enabled

Compilation events (10 events):
Event: 10.263 Thread 0x000000001a035800 1900       3       org.xml.sax.helpers.AttributesImpl::getValue (25 bytes)
Event: 10.264 Thread 0x000000001a035800 nmethod 1900 0x0000000003d1b4d0 code [0x0000000003d1b640, 0x0000000003d1b850]
Event: 10.264 Thread 0x000000001a035800 1901       1       java.util.concurrent.locks.ReentrantReadWriteLock::writeLock (5 bytes)
Event: 10.264 Thread 0x000000001a035800 nmethod 1901 0x0000000003d1b950 code [0x0000000003d1baa0, 0x0000000003d1bbb0]
Event: 10.308 Thread 0x000000001a035800 1904       3       com.sun.org.apache.xerces.internal.util.AugmentationsImpl$SmallContainer::clear (41 bytes)
Event: 10.308 Thread 0x000000001a035800 nmethod 1904 0x0000000003d1bc10 code [0x0000000003d1bda0, 0x0000000003d1c250]
Event: 10.308 Thread 0x000000001a035800 1903       3       com.sun.org.apache.xerces.internal.util.AugmentationsImpl::removeAllItems (8 bytes)
Event: 10.308 Thread 0x000000001a035800 nmethod 1903 0x0000000003d1c410 code [0x0000000003d1c580, 0x0000000003d1c7a8]
Event: 10.308 Thread 0x000000001a035800 1905       3       com.sun.org.apache.xerces.internal.impl.XMLDocumentFragmentScannerImpl::getString (76 bytes)
Event: 10.309 Thread 0x000000001a035800 nmethod 1905 0x0000000003d1c850 code [0x0000000003d1ca80, 0x0000000003d1d7c8]

GC Heap History (10 events):
Event: 5.144 GC heap before
{Heap before GC invocations=4 (full 0):
 PSYoungGen      total 38400K, used 38361K [0x00000000d5c00000, 0x00000000da280000, 0x0000000100000000)
  eden space 33280K, 99% used [0x00000000d5c00000,0x00000000d7c7cfb8,0x00000000d7c80000)
  from space 5120K, 99% used [0x00000000d9c00000,0x00000000da0f9750,0x00000000da100000)
  to   space 1536K, 0% used [0x00000000da100000,0x00000000da100000,0x00000000da280000)
 ParOldGen       total 87552K, used 619K [0x0000000081400000, 0x0000000086980000, 0x00000000d5c00000)
  object space 87552K, 0% used [0x0000000081400000,0x000000008149ac48,0x0000000086980000)
 Metaspace       used 11446K, capacity 11650K, committed 12032K, reserved 1060864K
  class space    used 1389K, capacity 1455K, committed 1536K, reserved 1048576K
Event: 5.183 GC heap after
Heap after GC invocations=4 (full 0):
 PSYoungGen      total 67072K, used 1525K [0x00000000d5c00000, 0x00000000da700000, 0x0000000100000000)
  eden space 65536K, 0% used [0x00000000d5c00000,0x00000000d5c00000,0x00000000d9c00000)
  from space 1536K, 99% used [0x00000000da100000,0x00000000da27d5d0,0x00000000da280000)
  to   space 5120K, 0% used [0x00000000d9c00000,0x00000000d9c00000,0x00000000da100000)
 ParOldGen       total 87552K, used 5040K [0x0000000081400000, 0x0000000086980000, 0x00000000d5c00000)
  object space 87552K, 5% used [0x0000000081400000,0x00000000818ec058,0x0000000086980000)
 Metaspace       used 11446K, capacity 11650K, committed 12032K, reserved 1060864K
  class space    used 1389K, capacity 1455K, committed 1536K, reserved 1048576K
}
Event: 7.248 GC heap before
{Heap before GC invocations=5 (full 0):
 PSYoungGen      total 67072K, used 67061K [0x00000000d5c00000, 0x00000000da700000, 0x0000000100000000)
  eden space 65536K, 100% used [0x00000000d5c00000,0x00000000d9c00000,0x00000000d9c00000)
  from space 1536K, 99% used [0x00000000da100000,0x00000000da27d5d0,0x00000000da280000)
  to   space 5120K, 0% used [0x00000000d9c00000,0x00000000d9c00000,0x00000000da100000)
 ParOldGen       total 87552K, used 5040K [0x0000000081400000, 0x0000000086980000, 0x00000000d5c00000)
  object space 87552K, 5% used [0x0000000081400000,0x00000000818ec058,0x0000000086980000)
 Metaspace       used 14999K, capacity 15320K, committed 15616K, reserved 1062912K
  class space    used 1853K, capacity 1943K, committed 2048K, reserved 1048576K
Event: 7.287 GC heap after
Heap after GC invocations=5 (full 0):
 PSYoungGen      total 70656K, used 5060K [0x00000000d5c00000, 0x00000000dea00000, 0x0000000100000000)
  eden space 65536K, 0% used [0x00000000d5c00000,0x00000000d5c00000,0x00000000d9c00000)
  from space 5120K, 98% used [0x00000000d9c00000,0x00000000da0f1358,0x00000000da100000)
  to   space 7168K, 0% used [0x00000000de300000,0x00000000de300000,0x00000000dea00000)
 ParOldGen       total 87552K, used 5048K [0x0000000081400000, 0x0000000086980000, 0x00000000d5c00000)
  object space 87552K, 5% used [0x0000000081400000,0x00000000818ee058,0x0000000086980000)
 Metaspace       used 14999K, capacity 15320K, committed 15616K, reserved 1062912K
  class space    used 1853K, capacity 1943K, committed 2048K, reserved 1048576K
}
Event: 8.685 GC heap before
{Heap before GC invocations=6 (full 0):
 PSYoungGen      total 70656K, used 70596K [0x00000000d5c00000, 0x00000000dea00000, 0x0000000100000000)
  eden space 65536K, 100% used [0x00000000d5c00000,0x00000000d9c00000,0x00000000d9c00000)
  from space 5120K, 98% used [0x00000000d9c00000,0x00000000da0f1358,0x00000000da100000)
  to   space 7168K, 0% used [0x00000000de300000,0x00000000de300000,0x00000000dea00000)
 ParOldGen       total 87552K, used 5048K [0x0000000081400000, 0x0000000086980000, 0x00000000d5c00000)
  object space 87552K, 5% used [0x0000000081400000,0x00000000818ee058,0x0000000086980000)
 Metaspace       used 19350K, capacity 19832K, committed 20096K, reserved 1067008K
  class space    used 2442K, capacity 2601K, committed 2688K, reserved 1048576K
Event: 8.698 GC heap after
Heap after GC invocations=6 (full 0):
 PSYoungGen      total 138240K, used 5877K [0x00000000d5c00000, 0x00000000dea00000, 0x0000000100000000)
  eden space 131072K, 0% used [0x00000000d5c00000,0x00000000d5c00000,0x00000000ddc00000)
  from space 7168K, 81% used [0x00000000de300000,0x00000000de8bd540,0x00000000dea00000)
  to   space 7168K, 0% used [0x00000000ddc00000,0x00000000ddc00000,0x00000000de300000)
 ParOldGen       total 87552K, used 5120K [0x0000000081400000, 0x0000000086980000, 0x00000000d5c00000)
  object space 87552K, 5% used [0x0000000081400000,0x0000000081900068,0x0000000086980000)
 Metaspace       used 19350K, capacity 19832K, committed 20096K, reserved 1067008K
  class space    used 2442K, capacity 2601K, committed 2688K, reserved 1048576K
}
Event: 8.931 GC heap before
{Heap before GC invocations=7 (full 0):
 PSYoungGen      total 138240K, used 28144K [0x00000000d5c00000, 0x00000000dea00000, 0x0000000100000000)
  eden space 131072K, 16% used [0x00000000d5c00000,0x00000000d71beb68,0x00000000ddc00000)
  from space 7168K, 81% used [0x00000000de300000,0x00000000de8bd540,0x00000000dea00000)
  to   space 7168K, 0% used [0x00000000ddc00000,0x00000000ddc00000,0x00000000de300000)
 ParOldGen       total 87552K, used 5120K [0x0000000081400000, 0x0000000086980000, 0x00000000d5c00000)
  object space 87552K, 5% used [0x0000000081400000,0x0000000081900068,0x0000000086980000)
 Metaspace       used 20680K, capacity 21150K, committed 21248K, reserved 1067008K
  class space    used 2584K, capacity 2734K, committed 2816K, reserved 1048576K
Event: 8.941 GC heap after
Heap after GC invocations=7 (full 0):
 PSYoungGen      total 138240K, used 4147K [0x00000000d5c00000, 0x00000000e6a00000, 0x0000000100000000)
  eden space 131072K, 0% used [0x00000000d5c00000,0x00000000d5c00000,0x00000000ddc00000)
  from space 7168K, 57% used [0x00000000ddc00000,0x00000000de00cc08,0x00000000de300000)
  to   space 7168K, 0% used [0x00000000e6300000,0x00000000e6300000,0x00000000e6a00000)
 ParOldGen       total 87552K, used 6160K [0x0000000081400000, 0x0000000086980000, 0x00000000d5c00000)
  object space 87552K, 7% used [0x0000000081400000,0x0000000081a04068,0x0000000086980000)
 Metaspace       used 20680K, capacity 21150K, committed 21248K, reserved 1067008K
  class space    used 2584K, capacity 2734K, committed 2816K, reserved 1048576K
}
Event: 8.941 GC heap before
{Heap before GC invocations=8 (full 1):
 PSYoungGen      total 138240K, used 4147K [0x00000000d5c00000, 0x00000000e6a00000, 0x0000000100000000)
  eden space 131072K, 0% used [0x00000000d5c00000,0x00000000d5c00000,0x00000000ddc00000)
  from space 7168K, 57% used [0x00000000ddc00000,0x00000000de00cc08,0x00000000de300000)
  to   space 7168K, 0% used [0x00000000e6300000,0x00000000e6300000,0x00000000e6a00000)
 ParOldGen       total 87552K, used 6160K [0x0000000081400000, 0x0000000086980000, 0x00000000d5c00000)
  object space 87552K, 7% used [0x0000000081400000,0x0000000081a04068,0x0000000086980000)
 Metaspace       used 20680K, capacity 21150K, committed 21248K, reserved 1067008K
  class space    used 2584K, capacity 2734K, committed 2816K, reserved 1048576K
Event: 9.070 GC heap after
Heap after GC invocations=8 (full 1):
 PSYoungGen      total 138240K, used 0K [0x00000000d5c00000, 0x00000000e6a00000, 0x0000000100000000)
  eden space 131072K, 0% used [0x00000000d5c00000,0x00000000d5c00000,0x00000000ddc00000)
  from space 7168K, 0% used [0x00000000ddc00000,0x00000000ddc00000,0x00000000de300000)
  to   space 7168K, 0% used [0x00000000e6300000,0x00000000e6300000,0x00000000e6a00000)
 ParOldGen       total 52736K, used 9447K [0x0000000081400000, 0x0000000084780000, 0x00000000d5c00000)
  object space 52736K, 17% used [0x0000000081400000,0x0000000081d39d58,0x0000000084780000)
 Metaspace       used 20679K, capacity 21144K, committed 21248K, reserved 1067008K
  class space    used 2583K, capacity 2733K, committed 2816K, reserved 1048576K
}

Deoptimization events (10 events):
Event: 8.398 Thread 0x000000001ae46000 Uncommon trap: reason=class_check action=maybe_recompile pc=0x0000000003a44844 method=java.lang.StringCoding$StringDecoder.decode([BII)[C @ 30
Event: 8.400 Thread 0x000000001ae46000 Uncommon trap: reason=unstable_if action=reinterpret pc=0x0000000003ad6698 method=java.lang.ThreadLocal$ThreadLocalMap.getEntry(Ljava/lang/ThreadLocal;)Ljava/lang/ThreadLocal$ThreadLocalMap$Entry; @ 29
Event: 8.405 Thread 0x000000001ae46000 Uncommon trap: reason=unstable_if action=reinterpret pc=0x000000000392147c method=sun.nio.cs.UTF_8$Decoder.decode([BII[C)I @ 30
Event: 8.406 Thread 0x000000001ae46000 Uncommon trap: reason=unstable_if action=reinterpret pc=0x0000000003a44134 method=java.lang.ThreadLocal$ThreadLocalMap.getEntry(Ljava/lang/ThreadLocal;)Ljava/lang/ThreadLocal$ThreadLocalMap$Entry; @ 29
Event: 8.763 Thread 0x000000001ae46000 Uncommon trap: reason=unstable_if action=reinterpret pc=0x0000000003b8588c method=sun.instrument.TransformerManager.transform(Ljava/lang/ClassLoader;Ljava/lang/String;Ljava/lang/Class;Ljava/security/ProtectionDomain;[B)[B @ 64
Event: 8.836 Thread 0x000000001ae46000 Uncommon trap: reason=unstable_if action=reinterpret pc=0x0000000003903d98 method=java.net.URL.<init>(Ljava/net/URL;Ljava/lang/String;Ljava/net/URLStreamHandler;)V @ 347
Event: 9.219 Thread 0x000000001ae46000 Uncommon trap: reason=unstable_if action=reinterpret pc=0x0000000003b24760 method=java.lang.StringCoding.decode(Ljava/lang/String;[BII)[C @ 38
Event: 9.782 Thread 0x000000001ae46000 Uncommon trap: reason=bimorphic action=maybe_recompile pc=0x0000000003bbffb0 method=java.util.HashMap.putVal(ILjava/lang/Object;Ljava/lang/Object;ZZ)Ljava/lang/Object; @ 253
Event: 9.782 Thread 0x000000001ae46000 Uncommon trap: reason=bimorphic action=maybe_recompile pc=0x0000000003bbffb0 method=java.util.HashMap.putVal(ILjava/lang/Object;Ljava/lang/Object;ZZ)Ljava/lang/Object; @ 253
Event: 9.907 Thread 0x000000001afca000 Uncommon trap: reason=unstable_if action=reinterpret pc=0x0000000003cdfa70 method=java.util.LinkedHashMap.get(Ljava/lang/Object;)Ljava/lang/Object; @ 20

Classes redefined (0 events):
No events

Internal exceptions (10 events):
Event: 8.398 Thread 0x000000001ae46000 Exception <a 'java/io/IOException'> (0x00000000d9090068) thrown at [C:\re\workspace\8-2-build-windows-amd64-cygwin\jdk8u161\10277\hotspot\src\share\vm\prims\jni.cpp, line 709]
Event: 8.448 Thread 0x000000001ae46000 Exception <a 'java/io/IOException'> (0x00000000d930d320) thrown at [C:\re\workspace\8-2-build-windows-amd64-cygwin\jdk8u161\10277\hotspot\src\share\vm\prims\jni.cpp, line 709]
Event: 8.456 Thread 0x000000001ae46000 Exception <a 'java/io/IOException'> (0x00000000d9392760) thrown at [C:\re\workspace\8-2-build-windows-amd64-cygwin\jdk8u161\10277\hotspot\src\share\vm\prims\jni.cpp, line 709]
Event: 8.465 Thread 0x000000001ae46000 Exception <a 'java/io/IOException'> (0x00000000d94a3960) thrown at [C:\re\workspace\8-2-build-windows-amd64-cygwin\jdk8u161\10277\hotspot\src\share\vm\prims\jni.cpp, line 709]
Event: 8.474 Thread 0x000000001ae46000 Exception <a 'java/io/IOException'> (0x00000000d952be80) thrown at [C:\re\workspace\8-2-build-windows-amd64-cygwin\jdk8u161\10277\hotspot\src\share\vm\prims\jni.cpp, line 709]
Event: 8.497 Thread 0x000000001ae46000 Exception <a 'java/io/IOException'> (0x00000000d95b11e8) thrown at [C:\re\workspace\8-2-build-windows-amd64-cygwin\jdk8u161\10277\hotspot\src\share\vm\prims\jni.cpp, line 709]
Event: 8.504 Thread 0x000000001ae46000 Exception <a 'java/io/IOException'> (0x00000000d9639690) thrown at [C:\re\workspace\8-2-build-windows-amd64-cygwin\jdk8u161\10277\hotspot\src\share\vm\prims\jni.cpp, line 709]
Event: 8.509 Thread 0x000000001ae46000 Exception <a 'java/io/IOException'> (0x00000000d96c1ed0) thrown at [C:\re\workspace\8-2-build-windows-amd64-cygwin\jdk8u161\10277\hotspot\src\share\vm\prims\jni.cpp, line 709]
Event: 8.515 Thread 0x000000001ae46000 Exception <a 'java/io/IOException'> (0x00000000d97c52c8) thrown at [C:\re\workspace\8-2-build-windows-amd64-cygwin\jdk8u161\10277\hotspot\src\share\vm\prims\jni.cpp, line 709]
Event: 9.727 Thread 0x000000001afca000 Exception <a 'java/lang/IncompatibleClassChangeError': Found class java.lang.Object, but interface was expected> (0x00000000d91125b8) thrown at [C:\re\workspace\8-2-build-windows-amd64-cygwin\jdk8u161\10277\hotspot\src\share\vm\interpreter\linkResolver.cp

Events (10 events):
Event: 10.302 loading class org/springframework/expression/spel/support/StandardTypeComparator
Event: 10.302 loading class org/springframework/expression/spel/support/StandardTypeComparator done
Event: 10.304 loading class org/springframework/expression/spel/SpelEvaluationException
Event: 10.304 loading class org/springframework/expression/spel/SpelEvaluationException done
Event: 10.305 loading class org/springframework/expression/spel/support/StandardOperatorOverloader
Event: 10.305 loading class org/springframework/expression/spel/support/StandardOperatorOverloader done
Event: 10.305 loading class org/springframework/expression/TypedValue
Event: 10.305 loading class org/springframework/expression/TypedValue done
Event: 10.306 loading class org/springframework/context/expression/BeanExpressionContextAccessor
Event: 10.306 loading class org/springframework/context/expression/BeanExpressionContextAccessor done


Dynamic libraries:
0x00007ff623ce0000 - 0x00007ff623d17000 	C:\Program Files\Java\jdk1.8.0_161\bin\java.exe
0x00007ffdd9ee0000 - 0x00007ffdda0d0000 	C:\WINDOWS\SYSTEM32\ntdll.dll
0x00007ffdd8a70000 - 0x00007ffdd8b22000 	C:\WINDOWS\System32\KERNEL32.DLL
0x00007ffdd71e0000 - 0x00007ffdd7485000 	C:\WINDOWS\System32\KERNELBASE.dll
0x00007ffdd96e0000 - 0x00007ffdd9783000 	C:\WINDOWS\System32\ADVAPI32.dll
0x00007ffdd8780000 - 0x00007ffdd881e000 	C:\WINDOWS\System32\msvcrt.dll
0x00007ffdd95b0000 - 0x00007ffdd9647000 	C:\WINDOWS\System32\sechost.dll
0x00007ffdd9790000 - 0x00007ffdd98af000 	C:\WINDOWS\System32\RPCRT4.dll
0x00007ffdd85e0000 - 0x00007ffdd8774000 	C:\WINDOWS\System32\USER32.dll
0x00007ffdd6f70000 - 0x00007ffdd6f91000 	C:\WINDOWS\System32\win32u.dll
0x00007ffdd9da0000 - 0x00007ffdd9dc6000 	C:\WINDOWS\System32\GDI32.dll
0x00007ffdd6fa0000 - 0x00007ffdd7138000 	C:\WINDOWS\System32\gdi32full.dll
0x00007ffdd7140000 - 0x00007ffdd71de000 	C:\WINDOWS\System32\msvcp_win.dll
0x00007ffdd74f0000 - 0x00007ffdd75ea000 	C:\WINDOWS\System32\ucrtbase.dll
0x00007ffdc86a0000 - 0x00007ffdc8924000 	C:\WINDOWS\WinSxS\amd64_microsoft.windows.common-controls_6595b64144ccf1df_6.0.18362.1379_none_9e7ff3b3e45cc0c4\COMCTL32.dll
0x00007ffdd8050000 - 0x00007ffdd8387000 	C:\WINDOWS\System32\combase.dll
0x00007ffdd6e60000 - 0x00007ffdd6ee1000 	C:\WINDOWS\System32\bcryptPrimitives.dll
0x00007ffdd8e80000 - 0x00007ffdd8eae000 	C:\WINDOWS\System32\IMM32.DLL
0x00000000669b0000 - 0x0000000066a82000 	C:\Program Files\Java\jdk1.8.0_161\jre\bin\msvcr100.dll
0x0000000065e60000 - 0x00000000666ff000 	C:\Program Files\Java\jdk1.8.0_161\jre\bin\server\jvm.dll
0x00007ffdd8eb0000 - 0x00007ffdd8eb8000 	C:\WINDOWS\System32\PSAPI.DLL
0x00007ffdd0640000 - 0x00007ffdd0649000 	C:\WINDOWS\SYSTEM32\WSOCK32.dll
0x00007ffdd8980000 - 0x00007ffdd89ef000 	C:\WINDOWS\System32\WS2_32.dll
0x00007ffdd3a20000 - 0x00007ffdd3a44000 	C:\WINDOWS\SYSTEM32\WINMM.dll
0x00007ffdd39f0000 - 0x00007ffdd3a1d000 	C:\WINDOWS\SYSTEM32\WINMMBASE.dll
0x00007ffdcbc70000 - 0x00007ffdcbc7a000 	C:\WINDOWS\SYSTEM32\VERSION.dll
0x00007ffdd6f20000 - 0x00007ffdd6f6a000 	C:\WINDOWS\System32\cfgmgr32.dll
0x00000000669a0000 - 0x00000000669af000 	C:\Program Files\Java\jdk1.8.0_161\jre\bin\verify.dll
0x0000000066970000 - 0x0000000066999000 	C:\Program Files\Java\jdk1.8.0_161\jre\bin\java.dll
0x0000000066910000 - 0x0000000066945000 	C:\Program Files\Java\jdk1.8.0_161\jre\bin\jdwp.dll
0x0000000066900000 - 0x0000000066908000 	C:\Program Files\Java\jdk1.8.0_161\jre\bin\npt.dll
0x00000000668d0000 - 0x00000000668f3000 	C:\Program Files\Java\jdk1.8.0_161\jre\bin\instrument.dll
0x0000000066950000 - 0x0000000066966000 	C:\Program Files\Java\jdk1.8.0_161\jre\bin\zip.dll
0x00007ffdd8ec0000 - 0x00007ffdd95a8000 	C:\WINDOWS\System32\SHELL32.dll
0x00007ffdd8530000 - 0x00007ffdd85d7000 	C:\WINDOWS\System32\shcore.dll
0x00007ffdd75f0000 - 0x00007ffdd7d6b000 	C:\WINDOWS\System32\windows.storage.dll
0x00007ffdd6e30000 - 0x00007ffdd6e53000 	C:\WINDOWS\System32\profapi.dll
0x00007ffdd6da0000 - 0x00007ffdd6dea000 	C:\WINDOWS\System32\powrprof.dll
0x00007ffdd6d90000 - 0x00007ffdd6da0000 	C:\WINDOWS\System32\UMPDC.dll
0x00007ffdd8470000 - 0x00007ffdd84c2000 	C:\WINDOWS\System32\shlwapi.dll
0x00007ffdd6e10000 - 0x00007ffdd6e21000 	C:\WINDOWS\System32\kernel.appcore.dll
0x00007ffdd7e20000 - 0x00007ffdd7e37000 	C:\WINDOWS\System32\cryptsp.dll
0x00000000668c0000 - 0x00000000668c9000 	C:\Program Files\Java\jdk1.8.0_161\jre\bin\dt_socket.dll
0x00007ffdd65d0000 - 0x00007ffdd6637000 	C:\WINDOWS\system32\mswsock.dll
0x0000000066870000 - 0x000000006687d000 	C:\Program Files\Java\jdk1.8.0_161\jre\bin\management.dll
0x00000000668a0000 - 0x00000000668ba000 	C:\Program Files\Java\jdk1.8.0_161\jre\bin\net.dll
0x00007ffdb6980000 - 0x00007ffdb6996000 	C:\WINDOWS\system32\napinsp.dll
0x00007ffdb6dd0000 - 0x00007ffdb6dea000 	C:\WINDOWS\system32\pnrpnsp.dll
0x00007ffdd1630000 - 0x00007ffdd1645000 	C:\WINDOWS\system32\wshbth.dll
0x00007ffdd3490000 - 0x00007ffdd34ac000 	C:\WINDOWS\system32\NLAapi.dll
0x00007ffdd62e0000 - 0x00007ffdd631a000 	C:\WINDOWS\SYSTEM32\IPHLPAPI.DLL
0x00007ffdd6330000 - 0x00007ffdd63fb000 	C:\WINDOWS\SYSTEM32\DNSAPI.dll
0x00007ffdd8460000 - 0x00007ffdd8468000 	C:\WINDOWS\System32\NSI.dll
0x00007ffdb8170000 - 0x00007ffdb817e000 	C:\WINDOWS\System32\winrnr.dll
0x00007ffdc8690000 - 0x00007ffdc869a000 	C:\Windows\System32\rasadhlp.dll
0x00007ffdcad60000 - 0x00007ffdcadd7000 	C:\WINDOWS\System32\fwpuclnt.dll
0x00007ffdd6ef0000 - 0x00007ffdd6f16000 	C:\WINDOWS\System32\bcrypt.dll
0x0000000066880000 - 0x0000000066891000 	C:\Program Files\Java\jdk1.8.0_161\jre\bin\nio.dll

VM Arguments:
jvm_args: -agentlib:jdwp=transport=dt_socket,address=127.0.0.1:62955,suspend=y,server=n -javaagent:C:\Users\root\AppData\Local\JetBrains\IdeaIC2020.1\captureAgent\debugger-agent.jar -Dfile.encoding=UTF-8 
java_command: com.union.app.AppApplication
java_class_path (initial): C:\Program Files\Java\jdk1.8.0_161\jre\lib\charsets.jar;C:\Program Files\Java\jdk1.8.0_161\jre\lib\deploy.jar;C:\Program Files\Java\jdk1.8.0_161\jre\lib\ext\access-bridge-64.jar;C:\Program Files\Java\jdk1.8.0_161\jre\lib\ext\cldrdata.jar;C:\Program Files\Java\jdk1.8.0_161\jre\lib\ext\dnsns.jar;C:\Program Files\Java\jdk1.8.0_161\jre\lib\ext\jaccess.jar;C:\Program Files\Java\jdk1.8.0_161\jre\lib\ext\jfxrt.jar;C:\Program Files\Java\jdk1.8.0_161\jre\lib\ext\localedata.jar;C:\Program Files\Java\jdk1.8.0_161\jre\lib\ext\nashorn.jar;C:\Program Files\Java\jdk1.8.0_161\jre\lib\ext\sunec.jar;C:\Program Files\Java\jdk1.8.0_161\jre\lib\ext\sunjce_provider.jar;C:\Program Files\Java\jdk1.8.0_161\jre\lib\ext\sunmscapi.jar;C:\Program Files\Java\jdk1.8.0_161\jre\lib\ext\sunpkcs11.jar;C:\Program Files\Java\jdk1.8.0_161\jre\lib\ext\zipfs.jar;C:\Program Files\Java\jdk1.8.0_161\jre\lib\javaws.jar;C:\Program Files\Java\jdk1.8.0_161\jre\lib\jce.jar;C:\Program Files\Java\jdk1.8.0_161\jre\lib\jfr.jar;C:\Program Files\Java\jdk1.8.0_161\jre\lib\jfxswt.jar;C:\Program Files\Java\jdk1.8.0_161\jre\lib\jsse.jar;C:\Program Files\Java\jdk1.8.0_161\jre\lib\management-agent.jar;C:\Program Files\Java\jdk1.8.0_161\jre\lib\plugin.jar;C:\Program Files\Java\jdk1.8.0_161\jre\lib\resources.jar;C:\Program Files\Java\jdk1.8.0_161\jre\lib\rt.jar;E:\IDEA Workspace\union-boot-pk\union-app-start\target\classes;E:\IDEA Workspace\union-boot-pk\union-app-util\target\classes;E:\software\maven\maven_lib\org\apache\httpcomponents\httpclient\4.5.9\httpclient-4.5.9.jar;E:\software\maven\maven_lib\commons-codec\commons-codec\1.11\commons-codec-1.11.jar;E:\software\maven\maven_lib\org\apache\httpcomponents\httpcore\4.4.11\httpcore-4.4.11.jar;E:\software\maven\maven_lib\org\apache\httpcomponents\httpcore-nio\4.4.11\httpcore-nio-4.4.11.jar;E:\software\maven\maven_lib\org\apache\httpcomponents\httpasyncclient\4.1.4\httpasyncclient-4.1.4.jar;E:\software\maven\maven_lib\org\apache\httpcomponents\http
Launcher Type: SUN_STANDARD

Environment Variables:
JAVA_HOME=C:\Program Files\Java\jdk1.8.0_161
PATH=C:\ProgramData\Oracle\Java\javapath;C:\Program Files (x86)\Intel\iCLS Client\;C:\Program Files\Intel\iCLS Client\;C:\windows\system32;C:\windows;C:\windows\System32\Wbem;C:\windows\System32\WindowsPowerShell\v1.0\;C:\Program Files (x86)\NVIDIA Corporation\PhysX\Common;C:\Program Files (x86)\Intel\Intel(R) Management Engine Components\DAL;C:\Program Files\Intel\Intel(R) Management Engine Components\DAL;C:\Program Files (x86)\Intel\Intel(R) Management Engine Components\IPT;C:\Program Files\Intel\Intel(R) Management Engine Components\IPT;C:\WINDOWS\system32;C:\WINDOWS;C:\WINDOWS\System32\Wbem;C:\WINDOWS\System32\WindowsPowerShell\v1.0\;C:\WINDOWS\System32\OpenSSH\;C:\Program Files\Java\jdk1.8.0_161\bin;E:\software\maven\apache-maven-3.5.3\bin;C:\Program Files\TortoiseSVN\bin;C:\Program Files\Microsoft SQL Server\130\Tools\Binn\;C:\Program Files\dotnet\;C:\Program Files\TortoiseGit\bin;C:\Program Files\Git\cmd;E:\software\svn\bin;C:\Program Files\nodejs\;C:\Users\root\AppData\Local\Microsoft\WindowsApps;;C:\Program Files\JetBrains\IntelliJ IDEA 2020.2.3\bin;;C:\Program Files\JetBrains\IntelliJ IDEA Community Edition 2020.1.3\bin;;C:\Users\root\.dotnet\tools;C:\Program Files\Huawei\DevEco Studio\bin;;C:\Users\root\AppData\Roaming\npm
USERNAME=root
OS=Windows_NT
PROCESSOR_IDENTIFIER=Intel64 Family 6 Model 142 Stepping 9, GenuineIntel



---------------  S Y S T E M  ---------------

OS: Windows 10.0 , 64 bit Build 18362 (10.0.18362.1350)

CPU:total 4 (initial active 4) (2 cores per cpu, 2 threads per core) family 6 model 142 stepping 9, cmov, cx8, fxsr, mmx, sse, sse2, sse3, ssse3, sse4.1, sse4.2, popcnt, avx, avx2, aes, clmul, erms, 3dnowpref, lzcnt, ht, tsc, tscinvbit, bmi1, bmi2, adx

Memory: 4k page, physical 8301184k(1609872k free), swap 14592640k(5200k free)

vm_info: Java HotSpot(TM) 64-Bit Server VM (25.161-b12) for windows-amd64 JRE (1.8.0_161-b12), built on Dec 19 2017 17:52:25 by "java_re" with MS VC++ 10.0 (VS2010)

time: Tue Mar 02 18:12:57 2021
elapsed time: 10 seconds (0d 0h 0m 10s)

