#
# There is insufficient memory for the Java Runtime Environment to continue.
# Native memory allocation (malloc) failed to allocate 372576 bytes for Chunk::new
# Possible reasons:
#   The system is out of physical RAM or swap space
#   In 32 bit mode, the process size limit was hit
# Possible solutions:
#   Reduce memory load on the system
#   Increase physical memory or swap space
#   Check if swap backing store is full
#   Use 64 bit Java on a 64 bit OS
#   Decrease Java heap size (-Xmx/-Xms)
#   Decrease number of Java threads
#   Decrease Java thread stack sizes (-Xss)
#   Set larger code cache with -XX:ReservedCodeCacheSize=
# This output file may be truncated or incomplete.
#
#  Out of Memory Error (allocation.cpp:390), pid=10704, tid=0x0000000000000568
#
# JRE version: Java(TM) SE Runtime Environment (8.0_161-b12) (build 1.8.0_161-b12)
# Java VM: Java HotSpot(TM) 64-Bit Server VM (25.161-b12 mixed mode windows-amd64 compressed oops)
# Failed to write core dump. Minidumps are not enabled by default on client versions of Windows
#

---------------  T H R E A D  ---------------

Current thread (0x0000000019db4000):  JavaThread "C2 CompilerThread0" daemon [_thread_in_native, id=1384, stack(0x000000001a390000,0x000000001a490000)]

Stack: [0x000000001a390000,0x000000001a490000]
[error occurred during error reporting (printing stack bounds), id 0xc0000005]

Native frames: (J=compiled Java code, j=interpreted, Vv=VM code, C=native code)


Current CompileTask:
C2:   1726   87       4       java.io.WinNTFileSystem::normalize (143 bytes)


---------------  P R O C E S S  ---------------

Java Threads: ( => current thread )
  0x0000000019e85800 JavaThread "Service Thread" daemon [_thread_blocked, id=25096, stack(0x000000001a690000,0x000000001a790000)]
  0x0000000019e05000 JavaThread "C1 CompilerThread2" daemon [_thread_in_native, id=15976, stack(0x000000001a590000,0x000000001a690000)]
  0x0000000019dff000 JavaThread "C2 CompilerThread1" daemon [_thread_blocked, id=23824, stack(0x000000001a490000,0x000000001a590000)]
=>0x0000000019db4000 JavaThread "C2 CompilerThread0" daemon [_thread_in_native, id=1384, stack(0x000000001a390000,0x000000001a490000)]
  0x0000000017f75000 JavaThread "JDWP Command Reader" daemon [_thread_in_native, id=21856, stack(0x0000000019a90000,0x0000000019b90000)]
  0x0000000017f71800 JavaThread "JDWP Event Helper Thread" daemon [_thread_blocked, id=24352, stack(0x0000000019990000,0x0000000019a90000)]
  0x0000000017f65800 JavaThread "JDWP Transport Listener: dt_socket" daemon [_thread_blocked, id=72, stack(0x0000000019890000,0x0000000019990000)]
  0x0000000017f59800 JavaThread "Attach Listener" daemon [_thread_blocked, id=21128, stack(0x0000000019790000,0x0000000019890000)]
  0x0000000017f49000 JavaThread "Signal Dispatcher" daemon [_thread_blocked, id=17180, stack(0x0000000019690000,0x0000000019790000)]
  0x0000000017f1f800 JavaThread "Finalizer" daemon [_thread_blocked, id=18568, stack(0x0000000019190000,0x0000000019290000)]
  0x0000000017ef8800 JavaThread "Reference Handler" daemon [_thread_blocked, id=23180, stack(0x0000000019090000,0x0000000019190000)]
  0x00000000030cb000 JavaThread "main" [_thread_in_native, id=9356, stack(0x0000000002ec0000,0x0000000002fc0000)]

Other Threads:
  0x0000000017ef7800 VMThread [stack: 0x0000000018f90000,0x0000000019090000] [id=18012]
  0x0000000019f1d000 WatcherThread [stack: 0x000000001a790000,0x000000001a890000] [id=11780]

VM state:not at safepoint (normal execution)

VM Mutex/Monitor currently owned by a thread: None

Heap:
 PSYoungGen      total 38400K, used 8844K [0x00000000d5c00000, 0x00000000d8680000, 0x0000000100000000)
  eden space 33280K, 26% used [0x00000000d5c00000,0x00000000d64a32f8,0x00000000d7c80000)
  from space 5120K, 0% used [0x00000000d8180000,0x00000000d8180000,0x00000000d8680000)
  to   space 5120K, 0% used [0x00000000d7c80000,0x00000000d7c80000,0x00000000d8180000)
 ParOldGen       total 87552K, used 0K [0x0000000081400000, 0x0000000086980000, 0x00000000d5c00000)
  object space 87552K, 0% used [0x0000000081400000,0x0000000081400000,0x0000000086980000)
 Metaspace       used 3475K, capacity 4652K, committed 4864K, reserved 1056768K
  class space    used 363K, capacity 424K, committed 512K, reserved 1048576K

Card table byte_map: [0x0000000012780000,0x0000000012b80000] byte_map_base: 0x0000000012376000

Marking Bits: (ParMarkBitMap*) 0x00000000530ef860
 Begin Bits: [0x0000000013230000, 0x00000000151e0000)
 End Bits:   [0x00000000151e0000, 0x0000000017190000)

Polling page: 0x00000000009e0000

CodeCache: size=245760Kb used=1359Kb max_used=1371Kb free=244400Kb
 bounds [0x00000000033c0000, 0x0000000003630000, 0x00000000123c0000]
 total_blobs=357 nmethods=116 adapters=162
 compilation: enabled

Compilation events (10 events):
Event: 1.703 Thread 0x0000000019e05000  108       3       java.io.WinNTFileSystem::isLetter (30 bytes)
Event: 1.703 Thread 0x0000000019e05000 nmethod 108 0x0000000003506b90 code [0x0000000003506d00, 0x0000000003506f50]
Event: 1.703 Thread 0x0000000019e05000  109       3       java.util.BitSet::wordIndex (5 bytes)
Event: 1.703 Thread 0x0000000019e05000 nmethod 109 0x0000000003506fd0 code [0x0000000003507120, 0x0000000003507250]
Event: 1.703 Thread 0x0000000019e05000  110       3       java.util.BitSet::checkInvariants (111 bytes)
Event: 1.703 Thread 0x0000000019e05000 nmethod 110 0x00000000035072d0 code [0x0000000003507420, 0x00000000035075b0]
Event: 1.703 Thread 0x0000000019e05000  107       1       java.net.URL::getRef (5 bytes)
Event: 1.703 Thread 0x0000000019e05000 nmethod 107 0x0000000003507610 code [0x0000000003507760, 0x0000000003507870]
Event: 1.703 Thread 0x0000000019e05000  111       3       java.lang.String::toUpperCase (439 bytes)
Event: 1.706 Thread 0x0000000019e05000 nmethod 111 0x00000000035078d0 code [0x0000000003507c00, 0x0000000003509498]

GC Heap History (0 events):
No events

Deoptimization events (0 events):
No events

Classes redefined (0 events):
No events

Internal exceptions (2 events):
Event: 0.067 Thread 0x00000000030cb000 Exception <a 'java/lang/NoSuchMethodError': Method sun.misc.Unsafe.defineClass(Ljava/lang/String;[BII)Ljava/lang/Class; name or signature does not match> (0x00000000d5c07ca0) thrown at [C:\re\workspace\8-2-build-windows-amd64-cygwin\jdk8u161\10277\hotspot
Event: 0.068 Thread 0x00000000030cb000 Exception <a 'java/lang/NoSuchMethodError': Method sun.misc.Unsafe.prefetchRead(Ljava/lang/Object;J)V name or signature does not match> (0x00000000d5c07f88) thrown at [C:\re\workspace\8-2-build-windows-amd64-cygwin\jdk8u161\10277\hotspot\src\share\vm\prim

Events (10 events):
Event: 1.675 loading class org/springframework/boot/ApplicationArguments
Event: 1.675 loading class org/springframework/boot/ApplicationArguments done
Event: 1.678 loading class org/springframework/context/ApplicationContext
Event: 1.678 loading class org/springframework/context/ApplicationContext done
Event: 1.690 loading class org/springframework/core/env/EnvironmentCapable
Event: 1.690 loading class org/springframework/core/env/EnvironmentCapable done
Event: 1.702 loading class org/springframework/beans/factory/ListableBeanFactory
Event: 1.702 loading class org/springframework/beans/factory/ListableBeanFactory done
Event: 1.711 loading class org/springframework/beans/factory/BeanFactory
Event: 1.711 loading class org/springframework/beans/factory/BeanFactory done


Dynamic libraries:
0x00007ff763a00000 - 0x00007ff763a37000 	C:\Program Files\Java\jdk1.8.0_161\bin\java.exe
0x00007ffb64ba0000 - 0x00007ffb64d90000 	C:\WINDOWS\SYSTEM32\ntdll.dll
0x00007ffb640c0000 - 0x00007ffb64172000 	C:\WINDOWS\System32\KERNEL32.DLL
0x00007ffb61e20000 - 0x00007ffb620c5000 	C:\WINDOWS\System32\KERNELBASE.dll
0x00007ffb649a0000 - 0x00007ffb64a43000 	C:\WINDOWS\System32\ADVAPI32.dll
0x00007ffb63340000 - 0x00007ffb633de000 	C:\WINDOWS\System32\msvcrt.dll
0x00007ffb64780000 - 0x00007ffb64817000 	C:\WINDOWS\System32\sechost.dll
0x00007ffb641f0000 - 0x00007ffb6430f000 	C:\WINDOWS\System32\RPCRT4.dll
0x00007ffb634b0000 - 0x00007ffb63644000 	C:\WINDOWS\System32\USER32.dll
0x00007ffb62410000 - 0x00007ffb62431000 	C:\WINDOWS\System32\win32u.dll
0x00007ffb648f0000 - 0x00007ffb64916000 	C:\WINDOWS\System32\GDI32.dll
0x00007ffb62270000 - 0x00007ffb62408000 	C:\WINDOWS\System32\gdi32full.dll
0x00007ffb620d0000 - 0x00007ffb6216e000 	C:\WINDOWS\System32\msvcp_win.dll
0x00007ffb62170000 - 0x00007ffb6226a000 	C:\WINDOWS\System32\ucrtbase.dll
0x00007ffb53340000 - 0x00007ffb535c4000 	C:\WINDOWS\WinSxS\amd64_microsoft.windows.common-controls_6595b64144ccf1df_6.0.18362.1316_none_9e7a364fe461dbd7\COMCTL32.dll
0x00007ffb63d80000 - 0x00007ffb640b7000 	C:\WINDOWS\System32\combase.dll
0x00007ffb62440000 - 0x00007ffb624c1000 	C:\WINDOWS\System32\bcryptPrimitives.dll
0x00007ffb64a50000 - 0x00007ffb64a7e000 	C:\WINDOWS\System32\IMM32.DLL
0x0000000053170000 - 0x0000000053242000 	C:\Program Files\Java\jdk1.8.0_161\jre\bin\msvcr100.dll
0x00000000528d0000 - 0x000000005316f000 	C:\Program Files\Java\jdk1.8.0_161\jre\bin\server\jvm.dll
0x00007ffb64b50000 - 0x00007ffb64b58000 	C:\WINDOWS\System32\PSAPI.DLL
0x00007ffb5e7a0000 - 0x00007ffb5e7c4000 	C:\WINDOWS\SYSTEM32\WINMM.dll
0x00007ffb35ed0000 - 0x00007ffb35ed9000 	C:\WINDOWS\SYSTEM32\WSOCK32.dll
0x00007ffb64180000 - 0x00007ffb641ef000 	C:\WINDOWS\System32\WS2_32.dll
0x00007ffb5ba70000 - 0x00007ffb5ba7a000 	C:\WINDOWS\SYSTEM32\VERSION.dll
0x00007ffb5e770000 - 0x00007ffb5e79d000 	C:\WINDOWS\SYSTEM32\WINMMBASE.dll
0x00007ffb61d70000 - 0x00007ffb61dba000 	C:\WINDOWS\System32\cfgmgr32.dll
0x00000000528c0000 - 0x00000000528cf000 	C:\Program Files\Java\jdk1.8.0_161\jre\bin\verify.dll
0x0000000052890000 - 0x00000000528b9000 	C:\Program Files\Java\jdk1.8.0_161\jre\bin\java.dll
0x0000000052830000 - 0x0000000052865000 	C:\Program Files\Java\jdk1.8.0_161\jre\bin\jdwp.dll
0x0000000052820000 - 0x0000000052828000 	C:\Program Files\Java\jdk1.8.0_161\jre\bin\npt.dll
0x00000000527f0000 - 0x0000000052813000 	C:\Program Files\Java\jdk1.8.0_161\jre\bin\instrument.dll
0x0000000052870000 - 0x0000000052886000 	C:\Program Files\Java\jdk1.8.0_161\jre\bin\zip.dll
0x00007ffb62c50000 - 0x00007ffb63338000 	C:\WINDOWS\System32\SHELL32.dll
0x00007ffb63950000 - 0x00007ffb639f7000 	C:\WINDOWS\System32\shcore.dll
0x00007ffb624d0000 - 0x00007ffb62c4b000 	C:\WINDOWS\System32\windows.storage.dll
0x00007ffb61a60000 - 0x00007ffb61a83000 	C:\WINDOWS\System32\profapi.dll
0x00007ffb61ad0000 - 0x00007ffb61b1a000 	C:\WINDOWS\System32\powrprof.dll
0x00007ffb61a50000 - 0x00007ffb61a60000 	C:\WINDOWS\System32\UMPDC.dll
0x00007ffb638f0000 - 0x00007ffb63942000 	C:\WINDOWS\System32\shlwapi.dll
0x00007ffb61a90000 - 0x00007ffb61aa1000 	C:\WINDOWS\System32\kernel.appcore.dll
0x00007ffb61b20000 - 0x00007ffb61b37000 	C:\WINDOWS\System32\cryptsp.dll
0x00000000527a0000 - 0x00000000527a9000 	C:\Program Files\Java\jdk1.8.0_161\jre\bin\dt_socket.dll
0x00007ffb61290000 - 0x00007ffb612f7000 	C:\WINDOWS\system32\mswsock.dll

VM Arguments:
jvm_args: -agentlib:jdwp=transport=dt_socket,address=127.0.0.1:57783,suspend=y,server=n -javaagent:C:\Users\root\AppData\Local\JetBrains\IdeaIC2020.1\captureAgent\debugger-agent.jar -Dfile.encoding=UTF-8 
java_command: com.union.app.AppApplication
java_class_path (initial): C:\Program Files\Java\jdk1.8.0_161\jre\lib\charsets.jar;C:\Program Files\Java\jdk1.8.0_161\jre\lib\deploy.jar;C:\Program Files\Java\jdk1.8.0_161\jre\lib\ext\access-bridge-64.jar;C:\Program Files\Java\jdk1.8.0_161\jre\lib\ext\cldrdata.jar;C:\Program Files\Java\jdk1.8.0_161\jre\lib\ext\dnsns.jar;C:\Program Files\Java\jdk1.8.0_161\jre\lib\ext\jaccess.jar;C:\Program Files\Java\jdk1.8.0_161\jre\lib\ext\jfxrt.jar;C:\Program Files\Java\jdk1.8.0_161\jre\lib\ext\localedata.jar;C:\Program Files\Java\jdk1.8.0_161\jre\lib\ext\nashorn.jar;C:\Program Files\Java\jdk1.8.0_161\jre\lib\ext\sunec.jar;C:\Program Files\Java\jdk1.8.0_161\jre\lib\ext\sunjce_provider.jar;C:\Program Files\Java\jdk1.8.0_161\jre\lib\ext\sunmscapi.jar;C:\Program Files\Java\jdk1.8.0_161\jre\lib\ext\sunpkcs11.jar;C:\Program Files\Java\jdk1.8.0_161\jre\lib\ext\zipfs.jar;C:\Program Files\Java\jdk1.8.0_161\jre\lib\javaws.jar;C:\Program Files\Java\jdk1.8.0_161\jre\lib\jce.jar;C:\Program Files\Java\jdk1.8.0_161\jre\lib\jfr.jar;C:\Program Files\Java\jdk1.8.0_161\jre\lib\jfxswt.jar;C:\Program Files\Java\jdk1.8.0_161\jre\lib\jsse.jar;C:\Program Files\Java\jdk1.8.0_161\jre\lib\management-agent.jar;C:\Program Files\Java\jdk1.8.0_161\jre\lib\plugin.jar;C:\Program Files\Java\jdk1.8.0_161\jre\lib\resources.jar;C:\Program Files\Java\jdk1.8.0_161\jre\lib\rt.jar;E:\IDEA Workspace\union-boot-pk\union-app-start\target\classes;E:\IDEA Workspace\union-boot-pk\union-app-util\target\classes;E:\software\maven\maven_lib\org\apache\httpcomponents\httpclient\4.5.9\httpclient-4.5.9.jar;E:\software\maven\maven_lib\commons-codec\commons-codec\1.11\commons-codec-1.11.jar;E:\software\maven\maven_lib\org\apache\httpcomponents\httpcore\4.4.11\httpcore-4.4.11.jar;E:\software\maven\maven_lib\org\apache\httpcomponents\httpcore-nio\4.4.11\httpcore-nio-4.4.11.jar;E:\software\maven\maven_lib\org\apache\httpcomponents\httpasyncclient\4.1.4\httpasyncclient-4.1.4.jar;E:\software\maven\maven_lib\org\apache\httpcomponents\http
Launcher Type: SUN_STANDARD

Environment Variables:
JAVA_HOME=C:\Program Files\Java\jdk1.8.0_161
PATH=C:\ProgramData\Oracle\Java\javapath;C:\Program Files (x86)\Intel\iCLS Client\;C:\Program Files\Intel\iCLS Client\;C:\windows\system32;C:\windows;C:\windows\System32\Wbem;C:\windows\System32\WindowsPowerShell\v1.0\;C:\Program Files (x86)\NVIDIA Corporation\PhysX\Common;C:\Program Files (x86)\Intel\Intel(R) Management Engine Components\DAL;C:\Program Files\Intel\Intel(R) Management Engine Components\DAL;C:\Program Files (x86)\Intel\Intel(R) Management Engine Components\IPT;C:\Program Files\Intel\Intel(R) Management Engine Components\IPT;C:\WINDOWS\system32;C:\WINDOWS;C:\WINDOWS\System32\Wbem;C:\WINDOWS\System32\WindowsPowerShell\v1.0\;C:\WINDOWS\System32\OpenSSH\;C:\Program Files\Java\jdk1.8.0_161\bin;E:\software\maven\apache-maven-3.5.3\bin;C:\Program Files\TortoiseSVN\bin;C:\Program Files\Microsoft SQL Server\130\Tools\Binn\;C:\Program Files\dotnet\;C:\Program Files\TortoiseGit\bin;C:\Program Files\Git\cmd;E:\software\svn\bin;C:\Program Files\nodejs\;C:\Users\root\AppData\Local\Microsoft\WindowsApps;;C:\Program Files\JetBrains\IntelliJ IDEA 2020.2.3\bin;;C:\Program Files\JetBrains\IntelliJ IDEA Community Edition 2020.1.3\bin;;C:\Users\root\.dotnet\tools;C:\Program Files\Huawei\DevEco Studio\bin;;C:\Users\root\AppData\Roaming\npm
USERNAME=root
OS=Windows_NT
PROCESSOR_IDENTIFIER=Intel64 Family 6 Model 142 Stepping 9, GenuineIntel



---------------  S Y S T E M  ---------------

OS: Windows 10.0 , 64 bit Build 18362 (10.0.18362.1316)

CPU:total 4 (initial active 4) (2 cores per cpu, 2 threads per core) family 6 model 142 stepping 9, cmov, cx8, fxsr, mmx, sse, sse2, sse3, ssse3, sse4.1, sse4.2, popcnt, avx, avx2, aes, clmul, erms, 3dnowpref, lzcnt, ht, tsc, tscinvbit, bmi1, bmi2, adx

Memory: 4k page, physical 8301184k(1070152k free), swap 14592640k(5124k free)

vm_info: Java HotSpot(TM) 64-Bit Server VM (25.161-b12) for windows-amd64 JRE (1.8.0_161-b12), built on Dec 19 2017 17:52:25 by "java_re" with MS VC++ 10.0 (VS2010)

time: Mon Feb 15 11:07:12 2021
elapsed time: 1 seconds (0d 0h 0m 1s)

