#
# There is insufficient memory for the Java Runtime Environment to continue.
# Native memory allocation (malloc) failed to allocate 32744 bytes for ChunkPool::allocate
# Possible reasons:
#   The system is out of physical RAM or swap space
#   In 32 bit mode, the process size limit was hit
# Possible solutions:
#   Reduce memory load on the system
#   Increase physical memory or swap space
#   Check if swap backing store is full
#   Use 64 bit Java on a 64 bit OS
#   Decrease Java heap size (-Xmx/-Xms)
#   Decrease number of Java threads
#   Decrease Java thread stack sizes (-Xss)
#   Set larger code cache with -XX:ReservedCodeCacheSize=
# This output file may be truncated or incomplete.
#
#  Out of Memory Error (allocation.cpp:273), pid=11088, tid=0x0000000000000d88
#
# JRE version: Java(TM) SE Runtime Environment (8.0_161-b12) (build 1.8.0_161-b12)
# Java VM: Java HotSpot(TM) 64-Bit Server VM (25.161-b12 mixed mode windows-amd64 compressed oops)
# Failed to write core dump. Minidumps are not enabled by default on client versions of Windows
#

---------------  T H R E A D  ---------------

Current thread (0x0000000019bb4800):  JavaThread "C2 CompilerThread0" daemon [_thread_in_native, id=3464, stack(0x000000001a140000,0x000000001a240000)]

Stack: [0x000000001a140000,0x000000001a240000]
[error occurred during error reporting (printing stack bounds), id 0xc0000005]

Native frames: (J=compiled Java code, j=interpreted, Vv=VM code, C=native code)


Current CompileTask:
C2:  21979 4394       4       org.springframework.core.annotation.AnnotationUtils::postProcessAnnotationAttributes (163 bytes)


---------------  P R O C E S S  ---------------

Java Threads: ( => current thread )
  0x000000001b735000 JavaThread "container-0" [_thread_blocked, id=25548, stack(0x00000000203c0000,0x00000000204c0000)]
  0x000000001b735800 JavaThread "Catalina-utility-2" [_thread_blocked, id=3560, stack(0x0000000021960000,0x0000000021a60000)]
  0x000000001b732000 JavaThread "Catalina-utility-1" [_thread_blocked, id=18216, stack(0x000000001ec80000,0x000000001ed80000)]
  0x000000001b730800 JavaThread "Log4j2-TF-2-Scheduled-1" daemon [_thread_blocked, id=7540, stack(0x000000001cd90000,0x000000001ce90000)]
  0x000000001b358800 JavaThread "restartedMain" [_thread_in_native, id=6392, stack(0x000000001cae0000,0x000000001cbe0000)]
  0x000000001a659800 JavaThread "Thread-1" [_thread_blocked, id=25056, stack(0x000000001c9e0000,0x000000001cae0000)]
  0x0000000019c2e800 JavaThread "Service Thread" daemon [_thread_blocked, id=21768, stack(0x000000001a440000,0x000000001a540000)]
  0x0000000019c03000 JavaThread "C1 CompilerThread2" daemon [_thread_blocked, id=18244, stack(0x000000001a340000,0x000000001a440000)]
  0x0000000019bfa000 JavaThread "C2 CompilerThread1" daemon [_thread_in_native, id=11548, stack(0x000000001a240000,0x000000001a340000)]
=>0x0000000019bb4800 JavaThread "C2 CompilerThread0" daemon [_thread_in_native, id=3464, stack(0x000000001a140000,0x000000001a240000)]
  0x0000000017d25800 JavaThread "JDWP Command Reader" daemon [_thread_in_native, id=12276, stack(0x0000000019840000,0x0000000019940000)]
  0x0000000017d22000 JavaThread "JDWP Event Helper Thread" daemon [_thread_blocked, id=6660, stack(0x0000000019740000,0x0000000019840000)]
  0x0000000017d16800 JavaThread "JDWP Transport Listener: dt_socket" daemon [_thread_blocked, id=18392, stack(0x0000000019640000,0x0000000019740000)]
  0x0000000017d0b000 JavaThread "Attach Listener" daemon [_thread_blocked, id=2504, stack(0x0000000019540000,0x0000000019640000)]
  0x0000000017cf9000 JavaThread "Signal Dispatcher" daemon [_thread_blocked, id=24636, stack(0x0000000019440000,0x0000000019540000)]
  0x0000000002fee800 JavaThread "Finalizer" daemon [_thread_blocked, id=25400, stack(0x0000000018f40000,0x0000000019040000)]
  0x0000000017ca8800 JavaThread "Reference Handler" daemon [_thread_blocked, id=10112, stack(0x0000000018e40000,0x0000000018f40000)]
  0x0000000002efb000 JavaThread "main" [_thread_blocked, id=24044, stack(0x0000000002da0000,0x0000000002ea0000)]

Other Threads:
  0x0000000017ca7800 VMThread [stack: 0x0000000018d40000,0x0000000018e40000] [id=25248]
  0x0000000019ca4000 WatcherThread [stack: 0x000000001a540000,0x000000001a640000] [id=3876]

VM state:not at safepoint (normal execution)

VM Mutex/Monitor currently owned by a thread: None

Heap:
 PSYoungGen      total 200704K, used 58266K [0x00000000d5c00000, 0x00000000e2a00000, 0x0000000100000000)
  eden space 190464K, 26% used [0x00000000d5c00000,0x00000000d8cc9c48,0x00000000e1600000)
  from space 10240K, 81% used [0x00000000e1600000,0x00000000e1e1cf88,0x00000000e2000000)
  to   space 8192K, 0% used [0x00000000e2200000,0x00000000e2200000,0x00000000e2a00000)
 ParOldGen       total 71680K, used 14617K [0x0000000081400000, 0x0000000085a00000, 0x00000000d5c00000)
  object space 71680K, 20% used [0x0000000081400000,0x0000000082246498,0x0000000085a00000)
 Metaspace       used 41422K, capacity 42988K, committed 43392K, reserved 1087488K
  class space    used 5092K, capacity 5416K, committed 5504K, reserved 1048576K

Card table byte_map: [0x0000000012530000,0x0000000012930000] byte_map_base: 0x0000000012126000

Marking Bits: (ParMarkBitMap*) 0x0000000073d9f860
 Begin Bits: [0x0000000012fe0000, 0x0000000014f90000)
 End Bits:   [0x0000000014f90000, 0x0000000016f40000)

Polling page: 0x0000000000d20000

CodeCache: size=245760Kb used=14295Kb max_used=15451Kb free=231464Kb
 bounds [0x0000000003170000, 0x00000000040a0000, 0x0000000012170000]
 total_blobs=4273 nmethods=3820 adapters=373
 compilation: enabled

Compilation events (10 events):
Event: 21.926 Thread 0x0000000019c03000 4454       3       java.lang.Class::copyFields (36 bytes)
Event: 21.926 Thread 0x0000000019c03000 nmethod 4454 0x000000000345f2d0 code [0x000000000345f4c0, 0x000000000345feb8]
Event: 21.930 Thread 0x0000000019c03000 4455       1       org.springframework.cglib.core.Block::getEnd (5 bytes)
Event: 21.930 Thread 0x0000000019c03000 nmethod 4455 0x000000000381fb50 code [0x000000000381fca0, 0x000000000381fdb0]
Event: 21.932 Thread 0x0000000019c03000 4456   !   3       com.sun.proxy.$Proxy54::annotationType (29 bytes)
Event: 21.932 Thread 0x0000000019c03000 nmethod 4456 0x0000000003b60fd0 code [0x0000000003b61160, 0x0000000003b615f8]
Event: 21.949 Thread 0x0000000019c03000 4457       1       org.springframework.cglib.core.AbstractClassGenerator::getUseCache (5 bytes)
Event: 21.950 Thread 0x0000000019c03000 nmethod 4457 0x0000000003970a10 code [0x0000000003970b60, 0x0000000003970c70]
Event: 21.950 Thread 0x0000000019c03000 4458       1       org.springframework.cglib.core.AbstractClassGenerator::access$100 (5 bytes)
Event: 21.950 Thread 0x0000000019c03000 nmethod 4458 0x0000000003941890 code [0x00000000039419e0, 0x0000000003941ad0]

GC Heap History (10 events):
Event: 11.044 GC heap before
{Heap before GC invocations=11 (full 1):
 PSYoungGen      total 140800K, used 139969K [0x00000000d5c00000, 0x00000000e2b00000, 0x0000000100000000)
  eden space 132096K, 99% used [0x00000000d5c00000,0x00000000ddcffa38,0x00000000ddd00000)
  from space 8704K, 90% used [0x00000000ddd00000,0x00000000de4b0ca0,0x00000000de580000)
  to   space 9216K, 0% used [0x00000000e2200000,0x00000000e2200000,0x00000000e2b00000)
 ParOldGen       total 49664K, used 6481K [0x0000000081400000, 0x0000000084480000, 0x00000000d5c00000)
  object space 49664K, 13% used [0x0000000081400000,0x0000000081a547f8,0x0000000084480000)
 Metaspace       used 29094K, capacity 29816K, committed 29952K, reserved 1075200K
  class space    used 3594K, capacity 3782K, committed 3840K, reserved 1048576K
Event: 11.055 GC heap after
Heap after GC invocations=11 (full 1):
 PSYoungGen      total 198656K, used 8015K [0x00000000d5c00000, 0x00000000e2a00000, 0x0000000100000000)
  eden space 190464K, 0% used [0x00000000d5c00000,0x00000000d5c00000,0x00000000e1600000)
  from space 8192K, 97% used [0x00000000e2200000,0x00000000e29d3db0,0x00000000e2a00000)
  to   space 10240K, 0% used [0x00000000e1600000,0x00000000e1600000,0x00000000e2000000)
 ParOldGen       total 49664K, used 6489K [0x0000000081400000, 0x0000000084480000, 0x00000000d5c00000)
  object space 49664K, 13% used [0x0000000081400000,0x0000000081a567f8,0x0000000084480000)
 Metaspace       used 29094K, capacity 29816K, committed 29952K, reserved 1075200K
  class space    used 3594K, capacity 3782K, committed 3840K, reserved 1048576K
}
Event: 17.220 GC heap before
{Heap before GC invocations=12 (full 1):
 PSYoungGen      total 198656K, used 198479K [0x00000000d5c00000, 0x00000000e2a00000, 0x0000000100000000)
  eden space 190464K, 100% used [0x00000000d5c00000,0x00000000e1600000,0x00000000e1600000)
  from space 8192K, 97% used [0x00000000e2200000,0x00000000e29d3db0,0x00000000e2a00000)
  to   space 10240K, 0% used [0x00000000e1600000,0x00000000e1600000,0x00000000e2000000)
 ParOldGen       total 49664K, used 6489K [0x0000000081400000, 0x0000000084480000, 0x00000000d5c00000)
  object space 49664K, 13% used [0x0000000081400000,0x0000000081a567f8,0x0000000084480000)
 Metaspace       used 33743K, capacity 34764K, committed 34944K, reserved 1079296K
  class space    used 4182K, capacity 4438K, committed 4480K, reserved 1048576K
Event: 17.235 GC heap after
Heap after GC invocations=12 (full 1):
 PSYoungGen      total 200704K, used 7522K [0x00000000d5c00000, 0x00000000e2a00000, 0x0000000100000000)
  eden space 190464K, 0% used [0x00000000d5c00000,0x00000000d5c00000,0x00000000e1600000)
  from space 10240K, 73% used [0x00000000e1600000,0x00000000e1d58850,0x00000000e2000000)
  to   space 8192K, 0% used [0x00000000e2200000,0x00000000e2200000,0x00000000e2a00000)
 ParOldGen       total 49664K, used 11800K [0x0000000081400000, 0x0000000084480000, 0x00000000d5c00000)
  object space 49664K, 23% used [0x0000000081400000,0x0000000081f86310,0x0000000084480000)
 Metaspace       used 33743K, capacity 34764K, committed 34944K, reserved 1079296K
  class space    used 4182K, capacity 4438K, committed 4480K, reserved 1048576K
}
Event: 17.701 GC heap before
{Heap before GC invocations=13 (full 1):
 PSYoungGen      total 200704K, used 24746K [0x00000000d5c00000, 0x00000000e2a00000, 0x0000000100000000)
  eden space 190464K, 9% used [0x00000000d5c00000,0x00000000d6cd23a8,0x00000000e1600000)
  from space 10240K, 73% used [0x00000000e1600000,0x00000000e1d58850,0x00000000e2000000)
  to   space 8192K, 0% used [0x00000000e2200000,0x00000000e2200000,0x00000000e2a00000)
 ParOldGen       total 49664K, used 11800K [0x0000000081400000, 0x0000000084480000, 0x00000000d5c00000)
  object space 49664K, 23% used [0x0000000081400000,0x0000000081f86310,0x0000000084480000)
 Metaspace       used 34281K, capacity 35322K, committed 35416K, reserved 1081344K
  class space    used 4268K, capacity 4521K, committed 4608K, reserved 1048576K
Event: 17.718 GC heap after
Heap after GC invocations=13 (full 1):
 PSYoungGen      total 198656K, used 1105K [0x00000000d5c00000, 0x00000000e2a00000, 0x0000000100000000)
  eden space 190464K, 0% used [0x00000000d5c00000,0x00000000d5c00000,0x00000000e1600000)
  from space 8192K, 13% used [0x00000000e2200000,0x00000000e2314780,0x00000000e2a00000)
  to   space 10240K, 0% used [0x00000000e1600000,0x00000000e1600000,0x00000000e2000000)
 ParOldGen       total 49664K, used 15000K [0x0000000081400000, 0x0000000084480000, 0x00000000d5c00000)
  object space 49664K, 30% used [0x0000000081400000,0x00000000822a6338,0x0000000084480000)
 Metaspace       used 34281K, capacity 35322K, committed 35416K, reserved 1081344K
  class space    used 4268K, capacity 4521K, committed 4608K, reserved 1048576K
}
Event: 17.718 GC heap before
{Heap before GC invocations=14 (full 2):
 PSYoungGen      total 198656K, used 1105K [0x00000000d5c00000, 0x00000000e2a00000, 0x0000000100000000)
  eden space 190464K, 0% used [0x00000000d5c00000,0x00000000d5c00000,0x00000000e1600000)
  from space 8192K, 13% used [0x00000000e2200000,0x00000000e2314780,0x00000000e2a00000)
  to   space 10240K, 0% used [0x00000000e1600000,0x00000000e1600000,0x00000000e2000000)
 ParOldGen       total 49664K, used 15000K [0x0000000081400000, 0x0000000084480000, 0x00000000d5c00000)
  object space 49664K, 30% used [0x0000000081400000,0x00000000822a6338,0x0000000084480000)
 Metaspace       used 34281K, capacity 35322K, committed 35416K, reserved 1081344K
  class space    used 4268K, capacity 4521K, committed 4608K, reserved 1048576K
Event: 17.828 GC heap after
Heap after GC invocations=14 (full 2):
 PSYoungGen      total 198656K, used 0K [0x00000000d5c00000, 0x00000000e2a00000, 0x0000000100000000)
  eden space 190464K, 0% used [0x00000000d5c00000,0x00000000d5c00000,0x00000000e1600000)
  from space 8192K, 0% used [0x00000000e2200000,0x00000000e2200000,0x00000000e2a00000)
  to   space 10240K, 0% used [0x00000000e1600000,0x00000000e1600000,0x00000000e2000000)
 ParOldGen       total 71680K, used 14609K [0x0000000081400000, 0x0000000085a00000, 0x00000000d5c00000)
  object space 71680K, 20% used [0x0000000081400000,0x0000000082244498,0x0000000085a00000)
 Metaspace       used 34281K, capacity 35322K, committed 35416K, reserved 1081344K
  class space    used 4268K, capacity 4521K, committed 4608K, reserved 1048576K
}
Event: 21.133 GC heap before
{Heap before GC invocations=15 (full 2):
 PSYoungGen      total 198656K, used 190464K [0x00000000d5c00000, 0x00000000e2a00000, 0x0000000100000000)
  eden space 190464K, 100% used [0x00000000d5c00000,0x00000000e1600000,0x00000000e1600000)
  from space 8192K, 0% used [0x00000000e2200000,0x00000000e2200000,0x00000000e2a00000)
  to   space 10240K, 0% used [0x00000000e1600000,0x00000000e1600000,0x00000000e2000000)
 ParOldGen       total 71680K, used 14609K [0x0000000081400000, 0x0000000085a00000, 0x00000000d5c00000)
  object space 71680K, 20% used [0x0000000081400000,0x0000000082244498,0x0000000085a00000)
 Metaspace       used 39137K, capacity 40688K, committed 41088K, reserved 1085440K
  class space    used 4855K, capacity 5146K, committed 5248K, reserved 1048576K
Event: 21.144 GC heap after
Heap after GC invocations=15 (full 2):
 PSYoungGen      total 200704K, used 8307K [0x00000000d5c00000, 0x00000000e2a00000, 0x0000000100000000)
  eden space 190464K, 0% used [0x00000000d5c00000,0x00000000d5c00000,0x00000000e1600000)
  from space 10240K, 81% used [0x00000000e1600000,0x00000000e1e1cf88,0x00000000e2000000)
  to   space 8192K, 0% used [0x00000000e2200000,0x00000000e2200000,0x00000000e2a00000)
 ParOldGen       total 71680K, used 14617K [0x0000000081400000, 0x0000000085a00000, 0x00000000d5c00000)
  object space 71680K, 20% used [0x0000000081400000,0x0000000082246498,0x0000000085a00000)
 Metaspace       used 39137K, capacity 40688K, committed 41088K, reserved 1085440K
  class space    used 4855K, capacity 5146K, committed 5248K, reserved 1048576K
}

Deoptimization events (10 events):
Event: 21.070 Thread 0x000000001b358800 Uncommon trap: reason=class_check action=maybe_recompile pc=0x000000000377b3b0 method=java.util.zip.InflaterInputStream.read([BII)I @ 100
Event: 21.070 Thread 0x000000001b358800 Uncommon trap: reason=class_check action=maybe_recompile pc=0x000000000377b3b0 method=java.util.zip.InflaterInputStream.read([BII)I @ 100
Event: 21.570 Thread 0x000000001b358800 Uncommon trap: reason=class_check action=maybe_recompile pc=0x0000000003eea110 method=org.springframework.core.annotation.AnnotationUtils.getDeclaredAnnotations(Ljava/lang/reflect/AnnotatedElement;)[Ljava/lang/annotation/Annotation; @ 33
Event: 21.571 Thread 0x000000001b358800 Uncommon trap: reason=class_check action=maybe_recompile pc=0x0000000003eea110 method=org.springframework.core.annotation.AnnotationUtils.getDeclaredAnnotations(Ljava/lang/reflect/AnnotatedElement;)[Ljava/lang/annotation/Annotation; @ 33
Event: 21.571 Thread 0x000000001b358800 Uncommon trap: reason=class_check action=maybe_recompile pc=0x0000000003eea110 method=org.springframework.core.annotation.AnnotationUtils.getDeclaredAnnotations(Ljava/lang/reflect/AnnotatedElement;)[Ljava/lang/annotation/Annotation; @ 33
Event: 21.704 Thread 0x000000001b358800 Uncommon trap: reason=unstable_if action=reinterpret pc=0x0000000003dd3fec method=java.util.Properties.load0(Ljava/util/Properties$LineReader;)V @ 56
Event: 21.827 Thread 0x000000001b358800 Uncommon trap: reason=unstable_if action=reinterpret pc=0x0000000003f73600 method=org.springframework.boot.context.properties.source.ConfigurationPropertyName.elementEquals(Lorg/springframework/boot/context/properties/source/ConfigurationPropertyName$Elem
Event: 21.853 Thread 0x000000001b358800 Uncommon trap: reason=unstable_if action=reinterpret pc=0x0000000003f4e33c method=org.springframework.boot.context.properties.source.ConfigurationPropertyName.elementEquals(Lorg/springframework/boot/context/properties/source/ConfigurationPropertyName$Elem
Event: 21.854 Thread 0x000000001b358800 Uncommon trap: reason=bimorphic action=maybe_recompile pc=0x0000000003e8cbe0 method=java.util.Collections$SetFromMap.contains(Ljava/lang/Object;)Z @ 5
Event: 21.930 Thread 0x000000001b358800 Uncommon trap: reason=unstable_if action=reinterpret pc=0x0000000003ea21f0 method=org.springframework.asm.Frame.push(I)V @ 26

Classes redefined (0 events):
No events

Internal exceptions (10 events):
Event: 21.271 Thread 0x000000001b358800 Exception <a 'java/lang/ClassNotFoundException': org/springframework/boot/web/servlet/FilterRegistrationBeanCustomizer> (0x00000000d65032b0) thrown at [C:\re\workspace\8-2-build-windows-amd64-cygwin\jdk8u161\10277\hotspot\src\share\vm\classfile\systemDict
Event: 21.274 Thread 0x000000001b358800 Exception <a 'java/lang/ClassNotFoundException': org/springframework/boot/web/servlet/ServletContextInitializerCustomizer> (0x00000000d655c838) thrown at [C:\re\workspace\8-2-build-windows-amd64-cygwin\jdk8u161\10277\hotspot\src\share\vm\classfile\systemD
Event: 21.275 Thread 0x000000001b358800 Exception <a 'java/lang/ClassNotFoundException': org/springframework/core/OrderedCustomizer> (0x00000000d658d2e0) thrown at [C:\re\workspace\8-2-build-windows-amd64-cygwin\jdk8u161\10277\hotspot\src\share\vm\classfile\systemDictionary.cpp, line 210]
Event: 21.357 Thread 0x000000001b358800 Exception <a 'java/lang/ClassNotFoundException': java/lang/ObjectCustomizer> (0x00000000d686c400) thrown at [C:\re\workspace\8-2-build-windows-amd64-cygwin\jdk8u161\10277\hotspot\src\share\vm\classfile\systemDictionary.cpp, line 210]
Event: 21.360 Thread 0x000000001b358800 Exception <a 'java/lang/ClassNotFoundException': org/springframework/boot/web/servlet/RegistrationBeanCustomizer> (0x00000000d68ab8d8) thrown at [C:\re\workspace\8-2-build-windows-amd64-cygwin\jdk8u161\10277\hotspot\src\share\vm\classfile\systemDictionary
Event: 21.363 Thread 0x000000001b358800 Exception <a 'java/lang/ClassNotFoundException': org/springframework/boot/web/servlet/DynamicRegistrationBeanCustomizer> (0x00000000d68f07b8) thrown at [C:\re\workspace\8-2-build-windows-amd64-cygwin\jdk8u161\10277\hotspot\src\share\vm\classfile\systemDic
Event: 21.366 Thread 0x000000001b358800 Exception <a 'java/lang/ClassNotFoundException': org/springframework/boot/web/servlet/ServletRegistrationBeanCustomizer> (0x00000000d6938a20) thrown at [C:\re\workspace\8-2-build-windows-amd64-cygwin\jdk8u161\10277\hotspot\src\share\vm\classfile\systemDic
Event: 21.368 Thread 0x000000001b358800 Exception <a 'java/lang/ClassNotFoundException': org/springframework/boot/web/servlet/ServletContextInitializerCustomizer> (0x00000000d69914b0) thrown at [C:\re\workspace\8-2-build-windows-amd64-cygwin\jdk8u161\10277\hotspot\src\share\vm\classfile\systemD
Event: 21.370 Thread 0x000000001b358800 Exception <a 'java/lang/ClassNotFoundException': org/springframework/core/OrderedCustomizer> (0x00000000d69c1a30) thrown at [C:\re\workspace\8-2-build-windows-amd64-cygwin\jdk8u161\10277\hotspot\src\share\vm\classfile\systemDictionary.cpp, line 210]
Event: 21.497 Thread 0x000000001b358800 Exception <a 'java/io/FileNotFoundException'> (0x00000000d71ea860) thrown at [C:\re\workspace\8-2-build-windows-amd64-cygwin\jdk8u161\10277\hotspot\src\share\vm\prims\jni.cpp, line 709]

Events (10 events):
Event: 21.967 loading class org/springframework/orm/jpa/JpaDialect
Event: 21.967 loading class org/springframework/orm/jpa/JpaDialect done
Event: 21.969 loading class org/springframework/orm/jpa/vendor/HibernateJpaDialect
Event: 21.969 loading class org/springframework/orm/jpa/vendor/HibernateJpaDialect done
Event: 21.970 loading class org/springframework/orm/jpa/DefaultJpaDialect
Event: 21.970 loading class org/springframework/orm/jpa/DefaultJpaDialect done
Event: 21.971 loading class org/springframework/transaction/InvalidIsolationLevelException
Event: 21.971 loading class org/springframework/transaction/InvalidIsolationLevelException done
Event: 21.971 loading class org/hibernate/HibernateException
Event: 21.971 loading class org/hibernate/HibernateException done


Dynamic libraries:
0x00007ff7b54d0000 - 0x00007ff7b5507000 	C:\Program Files\Java\jdk1.8.0_161\bin\java.exe
0x00007ff8ca740000 - 0x00007ff8ca930000 	C:\WINDOWS\SYSTEM32\ntdll.dll
0x00007ff8ca5c0000 - 0x00007ff8ca672000 	C:\WINDOWS\System32\KERNEL32.DLL
0x00007ff8c81b0000 - 0x00007ff8c8455000 	C:\WINDOWS\System32\KERNELBASE.dll
0x00007ff8c92b0000 - 0x00007ff8c9353000 	C:\WINDOWS\System32\ADVAPI32.dll
0x00007ff8c93c0000 - 0x00007ff8c945e000 	C:\WINDOWS\System32\msvcrt.dll
0x00007ff8c9460000 - 0x00007ff8c94f7000 	C:\WINDOWS\System32\sechost.dll
0x00007ff8c8f90000 - 0x00007ff8c90af000 	C:\WINDOWS\System32\RPCRT4.dll
0x00007ff8c90b0000 - 0x00007ff8c9244000 	C:\WINDOWS\System32\USER32.dll
0x00007ff8c8560000 - 0x00007ff8c8581000 	C:\WINDOWS\System32\win32u.dll
0x00007ff8ca170000 - 0x00007ff8ca196000 	C:\WINDOWS\System32\GDI32.dll
0x00007ff8c8590000 - 0x00007ff8c8728000 	C:\WINDOWS\System32\gdi32full.dll
0x00007ff8c76c0000 - 0x00007ff8c775e000 	C:\WINDOWS\System32\msvcp_win.dll
0x00007ff8c8460000 - 0x00007ff8c855a000 	C:\WINDOWS\System32\ucrtbase.dll
0x00007ff8b8ed0000 - 0x00007ff8b9154000 	C:\WINDOWS\WinSxS\amd64_microsoft.windows.common-controls_6595b64144ccf1df_6.0.18362.1379_none_9e7ff3b3e45cc0c4\COMCTL32.dll
0x00007ff8c9c00000 - 0x00007ff8c9f37000 	C:\WINDOWS\System32\combase.dll
0x00007ff8c8760000 - 0x00007ff8c87e1000 	C:\WINDOWS\System32\bcryptPrimitives.dll
0x00007ff8ca580000 - 0x00007ff8ca5ae000 	C:\WINDOWS\System32\IMM32.DLL
0x0000000073e20000 - 0x0000000073ef2000 	C:\Program Files\Java\jdk1.8.0_161\jre\bin\msvcr100.dll
0x0000000073580000 - 0x0000000073e1f000 	C:\Program Files\Java\jdk1.8.0_161\jre\bin\server\jvm.dll
0x00007ff8ca5b0000 - 0x00007ff8ca5b8000 	C:\WINDOWS\System32\PSAPI.DLL
0x00007ff8b2ae0000 - 0x00007ff8b2ae9000 	C:\WINDOWS\SYSTEM32\WSOCK32.dll
0x00007ff8c4280000 - 0x00007ff8c42a4000 	C:\WINDOWS\SYSTEM32\WINMM.dll
0x00007ff8c1700000 - 0x00007ff8c170a000 	C:\WINDOWS\SYSTEM32\VERSION.dll
0x00007ff8ca680000 - 0x00007ff8ca6ef000 	C:\WINDOWS\System32\WS2_32.dll
0x00007ff8c4250000 - 0x00007ff8c427d000 	C:\WINDOWS\SYSTEM32\WINMMBASE.dll
0x00007ff8c8160000 - 0x00007ff8c81aa000 	C:\WINDOWS\System32\cfgmgr32.dll
0x0000000073570000 - 0x000000007357f000 	C:\Program Files\Java\jdk1.8.0_161\jre\bin\verify.dll
0x0000000073540000 - 0x0000000073569000 	C:\Program Files\Java\jdk1.8.0_161\jre\bin\java.dll
0x0000000074040000 - 0x0000000074075000 	C:\Program Files\Java\jdk1.8.0_161\jre\bin\jdwp.dll
0x0000000074030000 - 0x0000000074038000 	C:\Program Files\Java\jdk1.8.0_161\jre\bin\npt.dll
0x0000000074000000 - 0x0000000074023000 	C:\Program Files\Java\jdk1.8.0_161\jre\bin\instrument.dll
0x0000000073520000 - 0x0000000073536000 	C:\Program Files\Java\jdk1.8.0_161\jre\bin\zip.dll
0x00007ff8c88a0000 - 0x00007ff8c8f88000 	C:\WINDOWS\System32\SHELL32.dll
0x00007ff8c99a0000 - 0x00007ff8c9a47000 	C:\WINDOWS\System32\shcore.dll
0x00007ff8c7870000 - 0x00007ff8c7feb000 	C:\WINDOWS\System32\windows.storage.dll
0x00007ff8c7690000 - 0x00007ff8c76b3000 	C:\WINDOWS\System32\profapi.dll
0x00007ff8c7600000 - 0x00007ff8c764a000 	C:\WINDOWS\System32\powrprof.dll
0x00007ff8c75f0000 - 0x00007ff8c7600000 	C:\WINDOWS\System32\UMPDC.dll
0x00007ff8ca2f0000 - 0x00007ff8ca342000 	C:\WINDOWS\System32\shlwapi.dll
0x00007ff8c7670000 - 0x00007ff8c7681000 	C:\WINDOWS\System32\kernel.appcore.dll
0x00007ff8c8140000 - 0x00007ff8c8157000 	C:\WINDOWS\System32\cryptsp.dll
0x0000000073ff0000 - 0x0000000073ff9000 	C:\Program Files\Java\jdk1.8.0_161\jre\bin\dt_socket.dll
0x00007ff8c6e30000 - 0x00007ff8c6e97000 	C:\WINDOWS\system32\mswsock.dll
0x0000000074080000 - 0x000000007408d000 	C:\Program Files\Java\jdk1.8.0_161\jre\bin\management.dll
0x0000000073500000 - 0x000000007351a000 	C:\Program Files\Java\jdk1.8.0_161\jre\bin\net.dll
0x00007ff8b3d50000 - 0x00007ff8b3d66000 	C:\WINDOWS\system32\napinsp.dll
0x00007ff8b3d70000 - 0x00007ff8b3d8a000 	C:\WINDOWS\system32\pnrpnsp.dll
0x00007ff8c1f50000 - 0x00007ff8c1f65000 	C:\WINDOWS\system32\wshbth.dll
0x00007ff8c3cf0000 - 0x00007ff8c3d0c000 	C:\WINDOWS\system32\NLAapi.dll
0x00007ff8c6b40000 - 0x00007ff8c6b7a000 	C:\WINDOWS\SYSTEM32\IPHLPAPI.DLL
0x00007ff8c6b80000 - 0x00007ff8c6c4b000 	C:\WINDOWS\SYSTEM32\DNSAPI.dll
0x00007ff8ca6f0000 - 0x00007ff8ca6f8000 	C:\WINDOWS\System32\NSI.dll
0x00007ff8b3d90000 - 0x00007ff8b3d9e000 	C:\WINDOWS\System32\winrnr.dll
0x00007ff8ba160000 - 0x00007ff8ba16a000 	C:\Windows\System32\rasadhlp.dll
0x00007ff8bb3b0000 - 0x00007ff8bb427000 	C:\WINDOWS\System32\fwpuclnt.dll
0x00007ff8c8730000 - 0x00007ff8c8756000 	C:\WINDOWS\System32\bcrypt.dll
0x00000000734e0000 - 0x00000000734f1000 	C:\Program Files\Java\jdk1.8.0_161\jre\bin\nio.dll
0x00007ff8c69b0000 - 0x00007ff8c69e3000 	C:\WINDOWS\system32\rsaenh.dll
0x00007ff8c7510000 - 0x00007ff8c7535000 	C:\WINDOWS\SYSTEM32\USERENV.dll
0x00007ff8c7000000 - 0x00007ff8c700c000 	C:\WINDOWS\SYSTEM32\CRYPTBASE.dll
0x00007ff8bb670000 - 0x00007ff8bb686000 	C:\WINDOWS\SYSTEM32\dhcpcsvc6.DLL
0x00007ff8bc010000 - 0x00007ff8bc02c000 	C:\WINDOWS\SYSTEM32\dhcpcsvc.DLL

VM Arguments:
jvm_args: -agentlib:jdwp=transport=dt_socket,address=127.0.0.1:58695,suspend=y,server=n -javaagent:C:\Users\root\AppData\Local\JetBrains\IdeaIC2020.1\captureAgent\debugger-agent.jar -Dfile.encoding=UTF-8 
java_command: com.union.app.AppApplication
java_class_path (initial): C:\Program Files\Java\jdk1.8.0_161\jre\lib\charsets.jar;C:\Program Files\Java\jdk1.8.0_161\jre\lib\deploy.jar;C:\Program Files\Java\jdk1.8.0_161\jre\lib\ext\access-bridge-64.jar;C:\Program Files\Java\jdk1.8.0_161\jre\lib\ext\cldrdata.jar;C:\Program Files\Java\jdk1.8.0_161\jre\lib\ext\dnsns.jar;C:\Program Files\Java\jdk1.8.0_161\jre\lib\ext\jaccess.jar;C:\Program Files\Java\jdk1.8.0_161\jre\lib\ext\jfxrt.jar;C:\Program Files\Java\jdk1.8.0_161\jre\lib\ext\localedata.jar;C:\Program Files\Java\jdk1.8.0_161\jre\lib\ext\nashorn.jar;C:\Program Files\Java\jdk1.8.0_161\jre\lib\ext\sunec.jar;C:\Program Files\Java\jdk1.8.0_161\jre\lib\ext\sunjce_provider.jar;C:\Program Files\Java\jdk1.8.0_161\jre\lib\ext\sunmscapi.jar;C:\Program Files\Java\jdk1.8.0_161\jre\lib\ext\sunpkcs11.jar;C:\Program Files\Java\jdk1.8.0_161\jre\lib\ext\zipfs.jar;C:\Program Files\Java\jdk1.8.0_161\jre\lib\javaws.jar;C:\Program Files\Java\jdk1.8.0_161\jre\lib\jce.jar;C:\Program Files\Java\jdk1.8.0_161\jre\lib\jfr.jar;C:\Program Files\Java\jdk1.8.0_161\jre\lib\jfxswt.jar;C:\Program Files\Java\jdk1.8.0_161\jre\lib\jsse.jar;C:\Program Files\Java\jdk1.8.0_161\jre\lib\management-agent.jar;C:\Program Files\Java\jdk1.8.0_161\jre\lib\plugin.jar;C:\Program Files\Java\jdk1.8.0_161\jre\lib\resources.jar;C:\Program Files\Java\jdk1.8.0_161\jre\lib\rt.jar;E:\IDEA Workspace\union-boot-pk\union-app-start\target\classes;E:\IDEA Workspace\union-boot-pk\union-app-util\target\classes;E:\software\maven\maven_lib\org\apache\httpcomponents\httpclient\4.5.9\httpclient-4.5.9.jar;E:\software\maven\maven_lib\commons-codec\commons-codec\1.11\commons-codec-1.11.jar;E:\software\maven\maven_lib\org\apache\httpcomponents\httpcore\4.4.11\httpcore-4.4.11.jar;E:\software\maven\maven_lib\org\apache\httpcomponents\httpcore-nio\4.4.11\httpcore-nio-4.4.11.jar;E:\software\maven\maven_lib\org\apache\httpcomponents\httpasyncclient\4.1.4\httpasyncclient-4.1.4.jar;E:\software\maven\maven_lib\org\apache\httpcomponents\http
Launcher Type: SUN_STANDARD

Environment Variables:
JAVA_HOME=C:\Program Files\Java\jdk1.8.0_161
PATH=C:\ProgramData\Oracle\Java\javapath;C:\Program Files (x86)\Intel\iCLS Client\;C:\Program Files\Intel\iCLS Client\;C:\windows\system32;C:\windows;C:\windows\System32\Wbem;C:\windows\System32\WindowsPowerShell\v1.0\;C:\Program Files (x86)\NVIDIA Corporation\PhysX\Common;C:\Program Files (x86)\Intel\Intel(R) Management Engine Components\DAL;C:\Program Files\Intel\Intel(R) Management Engine Components\DAL;C:\Program Files (x86)\Intel\Intel(R) Management Engine Components\IPT;C:\Program Files\Intel\Intel(R) Management Engine Components\IPT;C:\WINDOWS\system32;C:\WINDOWS;C:\WINDOWS\System32\Wbem;C:\WINDOWS\System32\WindowsPowerShell\v1.0\;C:\WINDOWS\System32\OpenSSH\;C:\Program Files\Java\jdk1.8.0_161\bin;E:\software\maven\apache-maven-3.5.3\bin;C:\Program Files\TortoiseSVN\bin;C:\Program Files\Microsoft SQL Server\130\Tools\Binn\;C:\Program Files\dotnet\;C:\Program Files\TortoiseGit\bin;C:\Program Files\Git\cmd;E:\software\svn\bin;C:\Program Files\nodejs\;C:\Users\root\AppData\Local\Microsoft\WindowsApps;;C:\Program Files\JetBrains\IntelliJ IDEA 2020.2.3\bin;;C:\Program Files\JetBrains\IntelliJ IDEA Community Edition 2020.1.3\bin;;C:\Users\root\.dotnet\tools;C:\Program Files\Huawei\DevEco Studio\bin;;C:\Users\root\AppData\Roaming\npm
USERNAME=root
OS=Windows_NT
PROCESSOR_IDENTIFIER=Intel64 Family 6 Model 142 Stepping 9, GenuineIntel



---------------  S Y S T E M  ---------------

OS: Windows 10.0 , 64 bit Build 18362 (10.0.18362.1350)

CPU:total 4 (initial active 4) (2 cores per cpu, 2 threads per core) family 6 model 142 stepping 9, cmov, cx8, fxsr, mmx, sse, sse2, sse3, ssse3, sse4.1, sse4.2, popcnt, avx, avx2, aes, clmul, erms, 3dnowpref, lzcnt, ht, tsc, tscinvbit, bmi1, bmi2, adx

Memory: 4k page, physical 8301184k(840420k free), swap 14592632k(5184k free)

vm_info: Java HotSpot(TM) 64-Bit Server VM (25.161-b12) for windows-amd64 JRE (1.8.0_161-b12), built on Dec 19 2017 17:52:25 by "java_re" with MS VC++ 10.0 (VS2010)

time: Fri Feb 26 22:12:43 2021
elapsed time: 21 seconds (0d 0h 0m 21s)

