#
# There is insufficient memory for the Java Runtime Environment to continue.
# Native memory allocation (malloc) failed to allocate 65552 bytes for Chunk::new
# Possible reasons:
#   The system is out of physical RAM or swap space
#   In 32 bit mode, the process size limit was hit
# Possible solutions:
#   Reduce memory load on the system
#   Increase physical memory or swap space
#   Check if swap backing store is full
#   Use 64 bit Java on a 64 bit OS
#   Decrease Java heap size (-Xmx/-Xms)
#   Decrease number of Java threads
#   Decrease Java thread stack sizes (-Xss)
#   Set larger code cache with -XX:ReservedCodeCacheSize=
# This output file may be truncated or incomplete.
#
#  Out of Memory Error (allocation.cpp:390), pid=16356, tid=0x0000000000004440
#
# JRE version: Java(TM) SE Runtime Environment (8.0_161-b12) (build 1.8.0_161-b12)
# Java VM: Java HotSpot(TM) 64-Bit Server VM (25.161-b12 mixed mode windows-amd64 compressed oops)
# Failed to write core dump. Minidumps are not enabled by default on client versions of Windows
#

---------------  T H R E A D  ---------------

Current thread (0x000000001946c800):  JavaThread "C2 CompilerThread0" daemon [_thread_in_native, id=17472, stack(0x0000000019ab0000,0x0000000019bb0000)]

Stack: [0x0000000019ab0000,0x0000000019bb0000]
[error occurred during error reporting (printing stack bounds), id 0xc0000005]

Native frames: (J=compiled Java code, j=interpreted, Vv=VM code, C=native code)


Current CompileTask:
C2:  43123 4800       4       java.lang.Class::privateGetMethodRecursive (130 bytes)


---------------  P R O C E S S  ---------------

Java Threads: ( => current thread )
  0x000000001a1a4800 JavaThread "Druid-ConnectionPool-Destroy-85654210" daemon [_thread_blocked, id=24452, stack(0x0000000022ff0000,0x00000000230f0000)]
  0x000000001fa88800 JavaThread "Druid-ConnectionPool-Create-85654210" daemon [_thread_blocked, id=4784, stack(0x0000000021c30000,0x0000000021d30000)]
  0x000000001d800800 JavaThread "Abandoned connection cleanup thread" daemon [_thread_blocked, id=28104, stack(0x00000000211e0000,0x00000000212e0000)]
  0x000000001bfd0000 JavaThread "container-0" [_thread_blocked, id=22172, stack(0x0000000021520000,0x0000000021620000)]
  0x00000000203f9800 JavaThread "Catalina-utility-2" [_thread_blocked, id=4812, stack(0x0000000021420000,0x0000000021520000)]
  0x0000000020292000 JavaThread "Catalina-utility-1" [_thread_blocked, id=23840, stack(0x0000000021320000,0x0000000021420000)]
  0x000000001abf6800 JavaThread "Log4j2-TF-2-Scheduled-1" daemon [_thread_blocked, id=23236, stack(0x000000001c650000,0x000000001c750000)]
  0x000000001a24c800 JavaThread "restartedMain" [_thread_in_vm, id=15660, stack(0x000000001b480000,0x000000001b580000)]
  0x000000001a3c9000 JavaThread "Thread-1" [_thread_blocked, id=14740, stack(0x000000001b380000,0x000000001b480000)]
  0x0000000019513800 JavaThread "Service Thread" daemon [_thread_blocked, id=8604, stack(0x0000000019db0000,0x0000000019eb0000)]
  0x0000000019492000 JavaThread "C1 CompilerThread2" daemon [_thread_blocked, id=18804, stack(0x0000000019cb0000,0x0000000019db0000)]
  0x000000001946d800 JavaThread "C2 CompilerThread1" daemon [_thread_in_native, id=15400, stack(0x0000000019bb0000,0x0000000019cb0000)]
=>0x000000001946c800 JavaThread "C2 CompilerThread0" daemon [_thread_in_native, id=17472, stack(0x0000000019ab0000,0x0000000019bb0000)]
  0x00000000176a3800 JavaThread "JDWP Command Reader" daemon [_thread_in_native, id=24760, stack(0x00000000191b0000,0x00000000192b0000)]
  0x000000001769d000 JavaThread "JDWP Event Helper Thread" daemon [_thread_in_native, id=16560, stack(0x00000000190b0000,0x00000000191b0000)]
  0x0000000017691800 JavaThread "JDWP Transport Listener: dt_socket" daemon [_thread_blocked, id=8280, stack(0x0000000018fb0000,0x00000000190b0000)]
  0x000000001768a000 JavaThread "Attach Listener" daemon [_thread_blocked, id=8084, stack(0x0000000018eb0000,0x0000000018fb0000)]
  0x00000000189f3800 JavaThread "Signal Dispatcher" daemon [_thread_blocked, id=14144, stack(0x0000000018db0000,0x0000000018eb0000)]
  0x000000001764f800 JavaThread "Finalizer" daemon [_thread_blocked, id=23772, stack(0x00000000188b0000,0x00000000189b0000)]
  0x0000000017628800 JavaThread "Reference Handler" daemon [_thread_blocked, id=25132, stack(0x00000000187b0000,0x00000000188b0000)]
  0x0000000002829000 JavaThread "main" [_thread_blocked, id=20176, stack(0x0000000002720000,0x0000000002820000)]

Other Threads:
  0x0000000017627800 VMThread [stack: 0x00000000186b0000,0x00000000187b0000] [id=26408]
  0x0000000019550000 WatcherThread [stack: 0x0000000019eb0000,0x0000000019fb0000] [id=17736]

VM state:not at safepoint (normal execution)

VM Mutex/Monitor currently owned by a thread: None

Heap:
 PSYoungGen      total 275456K, used 173888K [0x00000000d5c00000, 0x00000000ed880000, 0x0000000100000000)
  eden space 264192K, 61% used [0x00000000d5c00000,0x00000000dfad2240,0x00000000e5e00000)
  from space 11264K, 99% used [0x00000000e5e00000,0x00000000e68fe088,0x00000000e6900000)
  to   space 13312K, 0% used [0x00000000ecb80000,0x00000000ecb80000,0x00000000ed880000)
 ParOldGen       total 73216K, used 16184K [0x0000000081400000, 0x0000000085b80000, 0x00000000d5c00000)
  object space 73216K, 22% used [0x0000000081400000,0x00000000823ce2b8,0x0000000085b80000)
 Metaspace       used 52337K, capacity 54086K, committed 54656K, reserved 1097728K
  class space    used 6609K, capacity 6925K, committed 7040K, reserved 1048576K

Card table byte_map: [0x0000000011eb0000,0x00000000122b0000] byte_map_base: 0x0000000011aa6000

Marking Bits: (ParMarkBitMap*) 0x0000000062a5f860
 Begin Bits: [0x0000000012960000, 0x0000000014910000)
 End Bits:   [0x0000000014910000, 0x00000000168c0000)

Polling page: 0x00000000005f0000

CodeCache: size=245760Kb used=16785Kb max_used=16785Kb free=228974Kb
 bounds [0x0000000002af0000, 0x0000000003b70000, 0x0000000011af0000]
 total_blobs=4827 nmethods=4324 adapters=423
 compilation: enabled

Compilation events (10 events):
Event: 43.115 Thread 0x0000000019492000 4950       3       org.hibernate.cfg.Ejb3Column::setLength (6 bytes)
Event: 43.115 Thread 0x0000000019492000 nmethod 4950 0x0000000003b5ee50 code [0x0000000003b5efa0, 0x0000000003b5f0f0]
Event: 43.115 Thread 0x0000000019492000 4951       3       org.hibernate.cfg.Ejb3Column::setBuildingContext (6 bytes)
Event: 43.115 Thread 0x0000000019492000 nmethod 4951 0x0000000003b5f190 code [0x0000000003b5f2e0, 0x0000000003b5f450]
Event: 43.115 Thread 0x0000000019492000 4952   !   3       org.hibernate.service.internal.AbstractServiceRegistryImpl::getService (119 bytes)
Event: 43.117 Thread 0x0000000019492000 nmethod 4952 0x0000000003b5f4d0 code [0x0000000003b5f760, 0x0000000003b60ab8]
Event: 43.117 Thread 0x0000000019492000 4953       1       org.hibernate.boot.model.relational.Database::getDefaultNamespace (5 bytes)
Event: 43.117 Thread 0x0000000019492000 nmethod 4953 0x0000000003b613d0 code [0x0000000003b61520, 0x0000000003b61630]
Event: 43.117 Thread 0x0000000019492000 4954       1       org.hibernate.annotations.common.reflection.java.generics.TypeSwitch::defaultCase (2 bytes)
Event: 43.117 Thread 0x0000000019492000 nmethod 4954 0x0000000003b61a10 code [0x0000000003b61b60, 0x0000000003b61c70]

GC Heap History (10 events):
Event: 17.375 GC heap before
{Heap before GC invocations=11 (full 1):
 PSYoungGen      total 140288K, used 140123K [0x00000000d5c00000, 0x00000000e2b00000, 0x0000000100000000)
  eden space 132096K, 99% used [0x00000000d5c00000,0x00000000ddcfe240,0x00000000ddd00000)
  from space 8192K, 98% used [0x00000000ddd00000,0x00000000de4d8aa8,0x00000000de500000)
  to   space 9216K, 0% used [0x00000000e2200000,0x00000000e2200000,0x00000000e2b00000)
 ParOldGen       total 48128K, used 5537K [0x0000000081400000, 0x0000000084300000, 0x00000000d5c00000)
  object space 48128K, 11% used [0x0000000081400000,0x0000000081968418,0x0000000084300000)
 Metaspace       used 28680K, capacity 29448K, committed 29696K, reserved 1075200K
  class space    used 3548K, capacity 3750K, committed 3840K, reserved 1048576K
Event: 17.392 GC heap after
Heap after GC invocations=11 (full 1):
 PSYoungGen      total 197632K, used 8140K [0x00000000d5c00000, 0x00000000e2a00000, 0x0000000100000000)
  eden space 189440K, 0% used [0x00000000d5c00000,0x00000000d5c00000,0x00000000e1500000)
  from space 8192K, 99% used [0x00000000e2200000,0x00000000e29f32c8,0x00000000e2a00000)
  to   space 9728K, 0% used [0x00000000e1700000,0x00000000e1700000,0x00000000e2080000)
 ParOldGen       total 48128K, used 5545K [0x0000000081400000, 0x0000000084300000, 0x00000000d5c00000)
  object space 48128K, 11% used [0x0000000081400000,0x000000008196a418,0x0000000084300000)
 Metaspace       used 28680K, capacity 29448K, committed 29696K, reserved 1075200K
  class space    used 3548K, capacity 3750K, committed 3840K, reserved 1048576K
}
Event: 26.990 GC heap before
{Heap before GC invocations=12 (full 1):
 PSYoungGen      total 197632K, used 197580K [0x00000000d5c00000, 0x00000000e2a00000, 0x0000000100000000)
  eden space 189440K, 100% used [0x00000000d5c00000,0x00000000e1500000,0x00000000e1500000)
  from space 8192K, 99% used [0x00000000e2200000,0x00000000e29f32c8,0x00000000e2a00000)
  to   space 9728K, 0% used [0x00000000e1700000,0x00000000e1700000,0x00000000e2080000)
 ParOldGen       total 48128K, used 5545K [0x0000000081400000, 0x0000000084300000, 0x00000000d5c00000)
  object space 48128K, 11% used [0x0000000081400000,0x000000008196a418,0x0000000084300000)
 Metaspace       used 33816K, capacity 34872K, committed 34944K, reserved 1079296K
  class space    used 4214K, capacity 4458K, committed 4480K, reserved 1048576K
Event: 27.008 GC heap after
Heap after GC invocations=12 (full 1):
 PSYoungGen      total 201216K, used 8419K [0x00000000d5c00000, 0x00000000e7380000, 0x0000000100000000)
  eden space 191488K, 0% used [0x00000000d5c00000,0x00000000d5c00000,0x00000000e1700000)
  from space 9728K, 86% used [0x00000000e1700000,0x00000000e1f38f10,0x00000000e2080000)
  to   space 10752K, 0% used [0x00000000e6900000,0x00000000e6900000,0x00000000e7380000)
 ParOldGen       total 48128K, used 11079K [0x0000000081400000, 0x0000000084300000, 0x00000000d5c00000)
  object space 48128K, 23% used [0x0000000081400000,0x0000000081ed1f30,0x0000000084300000)
 Metaspace       used 33816K, capacity 34872K, committed 34944K, reserved 1079296K
  class space    used 4214K, capacity 4458K, committed 4480K, reserved 1048576K
}
Event: 27.447 GC heap before
{Heap before GC invocations=13 (full 1):
 PSYoungGen      total 201216K, used 20492K [0x00000000d5c00000, 0x00000000e7380000, 0x0000000100000000)
  eden space 191488K, 6% used [0x00000000d5c00000,0x00000000d67ca448,0x00000000e1700000)
  from space 9728K, 86% used [0x00000000e1700000,0x00000000e1f38f10,0x00000000e2080000)
  to   space 10752K, 0% used [0x00000000e6900000,0x00000000e6900000,0x00000000e7380000)
 ParOldGen       total 48128K, used 11079K [0x0000000081400000, 0x0000000084300000, 0x00000000d5c00000)
  object space 48128K, 23% used [0x0000000081400000,0x0000000081ed1f30,0x0000000084300000)
 Metaspace       used 34246K, capacity 35276K, committed 35416K, reserved 1081344K
  class space    used 4269K, capacity 4526K, committed 4608K, reserved 1048576K
Event: 27.454 GC heap after
Heap after GC invocations=13 (full 1):
 PSYoungGen      total 274944K, used 721K [0x00000000d5c00000, 0x00000000e7480000, 0x0000000100000000)
  eden space 264192K, 0% used [0x00000000d5c00000,0x00000000d5c00000,0x00000000e5e00000)
  from space 10752K, 6% used [0x00000000e6900000,0x00000000e69b4400,0x00000000e7380000)
  to   space 11264K, 0% used [0x00000000e5e00000,0x00000000e5e00000,0x00000000e6900000)
 ParOldGen       total 48128K, used 14927K [0x0000000081400000, 0x0000000084300000, 0x00000000d5c00000)
  object space 48128K, 31% used [0x0000000081400000,0x0000000082293f78,0x0000000084300000)
 Metaspace       used 34246K, capacity 35276K, committed 35416K, reserved 1081344K
  class space    used 4269K, capacity 4526K, committed 4608K, reserved 1048576K
}
Event: 27.454 GC heap before
{Heap before GC invocations=14 (full 2):
 PSYoungGen      total 274944K, used 721K [0x00000000d5c00000, 0x00000000e7480000, 0x0000000100000000)
  eden space 264192K, 0% used [0x00000000d5c00000,0x00000000d5c00000,0x00000000e5e00000)
  from space 10752K, 6% used [0x00000000e6900000,0x00000000e69b4400,0x00000000e7380000)
  to   space 11264K, 0% used [0x00000000e5e00000,0x00000000e5e00000,0x00000000e6900000)
 ParOldGen       total 48128K, used 14927K [0x0000000081400000, 0x0000000084300000, 0x00000000d5c00000)
  object space 48128K, 31% used [0x0000000081400000,0x0000000082293f78,0x0000000084300000)
 Metaspace       used 34246K, capacity 35276K, committed 35416K, reserved 1081344K
  class space    used 4269K, capacity 4526K, committed 4608K, reserved 1048576K
Event: 27.648 GC heap after
Heap after GC invocations=14 (full 2):
 PSYoungGen      total 274944K, used 0K [0x00000000d5c00000, 0x00000000e7480000, 0x0000000100000000)
  eden space 264192K, 0% used [0x00000000d5c00000,0x00000000d5c00000,0x00000000e5e00000)
  from space 10752K, 0% used [0x00000000e6900000,0x00000000e6900000,0x00000000e7380000)
  to   space 11264K, 0% used [0x00000000e5e00000,0x00000000e5e00000,0x00000000e6900000)
 ParOldGen       total 73216K, used 14933K [0x0000000081400000, 0x0000000085b80000, 0x00000000d5c00000)
  object space 73216K, 20% used [0x0000000081400000,0x0000000082295538,0x0000000085b80000)
 Metaspace       used 34246K, capacity 35276K, committed 35416K, reserved 1081344K
  class space    used 4269K, capacity 4526K, committed 4608K, reserved 1048576K
}
Event: 35.408 GC heap before
{Heap before GC invocations=15 (full 2):
 PSYoungGen      total 274944K, used 264192K [0x00000000d5c00000, 0x00000000e7480000, 0x0000000100000000)
  eden space 264192K, 100% used [0x00000000d5c00000,0x00000000e5e00000,0x00000000e5e00000)
  from space 10752K, 0% used [0x00000000e6900000,0x00000000e6900000,0x00000000e7380000)
  to   space 11264K, 0% used [0x00000000e5e00000,0x00000000e5e00000,0x00000000e6900000)
 ParOldGen       total 73216K, used 14933K [0x0000000081400000, 0x0000000085b80000, 0x00000000d5c00000)
  object space 73216K, 20% used [0x0000000081400000,0x0000000082295538,0x0000000085b80000)
 Metaspace       used 43125K, capacity 44756K, committed 45184K, reserved 1089536K
  class space    used 5339K, capacity 5644K, committed 5760K, reserved 1048576K
Event: 35.454 GC heap after
Heap after GC invocations=15 (full 2):
 PSYoungGen      total 275456K, used 11256K [0x00000000d5c00000, 0x00000000ed880000, 0x0000000100000000)
  eden space 264192K, 0% used [0x00000000d5c00000,0x00000000d5c00000,0x00000000e5e00000)
  from space 11264K, 99% used [0x00000000e5e00000,0x00000000e68fe088,0x00000000e6900000)
  to   space 13312K, 0% used [0x00000000ecb80000,0x00000000ecb80000,0x00000000ed880000)
 ParOldGen       total 73216K, used 16184K [0x0000000081400000, 0x0000000085b80000, 0x00000000d5c00000)
  object space 73216K, 22% used [0x0000000081400000,0x00000000823ce2b8,0x0000000085b80000)
 Metaspace       used 43125K, capacity 44756K, committed 45184K, reserved 1089536K
  class space    used 5339K, capacity 5644K, committed 5760K, reserved 1048576K
}

Deoptimization events (10 events):
Event: 38.922 Thread 0x000000001a24c800 Uncommon trap: reason=unstable_if action=reinterpret pc=0x00000000039cee78 method=java.util.Properties.load0(Ljava/util/Properties$LineReader;)V @ 161
Event: 39.118 Thread 0x000000001a24c800 Uncommon trap: reason=unstable_if action=reinterpret pc=0x00000000034807ac method=java.lang.CharacterDataLatin1.digit(II)I @ 82
Event: 39.199 Thread 0x000000001a24c800 Uncommon trap: reason=class_check action=maybe_recompile pc=0x00000000037bc968 method=java.util.Properties$LineReader.readLine()I @ 62
Event: 39.200 Thread 0x000000001a24c800 Uncommon trap: reason=unstable_if action=reinterpret pc=0x00000000031fb1fc method=java.util.Properties$LineReader.readLine()I @ 174
Event: 39.200 Thread 0x000000001a24c800 Uncommon trap: reason=class_check action=maybe_recompile pc=0x00000000037bc968 method=java.util.Properties$LineReader.readLine()I @ 62
Event: 39.266 Thread 0x000000001a24c800 Uncommon trap: reason=unstable_if action=reinterpret pc=0x0000000002ec2210 method=java.nio.charset.CharsetEncoder.encode(Ljava/nio/CharBuffer;Ljava/nio/ByteBuffer;Z)Ljava/nio/charset/CoderResult; @ 1
Event: 40.066 Thread 0x000000001a24c800 Uncommon trap: reason=unstable_if action=reinterpret pc=0x0000000003072718 method=sun.nio.cs.UTF_8$Encoder.encodeArrayLoop(Ljava/nio/CharBuffer;Ljava/nio/ByteBuffer;)Ljava/nio/charset/CoderResult; @ 166
Event: 42.177 Thread 0x000000001a24c800 Uncommon trap: reason=bimorphic action=maybe_recompile pc=0x0000000003103d14 method=java.lang.ClassLoader.loadClass(Ljava/lang/String;Z)Ljava/lang/Class; @ 70
Event: 42.564 Thread 0x000000001a24c800 Uncommon trap: reason=bimorphic action=maybe_recompile pc=0x0000000003103d14 method=java.lang.ClassLoader.loadClass(Ljava/lang/String;Z)Ljava/lang/Class; @ 70
Event: 42.988 Thread 0x000000001a24c800 Uncommon trap: reason=null_check action=make_not_entrant pc=0x000000000395f5bc method=java.lang.Class.createAnnotationData(I)Ljava/lang/Class$AnnotationData; @ 14

Classes redefined (0 events):
No events

Internal exceptions (10 events):
Event: 31.972 Thread 0x000000001a24c800 Exception <a 'java/lang/ClassNotFoundException': org/springframework/boot/web/servlet/FilterRegistrationBeanCustomizer> (0x00000000e0ea9b18) thrown at [C:\re\workspace\8-2-build-windows-amd64-cygwin\jdk8u161\10277\hotspot\src\share\vm\classfile\systemDict
Event: 31.983 Thread 0x000000001a24c800 Exception <a 'java/lang/ClassNotFoundException': org/springframework/boot/web/servlet/ServletContextInitializerCustomizer> (0x00000000e0efeea0) thrown at [C:\re\workspace\8-2-build-windows-amd64-cygwin\jdk8u161\10277\hotspot\src\share\vm\classfile\systemD
Event: 31.993 Thread 0x000000001a24c800 Exception <a 'java/lang/ClassNotFoundException': org/springframework/core/OrderedCustomizer> (0x00000000e0f2d1c8) thrown at [C:\re\workspace\8-2-build-windows-amd64-cygwin\jdk8u161\10277\hotspot\src\share\vm\classfile\systemDictionary.cpp, line 210]
Event: 32.077 Thread 0x000000001a24c800 Exception <a 'java/lang/ClassNotFoundException': java/lang/ObjectCustomizer> (0x00000000e11f58c0) thrown at [C:\re\workspace\8-2-build-windows-amd64-cygwin\jdk8u161\10277\hotspot\src\share\vm\classfile\systemDictionary.cpp, line 210]
Event: 32.079 Thread 0x000000001a24c800 Exception <a 'java/lang/ClassNotFoundException': org/springframework/boot/web/servlet/RegistrationBeanCustomizer> (0x00000000e1231610) thrown at [C:\re\workspace\8-2-build-windows-amd64-cygwin\jdk8u161\10277\hotspot\src\share\vm\classfile\systemDictionary
Event: 32.081 Thread 0x000000001a24c800 Exception <a 'java/lang/ClassNotFoundException': org/springframework/boot/web/servlet/DynamicRegistrationBeanCustomizer> (0x00000000e12728f0) thrown at [C:\re\workspace\8-2-build-windows-amd64-cygwin\jdk8u161\10277\hotspot\src\share\vm\classfile\systemDic
Event: 32.084 Thread 0x000000001a24c800 Exception <a 'java/lang/ClassNotFoundException': org/springframework/boot/web/servlet/ServletRegistrationBeanCustomizer> (0x00000000e12b6f58) thrown at [C:\re\workspace\8-2-build-windows-amd64-cygwin\jdk8u161\10277\hotspot\src\share\vm\classfile\systemDic
Event: 32.089 Thread 0x000000001a24c800 Exception <a 'java/lang/ClassNotFoundException': org/springframework/boot/web/servlet/ServletContextInitializerCustomizer> (0x00000000e130bc08) thrown at [C:\re\workspace\8-2-build-windows-amd64-cygwin\jdk8u161\10277\hotspot\src\share\vm\classfile\systemD
Event: 32.091 Thread 0x000000001a24c800 Exception <a 'java/lang/ClassNotFoundException': org/springframework/core/OrderedCustomizer> (0x00000000e1339a28) thrown at [C:\re\workspace\8-2-build-windows-amd64-cygwin\jdk8u161\10277\hotspot\src\share\vm\classfile\systemDictionary.cpp, line 210]
Event: 32.378 Thread 0x000000001a24c800 Exception <a 'java/io/FileNotFoundException'> (0x00000000e1aef248) thrown at [C:\re\workspace\8-2-build-windows-amd64-cygwin\jdk8u161\10277\hotspot\src\share\vm\prims\jni.cpp, line 709]

Events (10 events):
Event: 42.981 loading class javax/persistence/EnumType done
Event: 42.981 Thread 0x000000001a24c800 DEOPT PACKING pc=0x00000000033b924c sp=0x000000001b57b790
Event: 42.981 Thread 0x000000001a24c800 DEOPT UNPACKING pc=0x0000000002b37890 sp=0x000000001b57b460 mode 1
Event: 42.983 Thread 0x000000001a24c800 DEOPT PACKING pc=0x0000000002c2de64 sp=0x000000001b57c330
Event: 42.983 Thread 0x000000001a24c800 DEOPT UNPACKING pc=0x0000000002b37890 sp=0x000000001b57c060 mode 1
Event: 42.983 Thread 0x000000001a24c800 DEOPT PACKING pc=0x000000000337b50c sp=0x000000001b57c390
Event: 42.983 Thread 0x000000001a24c800 DEOPT UNPACKING pc=0x0000000002b37890 sp=0x000000001b57c158 mode 1
Event: 42.988 Thread 0x000000001a24c800 Uncommon trap: trap_request=0xfffffff4 fr.pc=0x000000000395f5bc
Event: 42.988 Thread 0x000000001a24c800 DEOPT PACKING pc=0x000000000395f5bc sp=0x000000001b57d420
Event: 42.988 Thread 0x000000001a24c800 DEOPT UNPACKING pc=0x0000000002b3583b sp=0x000000001b57d380 mode 2


Dynamic libraries:
0x00007ff6435c0000 - 0x00007ff6435f7000 	C:\Program Files\Java\jdk1.8.0_161\bin\java.exe
0x00007ffd39580000 - 0x00007ffd39770000 	C:\WINDOWS\SYSTEM32\ntdll.dll
0x00007ffd392d0000 - 0x00007ffd39382000 	C:\WINDOWS\System32\KERNEL32.DLL
0x00007ffd36760000 - 0x00007ffd36a05000 	C:\WINDOWS\System32\KERNELBASE.dll
0x00007ffd38330000 - 0x00007ffd383d3000 	C:\WINDOWS\System32\ADVAPI32.dll
0x00007ffd38780000 - 0x00007ffd3881e000 	C:\WINDOWS\System32\msvcrt.dll
0x00007ffd389a0000 - 0x00007ffd38a37000 	C:\WINDOWS\System32\sechost.dll
0x00007ffd38880000 - 0x00007ffd389a0000 	C:\WINDOWS\System32\RPCRT4.dll
0x00007ffd38460000 - 0x00007ffd385f4000 	C:\WINDOWS\System32\USER32.dll
0x00007ffd365e0000 - 0x00007ffd36601000 	C:\WINDOWS\System32\win32u.dll
0x00007ffd392a0000 - 0x00007ffd392c6000 	C:\WINDOWS\System32\GDI32.dll
0x00007ffd36d00000 - 0x00007ffd36e96000 	C:\WINDOWS\System32\gdi32full.dll
0x00007ffd36540000 - 0x00007ffd365de000 	C:\WINDOWS\System32\msvcp_win.dll
0x00007ffd36610000 - 0x00007ffd3670a000 	C:\WINDOWS\System32\ucrtbase.dll
0x00007ffd236f0000 - 0x00007ffd23974000 	C:\WINDOWS\WinSxS\amd64_microsoft.windows.common-controls_6595b64144ccf1df_6.0.18362.1256_none_9e7e379be45e40e2\COMCTL32.dll
0x00007ffd38a40000 - 0x00007ffd38d76000 	C:\WINDOWS\System32\combase.dll
0x00007ffd36a10000 - 0x00007ffd36a91000 	C:\WINDOWS\System32\bcryptPrimitives.dll
0x00007ffd39270000 - 0x00007ffd3929e000 	C:\WINDOWS\System32\IMM32.DLL
0x0000000062ae0000 - 0x0000000062bb2000 	C:\Program Files\Java\jdk1.8.0_161\jre\bin\msvcr100.dll
0x0000000062240000 - 0x0000000062adf000 	C:\Program Files\Java\jdk1.8.0_161\jre\bin\server\jvm.dll
0x00007ffd38320000 - 0x00007ffd38328000 	C:\WINDOWS\System32\PSAPI.DLL
0x00007ffd330a0000 - 0x00007ffd330c4000 	C:\WINDOWS\SYSTEM32\WINMM.dll
0x00007ffd304f0000 - 0x00007ffd304fa000 	C:\WINDOWS\SYSTEM32\VERSION.dll
0x00007ffd33070000 - 0x00007ffd3309d000 	C:\WINDOWS\SYSTEM32\WINMMBASE.dll
0x00007ffd36710000 - 0x00007ffd3675a000 	C:\WINDOWS\System32\cfgmgr32.dll
0x00007ffd30830000 - 0x00007ffd30839000 	C:\WINDOWS\SYSTEM32\WSOCK32.dll
0x00007ffd38040000 - 0x00007ffd380af000 	C:\WINDOWS\System32\WS2_32.dll
0x0000000062230000 - 0x000000006223f000 	C:\Program Files\Java\jdk1.8.0_161\jre\bin\verify.dll
0x0000000062200000 - 0x0000000062229000 	C:\Program Files\Java\jdk1.8.0_161\jre\bin\java.dll
0x0000000062de0000 - 0x0000000062e15000 	C:\Program Files\Java\jdk1.8.0_161\jre\bin\jdwp.dll
0x0000000062dd0000 - 0x0000000062dd8000 	C:\Program Files\Java\jdk1.8.0_161\jre\bin\npt.dll
0x0000000062da0000 - 0x0000000062dc3000 	C:\Program Files\Java\jdk1.8.0_161\jre\bin\instrument.dll
0x00000000621e0000 - 0x00000000621f6000 	C:\Program Files\Java\jdk1.8.0_161\jre\bin\zip.dll
0x00007ffd37950000 - 0x00007ffd38037000 	C:\WINDOWS\System32\SHELL32.dll
0x00007ffd38270000 - 0x00007ffd38319000 	C:\WINDOWS\System32\shcore.dll
0x00007ffd36ea0000 - 0x00007ffd37621000 	C:\WINDOWS\System32\windows.storage.dll
0x00007ffd364c0000 - 0x00007ffd364e3000 	C:\WINDOWS\System32\profapi.dll
0x00007ffd36450000 - 0x00007ffd3649a000 	C:\WINDOWS\System32\powrprof.dll
0x00007ffd36420000 - 0x00007ffd36430000 	C:\WINDOWS\System32\UMPDC.dll
0x00007ffd383e0000 - 0x00007ffd38432000 	C:\WINDOWS\System32\shlwapi.dll
0x00007ffd36430000 - 0x00007ffd36441000 	C:\WINDOWS\System32\kernel.appcore.dll
0x00007ffd364f0000 - 0x00007ffd36507000 	C:\WINDOWS\System32\cryptsp.dll
0x0000000062d90000 - 0x0000000062d99000 	C:\Program Files\Java\jdk1.8.0_161\jre\bin\dt_socket.dll
0x00007ffd35c70000 - 0x00007ffd35cd7000 	C:\WINDOWS\system32\mswsock.dll
0x0000000062d80000 - 0x0000000062d8d000 	C:\Program Files\Java\jdk1.8.0_161\jre\bin\management.dll
0x00000000621c0000 - 0x00000000621da000 	C:\Program Files\Java\jdk1.8.0_161\jre\bin\net.dll
0x00007ffd170c0000 - 0x00007ffd170d6000 	C:\WINDOWS\system32\napinsp.dll
0x00007ffd16a20000 - 0x00007ffd16a3a000 	C:\WINDOWS\system32\pnrpnsp.dll
0x00007ffd31900000 - 0x00007ffd31915000 	C:\WINDOWS\system32\wshbth.dll
0x00007ffd304d0000 - 0x00007ffd304ec000 	C:\WINDOWS\system32\NLAapi.dll
0x00007ffd35980000 - 0x00007ffd359ba000 	C:\WINDOWS\SYSTEM32\IPHLPAPI.DLL
0x00007ffd359c0000 - 0x00007ffd35a8b000 	C:\WINDOWS\SYSTEM32\DNSAPI.dll
0x00007ffd38610000 - 0x00007ffd38618000 	C:\WINDOWS\System32\NSI.dll
0x00007ffd30650000 - 0x00007ffd3065e000 	C:\WINDOWS\System32\winrnr.dll
0x00007ffd28470000 - 0x00007ffd2847a000 	C:\Windows\System32\rasadhlp.dll
0x00007ffd29990000 - 0x00007ffd29a07000 	C:\WINDOWS\System32\fwpuclnt.dll
0x00007ffd36510000 - 0x00007ffd36536000 	C:\WINDOWS\System32\bcrypt.dll
0x00000000621a0000 - 0x00000000621b1000 	C:\Program Files\Java\jdk1.8.0_161\jre\bin\nio.dll
0x00007ffd357e0000 - 0x00007ffd35813000 	C:\WINDOWS\system32\rsaenh.dll
0x00007ffd36340000 - 0x00007ffd36365000 	C:\WINDOWS\SYSTEM32\USERENV.dll
0x00007ffd35e40000 - 0x00007ffd35e4c000 	C:\WINDOWS\SYSTEM32\CRYPTBASE.dll
0x00007ffd2a790000 - 0x00007ffd2a7a6000 	C:\WINDOWS\SYSTEM32\dhcpcsvc6.DLL
0x00007ffd2aec0000 - 0x00007ffd2aedc000 	C:\WINDOWS\SYSTEM32\dhcpcsvc.DLL

VM Arguments:
jvm_args: -agentlib:jdwp=transport=dt_socket,address=127.0.0.1:56538,suspend=y,server=n -javaagent:C:\Users\root\AppData\Local\JetBrains\IdeaIC2020.1\captureAgent\debugger-agent.jar -Dfile.encoding=UTF-8 
java_command: com.union.app.AppApplication
java_class_path (initial): C:\Program Files\Java\jdk1.8.0_161\jre\lib\charsets.jar;C:\Program Files\Java\jdk1.8.0_161\jre\lib\deploy.jar;C:\Program Files\Java\jdk1.8.0_161\jre\lib\ext\access-bridge-64.jar;C:\Program Files\Java\jdk1.8.0_161\jre\lib\ext\cldrdata.jar;C:\Program Files\Java\jdk1.8.0_161\jre\lib\ext\dnsns.jar;C:\Program Files\Java\jdk1.8.0_161\jre\lib\ext\jaccess.jar;C:\Program Files\Java\jdk1.8.0_161\jre\lib\ext\jfxrt.jar;C:\Program Files\Java\jdk1.8.0_161\jre\lib\ext\localedata.jar;C:\Program Files\Java\jdk1.8.0_161\jre\lib\ext\nashorn.jar;C:\Program Files\Java\jdk1.8.0_161\jre\lib\ext\sunec.jar;C:\Program Files\Java\jdk1.8.0_161\jre\lib\ext\sunjce_provider.jar;C:\Program Files\Java\jdk1.8.0_161\jre\lib\ext\sunmscapi.jar;C:\Program Files\Java\jdk1.8.0_161\jre\lib\ext\sunpkcs11.jar;C:\Program Files\Java\jdk1.8.0_161\jre\lib\ext\zipfs.jar;C:\Program Files\Java\jdk1.8.0_161\jre\lib\javaws.jar;C:\Program Files\Java\jdk1.8.0_161\jre\lib\jce.jar;C:\Program Files\Java\jdk1.8.0_161\jre\lib\jfr.jar;C:\Program Files\Java\jdk1.8.0_161\jre\lib\jfxswt.jar;C:\Program Files\Java\jdk1.8.0_161\jre\lib\jsse.jar;C:\Program Files\Java\jdk1.8.0_161\jre\lib\management-agent.jar;C:\Program Files\Java\jdk1.8.0_161\jre\lib\plugin.jar;C:\Program Files\Java\jdk1.8.0_161\jre\lib\resources.jar;C:\Program Files\Java\jdk1.8.0_161\jre\lib\rt.jar;E:\IDEA Workspace\union-boot-pk\union-app-start\target\classes;E:\IDEA Workspace\union-boot-pk\union-app-util\target\classes;E:\software\maven\maven_lib\org\apache\httpcomponents\httpclient\4.5.9\httpclient-4.5.9.jar;E:\software\maven\maven_lib\commons-codec\commons-codec\1.11\commons-codec-1.11.jar;E:\software\maven\maven_lib\org\apache\httpcomponents\httpcore\4.4.11\httpcore-4.4.11.jar;E:\software\maven\maven_lib\org\apache\httpcomponents\httpcore-nio\4.4.11\httpcore-nio-4.4.11.jar;E:\software\maven\maven_lib\org\apache\httpcomponents\httpasyncclient\4.1.4\httpasyncclient-4.1.4.jar;E:\software\maven\maven_lib\org\apache\httpcomponents\http
Launcher Type: SUN_STANDARD

Environment Variables:
JAVA_HOME=C:\Program Files\Java\jdk1.8.0_161
PATH=C:\ProgramData\Oracle\Java\javapath;C:\Program Files (x86)\Intel\iCLS Client\;C:\Program Files\Intel\iCLS Client\;C:\windows\system32;C:\windows;C:\windows\System32\Wbem;C:\windows\System32\WindowsPowerShell\v1.0\;C:\Program Files (x86)\NVIDIA Corporation\PhysX\Common;C:\Program Files (x86)\Intel\Intel(R) Management Engine Components\DAL;C:\Program Files\Intel\Intel(R) Management Engine Components\DAL;C:\Program Files (x86)\Intel\Intel(R) Management Engine Components\IPT;C:\Program Files\Intel\Intel(R) Management Engine Components\IPT;C:\WINDOWS\system32;C:\WINDOWS;C:\WINDOWS\System32\Wbem;C:\WINDOWS\System32\WindowsPowerShell\v1.0\;C:\WINDOWS\System32\OpenSSH\;C:\Program Files\Java\jdk1.8.0_161\bin;E:\software\maven\apache-maven-3.5.3\bin;C:\Program Files\TortoiseSVN\bin;C:\Program Files\TortoiseSVN\bin;C:\Program Files\Microsoft SQL Server\130\Tools\Binn\;C:\Program Files\dotnet\;C:\Program Files\TortoiseGit\bin;C:\Program Files\Git\cmd;C:\Users\root\AppData\Local\Microsoft\WindowsApps;;C:\Program Files\JetBrains\IntelliJ IDEA 2020.2.3\bin;;C:\Program Files\JetBrains\IntelliJ IDEA Community Edition 2020.1.3\bin;;C:\Users\root\.dotnet\tools;C:\Program Files\Huawei\DevEco Studio\bin;
USERNAME=root
OS=Windows_NT
PROCESSOR_IDENTIFIER=Intel64 Family 6 Model 142 Stepping 9, GenuineIntel



---------------  S Y S T E M  ---------------

OS: Windows 10.0 , 64 bit Build 18362 (10.0.18362.1110)

CPU:total 4 (initial active 4) (2 cores per cpu, 2 threads per core) family 6 model 142 stepping 9, cmov, cx8, fxsr, mmx, sse, sse2, sse3, ssse3, sse4.1, sse4.2, popcnt, avx, avx2, aes, clmul, erms, 3dnowpref, lzcnt, ht, tsc, tscinvbit, bmi1, bmi2, adx

Memory: 4k page, physical 8301184k(396012k free), swap 14592640k(3132k free)

vm_info: Java HotSpot(TM) 64-Bit Server VM (25.161-b12) for windows-amd64 JRE (1.8.0_161-b12), built on Dec 19 2017 17:52:25 by "java_re" with MS VC++ 10.0 (VS2010)

time: Sat Dec 26 15:34:34 2020
elapsed time: 43 seconds (0d 0h 0m 43s)

