#
# There is insufficient memory for the Java Runtime Environment to continue.
# Native memory allocation (malloc) failed to allocate 32744 bytes for ChunkPool::allocate
# Possible reasons:
#   The system is out of physical RAM or swap space
#   In 32 bit mode, the process size limit was hit
# Possible solutions:
#   Reduce memory load on the system
#   Increase physical memory or swap space
#   Check if swap backing store is full
#   Use 64 bit Java on a 64 bit OS
#   Decrease Java heap size (-Xmx/-Xms)
#   Decrease number of Java threads
#   Decrease Java thread stack sizes (-Xss)
#   Set larger code cache with -XX:ReservedCodeCacheSize=
# This output file may be truncated or incomplete.
#
#  Out of Memory Error (allocation.cpp:273), pid=25184, tid=0x0000000000007664
#
# JRE version: Java(TM) SE Runtime Environment (8.0_161-b12) (build 1.8.0_161-b12)
# Java VM: Java HotSpot(TM) 64-Bit Server VM (25.161-b12 mixed mode windows-amd64 compressed oops)
# Failed to write core dump. Minidumps are not enabled by default on client versions of Windows
#

---------------  T H R E A D  ---------------

Current thread (0x0000000019dac000):  JavaThread "C1 CompilerThread2" daemon [_thread_in_native, id=30308, stack(0x000000001a5d0000,0x000000001a6d0000)]

Stack: [0x000000001a5d0000,0x000000001a6d0000]
[error occurred during error reporting (printing stack bounds), id 0xc0000005]

Native frames: (J=compiled Java code, j=interpreted, Vv=VM code, C=native code)


Current CompileTask:
C1:  25391 4388       1       org.hibernate.cfg.AnnotationBinder::processElementAnnotations (4492 bytes)


---------------  P R O C E S S  ---------------

Java Threads: ( => current thread )
  0x000000001d879000 JavaThread "Druid-ConnectionPool-Destroy-1808070894" daemon [_thread_blocked, id=2364, stack(0x000000001f420000,0x000000001f520000)]
  0x000000001d878000 JavaThread "Druid-ConnectionPool-Create-1808070894" daemon [_thread_blocked, id=13780, stack(0x000000001f320000,0x000000001f420000)]
  0x000000001d877800 JavaThread "Abandoned connection cleanup thread" daemon [_thread_blocked, id=3048, stack(0x000000001f020000,0x000000001f120000)]
  0x000000001d876800 JavaThread "container-0" [_thread_blocked, id=8824, stack(0x000000001ea20000,0x000000001eb20000)]
  0x000000001d876000 JavaThread "ContainerBackgroundProcessor[StandardEngine[Tomcat]]" daemon [_thread_blocked, id=13092, stack(0x000000001e920000,0x000000001ea20000)]
  0x000000001d86b000 JavaThread "localhost-startStop-1" daemon [_thread_blocked, id=13480, stack(0x000000001e820000,0x000000001e920000)]
  0x000000001d852000 JavaThread "Tomcat-startStop-1" daemon [_thread_blocked, id=20360, stack(0x000000001e720000,0x000000001e820000)]
  0x000000001b749800 JavaThread "RMI Scheduler(0)" daemon [_thread_blocked, id=30992, stack(0x000000001cc50000,0x000000001cd50000)]
  0x000000001b72b800 JavaThread "RMI TCP Connection(1)-192.168.43.67" daemon [_thread_in_native, id=26952, stack(0x000000001bfa0000,0x000000001c0a0000)]
  0x000000001a3c9000 JavaThread "Log4j2-TF-11-Scheduled-1" daemon [_thread_blocked, id=19500, stack(0x000000001c550000,0x000000001c650000)]
  0x000000001932e000 JavaThread "restartedMain" [_thread_in_native, id=22136, stack(0x000000001bea0000,0x000000001bfa0000)]
  0x000000001ae71800 JavaThread "Thread-1" [_thread_blocked, id=9468, stack(0x000000001bda0000,0x000000001bea0000)]
  0x000000001a076000 JavaThread "RMI TCP Accept-0" daemon [_thread_in_native, id=28780, stack(0x000000001a7d0000,0x000000001a8d0000)]
  0x0000000019ded800 JavaThread "Service Thread" daemon [_thread_blocked, id=13108, stack(0x000000001a6d0000,0x000000001a7d0000)]
=>0x0000000019dac000 JavaThread "C1 CompilerThread2" daemon [_thread_in_native, id=30308, stack(0x000000001a5d0000,0x000000001a6d0000)]
  0x0000000019d84800 JavaThread "C2 CompilerThread1" daemon [_thread_blocked, id=10792, stack(0x000000001a4d0000,0x000000001a5d0000)]
  0x0000000019d81800 JavaThread "C2 CompilerThread0" daemon [_thread_blocked, id=23816, stack(0x000000001a3d0000,0x000000001a4d0000)]
  0x0000000017fc6000 JavaThread "JDWP Command Reader" daemon [_thread_in_native, id=10976, stack(0x0000000019ad0000,0x0000000019bd0000)]
  0x0000000017fbf000 JavaThread "JDWP Event Helper Thread" daemon [_thread_blocked, id=21080, stack(0x00000000199d0000,0x0000000019ad0000)]
  0x0000000017fb2800 JavaThread "JDWP Transport Listener: dt_socket" daemon [_thread_blocked, id=25828, stack(0x00000000198d0000,0x00000000199d0000)]
  0x0000000019313800 JavaThread "Attach Listener" daemon [_thread_blocked, id=21500, stack(0x00000000197d0000,0x00000000198d0000)]
  0x0000000017f99800 JavaThread "Signal Dispatcher" daemon [_thread_blocked, id=7532, stack(0x00000000196d0000,0x00000000197d0000)]
  0x000000000322e000 JavaThread "Finalizer" daemon [_thread_blocked, id=18304, stack(0x00000000191d0000,0x00000000192d0000)]
  0x0000000017f48800 JavaThread "Reference Handler" daemon [_thread_blocked, id=26848, stack(0x00000000190d0000,0x00000000191d0000)]
  0x000000000313b000 JavaThread "main" [_thread_blocked, id=29720, stack(0x0000000003030000,0x0000000003130000)]

Other Threads:
  0x0000000017f47000 VMThread [stack: 0x0000000018fd0000,0x00000000190d0000] [id=12300]
  0x000000001a091800 WatcherThread [stack: 0x000000001a8d0000,0x000000001a9d0000] [id=14204]

VM state:not at safepoint (normal execution)

VM Mutex/Monitor currently owned by a thread: None

Heap:
 PSYoungGen      total 390144K, used 315830K [0x00000000d5c00000, 0x00000000fa900000, 0x0000000100000000)
  eden space 374272K, 84% used [0x00000000d5c00000,0x00000000e906dbd0,0x00000000ec980000)
  from space 15872K, 0% used [0x00000000ec980000,0x00000000ec980000,0x00000000ed900000)
  to   space 16384K, 0% used [0x00000000f9900000,0x00000000f9900000,0x00000000fa900000)
 ParOldGen       total 75776K, used 22436K [0x0000000081400000, 0x0000000085e00000, 0x00000000d5c00000)
  object space 75776K, 29% used [0x0000000081400000,0x00000000829e9170,0x0000000085e00000)
 Metaspace       used 44602K, capacity 46311K, committed 46672K, reserved 1089536K
  class space    used 5851K, capacity 6200K, committed 6268K, reserved 1048576K

Card table byte_map: [0x00000000127d0000,0x0000000012bd0000] byte_map_base: 0x00000000123c6000

Marking Bits: (ParMarkBitMap*) 0x0000000052caf860
 Begin Bits: [0x0000000013280000, 0x0000000015230000)
 End Bits:   [0x0000000015230000, 0x00000000171e0000)

Polling page: 0x0000000002c50000

CodeCache: size=245760Kb used=9153Kb max_used=9153Kb free=236606Kb
 bounds [0x0000000003410000, 0x0000000003d10000, 0x0000000012410000]
 total_blobs=4842 nmethods=4340 adapters=421
 compilation: enabled

Compilation events (10 events):
Event: 25.353 Thread 0x0000000019dac000 nmethod 4382 0x0000000003cff550 code [0x0000000003cff6a0, 0x0000000003cff8d0]
Event: 25.353 Thread 0x0000000019dac000 4383       1       java.lang.reflect.Modifier::isTransient (14 bytes)
Event: 25.353 Thread 0x0000000019dac000 nmethod 4383 0x0000000003cffa50 code [0x0000000003cffba0, 0x0000000003cffcb0]
Event: 25.353 Thread 0x0000000019dac000 4384       1       java.lang.reflect.Field::isSynthetic (8 bytes)
Event: 25.353 Thread 0x0000000019dac000 nmethod 4384 0x0000000003cffd10 code [0x0000000003cffe60, 0x0000000003cfff90]
Event: 25.355 Thread 0x0000000019dac000 4385       1       org.hibernate.cfg.PropertyContainer::mustBeSkipped (55 bytes)
Event: 25.356 Thread 0x0000000019dac000 nmethod 4385 0x0000000003d00010 code [0x0000000003d001e0, 0x0000000003d00588]
Event: 25.356 Thread 0x0000000019dac000 4386       1       org.hibernate.annotations.common.reflection.java.JavaXMember::isTypeResolved (8 bytes)
Event: 25.356 Thread 0x0000000019dac000 nmethod 4386 0x0000000003d00850 code [0x0000000003d009c0, 0x0000000003d00ba8]
Event: 25.356 Thread 0x0000000019dac000 4388       1       org.hibernate.cfg.AnnotationBinder::processElementAnnotations (4492 bytes)

GC Heap History (10 events):
Event: 10.647 GC heap before
{Heap before GC invocations=9 (full 1):
 PSYoungGen      total 141824K, used 131584K [0x00000000d5c00000, 0x00000000e7100000, 0x0000000100000000)
  eden space 131584K, 100% used [0x00000000d5c00000,0x00000000ddc80000,0x00000000ddc80000)
  from space 10240K, 0% used [0x00000000ddc80000,0x00000000ddc80000,0x00000000de680000)
  to   space 10240K, 0% used [0x00000000e6700000,0x00000000e6700000,0x00000000e7100000)
 ParOldGen       total 45568K, used 5587K [0x0000000081400000, 0x0000000084080000, 0x00000000d5c00000)
  object space 45568K, 12% used [0x0000000081400000,0x0000000081974fa8,0x0000000084080000)
 Metaspace       used 24230K, capacity 24910K, committed 25212K, reserved 1071104K
  class space    used 3172K, capacity 3336K, committed 3452K, reserved 1048576K
Event: 10.655 GC heap after
Heap after GC invocations=9 (full 1):
 PSYoungGen      total 255488K, used 5768K [0x00000000d5c00000, 0x00000000e6d00000, 0x0000000100000000)
  eden space 249344K, 0% used [0x00000000d5c00000,0x00000000d5c00000,0x00000000e4f80000)
  from space 6144K, 93% used [0x00000000e6700000,0x00000000e6ca2240,0x00000000e6d00000)
  to   space 9728K, 0% used [0x00000000e5a00000,0x00000000e5a00000,0x00000000e6380000)
 ParOldGen       total 45568K, used 5614K [0x0000000081400000, 0x0000000084080000, 0x00000000d5c00000)
  object space 45568K, 12% used [0x0000000081400000,0x000000008197bbf8,0x0000000084080000)
 Metaspace       used 24230K, capacity 24910K, committed 25212K, reserved 1071104K
  class space    used 3172K, capacity 3336K, committed 3452K, reserved 1048576K
}
Event: 13.066 GC heap before
{Heap before GC invocations=10 (full 1):
 PSYoungGen      total 255488K, used 255112K [0x00000000d5c00000, 0x00000000e6d00000, 0x0000000100000000)
  eden space 249344K, 100% used [0x00000000d5c00000,0x00000000e4f80000,0x00000000e4f80000)
  from space 6144K, 93% used [0x00000000e6700000,0x00000000e6ca2240,0x00000000e6d00000)
  to   space 9728K, 0% used [0x00000000e5a00000,0x00000000e5a00000,0x00000000e6380000)
 ParOldGen       total 45568K, used 5614K [0x0000000081400000, 0x0000000084080000, 0x00000000d5c00000)
  object space 45568K, 12% used [0x0000000081400000,0x000000008197bbf8,0x0000000084080000)
 Metaspace       used 27081K, capacity 28028K, committed 28156K, reserved 1073152K
  class space    used 3540K, capacity 3786K, committed 3836K, reserved 1048576K
Event: 13.076 GC heap after
Heap after GC invocations=10 (full 1):
 PSYoungGen      total 269824K, used 9246K [0x00000000d5c00000, 0x00000000ee380000, 0x0000000100000000)
  eden space 260096K, 0% used [0x00000000d5c00000,0x00000000d5c00000,0x00000000e5a00000)
  from space 9728K, 95% used [0x00000000e5a00000,0x00000000e6307a20,0x00000000e6380000)
  to   space 10752K, 0% used [0x00000000ed900000,0x00000000ed900000,0x00000000ee380000)
 ParOldGen       total 45568K, used 5622K [0x0000000081400000, 0x0000000084080000, 0x00000000d5c00000)
  object space 45568K, 12% used [0x0000000081400000,0x000000008197dbf8,0x0000000084080000)
 Metaspace       used 27081K, capacity 28028K, committed 28156K, reserved 1073152K
  class space    used 3540K, capacity 3786K, committed 3836K, reserved 1048576K
}
Event: 15.806 GC heap before
{Heap before GC invocations=11 (full 1):
 PSYoungGen      total 269824K, used 269342K [0x00000000d5c00000, 0x00000000ee380000, 0x0000000100000000)
  eden space 260096K, 100% used [0x00000000d5c00000,0x00000000e5a00000,0x00000000e5a00000)
  from space 9728K, 95% used [0x00000000e5a00000,0x00000000e6307a20,0x00000000e6380000)
  to   space 10752K, 0% used [0x00000000ed900000,0x00000000ed900000,0x00000000ee380000)
 ParOldGen       total 45568K, used 5622K [0x0000000081400000, 0x0000000084080000, 0x00000000d5c00000)
  object space 45568K, 12% used [0x0000000081400000,0x000000008197dbf8,0x0000000084080000)
 Metaspace       used 34154K, capacity 35662K, committed 35836K, reserved 1081344K
  class space    used 4523K, capacity 4859K, committed 4860K, reserved 1048576K
Event: 15.829 GC heap after
Heap after GC invocations=11 (full 1):
 PSYoungGen      total 385024K, used 10727K [0x00000000d5c00000, 0x00000000ef980000, 0x0000000100000000)
  eden space 374272K, 0% used [0x00000000d5c00000,0x00000000d5c00000,0x00000000ec980000)
  from space 10752K, 99% used [0x00000000ed900000,0x00000000ee379e70,0x00000000ee380000)
  to   space 15872K, 0% used [0x00000000ec980000,0x00000000ec980000,0x00000000ed900000)
 ParOldGen       total 45568K, used 16995K [0x0000000081400000, 0x0000000084080000, 0x00000000d5c00000)
  object space 45568K, 37% used [0x0000000081400000,0x0000000082498ea0,0x0000000084080000)
 Metaspace       used 34154K, capacity 35662K, committed 35836K, reserved 1081344K
  class space    used 4523K, capacity 4859K, committed 4860K, reserved 1048576K
}
Event: 16.052 GC heap before
{Heap before GC invocations=12 (full 1):
 PSYoungGen      total 385024K, used 59236K [0x00000000d5c00000, 0x00000000ef980000, 0x0000000100000000)
  eden space 374272K, 12% used [0x00000000d5c00000,0x00000000d8b5f408,0x00000000ec980000)
  from space 10752K, 99% used [0x00000000ed900000,0x00000000ee379e70,0x00000000ee380000)
  to   space 15872K, 0% used [0x00000000ec980000,0x00000000ec980000,0x00000000ed900000)
 ParOldGen       total 45568K, used 16995K [0x0000000081400000, 0x0000000084080000, 0x00000000d5c00000)
  object space 45568K, 37% used [0x0000000081400000,0x0000000082498ea0,0x0000000084080000)
 Metaspace       used 34284K, capacity 35733K, committed 36048K, reserved 1081344K
  class space    used 4540K, capacity 4860K, committed 4860K, reserved 1048576K
Event: 16.069 GC heap after
Heap after GC invocations=12 (full 1):
 PSYoungGen      total 390144K, used 1208K [0x00000000d5c00000, 0x00000000fa900000, 0x0000000100000000)
  eden space 374272K, 0% used [0x00000000d5c00000,0x00000000d5c00000,0x00000000ec980000)
  from space 15872K, 7% used [0x00000000ec980000,0x00000000ecaae010,0x00000000ed900000)
  to   space 16384K, 0% used [0x00000000f9900000,0x00000000f9900000,0x00000000fa900000)
 ParOldGen       total 45568K, used 26409K [0x0000000081400000, 0x0000000084080000, 0x00000000d5c00000)
  object space 45568K, 57% used [0x0000000081400000,0x0000000082dca438,0x0000000084080000)
 Metaspace       used 34284K, capacity 35733K, committed 36048K, reserved 1081344K
  class space    used 4540K, capacity 4860K, committed 4860K, reserved 1048576K
}
Event: 16.069 GC heap before
{Heap before GC invocations=13 (full 2):
 PSYoungGen      total 390144K, used 1208K [0x00000000d5c00000, 0x00000000fa900000, 0x0000000100000000)
  eden space 374272K, 0% used [0x00000000d5c00000,0x00000000d5c00000,0x00000000ec980000)
  from space 15872K, 7% used [0x00000000ec980000,0x00000000ecaae010,0x00000000ed900000)
  to   space 16384K, 0% used [0x00000000f9900000,0x00000000f9900000,0x00000000fa900000)
 ParOldGen       total 45568K, used 26409K [0x0000000081400000, 0x0000000084080000, 0x00000000d5c00000)
  object space 45568K, 57% used [0x0000000081400000,0x0000000082dca438,0x0000000084080000)
 Metaspace       used 34284K, capacity 35733K, committed 36048K, reserved 1081344K
  class space    used 4540K, capacity 4860K, committed 4860K, reserved 1048576K
Event: 16.207 GC heap after
Heap after GC invocations=13 (full 2):
 PSYoungGen      total 390144K, used 0K [0x00000000d5c00000, 0x00000000fa900000, 0x0000000100000000)
  eden space 374272K, 0% used [0x00000000d5c00000,0x00000000d5c00000,0x00000000ec980000)
  from space 15872K, 0% used [0x00000000ec980000,0x00000000ec980000,0x00000000ed900000)
  to   space 16384K, 0% used [0x00000000f9900000,0x00000000f9900000,0x00000000fa900000)
 ParOldGen       total 75776K, used 22436K [0x0000000081400000, 0x0000000085e00000, 0x00000000d5c00000)
  object space 75776K, 29% used [0x0000000081400000,0x00000000829e9170,0x0000000085e00000)
 Metaspace       used 34284K, capacity 35733K, committed 36048K, reserved 1081344K
  class space    used 4540K, capacity 4860K, committed 4860K, reserved 1048576K
}

Deoptimization events (0 events):
No events

Classes redefined (0 events):
No events

Internal exceptions (10 events):
Event: 17.741 Thread 0x000000001932e000 Exception <a 'java/lang/ArrayIndexOutOfBoundsException'> (0x00000000de86c908) thrown at [C:\re\workspace\8-2-build-windows-amd64-cygwin\jdk8u161\10277\hotspot\src\share\vm\runtime\sharedRuntime.cpp, line 605]
Event: 17.741 Thread 0x000000001932e000 Exception <a 'java/lang/ArrayIndexOutOfBoundsException'> (0x00000000de86dfe0) thrown at [C:\re\workspace\8-2-build-windows-amd64-cygwin\jdk8u161\10277\hotspot\src\share\vm\runtime\sharedRuntime.cpp, line 605]
Event: 17.742 Thread 0x000000001932e000 Exception <a 'java/lang/ClassNotFoundException': org/springframework/beans/factory/BeanClassLoaderAwareCustomizer> (0x00000000de8a7d28) thrown at [C:\re\workspace\8-2-build-windows-amd64-cygwin\jdk8u161\10277\hotspot\src\share\vm\classfile\systemDictionar
Event: 17.745 Thread 0x000000001932e000 Exception <a 'java/lang/ClassNotFoundException': org/springframework/beans/factory/BeanFactoryAwareCustomizer> (0x00000000de8dd458) thrown at [C:\re\workspace\8-2-build-windows-amd64-cygwin\jdk8u161\10277\hotspot\src\share\vm\classfile\systemDictionary.cp
Event: 17.746 Thread 0x000000001932e000 Exception <a 'java/lang/ClassNotFoundException': org/springframework/beans/factory/BeanNameAwareCustomizer> (0x00000000de911430) thrown at [C:\re\workspace\8-2-build-windows-amd64-cygwin\jdk8u161\10277\hotspot\src\share\vm\classfile\systemDictionary.cpp, 
Event: 17.749 Thread 0x000000001932e000 Exception <a 'java/lang/ClassNotFoundException': org/springframework/beans/factory/InitializingBeanCustomizer> (0x00000000de946a78) thrown at [C:\re\workspace\8-2-build-windows-amd64-cygwin\jdk8u161\10277\hotspot\src\share\vm\classfile\systemDictionary.cp
Event: 17.751 Thread 0x000000001932e000 Exception <a 'java/lang/ClassNotFoundException': org/springframework/beans/factory/DisposableBeanCustomizer> (0x00000000de979cc8) thrown at [C:\re\workspace\8-2-build-windows-amd64-cygwin\jdk8u161\10277\hotspot\src\share\vm\classfile\systemDictionary.cpp,
Event: 17.752 Thread 0x000000001932e000 Exception <a 'java/lang/ClassNotFoundException': org/springframework/orm/jpa/EntityManagerFactoryInfoCustomizer> (0x00000000de9af7a8) thrown at [C:\re\workspace\8-2-build-windows-amd64-cygwin\jdk8u161\10277\hotspot\src\share\vm\classfile\systemDictionary.
Event: 17.753 Thread 0x000000001932e000 Exception <a 'java/lang/ArrayIndexOutOfBoundsException'> (0x00000000de9b35d0) thrown at [C:\re\workspace\8-2-build-windows-amd64-cygwin\jdk8u161\10277\hotspot\src\share\vm\runtime\sharedRuntime.cpp, line 605]
Event: 17.756 Thread 0x000000001932e000 Exception <a 'java/lang/ClassNotFoundException': org/springframework/dao/support/PersistenceExceptionTranslatorCustomizer> (0x00000000de9f6f58) thrown at [C:\re\workspace\8-2-build-windows-amd64-cygwin\jdk8u161\10277\hotspot\src\share\vm\classfile\systemD

Events (10 events):
Event: 25.381 Thread 0x000000001932e000 DEOPT PACKING pc=0x000000000369fccc sp=0x000000001bf9bfc0
Event: 25.381 Thread 0x000000001932e000 DEOPT UNPACKING pc=0x0000000003457890 sp=0x000000001bf9bd38 mode 1
Event: 25.381 loading class org/hibernate/id/enhanced/StandardOptimizerDescriptor
Event: 25.381 loading class org/hibernate/id/enhanced/StandardOptimizerDescriptor done
Event: 25.381 Thread 0x000000001932e000 DEOPT PACKING pc=0x000000000363bc09 sp=0x000000001bf9b8e0
Event: 25.381 Thread 0x000000001932e000 DEOPT UNPACKING pc=0x0000000003457890 sp=0x000000001bf9b630 mode 1
Event: 25.381 Thread 0x000000001932e000 DEOPT PACKING pc=0x00000000035f2c34 sp=0x000000001bf9b960
Event: 25.381 Thread 0x000000001932e000 DEOPT UNPACKING pc=0x0000000003457890 sp=0x000000001bf9b780 mode 1
Event: 25.381 Thread 0x000000001932e000 DEOPT PACKING pc=0x00000000035f2b7c sp=0x000000001bf9baf0
Event: 25.381 Thread 0x000000001932e000 DEOPT UNPACKING pc=0x0000000003457890 sp=0x000000001bf9b910 mode 1


Dynamic libraries:
0x00007ff6436f0000 - 0x00007ff643727000 	C:\Program Files\Java\jdk1.8.0_161\bin\java.exe
0x00007ffc75720000 - 0x00007ffc75910000 	C:\WINDOWS\SYSTEM32\ntdll.dll
0x00007ffc75470000 - 0x00007ffc75522000 	C:\WINDOWS\System32\KERNEL32.DLL
0x00007ffc73350000 - 0x00007ffc735f4000 	C:\WINDOWS\System32\KERNELBASE.dll
0x00007ffc737d0000 - 0x00007ffc73873000 	C:\WINDOWS\System32\ADVAPI32.dll
0x00007ffc74180000 - 0x00007ffc7421e000 	C:\WINDOWS\System32\msvcrt.dll
0x00007ffc75610000 - 0x00007ffc756a7000 	C:\WINDOWS\System32\sechost.dll
0x00007ffc73af0000 - 0x00007ffc73c10000 	C:\WINDOWS\System32\RPCRT4.dll
0x00007ffc73fe0000 - 0x00007ffc74174000 	C:\WINDOWS\System32\USER32.dll
0x00007ffc73320000 - 0x00007ffc73341000 	C:\WINDOWS\System32\win32u.dll
0x00007ffc756b0000 - 0x00007ffc756d6000 	C:\WINDOWS\System32\GDI32.dll
0x00007ffc730d0000 - 0x00007ffc73266000 	C:\WINDOWS\System32\gdi32full.dll
0x00007ffc73730000 - 0x00007ffc737ce000 	C:\WINDOWS\System32\msvcp_win.dll
0x00007ffc73600000 - 0x00007ffc736fa000 	C:\WINDOWS\System32\ucrtbase.dll
0x00007ffc641b0000 - 0x00007ffc64434000 	C:\WINDOWS\WinSxS\amd64_microsoft.windows.common-controls_6595b64144ccf1df_6.0.18362.959_none_e6c7bbbf130c62bb\COMCTL32.dll
0x00007ffc73ca0000 - 0x00007ffc73fd5000 	C:\WINDOWS\System32\combase.dll
0x00007ffc72fe0000 - 0x00007ffc73060000 	C:\WINDOWS\System32\bcryptPrimitives.dll
0x00007ffc73880000 - 0x00007ffc738ae000 	C:\WINDOWS\System32\IMM32.DLL
0x00000000537e0000 - 0x00000000538b2000 	C:\Program Files\Java\jdk1.8.0_161\jre\bin\msvcr100.dll
0x0000000052490000 - 0x0000000052d2f000 	C:\Program Files\Java\jdk1.8.0_161\jre\bin\server\jvm.dll
0x00007ffc75300000 - 0x00007ffc75308000 	C:\WINDOWS\System32\PSAPI.DLL
0x00007ffc6bf20000 - 0x00007ffc6bf29000 	C:\WINDOWS\SYSTEM32\WSOCK32.dll
0x00007ffc74500000 - 0x00007ffc7456f000 	C:\WINDOWS\System32\WS2_32.dll
0x00007ffc6f280000 - 0x00007ffc6f2a4000 	C:\WINDOWS\SYSTEM32\WINMM.dll
0x00007ffc6c3b0000 - 0x00007ffc6c3ba000 	C:\WINDOWS\SYSTEM32\VERSION.dll
0x00007ffc6f250000 - 0x00007ffc6f27d000 	C:\WINDOWS\SYSTEM32\WINMMBASE.dll
0x00007ffc73060000 - 0x00007ffc730aa000 	C:\WINDOWS\System32\cfgmgr32.dll
0x00000000537d0000 - 0x00000000537df000 	C:\Program Files\Java\jdk1.8.0_161\jre\bin\verify.dll
0x00000000537a0000 - 0x00000000537c9000 	C:\Program Files\Java\jdk1.8.0_161\jre\bin\java.dll
0x0000000053700000 - 0x0000000053735000 	C:\Program Files\Java\jdk1.8.0_161\jre\bin\jdwp.dll
0x00000000536f0000 - 0x00000000536f8000 	C:\Program Files\Java\jdk1.8.0_161\jre\bin\npt.dll
0x00000000536c0000 - 0x00000000536e3000 	C:\Program Files\Java\jdk1.8.0_161\jre\bin\instrument.dll
0x0000000053780000 - 0x0000000053796000 	C:\Program Files\Java\jdk1.8.0_161\jre\bin\zip.dll
0x00007ffc74b90000 - 0x00007ffc75276000 	C:\WINDOWS\System32\SHELL32.dll
0x00007ffc73990000 - 0x00007ffc73a39000 	C:\WINDOWS\System32\shcore.dll
0x00007ffc726a0000 - 0x00007ffc72e22000 	C:\WINDOWS\System32\windows.storage.dll
0x00007ffc72650000 - 0x00007ffc72673000 	C:\WINDOWS\System32\profapi.dll
0x00007ffc725e0000 - 0x00007ffc7262a000 	C:\WINDOWS\System32\powrprof.dll
0x00007ffc725d0000 - 0x00007ffc725e0000 	C:\WINDOWS\System32\UMPDC.dll
0x00007ffc743d0000 - 0x00007ffc74422000 	C:\WINDOWS\System32\shlwapi.dll
0x00007ffc72630000 - 0x00007ffc72641000 	C:\WINDOWS\System32\kernel.appcore.dll
0x00007ffc730b0000 - 0x00007ffc730c7000 	C:\WINDOWS\System32\cryptsp.dll
0x00000000536b0000 - 0x00000000536b9000 	C:\Program Files\Java\jdk1.8.0_161\jre\bin\dt_socket.dll
0x00007ffc71e40000 - 0x00007ffc71ea7000 	C:\WINDOWS\system32\mswsock.dll
0x0000000053760000 - 0x000000005377a000 	C:\Program Files\Java\jdk1.8.0_161\jre\bin\net.dll
0x00007ffc71ba0000 - 0x00007ffc71c6b000 	C:\WINDOWS\SYSTEM32\DNSAPI.dll
0x00007ffc74b20000 - 0x00007ffc74b28000 	C:\WINDOWS\System32\NSI.dll
0x00007ffc71b50000 - 0x00007ffc71b8a000 	C:\WINDOWS\SYSTEM32\IPHLPAPI.DLL
0x00007ffc65c50000 - 0x00007ffc65c5a000 	C:\Windows\System32\rasadhlp.dll
0x00007ffc673b0000 - 0x00007ffc67427000 	C:\WINDOWS\System32\fwpuclnt.dll
0x00007ffc73700000 - 0x00007ffc73726000 	C:\WINDOWS\System32\bcrypt.dll
0x00000000536a0000 - 0x00000000536ad000 	C:\Program Files\Java\jdk1.8.0_161\jre\bin\management.dll
0x0000000053740000 - 0x0000000053751000 	C:\Program Files\Java\jdk1.8.0_161\jre\bin\nio.dll
0x00007ffc719b0000 - 0x00007ffc719e3000 	C:\WINDOWS\system32\rsaenh.dll
0x00007ffc724f0000 - 0x00007ffc72515000 	C:\WINDOWS\SYSTEM32\USERENV.dll
0x00007ffc72010000 - 0x00007ffc7201c000 	C:\WINDOWS\SYSTEM32\CRYPTBASE.dll
0x00007ffc67a00000 - 0x00007ffc67a16000 	C:\WINDOWS\SYSTEM32\dhcpcsvc6.DLL
0x00007ffc679b0000 - 0x00007ffc679cc000 	C:\WINDOWS\SYSTEM32\dhcpcsvc.DLL
0x00007ffc5fcf0000 - 0x00007ffc5fd06000 	C:\WINDOWS\system32\napinsp.dll
0x00007ffc5fcd0000 - 0x00007ffc5fcea000 	C:\WINDOWS\system32\pnrpnsp.dll
0x00007ffc5fcc0000 - 0x00007ffc5fcce000 	C:\WINDOWS\System32\winrnr.dll
0x00007ffc6ef70000 - 0x00007ffc6ef8c000 	C:\WINDOWS\system32\NLAapi.dll
0x00007ffc5fc30000 - 0x00007ffc5fc45000 	C:\WINDOWS\system32\wshbth.dll

VM Arguments:
jvm_args: -agentlib:jdwp=transport=dt_socket,address=127.0.0.1:65374,suspend=y,server=n -XX:TieredStopAtLevel=1 -Xverify:none -Dspring.output.ansi.enabled=always -Dcom.sun.management.jmxremote -Dspring.liveBeansView.mbeanDomain -Dspring.application.admin.enabled=true -javaagent:C:\Users\root\.IntelliJIdea2018.1\system\captureAgent\debugger-agent.jar=file:/C:/Users/root/AppData/Local/Temp/capture1.props -Dfile.encoding=UTF-8 
java_command: com.union.app.AppApplication
java_class_path (initial): C:\Program Files\Java\jdk1.8.0_161\jre\lib\charsets.jar;C:\Program Files\Java\jdk1.8.0_161\jre\lib\deploy.jar;C:\Program Files\Java\jdk1.8.0_161\jre\lib\ext\access-bridge-64.jar;C:\Program Files\Java\jdk1.8.0_161\jre\lib\ext\cldrdata.jar;C:\Program Files\Java\jdk1.8.0_161\jre\lib\ext\dnsns.jar;C:\Program Files\Java\jdk1.8.0_161\jre\lib\ext\jaccess.jar;C:\Program Files\Java\jdk1.8.0_161\jre\lib\ext\jfxrt.jar;C:\Program Files\Java\jdk1.8.0_161\jre\lib\ext\localedata.jar;C:\Program Files\Java\jdk1.8.0_161\jre\lib\ext\nashorn.jar;C:\Program Files\Java\jdk1.8.0_161\jre\lib\ext\sunec.jar;C:\Program Files\Java\jdk1.8.0_161\jre\lib\ext\sunjce_provider.jar;C:\Program Files\Java\jdk1.8.0_161\jre\lib\ext\sunmscapi.jar;C:\Program Files\Java\jdk1.8.0_161\jre\lib\ext\sunpkcs11.jar;C:\Program Files\Java\jdk1.8.0_161\jre\lib\ext\zipfs.jar;C:\Program Files\Java\jdk1.8.0_161\jre\lib\javaws.jar;C:\Program Files\Java\jdk1.8.0_161\jre\lib\jce.jar;C:\Program Files\Java\jdk1.8.0_161\jre\lib\jfr.jar;C:\Program Files\Java\jdk1.8.0_161\jre\lib\jfxswt.jar;C:\Program Files\Java\jdk1.8.0_161\jre\lib\jsse.jar;C:\Program Files\Java\jdk1.8.0_161\jre\lib\management-agent.jar;C:\Program Files\Java\jdk1.8.0_161\jre\lib\plugin.jar;C:\Program Files\Java\jdk1.8.0_161\jre\lib\resources.jar;C:\Program Files\Java\jdk1.8.0_161\jre\lib\rt.jar;E:\IDEA Workspace\union-boot-pk\union-app-start\target\classes;E:\IDEA Workspace\union-boot-pk\union-app-util\target\classes;E:\software\maven\maven_lib\org\apache\httpcomponents\httpclient\4.5.6\httpclient-4.5.6.jar;E:\software\maven\maven_lib\commons-codec\commons-codec\1.11\commons-codec-1.11.jar;E:\software\maven\maven_lib\org\apache\httpcomponents\httpcore\4.4.10\httpcore-4.4.10.jar;E:\software\maven\maven_lib\org\apache\httpcomponents\httpcore-nio\4.4.10\httpcore-nio-4.4.10.jar;E:\software\maven\maven_lib\org\apache\httpcomponents\httpasyncclient\4.1.4\httpasyncclient-4.1.4.jar;E:\software\maven\maven_lib\org\apache\httpcomponents\http
Launcher Type: SUN_STANDARD

Environment Variables:
JAVA_HOME=C:\Program Files\Java\jdk1.8.0_161
PATH=C:\Program Files\Java\jdk1.8.0_161\bin;C:\Program Files\Java\jdk1.8.0_161\jre\bin;C:\Program Files (x86)\Intel\iCLS Client\;C:\Program Files\Intel\iCLS Client\;C:\windows\system32;C:\windows;C:\windows\System32\Wbem;C:\windows\System32\WindowsPowerShell\v1.0\;C:\Program Files (x86)\NVIDIA Corporation\PhysX\Common;C:\Program Files (x86)\Intel\Intel(R) Management Engine Components\DAL;C:\Program Files\Intel\Intel(R) Management Engine Components\DAL;C:\Program Files (x86)\Intel\Intel(R) Management Engine Components\IPT;C:\Program Files\Intel\Intel(R) Management Engine Components\IPT;C:\Go\bin;C:\Program Files\Git\cmd;C:\WINDOWS\system32;C:\WINDOWS;C:\ProgramData\Oracle\Java\javapath;C:\WINDOWS\System32\Wbem;C:\WINDOWS\System32\WindowsPowerShell\v1.0\;C:\Program Files (x86)\Common Files\Oracle\Java\javapath;E:\software\maven\apache-maven-3.5.3\bin;C:\Program Files\MongoDB\Server\3.4\bin;C:\WINDOWS\System32\OpenSSH\;E:\software\gradle\gradle-4.6\bin;E:\software\gradle\gradle-4.6\bin;E:\sonar\scanner\sonar-scanner-4.2.0.1873-windows/bin;C:\Program Files\TortoiseSVN\bin;C:\Program Files\nodejs\;C:\Users\root\AppData\Local\Microsoft\WindowsApps;C:\Users\root\AppData\Local\atom\bin;C:\Users\root\AppData\Local\Microsoft\WindowsApps;C:\Users\root\AppData\Roaming\npm
USERNAME=root
OS=Windows_NT
PROCESSOR_IDENTIFIER=Intel64 Family 6 Model 142 Stepping 9, GenuineIntel



---------------  S Y S T E M  ---------------

OS: Windows 10.0 , 64 bit Build 18362 (10.0.18362.959)

CPU:total 4 (initial active 4) (2 cores per cpu, 2 threads per core) family 6 model 142 stepping 9, cmov, cx8, fxsr, mmx, sse, sse2, sse3, ssse3, sse4.1, sse4.2, popcnt, avx, avx2, aes, clmul, erms, 3dnowpref, lzcnt, ht, tsc, tscinvbit, bmi1, bmi2, adx

Memory: 4k page, physical 8301184k(489404k free), swap 23659508k(4876k free)

vm_info: Java HotSpot(TM) 64-Bit Server VM (25.161-b12) for windows-amd64 JRE (1.8.0_161-b12), built on Dec 19 2017 17:52:25 by "java_re" with MS VC++ 10.0 (VS2010)

time: Tue Aug 04 14:07:51 2020
elapsed time: 25 seconds (0d 0h 0m 25s)

