#
# There is insufficient memory for the Java Runtime Environment to continue.
# Native memory allocation (malloc) failed to allocate 838256 bytes for Chunk::new
# Possible reasons:
#   The system is out of physical RAM or swap space
#   In 32 bit mode, the process size limit was hit
# Possible solutions:
#   Reduce memory load on the system
#   Increase physical memory or swap space
#   Check if swap backing store is full
#   Use 64 bit Java on a 64 bit OS
#   Decrease Java heap size (-Xmx/-Xms)
#   Decrease number of Java threads
#   Decrease Java thread stack sizes (-Xss)
#   Set larger code cache with -XX:ReservedCodeCacheSize=
# This output file may be truncated or incomplete.
#
#  Out of Memory Error (allocation.cpp:390), pid=20516, tid=0x000000000000266c
#
# JRE version: Java(TM) SE Runtime Environment (8.0_161-b12) (build 1.8.0_161-b12)
# Java VM: Java HotSpot(TM) 64-Bit Server VM (25.161-b12 mixed mode windows-amd64 compressed oops)
# Failed to write core dump. Minidumps are not enabled by default on client versions of Windows
#

---------------  T H R E A D  ---------------

Current thread (0x000000001a0da800):  JavaThread "C2 CompilerThread1" daemon [_thread_in_native, id=9836, stack(0x000000001a780000,0x000000001a880000)]

Stack: [0x000000001a780000,0x000000001a880000]
[error occurred during error reporting (printing stack bounds), id 0xc0000005]

Native frames: (J=compiled Java code, j=interpreted, Vv=VM code, C=native code)


Current CompileTask:
C2:  71501 6728       4       org.springframework.boot.context.properties.source.SpringConfigurationPropertySources$SourcesIterator::fetchNext (138 bytes)


---------------  P R O C E S S  ---------------

Java Threads: ( => current thread )
  0x000000001b54e800 JavaThread "Live Reload Server" daemon [_thread_in_native, id=1948, stack(0x00000000264a0000,0x00000000265a0000)]
  0x0000000023f8a800 JavaThread "Druid-ConnectionPool-Destroy-1207327390" daemon [_thread_blocked, id=20556, stack(0x0000000001430000,0x0000000001530000)]
  0x000000001def5000 JavaThread "Druid-ConnectionPool-Create-1207327390" daemon [_thread_blocked, id=19260, stack(0x0000000001330000,0x0000000001430000)]
  0x000000001b14c800 JavaThread "Abandoned connection cleanup thread" daemon [_thread_blocked, id=13508, stack(0x0000000024690000,0x0000000024790000)]
  0x000000001b3a2000 JavaThread "container-0" [_thread_blocked, id=9972, stack(0x0000000020770000,0x0000000020870000)]
  0x000000001d02a800 JavaThread "Catalina-utility-2" [_thread_blocked, id=2668, stack(0x0000000020420000,0x0000000020520000)]
  0x000000001e735000 JavaThread "Catalina-utility-1" [_thread_blocked, id=13384, stack(0x000000001c150000,0x000000001c250000)]
  0x000000001b2fa000 JavaThread "Log4j2-TF-2-Scheduled-1" daemon [_thread_blocked, id=17572, stack(0x000000001c900000,0x000000001ca00000)]
  0x000000001b446800 JavaThread "restartedMain" [_thread_in_native, id=7536, stack(0x000000001c050000,0x000000001c150000)]
  0x000000001b445800 JavaThread "Thread-1" [_thread_blocked, id=19976, stack(0x000000001bf50000,0x000000001c050000)]
  0x000000001a165000 JavaThread "Service Thread" daemon [_thread_blocked, id=11128, stack(0x000000001a980000,0x000000001aa80000)]
  0x000000001a0dc000 JavaThread "C1 CompilerThread2" daemon [_thread_blocked, id=22516, stack(0x000000001a880000,0x000000001a980000)]
=>0x000000001a0da800 JavaThread "C2 CompilerThread1" daemon [_thread_in_native, id=9836, stack(0x000000001a780000,0x000000001a880000)]
  0x000000001a0da000 JavaThread "C2 CompilerThread0" daemon [_thread_in_native, id=7712, stack(0x000000001a680000,0x000000001a780000)]
  0x0000000018275000 JavaThread "JDWP Command Reader" daemon [_thread_in_native, id=19708, stack(0x0000000019d80000,0x0000000019e80000)]
  0x0000000018271800 JavaThread "JDWP Event Helper Thread" daemon [_thread_blocked, id=14320, stack(0x0000000019c80000,0x0000000019d80000)]
  0x000000001826f800 JavaThread "JDWP Transport Listener: dt_socket" daemon [_thread_blocked, id=19392, stack(0x0000000019b80000,0x0000000019c80000)]
  0x0000000018259800 JavaThread "Attach Listener" daemon [_thread_blocked, id=17340, stack(0x0000000019a80000,0x0000000019b80000)]
  0x0000000018249000 JavaThread "Signal Dispatcher" daemon [_thread_blocked, id=18440, stack(0x0000000019980000,0x0000000019a80000)]
  0x000000001821f800 JavaThread "Finalizer" daemon [_thread_blocked, id=15256, stack(0x0000000019480000,0x0000000019580000)]
  0x00000000181f8800 JavaThread "Reference Handler" daemon [_thread_blocked, id=17056, stack(0x0000000019380000,0x0000000019480000)]
  0x000000000341b000 JavaThread "main" [_thread_blocked, id=9484, stack(0x0000000003310000,0x0000000003410000)]

Other Threads:
  0x00000000181f7800 VMThread [stack: 0x0000000019280000,0x0000000019380000] [id=7484]
  0x000000001a1c7000 WatcherThread [stack: 0x000000001aa80000,0x000000001ab80000] [id=8196]

VM state:not at safepoint (normal execution)

VM Mutex/Monitor currently owned by a thread: None

Heap:
 PSYoungGen      total 364544K, used 133655K [0x00000000d5c00000, 0x00000000f7080000, 0x0000000100000000)
  eden space 352768K, 37% used [0x00000000d5c00000,0x00000000dde85f38,0x00000000eb480000)
  from space 11776K, 0% used [0x00000000ec780000,0x00000000ec780000,0x00000000ed300000)
  to   space 19456K, 0% used [0x00000000eb480000,0x00000000eb480000,0x00000000ec780000)
 ParOldGen       total 67072K, used 33914K [0x0000000081400000, 0x0000000085580000, 0x00000000d5c00000)
  object space 67072K, 50% used [0x0000000081400000,0x000000008351eb98,0x0000000085580000)
 Metaspace       used 59790K, capacity 61629K, committed 62040K, reserved 1103872K
  class space    used 7651K, capacity 8005K, committed 8064K, reserved 1048576K

Card table byte_map: [0x0000000012a80000,0x0000000012e80000] byte_map_base: 0x0000000012676000

Marking Bits: (ParMarkBitMap*) 0x0000000054bef860
 Begin Bits: [0x0000000013530000, 0x00000000154e0000)
 End Bits:   [0x00000000154e0000, 0x0000000017490000)

Polling page: 0x0000000001120000

CodeCache: size=245760Kb used=21068Kb max_used=21073Kb free=224692Kb
 bounds [0x00000000036c0000, 0x0000000004b70000, 0x00000000126c0000]
 total_blobs=6447 nmethods=5902 adapters=463
 compilation: enabled

Compilation events (10 events):
Event: 71.368 Thread 0x000000001a0dc000 6738       1       java.util.Collections::emptySet (4 bytes)
Event: 71.368 Thread 0x000000001a0dc000 nmethod 6738 0x0000000004b64150 code [0x0000000004b642a0, 0x0000000004b64390]
Event: 71.425 Thread 0x000000001a0da000 nmethod 6735 0x0000000004b67c10 code [0x0000000004b67ee0, 0x0000000004b69ea0]
Event: 71.425 Thread 0x000000001a0da000 6736       4       org.springframework.asm.Frame::accept (264 bytes)
Event: 71.443 Thread 0x000000001a0da000 nmethod 6736 0x0000000004b60650 code [0x0000000004b607e0, 0x0000000004b61488]
Event: 71.443 Thread 0x000000001a0da000 6737       4       org.springframework.asm.SymbolTable::addConstantMemberReference (147 bytes)
Event: 71.470 Thread 0x000000001a0dc000 6740       3       sun.reflect.annotation.AnnotationParser::skipMemberValue (11 bytes)
Event: 71.471 Thread 0x000000001a0dc000 nmethod 6740 0x0000000004b601d0 code [0x0000000004b60340, 0x0000000004b60578]
Event: 71.471 Thread 0x000000001a0dc000 6741       3       sun.reflect.annotation.AnnotationParser::skipMemberValue (65 bytes)
Event: 71.471 Thread 0x000000001a0dc000 nmethod 6741 0x0000000004b63610 code [0x0000000004b63800, 0x0000000004b63e78]

GC Heap History (10 events):
Event: 25.051 GC heap before
{Heap before GC invocations=11 (full 1):
 PSYoungGen      total 271872K, used 113268K [0x00000000d5c00000, 0x00000000ed300000, 0x0000000100000000)
  eden space 262144K, 39% used [0x00000000d5c00000,0x00000000dc11e268,0x00000000e5c00000)
  from space 9728K, 99% used [0x00000000e5c00000,0x00000000e657ede0,0x00000000e6580000)
  to   space 11776K, 0% used [0x00000000ec780000,0x00000000ec780000,0x00000000ed300000)
 ParOldGen       total 47104K, used 8476K [0x0000000081400000, 0x0000000084200000, 0x00000000d5c00000)
  object space 47104K, 17% used [0x0000000081400000,0x0000000081c47298,0x0000000084200000)
 Metaspace       used 34194K, capacity 35225K, committed 35416K, reserved 1081344K
  class space    used 4252K, capacity 4480K, committed 4480K, reserved 1048576K
Event: 25.076 GC heap after
Heap after GC invocations=11 (full 1):
 PSYoungGen      total 371712K, used 8697K [0x00000000d5c00000, 0x00000000ee980000, 0x0000000100000000)
  eden space 359936K, 0% used [0x00000000d5c00000,0x00000000d5c00000,0x00000000ebb80000)
  from space 11776K, 73% used [0x00000000ec780000,0x00000000ecffe4a8,0x00000000ed300000)
  to   space 12288K, 0% used [0x00000000ebb80000,0x00000000ebb80000,0x00000000ec780000)
 ParOldGen       total 47104K, used 11562K [0x0000000081400000, 0x0000000084200000, 0x00000000d5c00000)
  object space 47104K, 24% used [0x0000000081400000,0x0000000081f4ab98,0x0000000084200000)
 Metaspace       used 34194K, capacity 35225K, committed 35416K, reserved 1081344K
  class space    used 4252K, capacity 4480K, committed 4480K, reserved 1048576K
}
Event: 25.076 GC heap before
{Heap before GC invocations=12 (full 2):
 PSYoungGen      total 371712K, used 8697K [0x00000000d5c00000, 0x00000000ee980000, 0x0000000100000000)
  eden space 359936K, 0% used [0x00000000d5c00000,0x00000000d5c00000,0x00000000ebb80000)
  from space 11776K, 73% used [0x00000000ec780000,0x00000000ecffe4a8,0x00000000ed300000)
  to   space 12288K, 0% used [0x00000000ebb80000,0x00000000ebb80000,0x00000000ec780000)
 ParOldGen       total 47104K, used 11562K [0x0000000081400000, 0x0000000084200000, 0x00000000d5c00000)
  object space 47104K, 24% used [0x0000000081400000,0x0000000081f4ab98,0x0000000084200000)
 Metaspace       used 34194K, capacity 35225K, committed 35416K, reserved 1081344K
  class space    used 4252K, capacity 4480K, committed 4480K, reserved 1048576K
Event: 25.189 GC heap after
Heap after GC invocations=12 (full 2):
 PSYoungGen      total 371712K, used 0K [0x00000000d5c00000, 0x00000000ee980000, 0x0000000100000000)
  eden space 359936K, 0% used [0x00000000d5c00000,0x00000000d5c00000,0x00000000ebb80000)
  from space 11776K, 0% used [0x00000000ec780000,0x00000000ec780000,0x00000000ed300000)
  to   space 12288K, 0% used [0x00000000ebb80000,0x00000000ebb80000,0x00000000ec780000)
 ParOldGen       total 67072K, used 16676K [0x0000000081400000, 0x0000000085580000, 0x00000000d5c00000)
  object space 67072K, 24% used [0x0000000081400000,0x0000000082449130,0x0000000085580000)
 Metaspace       used 34194K, capacity 35225K, committed 35416K, reserved 1081344K
  class space    used 4252K, capacity 4480K, committed 4480K, reserved 1048576K
}
Event: 34.128 GC heap before
{Heap before GC invocations=13 (full 2):
 PSYoungGen      total 371712K, used 359936K [0x00000000d5c00000, 0x00000000ee980000, 0x0000000100000000)
  eden space 359936K, 100% used [0x00000000d5c00000,0x00000000ebb80000,0x00000000ebb80000)
  from space 11776K, 0% used [0x00000000ec780000,0x00000000ec780000,0x00000000ed300000)
  to   space 12288K, 0% used [0x00000000ebb80000,0x00000000ebb80000,0x00000000ec780000)
 ParOldGen       total 67072K, used 16676K [0x0000000081400000, 0x0000000085580000, 0x00000000d5c00000)
  object space 67072K, 24% used [0x0000000081400000,0x0000000082449130,0x0000000085580000)
 Metaspace       used 46710K, capacity 48367K, committed 48600K, reserved 1091584K
  class space    used 5994K, capacity 6332K, committed 6400K, reserved 1048576K
Event: 34.150 GC heap after
Heap after GC invocations=13 (full 2):
 PSYoungGen      total 372224K, used 12274K [0x00000000d5c00000, 0x00000000ee980000, 0x0000000100000000)
  eden space 359936K, 0% used [0x00000000d5c00000,0x00000000d5c00000,0x00000000ebb80000)
  from space 12288K, 99% used [0x00000000ebb80000,0x00000000ec77cbb0,0x00000000ec780000)
  to   space 11776K, 0% used [0x00000000ec780000,0x00000000ec780000,0x00000000ed300000)
 ParOldGen       total 67072K, used 21309K [0x0000000081400000, 0x0000000085580000, 0x00000000d5c00000)
  object space 67072K, 31% used [0x0000000081400000,0x00000000828cf5a0,0x0000000085580000)
 Metaspace       used 46710K, capacity 48367K, committed 48600K, reserved 1091584K
  class space    used 5994K, capacity 6332K, committed 6400K, reserved 1048576K
}
Event: 68.804 GC heap before
{Heap before GC invocations=14 (full 2):
 PSYoungGen      total 372224K, used 219842K [0x00000000d5c00000, 0x00000000ee980000, 0x0000000100000000)
  eden space 359936K, 57% used [0x00000000d5c00000,0x00000000e26b3ce8,0x00000000ebb80000)
  from space 12288K, 99% used [0x00000000ebb80000,0x00000000ec77cbb0,0x00000000ec780000)
  to   space 11776K, 0% used [0x00000000ec780000,0x00000000ec780000,0x00000000ed300000)
 ParOldGen       total 67072K, used 21309K [0x0000000081400000, 0x0000000085580000, 0x00000000d5c00000)
  object space 67072K, 31% used [0x0000000081400000,0x00000000828cf5a0,0x0000000085580000)
 Metaspace       used 56934K, capacity 58705K, committed 59028K, reserved 1101824K
  class space    used 7271K, capacity 7627K, committed 7680K, reserved 1048576K
Event: 68.833 GC heap after
Heap after GC invocations=14 (full 2):
 PSYoungGen      total 364544K, used 11770K [0x00000000d5c00000, 0x00000000f7080000, 0x0000000100000000)
  eden space 352768K, 0% used [0x00000000d5c00000,0x00000000d5c00000,0x00000000eb480000)
  from space 11776K, 99% used [0x00000000ec780000,0x00000000ed2fea18,0x00000000ed300000)
  to   space 19456K, 0% used [0x00000000eb480000,0x00000000eb480000,0x00000000ec780000)
 ParOldGen       total 67072K, used 30207K [0x0000000081400000, 0x0000000085580000, 0x00000000d5c00000)
  object space 67072K, 45% used [0x0000000081400000,0x000000008317fe10,0x0000000085580000)
 Metaspace       used 56934K, capacity 58705K, committed 59028K, reserved 1101824K
  class space    used 7271K, capacity 7627K, committed 7680K, reserved 1048576K
}
Event: 68.834 GC heap before
{Heap before GC invocations=15 (full 3):
 PSYoungGen      total 364544K, used 11770K [0x00000000d5c00000, 0x00000000f7080000, 0x0000000100000000)
  eden space 352768K, 0% used [0x00000000d5c00000,0x00000000d5c00000,0x00000000eb480000)
  from space 11776K, 99% used [0x00000000ec780000,0x00000000ed2fea18,0x00000000ed300000)
  to   space 19456K, 0% used [0x00000000eb480000,0x00000000eb480000,0x00000000ec780000)
 ParOldGen       total 67072K, used 30207K [0x0000000081400000, 0x0000000085580000, 0x00000000d5c00000)
  object space 67072K, 45% used [0x0000000081400000,0x000000008317fe10,0x0000000085580000)
 Metaspace       used 56934K, capacity 58705K, committed 59028K, reserved 1101824K
  class space    used 7271K, capacity 7627K, committed 7680K, reserved 1048576K
Event: 69.125 GC heap after
Heap after GC invocations=15 (full 3):
 PSYoungGen      total 364544K, used 0K [0x00000000d5c00000, 0x00000000f7080000, 0x0000000100000000)
  eden space 352768K, 0% used [0x00000000d5c00000,0x00000000d5c00000,0x00000000eb480000)
  from space 11776K, 0% used [0x00000000ec780000,0x00000000ec780000,0x00000000ed300000)
  to   space 19456K, 0% used [0x00000000eb480000,0x00000000eb480000,0x00000000ec780000)
 ParOldGen       total 67072K, used 33914K [0x0000000081400000, 0x0000000085580000, 0x00000000d5c00000)
  object space 67072K, 50% used [0x0000000081400000,0x000000008351eb98,0x0000000085580000)
 Metaspace       used 56934K, capacity 58705K, committed 59028K, reserved 1101824K
  class space    used 7271K, capacity 7627K, committed 7680K, reserved 1048576K
}

Deoptimization events (10 events):
Event: 69.459 Thread 0x000000001b446800 Uncommon trap: reason=unstable_if action=reinterpret pc=0x00000000037da2a8 method=sun.nio.cs.UTF_8$Encoder.encode([CII[B)I @ 33
Event: 69.835 Thread 0x000000001b446800 Uncommon trap: reason=unstable_if action=reinterpret pc=0x0000000004a154f8 method=net.bytebuddy.jar.asm.Type.appendDescriptor(Ljava/lang/Class;Ljava/lang/StringBuilder;)V @ 126
Event: 69.971 Thread 0x000000001b446800 Uncommon trap: reason=null_check action=make_not_entrant pc=0x0000000004a5e0e8 method=net.bytebuddy.description.annotation.AnnotationDescription$ForLoadedAnnotation.asValue(Ljava/lang/Object;Ljava/lang/Class;)Lnet/bytebuddy/description/annotation/Annotati
Event: 69.989 Thread 0x000000001b446800 Uncommon trap: reason=null_check action=make_not_entrant pc=0x0000000004a70674 method=net.bytebuddy.description.annotation.AnnotationDescription$ForLoadedAnnotation.asValue(Ljava/lang/Object;Ljava/lang/Class;)Lnet/bytebuddy/description/annotation/Annotati
Event: 70.004 Thread 0x000000001b446800 Uncommon trap: reason=null_check action=make_not_entrant pc=0x0000000004a8009c method=net.bytebuddy.description.annotation.AnnotationDescription$ForLoadedAnnotation.asValue(Ljava/lang/Object;Ljava/lang/Class;)Lnet/bytebuddy/description/annotation/Annotati
Event: 70.061 Thread 0x000000001b446800 Uncommon trap: reason=null_check action=make_not_entrant pc=0x0000000004a8da38 method=net.bytebuddy.description.annotation.AnnotationDescription$ForLoadedAnnotation.asValue(Ljava/lang/Object;Ljava/lang/Class;)Lnet/bytebuddy/description/annotation/Annotati
Event: 70.092 Thread 0x000000001b446800 Uncommon trap: reason=null_check action=make_not_entrant pc=0x0000000004a97abc method=net.bytebuddy.description.annotation.AnnotationDescription$ForLoadedAnnotation.asValue(Ljava/lang/Object;Ljava/lang/Class;)Lnet/bytebuddy/description/annotation/Annotati
Event: 70.116 Thread 0x000000001b446800 Uncommon trap: reason=null_check action=make_not_entrant pc=0x0000000004a94410 method=net.bytebuddy.description.annotation.AnnotationDescription$ForLoadedAnnotation.asValue(Ljava/lang/Object;Ljava/lang/Class;)Lnet/bytebuddy/description/annotation/Annotati
Event: 70.148 Thread 0x000000001b446800 Uncommon trap: reason=unstable_if action=reinterpret pc=0x0000000004a3f46c method=net.bytebuddy.implementation.bytecode.StackSize.of(Ljava/lang/Class;)Lnet/bytebuddy/implementation/bytecode/StackSize; @ 15
Event: 70.995 Thread 0x000000001b446800 Uncommon trap: reason=unstable_if action=reinterpret pc=0x000000000492ae50 method=java.lang.AbstractStringBuilder.append(I)Ljava/lang/AbstractStringBuilder; @ 16

Classes redefined (0 events):
No events

Internal exceptions (10 events):
Event: 29.642 Thread 0x000000001b446800 Exception <a 'java/lang/ClassNotFoundException': org/springframework/core/OrderedCustomizer> (0x00000000e257ac28) thrown at [C:\re\workspace\8-2-build-windows-amd64-cygwin\jdk8u161\10277\hotspot\src\share\vm\classfile\systemDictionary.cpp, line 210]
Event: 29.711 Thread 0x000000001b446800 Exception <a 'java/lang/ClassNotFoundException': java/lang/ObjectCustomizer> (0x00000000e285ce40) thrown at [C:\re\workspace\8-2-build-windows-amd64-cygwin\jdk8u161\10277\hotspot\src\share\vm\classfile\systemDictionary.cpp, line 210]
Event: 29.713 Thread 0x000000001b446800 Exception <a 'java/lang/ClassNotFoundException': org/springframework/boot/web/servlet/RegistrationBeanCustomizer> (0x00000000e289c2e0) thrown at [C:\re\workspace\8-2-build-windows-amd64-cygwin\jdk8u161\10277\hotspot\src\share\vm\classfile\systemDictionary
Event: 29.718 Thread 0x000000001b446800 Exception <a 'java/lang/ClassNotFoundException': org/springframework/boot/web/servlet/DynamicRegistrationBeanCustomizer> (0x00000000e28e11c0) thrown at [C:\re\workspace\8-2-build-windows-amd64-cygwin\jdk8u161\10277\hotspot\src\share\vm\classfile\systemDic
Event: 29.721 Thread 0x000000001b446800 Exception <a 'java/lang/ClassNotFoundException': org/springframework/boot/web/servlet/ServletRegistrationBeanCustomizer> (0x00000000e2929428) thrown at [C:\re\workspace\8-2-build-windows-amd64-cygwin\jdk8u161\10277\hotspot\src\share\vm\classfile\systemDic
Event: 29.726 Thread 0x000000001b446800 Exception <a 'java/lang/ClassNotFoundException': org/springframework/boot/web/servlet/ServletContextInitializerCustomizer> (0x00000000e2982188) thrown at [C:\re\workspace\8-2-build-windows-amd64-cygwin\jdk8u161\10277\hotspot\src\share\vm\classfile\systemD
Event: 29.727 Thread 0x000000001b446800 Exception <a 'java/lang/ClassNotFoundException': org/springframework/core/OrderedCustomizer> (0x00000000e29b2708) thrown at [C:\re\workspace\8-2-build-windows-amd64-cygwin\jdk8u161\10277\hotspot\src\share\vm\classfile\systemDictionary.cpp, line 210]
Event: 29.913 Thread 0x000000001b446800 Exception <a 'java/io/FileNotFoundException'> (0x00000000e31d95c0) thrown at [C:\re\workspace\8-2-build-windows-amd64-cygwin\jdk8u161\10277\hotspot\src\share\vm\prims\jni.cpp, line 709]
Event: 31.131 Thread 0x000000001b446800 Implicit null exception at 0x00000000046421da to 0x0000000004645111
Event: 67.892 Thread 0x000000001b446800 Exception <a 'java/lang/NoSuchMethodError': java.lang.Object.lambda$andThen$1(Ljava/util/function/Function;Ljava/lang/Object;)Ljava/lang/Object;> (0x00000000df1515b8) thrown at [C:\re\workspace\8-2-build-windows-amd64-cygwin\jdk8u161\10277\hotspot\src\sha

Events (10 events):
Event: 71.465 Thread 0x000000001b446800 DEOPT PACKING pc=0x0000000003f15e4c sp=0x000000001c14cd00
Event: 71.465 Thread 0x000000001b446800 DEOPT UNPACKING pc=0x0000000003707890 sp=0x000000001c14cac8 mode 1
Event: 71.465 loading class javax/persistence/PersistenceContextType
Event: 71.465 loading class javax/persistence/PersistenceContextType done
Event: 71.465 Thread 0x000000001b446800 DEOPT PACKING pc=0x000000000479c33c sp=0x000000001c14c030
Event: 71.465 Thread 0x000000001b446800 DEOPT UNPACKING pc=0x0000000003707890 sp=0x000000001c14bd00 mode 1
Event: 71.466 loading class javax/persistence/PersistenceProperty
Event: 71.466 loading class javax/persistence/PersistenceProperty done
Event: 71.466 Thread 0x000000001b446800 DEOPT PACKING pc=0x000000000479c33c sp=0x000000001c14bff0
Event: 71.466 Thread 0x000000001b446800 DEOPT UNPACKING pc=0x0000000003707890 sp=0x000000001c14bcc0 mode 1


Dynamic libraries:
0x00007ff67d2d0000 - 0x00007ff67d307000 	C:\Program Files\Java\jdk1.8.0_161\bin\java.exe
0x00007ff945e60000 - 0x00007ff946050000 	C:\WINDOWS\SYSTEM32\ntdll.dll
0x00007ff944600000 - 0x00007ff9446b2000 	C:\WINDOWS\System32\KERNEL32.DLL
0x00007ff943b40000 - 0x00007ff943de5000 	C:\WINDOWS\System32\KERNELBASE.dll
0x00007ff9446c0000 - 0x00007ff944763000 	C:\WINDOWS\System32\ADVAPI32.dll
0x00007ff945350000 - 0x00007ff9453ee000 	C:\WINDOWS\System32\msvcrt.dll
0x00007ff945bb0000 - 0x00007ff945c47000 	C:\WINDOWS\System32\sechost.dll
0x00007ff9450a0000 - 0x00007ff9451bf000 	C:\WINDOWS\System32\RPCRT4.dll
0x00007ff9458a0000 - 0x00007ff945a34000 	C:\WINDOWS\System32\USER32.dll
0x00007ff943df0000 - 0x00007ff943e11000 	C:\WINDOWS\System32\win32u.dll
0x00007ff944fa0000 - 0x00007ff944fc6000 	C:\WINDOWS\System32\GDI32.dll
0x00007ff942de0000 - 0x00007ff942f78000 	C:\WINDOWS\System32\gdi32full.dll
0x00007ff943e50000 - 0x00007ff943eee000 	C:\WINDOWS\System32\msvcp_win.dll
0x00007ff942f80000 - 0x00007ff94307a000 	C:\WINDOWS\System32\ucrtbase.dll
0x00007ff9350a0000 - 0x00007ff935324000 	C:\WINDOWS\WinSxS\amd64_microsoft.windows.common-controls_6595b64144ccf1df_6.0.18362.1316_none_9e7a364fe461dbd7\COMCTL32.dll
0x00007ff945560000 - 0x00007ff945897000 	C:\WINDOWS\System32\combase.dll
0x00007ff943950000 - 0x00007ff9439d1000 	C:\WINDOWS\System32\bcryptPrimitives.dll
0x00007ff9449d0000 - 0x00007ff9449fe000 	C:\WINDOWS\System32\IMM32.DLL
0x0000000054c70000 - 0x0000000054d42000 	C:\Program Files\Java\jdk1.8.0_161\jre\bin\msvcr100.dll
0x00000000543d0000 - 0x0000000054c6f000 	C:\Program Files\Java\jdk1.8.0_161\jre\bin\server\jvm.dll
0x00007ff945550000 - 0x00007ff945558000 	C:\WINDOWS\System32\PSAPI.DLL
0x00007ff93f9a0000 - 0x00007ff93f9c4000 	C:\WINDOWS\SYSTEM32\WINMM.dll
0x00007ff93c060000 - 0x00007ff93c06a000 	C:\WINDOWS\SYSTEM32\VERSION.dll
0x00007ff922da0000 - 0x00007ff922da9000 	C:\WINDOWS\SYSTEM32\WSOCK32.dll
0x00007ff9452d0000 - 0x00007ff94533f000 	C:\WINDOWS\System32\WS2_32.dll
0x00007ff93f970000 - 0x00007ff93f99d000 	C:\WINDOWS\SYSTEM32\winmmbase.dll
0x00007ff9439e0000 - 0x00007ff943a2a000 	C:\WINDOWS\System32\cfgmgr32.dll
0x00000000543c0000 - 0x00000000543cf000 	C:\Program Files\Java\jdk1.8.0_161\jre\bin\verify.dll
0x0000000054390000 - 0x00000000543b9000 	C:\Program Files\Java\jdk1.8.0_161\jre\bin\java.dll
0x0000000054fc0000 - 0x0000000054ff5000 	C:\Program Files\Java\jdk1.8.0_161\jre\bin\jdwp.dll
0x00000000550d0000 - 0x00000000550d8000 	C:\Program Files\Java\jdk1.8.0_161\jre\bin\npt.dll
0x0000000054f90000 - 0x0000000054fb3000 	C:\Program Files\Java\jdk1.8.0_161\jre\bin\instrument.dll
0x0000000054370000 - 0x0000000054386000 	C:\Program Files\Java\jdk1.8.0_161\jre\bin\zip.dll
0x00007ff943f10000 - 0x00007ff9445f8000 	C:\WINDOWS\System32\SHELL32.dll
0x00007ff944770000 - 0x00007ff944817000 	C:\WINDOWS\System32\shcore.dll
0x00007ff9431d0000 - 0x00007ff94394b000 	C:\WINDOWS\System32\windows.storage.dll
0x00007ff942d20000 - 0x00007ff942d43000 	C:\WINDOWS\System32\profapi.dll
0x00007ff942d70000 - 0x00007ff942dba000 	C:\WINDOWS\System32\powrprof.dll
0x00007ff942d10000 - 0x00007ff942d20000 	C:\WINDOWS\System32\UMPDC.dll
0x00007ff944a00000 - 0x00007ff944a52000 	C:\WINDOWS\System32\shlwapi.dll
0x00007ff942d50000 - 0x00007ff942d61000 	C:\WINDOWS\System32\kernel.appcore.dll
0x00007ff943ef0000 - 0x00007ff943f07000 	C:\WINDOWS\System32\cryptsp.dll
0x00000000550c0000 - 0x00000000550c9000 	C:\Program Files\Java\jdk1.8.0_161\jre\bin\dt_socket.dll
0x00007ff942550000 - 0x00007ff9425b7000 	C:\WINDOWS\system32\mswsock.dll
0x0000000054320000 - 0x000000005432d000 	C:\Program Files\Java\jdk1.8.0_161\jre\bin\management.dll
0x0000000054350000 - 0x000000005436a000 	C:\Program Files\Java\jdk1.8.0_161\jre\bin\net.dll
0x00007ff93fa30000 - 0x00007ff93fa46000 	C:\WINDOWS\system32\napinsp.dll
0x00007ff93fa50000 - 0x00007ff93fa6a000 	C:\WINDOWS\system32\pnrpnsp.dll
0x00007ff93df50000 - 0x00007ff93df65000 	C:\WINDOWS\system32\wshbth.dll
0x00007ff93f100000 - 0x00007ff93f11c000 	C:\WINDOWS\system32\NLAapi.dll
0x00007ff942260000 - 0x00007ff94229a000 	C:\WINDOWS\SYSTEM32\IPHLPAPI.DLL
0x00007ff9422b0000 - 0x00007ff94237b000 	C:\WINDOWS\SYSTEM32\DNSAPI.dll
0x00007ff945c50000 - 0x00007ff945c58000 	C:\WINDOWS\System32\NSI.dll
0x00007ff93fa70000 - 0x00007ff93fa7e000 	C:\WINDOWS\System32\winrnr.dll
0x00007ff934630000 - 0x00007ff93463a000 	C:\Windows\System32\rasadhlp.dll
0x00007ff936e80000 - 0x00007ff936ef7000 	C:\WINDOWS\System32\fwpuclnt.dll
0x00007ff943e20000 - 0x00007ff943e46000 	C:\WINDOWS\System32\bcrypt.dll
0x0000000054330000 - 0x0000000054341000 	C:\Program Files\Java\jdk1.8.0_161\jre\bin\nio.dll
0x00007ff9420d0000 - 0x00007ff942103000 	C:\WINDOWS\system32\rsaenh.dll
0x00007ff942c30000 - 0x00007ff942c55000 	C:\WINDOWS\SYSTEM32\USERENV.dll
0x00007ff942720000 - 0x00007ff94272c000 	C:\WINDOWS\SYSTEM32\CRYPTBASE.dll
0x00007ff937080000 - 0x00007ff937096000 	C:\WINDOWS\SYSTEM32\dhcpcsvc6.DLL
0x00007ff9371f0000 - 0x00007ff93720c000 	C:\WINDOWS\SYSTEM32\dhcpcsvc.DLL

VM Arguments:
jvm_args: -agentlib:jdwp=transport=dt_socket,address=127.0.0.1:54359,suspend=y,server=n -javaagent:C:\Users\root\AppData\Local\JetBrains\IdeaIC2020.1\captureAgent\debugger-agent.jar -Dfile.encoding=UTF-8 
java_command: com.union.app.AppApplication
java_class_path (initial): C:\Program Files\Java\jdk1.8.0_161\jre\lib\charsets.jar;C:\Program Files\Java\jdk1.8.0_161\jre\lib\deploy.jar;C:\Program Files\Java\jdk1.8.0_161\jre\lib\ext\access-bridge-64.jar;C:\Program Files\Java\jdk1.8.0_161\jre\lib\ext\cldrdata.jar;C:\Program Files\Java\jdk1.8.0_161\jre\lib\ext\dnsns.jar;C:\Program Files\Java\jdk1.8.0_161\jre\lib\ext\jaccess.jar;C:\Program Files\Java\jdk1.8.0_161\jre\lib\ext\jfxrt.jar;C:\Program Files\Java\jdk1.8.0_161\jre\lib\ext\localedata.jar;C:\Program Files\Java\jdk1.8.0_161\jre\lib\ext\nashorn.jar;C:\Program Files\Java\jdk1.8.0_161\jre\lib\ext\sunec.jar;C:\Program Files\Java\jdk1.8.0_161\jre\lib\ext\sunjce_provider.jar;C:\Program Files\Java\jdk1.8.0_161\jre\lib\ext\sunmscapi.jar;C:\Program Files\Java\jdk1.8.0_161\jre\lib\ext\sunpkcs11.jar;C:\Program Files\Java\jdk1.8.0_161\jre\lib\ext\zipfs.jar;C:\Program Files\Java\jdk1.8.0_161\jre\lib\javaws.jar;C:\Program Files\Java\jdk1.8.0_161\jre\lib\jce.jar;C:\Program Files\Java\jdk1.8.0_161\jre\lib\jfr.jar;C:\Program Files\Java\jdk1.8.0_161\jre\lib\jfxswt.jar;C:\Program Files\Java\jdk1.8.0_161\jre\lib\jsse.jar;C:\Program Files\Java\jdk1.8.0_161\jre\lib\management-agent.jar;C:\Program Files\Java\jdk1.8.0_161\jre\lib\plugin.jar;C:\Program Files\Java\jdk1.8.0_161\jre\lib\resources.jar;C:\Program Files\Java\jdk1.8.0_161\jre\lib\rt.jar;E:\IDEA Workspace\union-boot-pk\union-app-start\target\classes;E:\IDEA Workspace\union-boot-pk\union-app-util\target\classes;E:\software\maven\maven_lib\org\apache\httpcomponents\httpclient\4.5.9\httpclient-4.5.9.jar;E:\software\maven\maven_lib\commons-codec\commons-codec\1.11\commons-codec-1.11.jar;E:\software\maven\maven_lib\org\apache\httpcomponents\httpcore\4.4.11\httpcore-4.4.11.jar;E:\software\maven\maven_lib\org\apache\httpcomponents\httpcore-nio\4.4.11\httpcore-nio-4.4.11.jar;E:\software\maven\maven_lib\org\apache\httpcomponents\httpasyncclient\4.1.4\httpasyncclient-4.1.4.jar;E:\software\maven\maven_lib\org\apache\httpcomponents\http
Launcher Type: SUN_STANDARD

Environment Variables:
JAVA_HOME=C:\Program Files\Java\jdk1.8.0_161
PATH=C:\ProgramData\Oracle\Java\javapath;C:\Program Files (x86)\Intel\iCLS Client\;C:\Program Files\Intel\iCLS Client\;C:\windows\system32;C:\windows;C:\windows\System32\Wbem;C:\windows\System32\WindowsPowerShell\v1.0\;C:\Program Files (x86)\NVIDIA Corporation\PhysX\Common;C:\Program Files (x86)\Intel\Intel(R) Management Engine Components\DAL;C:\Program Files\Intel\Intel(R) Management Engine Components\DAL;C:\Program Files (x86)\Intel\Intel(R) Management Engine Components\IPT;C:\Program Files\Intel\Intel(R) Management Engine Components\IPT;C:\WINDOWS\system32;C:\WINDOWS;C:\WINDOWS\System32\Wbem;C:\WINDOWS\System32\WindowsPowerShell\v1.0\;C:\WINDOWS\System32\OpenSSH\;C:\Program Files\Java\jdk1.8.0_161\bin;E:\software\maven\apache-maven-3.5.3\bin;C:\Program Files\TortoiseSVN\bin;C:\Program Files\Microsoft SQL Server\130\Tools\Binn\;C:\Program Files\dotnet\;C:\Program Files\TortoiseGit\bin;C:\Program Files\Git\cmd;E:\software\svn\bin;C:\Program Files\nodejs\;C:\Users\root\AppData\Local\Microsoft\WindowsApps;;C:\Program Files\JetBrains\IntelliJ IDEA 2020.2.3\bin;;C:\Program Files\JetBrains\IntelliJ IDEA Community Edition 2020.1.3\bin;;C:\Users\root\.dotnet\tools;C:\Program Files\Huawei\DevEco Studio\bin;;C:\Users\root\AppData\Roaming\npm
USERNAME=root
OS=Windows_NT
PROCESSOR_IDENTIFIER=Intel64 Family 6 Model 142 Stepping 9, GenuineIntel



---------------  S Y S T E M  ---------------

OS: Windows 10.0 , 64 bit Build 18362 (10.0.18362.1316)

CPU:total 4 (initial active 4) (2 cores per cpu, 2 threads per core) family 6 model 142 stepping 9, cmov, cx8, fxsr, mmx, sse, sse2, sse3, ssse3, sse4.1, sse4.2, popcnt, avx, avx2, aes, clmul, erms, 3dnowpref, lzcnt, ht, tsc, tscinvbit, bmi1, bmi2, adx

Memory: 4k page, physical 8301184k(498848k free), swap 14592640k(4280k free)

vm_info: Java HotSpot(TM) 64-Bit Server VM (25.161-b12) for windows-amd64 JRE (1.8.0_161-b12), built on Dec 19 2017 17:52:25 by "java_re" with MS VC++ 10.0 (VS2010)

time: Tue Feb 02 16:49:06 2021
elapsed time: 71 seconds (0d 0h 1m 11s)

