#
# There is insufficient memory for the Java Runtime Environment to continue.
# Native memory allocation (malloc) failed to allocate 32744 bytes for ChunkPool::allocate
# Possible reasons:
#   The system is out of physical RAM or swap space
#   In 32 bit mode, the process size limit was hit
# Possible solutions:
#   Reduce memory load on the system
#   Increase physical memory or swap space
#   Check if swap backing store is full
#   Use 64 bit Java on a 64 bit OS
#   Decrease Java heap size (-Xmx/-Xms)
#   Decrease number of Java threads
#   Decrease Java thread stack sizes (-Xss)
#   Set larger code cache with -XX:ReservedCodeCacheSize=
# This output file may be truncated or incomplete.
#
#  Out of Memory Error (allocation.cpp:273), pid=19820, tid=0x00000000000053c0
#
# JRE version: Java(TM) SE Runtime Environment (8.0_161-b12) (build 1.8.0_161-b12)
# Java VM: Java HotSpot(TM) 64-Bit Server VM (25.161-b12 mixed mode windows-amd64 compressed oops)
# Failed to write core dump. Minidumps are not enabled by default on client versions of Windows
#

---------------  T H R E A D  ---------------

Current thread (0x0000000017f70000):  JavaThread "C2 CompilerThread0" daemon [_thread_in_native, id=21440, stack(0x0000000019920000,0x0000000019a20000)]

Stack: [0x0000000019920000,0x0000000019a20000]
[error occurred during error reporting (printing stack bounds), id 0xc0000005]

Native frames: (J=compiled Java code, j=interpreted, Vv=VM code, C=native code)


Current CompileTask:
C2:   3949 1606   !   4       java.net.URLClassLoader$1::run (63 bytes)


---------------  P R O C E S S  ---------------

Java Threads: ( => current thread )
  0x00000000193ad800 JavaThread "Service Thread" daemon [_thread_blocked, id=19632, stack(0x0000000019c20000,0x0000000019d20000)]
  0x000000001935d000 JavaThread "C1 CompilerThread2" daemon [_thread_blocked, id=20832, stack(0x0000000019b20000,0x0000000019c20000)]
  0x0000000019342800 JavaThread "C2 CompilerThread1" daemon [_thread_in_native, id=8748, stack(0x0000000019a20000,0x0000000019b20000)]
=>0x0000000017f70000 JavaThread "C2 CompilerThread0" daemon [_thread_in_native, id=21440, stack(0x0000000019920000,0x0000000019a20000)]
  0x0000000017f59000 JavaThread "Attach Listener" daemon [_thread_blocked, id=6924, stack(0x0000000019820000,0x0000000019920000)]
  0x0000000019328800 JavaThread "Signal Dispatcher" daemon [_thread_blocked, id=20624, stack(0x0000000019720000,0x0000000019820000)]
  0x00000000033ec000 JavaThread "Finalizer" daemon [_thread_blocked, id=1952, stack(0x00000000191c0000,0x00000000192c0000)]
  0x0000000017f29000 JavaThread "Reference Handler" daemon [_thread_blocked, id=17520, stack(0x00000000190c0000,0x00000000191c0000)]
  0x00000000032f2800 JavaThread "main" [_thread_in_vm, id=17356, stack(0x00000000031f0000,0x00000000032f0000)]

Other Threads:
  0x0000000017f28000 VMThread [stack: 0x0000000018fc0000,0x00000000190c0000] [id=18416]
  0x00000000193dd800 WatcherThread [stack: 0x0000000019d20000,0x0000000019e20000] [id=21172]

VM state:not at safepoint (normal execution)

VM Mutex/Monitor currently owned by a thread: None

Heap:
 PSYoungGen      total 38400K, used 7078K [0x00000000d5c00000, 0x00000000d8680000, 0x0000000100000000)
  eden space 33280K, 5% used [0x00000000d5c00000,0x00000000d5df19f0,0x00000000d7c80000)
  from space 5120K, 99% used [0x00000000d7c80000,0x00000000d8178030,0x00000000d8180000)
  to   space 5120K, 0% used [0x00000000d8180000,0x00000000d8180000,0x00000000d8680000)
 ParOldGen       total 87552K, used 9559K [0x0000000081400000, 0x0000000086980000, 0x00000000d5c00000)
  object space 87552K, 10% used [0x0000000081400000,0x0000000081d55cf0,0x0000000086980000)
 Metaspace       used 14882K, capacity 15112K, committed 15232K, reserved 1062912K
  class space    used 1830K, capacity 1910K, committed 1920K, reserved 1048576K

Card table byte_map: [0x00000000127b0000,0x0000000012bb0000] byte_map_base: 0x00000000123a6000

Marking Bits: (ParMarkBitMap*) 0x00000000538bf860
 Begin Bits: [0x0000000013260000, 0x0000000015210000)
 End Bits:   [0x0000000015210000, 0x00000000171c0000)

Polling page: 0x0000000001170000

CodeCache: size=245760Kb used=6243Kb max_used=6243Kb free=239516Kb
 bounds [0x00000000033f0000, 0x0000000003a10000, 0x00000000123f0000]
 total_blobs=2153 nmethods=1797 adapters=267
 compilation: enabled

Compilation events (10 events):
Event: 3.808 Thread 0x000000001935d000 nmethod 1816 0x0000000003a05cd0 code [0x0000000003a05e40, 0x0000000003a06038]
Event: 3.810 Thread 0x000000001935d000 1817       2       sun.reflect.UnsafeFieldAccessorImpl::<init> (56 bytes)
Event: 3.810 Thread 0x000000001935d000 nmethod 1817 0x0000000003a06110 code [0x0000000003a06280, 0x0000000003a064b8]
Event: 3.813 Thread 0x000000001935d000 1818       1       org.apache.maven.model.PluginConfiguration::getPluginManagement (5 bytes)
Event: 3.813 Thread 0x000000001935d000 nmethod 1818 0x0000000003a06590 code [0x0000000003a066e0, 0x0000000003a067f0]
Event: 3.813 Thread 0x000000001935d000 1819       2       org.apache.maven.model.PluginContainer::getPlugins (23 bytes)
Event: 3.814 Thread 0x000000001935d000 nmethod 1819 0x0000000003a06850 code [0x0000000003a069a0, 0x0000000003a06b90]
Event: 3.885 Thread 0x000000001935d000 1820       1       org.apache.maven.model.Parent::getVersion (5 bytes)
Event: 3.885 Thread 0x000000001935d000 nmethod 1820 0x0000000003a06c50 code [0x0000000003a06da0, 0x0000000003a06eb0]
Event: 3.927 Thread 0x000000001935d000 1821       2       java.util.Properties$LineReader::readLine (468 bytes)

GC Heap History (6 events):
Event: 2.026 GC heap before
{Heap before GC invocations=1 (full 0):
 PSYoungGen      total 38400K, used 33280K [0x00000000d5c00000, 0x00000000d8680000, 0x0000000100000000)
  eden space 33280K, 100% used [0x00000000d5c00000,0x00000000d7c80000,0x00000000d7c80000)
  from space 5120K, 0% used [0x00000000d8180000,0x00000000d8180000,0x00000000d8680000)
  to   space 5120K, 0% used [0x00000000d7c80000,0x00000000d7c80000,0x00000000d8180000)
 ParOldGen       total 87552K, used 0K [0x0000000081400000, 0x0000000086980000, 0x00000000d5c00000)
  object space 87552K, 0% used [0x0000000081400000,0x0000000081400000,0x0000000086980000)
 Metaspace       used 8203K, capacity 8424K, committed 8576K, reserved 1056768K
  class space    used 1014K, capacity 1084K, committed 1152K, reserved 1048576K
Event: 2.032 GC heap after
Heap after GC invocations=1 (full 0):
 PSYoungGen      total 38400K, used 5097K [0x00000000d5c00000, 0x00000000d8680000, 0x0000000100000000)
  eden space 33280K, 0% used [0x00000000d5c00000,0x00000000d5c00000,0x00000000d7c80000)
  from space 5120K, 99% used [0x00000000d7c80000,0x00000000d817a4f0,0x00000000d8180000)
  to   space 5120K, 0% used [0x00000000d8180000,0x00000000d8180000,0x00000000d8680000)
 ParOldGen       total 87552K, used 430K [0x0000000081400000, 0x0000000086980000, 0x00000000d5c00000)
  object space 87552K, 0% used [0x0000000081400000,0x000000008146b848,0x0000000086980000)
 Metaspace       used 8203K, capacity 8424K, committed 8576K, reserved 1056768K
  class space    used 1014K, capacity 1084K, committed 1152K, reserved 1048576K
}
Event: 2.685 GC heap before
{Heap before GC invocations=2 (full 0):
 PSYoungGen      total 38400K, used 38377K [0x00000000d5c00000, 0x00000000d8680000, 0x0000000100000000)
  eden space 33280K, 100% used [0x00000000d5c00000,0x00000000d7c80000,0x00000000d7c80000)
  from space 5120K, 99% used [0x00000000d7c80000,0x00000000d817a4f0,0x00000000d8180000)
  to   space 5120K, 0% used [0x00000000d8180000,0x00000000d8180000,0x00000000d8680000)
 ParOldGen       total 87552K, used 430K [0x0000000081400000, 0x0000000086980000, 0x00000000d5c00000)
  object space 87552K, 0% used [0x0000000081400000,0x000000008146b848,0x0000000086980000)
 Metaspace       used 11918K, capacity 12148K, committed 12416K, reserved 1060864K
  class space    used 1480K, capacity 1576K, committed 1664K, reserved 1048576K
Event: 2.692 GC heap after
Heap after GC invocations=2 (full 0):
 PSYoungGen      total 38400K, used 5097K [0x00000000d5c00000, 0x00000000d8680000, 0x0000000100000000)
  eden space 33280K, 0% used [0x00000000d5c00000,0x00000000d5c00000,0x00000000d7c80000)
  from space 5120K, 99% used [0x00000000d8180000,0x00000000d867a4f8,0x00000000d8680000)
  to   space 5120K, 0% used [0x00000000d7c80000,0x00000000d7c80000,0x00000000d8180000)
 ParOldGen       total 87552K, used 2769K [0x0000000081400000, 0x0000000086980000, 0x00000000d5c00000)
  object space 87552K, 3% used [0x0000000081400000,0x00000000816b45f0,0x0000000086980000)
 Metaspace       used 11918K, capacity 12148K, committed 12416K, reserved 1060864K
  class space    used 1480K, capacity 1576K, committed 1664K, reserved 1048576K
}
Event: 3.750 GC heap before
{Heap before GC invocations=3 (full 0):
 PSYoungGen      total 38400K, used 38377K [0x00000000d5c00000, 0x00000000d8680000, 0x0000000100000000)
  eden space 33280K, 100% used [0x00000000d5c00000,0x00000000d7c80000,0x00000000d7c80000)
  from space 5120K, 99% used [0x00000000d8180000,0x00000000d867a4f8,0x00000000d8680000)
  to   space 5120K, 0% used [0x00000000d7c80000,0x00000000d7c80000,0x00000000d8180000)
 ParOldGen       total 87552K, used 2769K [0x0000000081400000, 0x0000000086980000, 0x00000000d5c00000)
  object space 87552K, 3% used [0x0000000081400000,0x00000000816b45f0,0x0000000086980000)
 Metaspace       used 14848K, capacity 15112K, committed 15232K, reserved 1062912K
  class space    used 1827K, capacity 1910K, committed 1920K, reserved 1048576K
Event: 3.769 GC heap after
Heap after GC invocations=3 (full 0):
 PSYoungGen      total 38400K, used 5088K [0x00000000d5c00000, 0x00000000d8680000, 0x0000000100000000)
  eden space 33280K, 0% used [0x00000000d5c00000,0x00000000d5c00000,0x00000000d7c80000)
  from space 5120K, 99% used [0x00000000d7c80000,0x00000000d8178030,0x00000000d8180000)
  to   space 5120K, 0% used [0x00000000d8180000,0x00000000d8180000,0x00000000d8680000)
 ParOldGen       total 87552K, used 9559K [0x0000000081400000, 0x0000000086980000, 0x00000000d5c00000)
  object space 87552K, 10% used [0x0000000081400000,0x0000000081d55cf0,0x0000000086980000)
 Metaspace       used 14848K, capacity 15112K, committed 15232K, reserved 1062912K
  class space    used 1827K, capacity 1910K, committed 1920K, reserved 1048576K
}

Deoptimization events (10 events):
Event: 3.179 Thread 0x00000000032f2800 Uncommon trap: reason=unstable_if action=reinterpret pc=0x00000000036ab994 method=sun.nio.cs.UTF_8$Decoder.decodeArrayLoop(Ljava/nio/ByteBuffer;Ljava/nio/CharBuffer;)Ljava/nio/charset/CoderResult; @ 84
Event: 3.187 Thread 0x00000000032f2800 Uncommon trap: reason=unstable_if action=reinterpret pc=0x000000000363fc08 method=java.lang.AbstractStringBuilder.append(Ljava/lang/String;)Ljava/lang/AbstractStringBuilder; @ 1
Event: 3.187 Thread 0x00000000032f2800 Uncommon trap: reason=unstable_if action=reinterpret pc=0x00000000035fe4a0 method=java.lang.AbstractStringBuilder.append(Ljava/lang/String;)Ljava/lang/AbstractStringBuilder; @ 1
Event: 3.306 Thread 0x00000000032f2800 Uncommon trap: reason=predicate action=maybe_recompile pc=0x00000000037a7800 method=java.lang.String.regionMatches(ZILjava/lang/String;II)Z @ 63
Event: 3.332 Thread 0x00000000032f2800 Uncommon trap: reason=unstable_if action=reinterpret pc=0x00000000035a4854 method=java.lang.String.replace(CC)Ljava/lang/String; @ 2
Event: 3.518 Thread 0x00000000032f2800 Uncommon trap: reason=unstable_if action=reinterpret pc=0x000000000351c748 method=java.net.URI.match(CJJ)Z @ 19
Event: 3.518 Thread 0x00000000032f2800 Uncommon trap: reason=unstable_if action=reinterpret pc=0x00000000036b2b9c method=java.nio.charset.CharsetDecoder.decode(Ljava/nio/ByteBuffer;Ljava/nio/CharBuffer;Z)Ljava/nio/charset/CoderResult; @ 1
Event: 3.524 Thread 0x00000000032f2800 Uncommon trap: reason=unstable_if action=reinterpret pc=0x0000000003852d20 method=java.lang.String.substring(I)Ljava/lang/String; @ 35
Event: 3.580 Thread 0x00000000032f2800 Uncommon trap: reason=unstable_if action=reinterpret pc=0x00000000039c5fb4 method=java.lang.reflect.AccessibleObject.setAccessible0(Ljava/lang/reflect/AccessibleObject;Z)V @ 4
Event: 3.656 Thread 0x00000000032f2800 Uncommon trap: reason=unstable_if action=reinterpret pc=0x000000000398eab0 method=java.lang.String.trim()Ljava/lang/String; @ 63

Classes redefined (0 events):
No events

Internal exceptions (10 events):
Event: 2.843 Thread 0x00000000032f2800 Exception <a 'java/lang/NoClassDefFoundError'> (0x00000000d630ee98) thrown at [C:\re\workspace\8-2-build-windows-amd64-cygwin\jdk8u161\10277\hotspot\src\share\vm\prims\jvm.cpp, line 1394]
Event: 2.843 Thread 0x00000000032f2800 Exception <a 'java/lang/NoClassDefFoundError': javax/annotation/Priority> (0x00000000d6313e00) thrown at [C:\re\workspace\8-2-build-windows-amd64-cygwin\jdk8u161\10277\hotspot\src\share\vm\classfile\systemDictionary.cpp, line 199]
Event: 3.113 Thread 0x00000000032f2800 Exception <a 'java/lang/NullPointerException'> (0x00000000d6a324e0) thrown at [C:\re\workspace\8-2-build-windows-amd64-cygwin\jdk8u161\10277\hotspot\src\share\vm\interpreter\linkResolver.cpp, line 1185]
Event: 3.113 Thread 0x00000000032f2800 Exception <a 'java/lang/NullPointerException'> (0x00000000d6a326f8) thrown at [C:\re\workspace\8-2-build-windows-amd64-cygwin\jdk8u161\10277\hotspot\src\share\vm\interpreter\linkResolver.cpp, line 1185]
Event: 3.113 Thread 0x00000000032f2800 Exception <a 'java/lang/NullPointerException'> (0x00000000d6a32910) thrown at [C:\re\workspace\8-2-build-windows-amd64-cygwin\jdk8u161\10277\hotspot\src\share\vm\interpreter\linkResolver.cpp, line 1185]
Event: 3.114 Thread 0x00000000032f2800 Exception <a 'java/lang/NullPointerException'> (0x00000000d6a498c0) thrown at [C:\re\workspace\8-2-build-windows-amd64-cygwin\jdk8u161\10277\hotspot\src\share\vm\interpreter\linkResolver.cpp, line 1185]
Event: 3.114 Thread 0x00000000032f2800 Exception <a 'java/lang/NullPointerException'> (0x00000000d6a49ad8) thrown at [C:\re\workspace\8-2-build-windows-amd64-cygwin\jdk8u161\10277\hotspot\src\share\vm\interpreter\linkResolver.cpp, line 1185]
Event: 3.114 Thread 0x00000000032f2800 Exception <a 'java/lang/NullPointerException'> (0x00000000d6a49cf0) thrown at [C:\re\workspace\8-2-build-windows-amd64-cygwin\jdk8u161\10277\hotspot\src\share\vm\interpreter\linkResolver.cpp, line 1185]
Event: 3.187 Thread 0x00000000032f2800 Implicit null exception at 0x000000000363f856 to 0x000000000363fbf1
Event: 3.187 Thread 0x00000000032f2800 Implicit null exception at 0x00000000035fe0d4 to 0x00000000035fe489

Events (10 events):
Event: 3.785 loading class org/apache/maven/model/building/DefaultModelBuildingEvent
Event: 3.785 loading class org/apache/maven/model/building/DefaultModelBuildingEvent done
Event: 3.788 loading class org/apache/maven/lifecycle/mapping/Lifecycle
Event: 3.788 loading class org/apache/maven/lifecycle/mapping/Lifecycle done
Event: 3.790 loading class org/apache/maven/lifecycle/mapping/LifecycleMojo
Event: 3.790 loading class org/apache/maven/lifecycle/mapping/LifecycleMojo done
Event: 3.812 loading class org/apache/maven/lifecycle/internal/DefaultLifecyclePluginAnalyzer$1
Event: 3.812 loading class org/apache/maven/lifecycle/internal/DefaultLifecyclePluginAnalyzer$1 done
Event: 3.885 Thread 0x00000000032f2800 DEOPT PACKING pc=0x000000000394ce5b sp=0x00000000032ed440
Event: 3.885 Thread 0x00000000032f2800 DEOPT UNPACKING pc=0x0000000003437890 sp=0x00000000032ed240 mode 0


Dynamic libraries:
0x00007ff629120000 - 0x00007ff629157000 	C:\Program Files\Java\jdk1.8.0_161\bin\java.exe
0x00007ffc1cf80000 - 0x00007ffc1d170000 	C:\WINDOWS\SYSTEM32\ntdll.dll
0x00007ffc1c870000 - 0x00007ffc1c922000 	C:\WINDOWS\System32\KERNEL32.DLL
0x00007ffc19f30000 - 0x00007ffc1a1d5000 	C:\WINDOWS\System32\KERNELBASE.dll
0x00007ffc1c6f0000 - 0x00007ffc1c793000 	C:\WINDOWS\System32\ADVAPI32.dll
0x00007ffc1bce0000 - 0x00007ffc1bd7e000 	C:\WINDOWS\System32\msvcrt.dll
0x00007ffc1c540000 - 0x00007ffc1c5d7000 	C:\WINDOWS\System32\sechost.dll
0x00007ffc1c140000 - 0x00007ffc1c25f000 	C:\WINDOWS\System32\RPCRT4.dll
0x00007ffc1cda0000 - 0x00007ffc1cf34000 	C:\WINDOWS\System32\USER32.dll
0x00007ffc19f00000 - 0x00007ffc19f21000 	C:\WINDOWS\System32\win32u.dll
0x00007ffc1c2e0000 - 0x00007ffc1c306000 	C:\WINDOWS\System32\GDI32.dll
0x00007ffc1ae30000 - 0x00007ffc1afc8000 	C:\WINDOWS\System32\gdi32full.dll
0x00007ffc1a1e0000 - 0x00007ffc1a27e000 	C:\WINDOWS\System32\msvcp_win.dll
0x00007ffc1a340000 - 0x00007ffc1a43a000 	C:\WINDOWS\System32\ucrtbase.dll
0x00007ffc0c020000 - 0x00007ffc0c2a4000 	C:\WINDOWS\WinSxS\amd64_microsoft.windows.common-controls_6595b64144ccf1df_6.0.18362.1316_none_9e7a364fe461dbd7\COMCTL32.dll
0x00007ffc1be00000 - 0x00007ffc1c137000 	C:\WINDOWS\System32\combase.dll
0x00007ffc1a280000 - 0x00007ffc1a301000 	C:\WINDOWS\System32\bcryptPrimitives.dll
0x00007ffc1b900000 - 0x00007ffc1b92e000 	C:\WINDOWS\System32\IMM32.DLL
0x0000000053940000 - 0x0000000053a12000 	C:\Program Files\Java\jdk1.8.0_161\jre\bin\msvcr100.dll
0x00000000530a0000 - 0x000000005393f000 	C:\Program Files\Java\jdk1.8.0_161\jre\bin\server\jvm.dll
0x00007ffc1c2d0000 - 0x00007ffc1c2d8000 	C:\WINDOWS\System32\PSAPI.DLL
0x00007ffc0e930000 - 0x00007ffc0e93a000 	C:\WINDOWS\SYSTEM32\VERSION.dll
0x00007ffbfbb50000 - 0x00007ffbfbb59000 	C:\WINDOWS\SYSTEM32\WSOCK32.dll
0x00007ffc16ac0000 - 0x00007ffc16ae4000 	C:\WINDOWS\SYSTEM32\WINMM.dll
0x00007ffc1c600000 - 0x00007ffc1c66f000 	C:\WINDOWS\System32\WS2_32.dll
0x00007ffc16a90000 - 0x00007ffc16abd000 	C:\WINDOWS\SYSTEM32\WINMMBASE.dll
0x00007ffc1a510000 - 0x00007ffc1a55a000 	C:\WINDOWS\System32\cfgmgr32.dll
0x0000000053090000 - 0x000000005309f000 	C:\Program Files\Java\jdk1.8.0_161\jre\bin\verify.dll
0x0000000053060000 - 0x0000000053089000 	C:\Program Files\Java\jdk1.8.0_161\jre\bin\java.dll
0x0000000053040000 - 0x0000000053056000 	C:\Program Files\Java\jdk1.8.0_161\jre\bin\zip.dll
0x00007ffc1b140000 - 0x00007ffc1b828000 	C:\WINDOWS\System32\SHELL32.dll
0x00007ffc1b030000 - 0x00007ffc1b0d7000 	C:\WINDOWS\System32\shcore.dll
0x00007ffc1a560000 - 0x00007ffc1acdb000 	C:\WINDOWS\System32\windows.storage.dll
0x00007ffc19e60000 - 0x00007ffc19e83000 	C:\WINDOWS\System32\profapi.dll
0x00007ffc19e90000 - 0x00007ffc19eda000 	C:\WINDOWS\System32\powrprof.dll
0x00007ffc19e30000 - 0x00007ffc19e40000 	C:\WINDOWS\System32\UMPDC.dll
0x00007ffc1c4e0000 - 0x00007ffc1c532000 	C:\WINDOWS\System32\shlwapi.dll
0x00007ffc19e40000 - 0x00007ffc19e51000 	C:\WINDOWS\System32\kernel.appcore.dll
0x00007ffc1a4f0000 - 0x00007ffc1a507000 	C:\WINDOWS\System32\cryptsp.dll
0x00007ffc0a000000 - 0x00007ffc0a00a000 	E:\software\maven\apache-maven-3.5.3\lib\jansi-native\windows64\jansi.dll
0x0000000053020000 - 0x000000005303a000 	C:\Program Files\Java\jdk1.8.0_161\jre\bin\net.dll
0x00007ffc19670000 - 0x00007ffc196d7000 	C:\WINDOWS\system32\mswsock.dll
0x0000000053000000 - 0x0000000053011000 	C:\Program Files\Java\jdk1.8.0_161\jre\bin\nio.dll

VM Arguments:
jvm_args: -Dclassworlds.conf=E:\software\maven\apache-maven-3.5.3\bin\..\bin\m2.conf -Dmaven.home=E:\software\maven\apache-maven-3.5.3\bin\.. -Dlibrary.jansi.path=E:\software\maven\apache-maven-3.5.3\bin\..\lib\jansi-native -Dmaven.multiModuleProjectDirectory=E:\IDEA Workspace\union-boot-pk 
java_command: org.codehaus.plexus.classworlds.launcher.Launcher clean
java_class_path (initial): E:\software\maven\apache-maven-3.5.3\bin\..\boot\plexus-classworlds-2.5.2.jar
Launcher Type: SUN_STANDARD

Environment Variables:
JAVA_HOME=C:\Program Files\Java\jdk1.8.0_161
PATH=C:\ProgramData\Oracle\Java\javapath;C:\Program Files (x86)\Intel\iCLS Client\;C:\Program Files\Intel\iCLS Client\;C:\windows\system32;C:\windows;C:\windows\System32\Wbem;C:\windows\System32\WindowsPowerShell\v1.0\;C:\Program Files (x86)\NVIDIA Corporation\PhysX\Common;C:\Program Files (x86)\Intel\Intel(R) Management Engine Components\DAL;C:\Program Files\Intel\Intel(R) Management Engine Components\DAL;C:\Program Files (x86)\Intel\Intel(R) Management Engine Components\IPT;C:\Program Files\Intel\Intel(R) Management Engine Components\IPT;C:\WINDOWS\system32;C:\WINDOWS;C:\WINDOWS\System32\Wbem;C:\WINDOWS\System32\WindowsPowerShell\v1.0\;C:\WINDOWS\System32\OpenSSH\;C:\Program Files\Java\jdk1.8.0_161\bin;E:\software\maven\apache-maven-3.5.3\bin;C:\Program Files\TortoiseSVN\bin;C:\Program Files\Microsoft SQL Server\130\Tools\Binn\;C:\Program Files\dotnet\;C:\Program Files\TortoiseGit\bin;C:\Program Files\Git\cmd;E:\software\svn\bin;C:\Program Files\nodejs\;C:\Users\root\AppData\Local\Microsoft\WindowsApps;C:\Program Files\JetBrains\IntelliJ IDEA 2020.2.3\bin;C:\Program Files\JetBrains\IntelliJ IDEA Community Edition 2020.1.3\bin;C:\Users\root\.dotnet\tools;C:\Program Files\Huawei\DevEco Studio\bin;C:\Users\root\AppData\Roaming\npm
USERNAME=root
OS=Windows_NT
PROCESSOR_IDENTIFIER=Intel64 Family 6 Model 142 Stepping 9, GenuineIntel



---------------  S Y S T E M  ---------------

OS: Windows 10.0 , 64 bit Build 18362 (10.0.18362.1316)

CPU:total 4 (initial active 4) (2 cores per cpu, 2 threads per core) family 6 model 142 stepping 9, cmov, cx8, fxsr, mmx, sse, sse2, sse3, ssse3, sse4.1, sse4.2, popcnt, avx, avx2, aes, clmul, erms, 3dnowpref, lzcnt, ht, tsc, tscinvbit, bmi1, bmi2, adx

Memory: 4k page, physical 8301184k(655412k free), swap 14592620k(3128k free)

vm_info: Java HotSpot(TM) 64-Bit Server VM (25.161-b12) for windows-amd64 JRE (1.8.0_161-b12), built on Dec 19 2017 17:52:25 by "java_re" with MS VC++ 10.0 (VS2010)

time: Thu Jan 21 15:47:15 2021
elapsed time: 3 seconds (0d 0h 0m 3s)

