#
# There is insufficient memory for the Java Runtime Environment to continue.
# Native memory allocation (malloc) failed to allocate 706896 bytes for Chunk::new
# Possible reasons:
#   The system is out of physical RAM or swap space
#   In 32 bit mode, the process size limit was hit
# Possible solutions:
#   Reduce memory load on the system
#   Increase physical memory or swap space
#   Check if swap backing store is full
#   Use 64 bit Java on a 64 bit OS
#   Decrease Java heap size (-Xmx/-Xms)
#   Decrease number of Java threads
#   Decrease Java thread stack sizes (-Xss)
#   Set larger code cache with -XX:ReservedCodeCacheSize=
# This output file may be truncated or incomplete.
#
#  Out of Memory Error (allocation.cpp:390), pid=15104, tid=0x0000000000001460
#
# JRE version: Java(TM) SE Runtime Environment (8.0_161-b12) (build 1.8.0_161-b12)
# Java VM: Java HotSpot(TM) 64-Bit Server VM (25.161-b12 mixed mode windows-amd64 compressed oops)
# Failed to write core dump. Minidumps are not enabled by default on client versions of Windows
#

---------------  T H R E A D  ---------------

Current thread (0x0000000019427000):  JavaThread "C2 CompilerThread0" daemon [_thread_in_native, id=5216, stack(0x00000000199d0000,0x0000000019ad0000)]

Stack: [0x00000000199d0000,0x0000000019ad0000]
[error occurred during error reporting (printing stack bounds), id 0xc0000005]

Native frames: (J=compiled Java code, j=interpreted, Vv=VM code, C=native code)


Current CompileTask:
C2: 209863 8108   !   4       java.lang.ClassLoader::loadClass (122 bytes)


---------------  P R O C E S S  ---------------

Java Threads: ( => current thread )
  0x000000001ac89800 JavaThread "DestroyJavaVM" [_thread_blocked, id=20552, stack(0x00000000025b0000,0x00000000026b0000)]
  0x000000001ac8a000 JavaThread "http-nio-8080-Acceptor" daemon [_thread_in_native, id=14588, stack(0x000000002af40000,0x000000002b040000)]
  0x000000001ac86800 JavaThread "http-nio-8080-ClientPoller" daemon [_thread_in_native, id=6932, stack(0x000000002ae40000,0x000000002af40000)]
  0x000000002059d000 JavaThread "http-nio-8080-exec-10" daemon [_thread_blocked, id=7892, stack(0x000000002ad40000,0x000000002ae40000)]
  0x000000002059b800 JavaThread "http-nio-8080-exec-9" daemon [_thread_blocked, id=14132, stack(0x000000002ac40000,0x000000002ad40000)]
  0x000000002059c800 JavaThread "http-nio-8080-exec-8" daemon [_thread_blocked, id=12096, stack(0x000000002ab40000,0x000000002ac40000)]
  0x000000002059b000 JavaThread "http-nio-8080-exec-7" daemon [_thread_blocked, id=6836, stack(0x000000002aa40000,0x000000002ab40000)]
  0x000000002059a000 JavaThread "http-nio-8080-exec-6" daemon [_thread_blocked, id=21308, stack(0x000000002a940000,0x000000002aa40000)]
  0x0000000020598800 JavaThread "http-nio-8080-exec-5" daemon [_thread_blocked, id=1416, stack(0x000000002a840000,0x000000002a940000)]
  0x0000000020599800 JavaThread "http-nio-8080-exec-4" daemon [_thread_blocked, id=19772, stack(0x000000002a740000,0x000000002a840000)]
  0x0000000020598000 JavaThread "http-nio-8080-exec-3" daemon [_thread_blocked, id=15752, stack(0x0000000029950000,0x0000000029a50000)]
  0x0000000020590800 JavaThread "http-nio-8080-exec-2" daemon [_thread_blocked, id=20776, stack(0x0000000029850000,0x0000000029950000)]
  0x0000000020597000 JavaThread "http-nio-8080-exec-1" daemon [_thread_in_native, id=21520, stack(0x0000000029750000,0x0000000029850000)]
  0x000000002058f800 JavaThread "http-nio-8080-BlockPoller" daemon [_thread_in_native, id=13828, stack(0x0000000029650000,0x0000000029750000)]
  0x0000000020592800 JavaThread "scheduling-1" [_thread_blocked, id=21620, stack(0x0000000029350000,0x0000000029450000)]
  0x0000000020595000 JavaThread "File Watcher" daemon [_thread_blocked, id=21724, stack(0x0000000029250000,0x0000000029350000)]
  0x0000000020596800 JavaThread "quartzScheduler_QuartzSchedulerThread" [_thread_blocked, id=13480, stack(0x0000000028ce0000,0x0000000028de0000)]
  0x0000000020595800 JavaThread "quartzScheduler_Worker-10" [_thread_blocked, id=8836, stack(0x000000002a640000,0x000000002a740000)]
  0x0000000020592000 JavaThread "quartzScheduler_Worker-9" [_thread_blocked, id=7596, stack(0x000000002a540000,0x000000002a640000)]
  0x000000002058f000 JavaThread "quartzScheduler_Worker-8" [_thread_blocked, id=12676, stack(0x000000002a440000,0x000000002a540000)]
  0x000000002058e000 JavaThread "quartzScheduler_Worker-7" [_thread_blocked, id=22168, stack(0x000000002a340000,0x000000002a440000)]
  0x0000000020593800 JavaThread "quartzScheduler_Worker-6" [_thread_blocked, id=6468, stack(0x000000002a240000,0x000000002a340000)]
  0x0000000020591000 JavaThread "quartzScheduler_Worker-5" [_thread_blocked, id=7604, stack(0x000000002a140000,0x000000002a240000)]
  0x0000000020594000 JavaThread "quartzScheduler_Worker-4" [_thread_blocked, id=4404, stack(0x000000002a040000,0x000000002a140000)]
  0x000000001ea75000 JavaThread "quartzScheduler_Worker-3" [_thread_blocked, id=13844, stack(0x0000000029d00000,0x0000000029e00000)]
  0x000000001ea78000 JavaThread "quartzScheduler_Worker-2" [_thread_blocked, id=12772, stack(0x0000000029c00000,0x0000000029d00000)]
  0x000000001ea74000 JavaThread "quartzScheduler_Worker-1" [_thread_blocked, id=11024, stack(0x0000000029b00000,0x0000000029c00000)]
  0x000000001ea72000 JavaThread "idle_connection_reaper" daemon [_thread_blocked, id=20092, stack(0x0000000028be0000,0x0000000028ce0000)]
  0x000000001ea73800 JavaThread "lettuce-eventExecutorLoop-1-4" daemon [_thread_blocked, id=17496, stack(0x0000000028ae0000,0x0000000028be0000)]
  0x000000001ea72800 JavaThread "lettuce-eventExecutorLoop-1-3" daemon [_thread_blocked, id=21232, stack(0x0000000028850000,0x0000000028950000)]
  0x000000001ea76800 JavaThread "lettuce-eventExecutorLoop-1-2" daemon [_thread_blocked, id=19012, stack(0x0000000028750000,0x0000000028850000)]
  0x000000001ea78800 JavaThread "lettuce-eventExecutorLoop-1-1" daemon [_thread_blocked, id=21904, stack(0x00000000289e0000,0x0000000028ae0000)]
  0x000000001ea75800 JavaThread "lettuce-nioEventLoop-4-1" daemon [_thread_in_native, id=4696, stack(0x0000000025990000,0x0000000025a90000)]
  0x000000001ea77000 JavaThread "Live Reload Server" daemon [_thread_in_native, id=18916, stack(0x0000000026b40000,0x0000000026c40000)]
  0x000000001ee7a800 JavaThread "Druid-ConnectionPool-Destroy-952627045" daemon [_thread_blocked, id=21616, stack(0x0000000024160000,0x0000000024260000)]
  0x0000000019863000 JavaThread "Druid-ConnectionPool-Create-952627045" daemon [_thread_blocked, id=16000, stack(0x0000000024060000,0x0000000024160000)]
  0x0000000019fd3000 JavaThread "Abandoned connection cleanup thread" daemon [_thread_blocked, id=10712, stack(0x000000001e720000,0x000000001e820000)]
  0x0000000021b05800 JavaThread "container-0" [_thread_blocked, id=21424, stack(0x0000000022390000,0x0000000022490000)]
  0x000000002041a000 JavaThread "Catalina-utility-2" [_thread_blocked, id=20984, stack(0x000000001fc60000,0x000000001fd60000)]
  0x0000000020fbe800 JavaThread "Catalina-utility-1" [_thread_blocked, id=22336, stack(0x000000001b4a0000,0x000000001b5a0000)]
  0x000000001b894000 JavaThread "Log4j2-TF-2-Scheduled-1" daemon [_thread_blocked, id=14456, stack(0x000000001c820000,0x000000001c920000)]
  0x00000000194ad800 JavaThread "Service Thread" daemon [_thread_blocked, id=5776, stack(0x0000000019cd0000,0x0000000019dd0000)]
  0x00000000194ac800 JavaThread "C1 CompilerThread2" daemon [_thread_blocked, id=20892, stack(0x0000000019bd0000,0x0000000019cd0000)]
  0x0000000019427800 JavaThread "C2 CompilerThread1" daemon [_thread_blocked, id=10748, stack(0x0000000019ad0000,0x0000000019bd0000)]
=>0x0000000019427000 JavaThread "C2 CompilerThread0" daemon [_thread_in_native, id=5216, stack(0x00000000199d0000,0x0000000019ad0000)]
  0x00000000175c4800 JavaThread "JDWP Command Reader" daemon [_thread_in_native, id=12356, stack(0x00000000190d0000,0x00000000191d0000)]
  0x00000000175c1800 JavaThread "JDWP Event Helper Thread" daemon [_thread_in_native, id=3584, stack(0x0000000018fd0000,0x00000000190d0000)]
  0x00000000175b5800 JavaThread "JDWP Transport Listener: dt_socket" daemon [_thread_blocked, id=19564, stack(0x0000000018ed0000,0x0000000018fd0000)]
  0x00000000175a9800 JavaThread "Attach Listener" daemon [_thread_blocked, id=22036, stack(0x0000000018dd0000,0x0000000018ed0000)]
  0x0000000017599000 JavaThread "Signal Dispatcher" daemon [_thread_blocked, id=5036, stack(0x0000000018cd0000,0x0000000018dd0000)]
  0x000000001756f800 JavaThread "Finalizer" daemon [_thread_blocked, id=10940, stack(0x00000000187d0000,0x00000000188d0000)]
  0x0000000017548800 JavaThread "Reference Handler" daemon [_thread_blocked, id=14196, stack(0x00000000186d0000,0x00000000187d0000)]

Other Threads:
  0x0000000017547800 VMThread [stack: 0x00000000185d0000,0x00000000186d0000] [id=18956]
  0x0000000019523800 WatcherThread [stack: 0x0000000019dd0000,0x0000000019ed0000] [id=21440]

VM state:not at safepoint (normal execution)

VM Mutex/Monitor currently owned by a thread: None

Heap:
 PSYoungGen      total 492032K, used 330689K [0x00000000d5c00000, 0x00000000fe100000, 0x0000000100000000)
  eden space 475648K, 66% used [0x00000000d5c00000,0x00000000e8ef5558,0x00000000f2c80000)
  from space 16384K, 99% used [0x00000000f2c80000,0x00000000f3c7aec8,0x00000000f3c80000)
  to   space 22528K, 0% used [0x00000000fcb00000,0x00000000fcb00000,0x00000000fe100000)
 ParOldGen       total 104960K, used 45124K [0x0000000081400000, 0x0000000087a80000, 0x00000000d5c00000)
  object space 104960K, 42% used [0x0000000081400000,0x00000000840111f0,0x0000000087a80000)
 Metaspace       used 83699K, capacity 86542K, committed 86656K, reserved 1124352K
  class space    used 10624K, capacity 11135K, committed 11136K, reserved 1048576K

Card table byte_map: [0x0000000011dd0000,0x00000000121d0000] byte_map_base: 0x00000000119c6000

Marking Bits: (ParMarkBitMap*) 0x000000005172f860
 Begin Bits: [0x0000000012880000, 0x0000000014830000)
 End Bits:   [0x0000000014830000, 0x00000000167e0000)

Polling page: 0x0000000000850000

CodeCache: size=245760Kb used=24317Kb max_used=25941Kb free=221442Kb
 bounds [0x0000000002a10000, 0x0000000004390000, 0x0000000011a10000]
 total_blobs=7385 nmethods=6721 adapters=583
 compilation: enabled

Compilation events (10 events):
Event: 209.660 Thread 0x00000000194ac800 8104       3       io.netty.util.Recycler$Stack::dropHandle (35 bytes)
Event: 209.660 Thread 0x00000000194ac800 nmethod 8104 0x000000000372dd50 code [0x000000000372dea0, 0x000000000372e090]
Event: 209.665 Thread 0x0000000019427000 nmethod 8099 0x00000000041bce50 code [0x00000000041bcfe0, 0x00000000041bd6f8]
Event: 209.694 Thread 0x00000000194ac800 8105       3       com.alibaba.fastjson.parser.JSONLexerBase::putChar (60 bytes)
Event: 209.694 Thread 0x0000000019427800 8106       4       com.alibaba.fastjson.parser.JSONScanner::next (39 bytes)
Event: 209.694 Thread 0x00000000194ac800 nmethod 8105 0x0000000004018d10 code [0x0000000004018e80, 0x00000000040191a8]
Event: 209.694 Thread 0x00000000194ac800 8107       1       com.alibaba.fastjson.parser.JSONLexerBase::token (5 bytes)
Event: 209.695 Thread 0x00000000194ac800 nmethod 8107 0x00000000038bf9d0 code [0x00000000038bfb20, 0x00000000038bfc30]
Event: 209.696 Thread 0x0000000019427800 nmethod 8106 0x000000000312a150 code [0x000000000312a2a0, 0x000000000312a478]
Event: 209.809 Thread 0x0000000019427000 8108   !   4       java.lang.ClassLoader::loadClass (122 bytes)

GC Heap History (10 events):
Event: 14.443 GC heap before
{Heap before GC invocations=12 (full 2):
 PSYoungGen      total 355840K, used 8758K [0x00000000d5c00000, 0x00000000ee300000, 0x0000000100000000)
  eden space 344064K, 0% used [0x00000000d5c00000,0x00000000d5c00000,0x00000000eac00000)
  from space 11776K, 74% used [0x00000000eb800000,0x00000000ec08d860,0x00000000ec380000)
  to   space 12288K, 0% used [0x00000000eac00000,0x00000000eac00000,0x00000000eb800000)
 ParOldGen       total 49152K, used 10507K [0x0000000081400000, 0x0000000084400000, 0x00000000d5c00000)
  object space 49152K, 21% used [0x0000000081400000,0x0000000081e42d40,0x0000000084400000)
 Metaspace       used 34266K, capacity 35298K, committed 35416K, reserved 1081344K
  class space    used 4265K, capacity 4517K, committed 4608K, reserved 1048576K
Event: 14.527 GC heap after
Heap after GC invocations=12 (full 2):
 PSYoungGen      total 355840K, used 0K [0x00000000d5c00000, 0x00000000ee300000, 0x0000000100000000)
  eden space 344064K, 0% used [0x00000000d5c00000,0x00000000d5c00000,0x00000000eac00000)
  from space 11776K, 0% used [0x00000000eb800000,0x00000000eb800000,0x00000000ec380000)
  to   space 12288K, 0% used [0x00000000eac00000,0x00000000eac00000,0x00000000eb800000)
 ParOldGen       total 71680K, used 16671K [0x0000000081400000, 0x0000000085a00000, 0x00000000d5c00000)
  object space 71680K, 23% used [0x0000000081400000,0x0000000082447fc8,0x0000000085a00000)
 Metaspace       used 34266K, capacity 35298K, committed 35416K, reserved 1081344K
  class space    used 4265K, capacity 4517K, committed 4608K, reserved 1048576K
}
Event: 25.662 GC heap before
{Heap before GC invocations=13 (full 2):
 PSYoungGen      total 355840K, used 344064K [0x00000000d5c00000, 0x00000000ee300000, 0x0000000100000000)
  eden space 344064K, 100% used [0x00000000d5c00000,0x00000000eac00000,0x00000000eac00000)
  from space 11776K, 0% used [0x00000000eb800000,0x00000000eb800000,0x00000000ec380000)
  to   space 12288K, 0% used [0x00000000eac00000,0x00000000eac00000,0x00000000eb800000)
 ParOldGen       total 71680K, used 16671K [0x0000000081400000, 0x0000000085a00000, 0x00000000d5c00000)
  object space 71680K, 23% used [0x0000000081400000,0x0000000082447fc8,0x0000000085a00000)
 Metaspace       used 46106K, capacity 47758K, committed 48000K, reserved 1091584K
  class space    used 5897K, capacity 6233K, committed 6272K, reserved 1048576K
Event: 25.690 GC heap after
Heap after GC invocations=13 (full 2):
 PSYoungGen      total 356352K, used 12285K [0x00000000d5c00000, 0x00000000f4e80000, 0x0000000100000000)
  eden space 344064K, 0% used [0x00000000d5c00000,0x00000000d5c00000,0x00000000eac00000)
  from space 12288K, 99% used [0x00000000eac00000,0x00000000eb7ff690,0x00000000eb800000)
  to   space 15360K, 0% used [0x00000000f3f80000,0x00000000f3f80000,0x00000000f4e80000)
 ParOldGen       total 71680K, used 20544K [0x0000000081400000, 0x0000000085a00000, 0x00000000d5c00000)
  object space 71680K, 28% used [0x0000000081400000,0x0000000082810198,0x0000000085a00000)
 Metaspace       used 46106K, capacity 47758K, committed 48000K, reserved 1091584K
  class space    used 5897K, capacity 6233K, committed 6272K, reserved 1048576K
}
Event: 42.565 GC heap before
{Heap before GC invocations=14 (full 2):
 PSYoungGen      total 356352K, used 232196K [0x00000000d5c00000, 0x00000000f4e80000, 0x0000000100000000)
  eden space 344064K, 63% used [0x00000000d5c00000,0x00000000e32c1b68,0x00000000eac00000)
  from space 12288K, 99% used [0x00000000eac00000,0x00000000eb7ff690,0x00000000eb800000)
  to   space 15360K, 0% used [0x00000000f3f80000,0x00000000f3f80000,0x00000000f4e80000)
 ParOldGen       total 71680K, used 20544K [0x0000000081400000, 0x0000000085a00000, 0x00000000d5c00000)
  object space 71680K, 28% used [0x0000000081400000,0x0000000082810198,0x0000000085a00000)
 Metaspace       used 56911K, capacity 58728K, committed 59028K, reserved 1101824K
  class space    used 7287K, capacity 7654K, committed 7680K, reserved 1048576K
Event: 42.589 GC heap after
Heap after GC invocations=14 (full 2):
 PSYoungGen      total 480768K, used 12990K [0x00000000d5c00000, 0x00000000f4c80000, 0x0000000100000000)
  eden space 467456K, 0% used [0x00000000d5c00000,0x00000000d5c00000,0x00000000f2480000)
  from space 13312K, 97% used [0x00000000f3f80000,0x00000000f4c2fad8,0x00000000f4c80000)
  to   space 16384K, 0% used [0x00000000f2c80000,0x00000000f2c80000,0x00000000f3c80000)
 ParOldGen       total 71680K, used 28495K [0x0000000081400000, 0x0000000085a00000, 0x00000000d5c00000)
  object space 71680K, 39% used [0x0000000081400000,0x0000000082fd3ed8,0x0000000085a00000)
 Metaspace       used 56911K, capacity 58728K, committed 59028K, reserved 1101824K
  class space    used 7287K, capacity 7654K, committed 7680K, reserved 1048576K
}
Event: 42.589 GC heap before
{Heap before GC invocations=15 (full 3):
 PSYoungGen      total 480768K, used 12990K [0x00000000d5c00000, 0x00000000f4c80000, 0x0000000100000000)
  eden space 467456K, 0% used [0x00000000d5c00000,0x00000000d5c00000,0x00000000f2480000)
  from space 13312K, 97% used [0x00000000f3f80000,0x00000000f4c2fad8,0x00000000f4c80000)
  to   space 16384K, 0% used [0x00000000f2c80000,0x00000000f2c80000,0x00000000f3c80000)
 ParOldGen       total 71680K, used 28495K [0x0000000081400000, 0x0000000085a00000, 0x00000000d5c00000)
  object space 71680K, 39% used [0x0000000081400000,0x0000000082fd3ed8,0x0000000085a00000)
 Metaspace       used 56911K, capacity 58728K, committed 59028K, reserved 1101824K
  class space    used 7287K, capacity 7654K, committed 7680K, reserved 1048576K
Event: 42.870 GC heap after
Heap after GC invocations=15 (full 3):
 PSYoungGen      total 480768K, used 0K [0x00000000d5c00000, 0x00000000f4c80000, 0x0000000100000000)
  eden space 467456K, 0% used [0x00000000d5c00000,0x00000000d5c00000,0x00000000f2480000)
  from space 13312K, 0% used [0x00000000f3f80000,0x00000000f3f80000,0x00000000f4c80000)
  to   space 16384K, 0% used [0x00000000f2c80000,0x00000000f2c80000,0x00000000f3c80000)
 ParOldGen       total 104960K, used 33985K [0x0000000081400000, 0x0000000087a80000, 0x00000000d5c00000)
  object space 104960K, 32% used [0x0000000081400000,0x00000000835306f8,0x0000000087a80000)
 Metaspace       used 56911K, capacity 58728K, committed 59028K, reserved 1101824K
  class space    used 7287K, capacity 7654K, committed 7680K, reserved 1048576K
}
Event: 56.325 GC heap before
{Heap before GC invocations=16 (full 3):
 PSYoungGen      total 480768K, used 467456K [0x00000000d5c00000, 0x00000000f4c80000, 0x0000000100000000)
  eden space 467456K, 100% used [0x00000000d5c00000,0x00000000f2480000,0x00000000f2480000)
  from space 13312K, 0% used [0x00000000f3f80000,0x00000000f3f80000,0x00000000f4c80000)
  to   space 16384K, 0% used [0x00000000f2c80000,0x00000000f2c80000,0x00000000f3c80000)
 ParOldGen       total 104960K, used 33985K [0x0000000081400000, 0x0000000087a80000, 0x00000000d5c00000)
  object space 104960K, 32% used [0x0000000081400000,0x00000000835306f8,0x0000000087a80000)
 Metaspace       used 76401K, capacity 79056K, committed 79232K, reserved 1118208K
  class space    used 9804K, capacity 10276K, committed 10368K, reserved 1048576K
Event: 56.364 GC heap after
Heap after GC invocations=16 (full 3):
 PSYoungGen      total 492032K, used 16363K [0x00000000d5c00000, 0x00000000fe100000, 0x0000000100000000)
  eden space 475648K, 0% used [0x00000000d5c00000,0x00000000d5c00000,0x00000000f2c80000)
  from space 16384K, 99% used [0x00000000f2c80000,0x00000000f3c7aec8,0x00000000f3c80000)
  to   space 22528K, 0% used [0x00000000fcb00000,0x00000000fcb00000,0x00000000fe100000)
 ParOldGen       total 104960K, used 45124K [0x0000000081400000, 0x0000000087a80000, 0x00000000d5c00000)
  object space 104960K, 42% used [0x0000000081400000,0x00000000840111f0,0x0000000087a80000)
 Metaspace       used 76401K, capacity 79056K, committed 79232K, reserved 1118208K
  class space    used 9804K, capacity 10276K, committed 10368K, reserved 1048576K
}

Deoptimization events (10 events):
Event: 208.144 Thread 0x0000000020597000 Uncommon trap: reason=unstable_if action=reinterpret pc=0x000000000370c1d8 method=java.util.regex.Pattern$Curly.match0(Ljava/util/regex/Matcher;IILjava/lang/CharSequence;)Z @ 5
Event: 208.144 Thread 0x0000000020597000 Uncommon trap: reason=unstable_if action=reinterpret pc=0x00000000037edb14 method=java.util.regex.Pattern$Curly.match0(Ljava/util/regex/Matcher;IILjava/lang/CharSequence;)Z @ 5
Event: 208.501 Thread 0x0000000020597000 Uncommon trap: reason=unstable_if action=reinterpret pc=0x00000000037f70d4 method=java.util.Arrays.hashCode([Ljava/lang/Object;)I @ 1
Event: 209.129 Thread 0x0000000020597000 Uncommon trap: reason=unstable_if action=reinterpret pc=0x0000000003067bf8 method=jdk.internal.org.objectweb.asm.ByteVector.putUTF8(Ljava/lang/String;)Ljdk/internal/org/objectweb/asm/ByteVector; @ 98
Event: 209.257 Thread 0x0000000020597000 Uncommon trap: reason=class_check action=maybe_recompile pc=0x0000000002ef59a4 method=java.lang.ClassLoader.loadClass(Ljava/lang/String;Z)Ljava/lang/Class; @ 38
Event: 209.258 Thread 0x0000000020597000 Uncommon trap: reason=class_check action=maybe_recompile pc=0x0000000002ef59a4 method=java.lang.ClassLoader.loadClass(Ljava/lang/String;Z)Ljava/lang/Class; @ 38
Event: 209.258 Thread 0x0000000020597000 Uncommon trap: reason=class_check action=maybe_recompile pc=0x0000000002ef59a4 method=java.lang.ClassLoader.loadClass(Ljava/lang/String;Z)Ljava/lang/Class; @ 38
Event: 209.298 Thread 0x0000000020597000 Uncommon trap: reason=class_check action=maybe_recompile pc=0x0000000002ef59a4 method=java.lang.ClassLoader.loadClass(Ljava/lang/String;Z)Ljava/lang/Class; @ 38
Event: 209.589 Thread 0x0000000020597000 Uncommon trap: reason=unstable_if action=reinterpret pc=0x0000000002d1d9cc method=jdk.internal.org.objectweb.asm.ByteVector.putUTF8(Ljava/lang/String;)Ljdk/internal/org/objectweb/asm/ByteVector; @ 98
Event: 209.812 Thread 0x0000000020597000 Uncommon trap: reason=unstable_if action=reinterpret pc=0x0000000003e188cc method=java.util.AbstractList.equals(Ljava/lang/Object;)Z @ 2

Classes redefined (0 events):
No events

Internal exceptions (10 events):
Event: 55.175 Thread 0x000000001a49d000 Exception <a 'java/lang/ClassNotFoundException': org/quartz/simpl/SimpleThreadPoolCustomizer> (0x00000000f0e65558) thrown at [C:\re\workspace\8-2-build-windows-amd64-cygwin\jdk8u161\10277\hotspot\src\share\vm\classfile\systemDictionary.cpp, line 210]
Event: 55.200 Thread 0x000000001a49d000 Exception <a 'java/lang/ClassNotFoundException': org/quartz/simpl/RAMJobStoreBeanInfo> (0x00000000f1042af8) thrown at [C:\re\workspace\8-2-build-windows-amd64-cygwin\jdk8u161\10277\hotspot\src\share\vm\classfile\systemDictionary.cpp, line 210]
Event: 55.202 Thread 0x000000001a49d000 Exception <a 'java/lang/ClassNotFoundException': org/quartz/simpl/RAMJobStoreCustomizer> (0x00000000f106dfb8) thrown at [C:\re\workspace\8-2-build-windows-amd64-cygwin\jdk8u161\10277\hotspot\src\share\vm\classfile\systemDictionary.cpp, line 210]
Event: 55.821 Thread 0x000000001a49d000 Exception <a 'java/lang/ClassNotFoundException': java/lang/ObjectCustomizer> (0x00000000f14ddcd8) thrown at [C:\re\workspace\8-2-build-windows-amd64-cygwin\jdk8u161\10277\hotspot\src\share\vm\classfile\systemDictionary.cpp, line 210]
Event: 55.868 Thread 0x000000001a49d000 Exception <a 'java/lang/ClassNotFoundException': org/springframework/boot/autoconfigure/reactor/core/ReactorCoreAutoConfigurationCustomizer> (0x00000000f1528090) thrown at [C:\re\workspace\8-2-build-windows-amd64-cygwin\jdk8u161\10277\hotspot\src\share\vm
Event: 55.870 Thread 0x000000001a49d000 Exception <a 'java/lang/ClassNotFoundException': org/springframework/boot/autoconfigure/reactor/core/ReactorCoreAutoConfiguration$$EnhancerBySpringCGLIB$$bb396314Customizer> (0x00000000f1582be8) thrown at [C:\re\workspace\8-2-build-windows-amd64-cygwin\jd
Event: 55.873 Thread 0x000000001a49d000 Exception <a 'java/lang/ClassNotFoundException': org/springframework/context/annotation/ConfigurationClassEnhancer$EnhancedConfigurationCustomizer> (0x00000000f15d3838) thrown at [C:\re\workspace\8-2-build-windows-amd64-cygwin\jdk8u161\10277\hotspot\src\s
Event: 55.876 Thread 0x000000001a49d000 Exception <a 'java/lang/ClassNotFoundException': org/springframework/beans/factory/BeanFactoryAwareCustomizer> (0x00000000f160b1c0) thrown at [C:\re\workspace\8-2-build-windows-amd64-cygwin\jdk8u161\10277\hotspot\src\share\vm\classfile\systemDictionary.cp
Event: 55.880 Thread 0x000000001a49d000 Exception <a 'java/lang/ClassNotFoundException': org/springframework/beans/factory/AwareCustomizer> (0x00000000f163de38) thrown at [C:\re\workspace\8-2-build-windows-amd64-cygwin\jdk8u161\10277\hotspot\src\share\vm\classfile\systemDictionary.cpp, line 210
Event: 208.501 Thread 0x0000000020597000 Implicit null exception at 0x00000000037f6faf to 0x00000000037f70c5

Events (10 events):
Event: 209.856 loading class java/util/stream/DoubleStream
Event: 209.856 loading class java/util/stream/DoubleStream done
Event: 209.857 loading class com/fasterxml/jackson/databind/introspect/AnnotatedFieldCollector
Event: 209.857 loading class com/fasterxml/jackson/databind/introspect/AnnotatedFieldCollector done
Event: 209.858 loading class com/fasterxml/jackson/databind/introspect/CollectorBase
Event: 209.858 loading class com/fasterxml/jackson/databind/introspect/CollectorBase done
Event: 209.859 loading class com/fasterxml/jackson/databind/introspect/AnnotationMap
Event: 209.859 loading class com/fasterxml/jackson/databind/introspect/AnnotationMap done
Event: 209.860 loading class com/fasterxml/jackson/databind/introspect/TypeResolutionContext$Basic
Event: 209.860 loading class com/fasterxml/jackson/databind/introspect/TypeResolutionContext$Basic done


Dynamic libraries:
0x00007ff711260000 - 0x00007ff711297000 	C:\Program Files\Java\jdk1.8.0_161\bin\java.exe
0x00007ff856000000 - 0x00007ff8561f0000 	C:\WINDOWS\SYSTEM32\ntdll.dll
0x00007ff854800000 - 0x00007ff8548b2000 	C:\WINDOWS\System32\KERNEL32.DLL
0x00007ff853d50000 - 0x00007ff853ff5000 	C:\WINDOWS\System32\KERNELBASE.dll
0x00007ff8544e0000 - 0x00007ff854583000 	C:\WINDOWS\System32\ADVAPI32.dll
0x00007ff854180000 - 0x00007ff85421e000 	C:\WINDOWS\System32\msvcrt.dll
0x00007ff854cb0000 - 0x00007ff854d47000 	C:\WINDOWS\System32\sechost.dll
0x00007ff8549f0000 - 0x00007ff854b0f000 	C:\WINDOWS\System32\RPCRT4.dll
0x00007ff854340000 - 0x00007ff8544d4000 	C:\WINDOWS\System32\USER32.dll
0x00007ff853330000 - 0x00007ff853351000 	C:\WINDOWS\System32\win32u.dll
0x00007ff854230000 - 0x00007ff854256000 	C:\WINDOWS\System32\GDI32.dll
0x00007ff853120000 - 0x00007ff8532b8000 	C:\WINDOWS\System32\gdi32full.dll
0x00007ff852f80000 - 0x00007ff85301e000 	C:\WINDOWS\System32\msvcp_win.dll
0x00007ff853020000 - 0x00007ff85311a000 	C:\WINDOWS\System32\ucrtbase.dll
0x00007ff845340000 - 0x00007ff8455c4000 	C:\WINDOWS\WinSxS\amd64_microsoft.windows.common-controls_6595b64144ccf1df_6.0.18362.1379_none_9e7ff3b3e45cc0c4\COMCTL32.dll
0x00007ff8551c0000 - 0x00007ff8554f7000 	C:\WINDOWS\System32\combase.dll
0x00007ff853360000 - 0x00007ff8533e1000 	C:\WINDOWS\System32\bcryptPrimitives.dll
0x00007ff855500000 - 0x00007ff85552e000 	C:\WINDOWS\System32\IMM32.DLL
0x00000000517b0000 - 0x0000000051882000 	C:\Program Files\Java\jdk1.8.0_161\jre\bin\msvcr100.dll
0x0000000050f10000 - 0x00000000517af000 	C:\Program Files\Java\jdk1.8.0_161\jre\bin\server\jvm.dll
0x00007ff854920000 - 0x00007ff854928000 	C:\WINDOWS\System32\PSAPI.DLL
0x00007ff84fb40000 - 0x00007ff84fb64000 	C:\WINDOWS\SYSTEM32\WINMM.dll
0x00007ff8480c0000 - 0x00007ff8480ca000 	C:\WINDOWS\SYSTEM32\VERSION.dll
0x00007ff84c560000 - 0x00007ff84c569000 	C:\WINDOWS\SYSTEM32\WSOCK32.dll
0x00007ff854b10000 - 0x00007ff854b7f000 	C:\WINDOWS\System32\WS2_32.dll
0x00007ff84fb10000 - 0x00007ff84fb3d000 	C:\WINDOWS\SYSTEM32\winmmbase.dll
0x00007ff8532e0000 - 0x00007ff85332a000 	C:\WINDOWS\System32\cfgmgr32.dll
0x0000000050f00000 - 0x0000000050f0f000 	C:\Program Files\Java\jdk1.8.0_161\jre\bin\verify.dll
0x0000000050ed0000 - 0x0000000050ef9000 	C:\Program Files\Java\jdk1.8.0_161\jre\bin\java.dll
0x0000000050e30000 - 0x0000000050e65000 	C:\Program Files\Java\jdk1.8.0_161\jre\bin\jdwp.dll
0x0000000050e20000 - 0x0000000050e28000 	C:\Program Files\Java\jdk1.8.0_161\jre\bin\npt.dll
0x0000000050df0000 - 0x0000000050e13000 	C:\Program Files\Java\jdk1.8.0_161\jre\bin\instrument.dll
0x0000000050eb0000 - 0x0000000050ec6000 	C:\Program Files\Java\jdk1.8.0_161\jre\bin\zip.dll
0x00007ff855700000 - 0x00007ff855de8000 	C:\WINDOWS\System32\SHELL32.dll
0x00007ff854940000 - 0x00007ff8549e7000 	C:\WINDOWS\System32\shcore.dll
0x00007ff8533f0000 - 0x00007ff853b6b000 	C:\WINDOWS\System32\windows.storage.dll
0x00007ff852f00000 - 0x00007ff852f23000 	C:\WINDOWS\System32\profapi.dll
0x00007ff852f30000 - 0x00007ff852f7a000 	C:\WINDOWS\System32\powrprof.dll
0x00007ff852eb0000 - 0x00007ff852ec0000 	C:\WINDOWS\System32\UMPDC.dll
0x00007ff854590000 - 0x00007ff8545e2000 	C:\WINDOWS\System32\shlwapi.dll
0x00007ff852ec0000 - 0x00007ff852ed1000 	C:\WINDOWS\System32\kernel.appcore.dll
0x00007ff8532c0000 - 0x00007ff8532d7000 	C:\WINDOWS\System32\cryptsp.dll
0x0000000050de0000 - 0x0000000050de9000 	C:\Program Files\Java\jdk1.8.0_161\jre\bin\dt_socket.dll
0x00007ff8526f0000 - 0x00007ff852757000 	C:\WINDOWS\system32\mswsock.dll
0x0000000050dd0000 - 0x0000000050ddd000 	C:\Program Files\Java\jdk1.8.0_161\jre\bin\management.dll
0x0000000050e90000 - 0x0000000050eaa000 	C:\Program Files\Java\jdk1.8.0_161\jre\bin\net.dll
0x00007ff83eed0000 - 0x00007ff83eee6000 	C:\WINDOWS\system32\napinsp.dll
0x00007ff83eef0000 - 0x00007ff83ef0a000 	C:\WINDOWS\system32\pnrpnsp.dll
0x00007ff84df40000 - 0x00007ff84df55000 	C:\WINDOWS\system32\wshbth.dll
0x00007ff84f5b0000 - 0x00007ff84f5cc000 	C:\WINDOWS\system32\NLAapi.dll
0x00007ff852400000 - 0x00007ff85243a000 	C:\WINDOWS\SYSTEM32\IPHLPAPI.DLL
0x00007ff852440000 - 0x00007ff85250b000 	C:\WINDOWS\SYSTEM32\DNSAPI.dll
0x00007ff854220000 - 0x00007ff854228000 	C:\WINDOWS\System32\NSI.dll
0x00007ff83ef10000 - 0x00007ff83ef1e000 	C:\WINDOWS\System32\winrnr.dll
0x00007ff8447b0000 - 0x00007ff8447ba000 	C:\Windows\System32\rasadhlp.dll
0x00007ff847010000 - 0x00007ff847087000 	C:\WINDOWS\System32\fwpuclnt.dll
0x00007ff853bd0000 - 0x00007ff853bf6000 	C:\WINDOWS\System32\bcrypt.dll
0x0000000050e70000 - 0x0000000050e81000 	C:\Program Files\Java\jdk1.8.0_161\jre\bin\nio.dll
0x00007ff852270000 - 0x00007ff8522a3000 	C:\WINDOWS\system32\rsaenh.dll
0x00007ff852d90000 - 0x00007ff852db5000 	C:\WINDOWS\SYSTEM32\USERENV.dll
0x00007ff8528c0000 - 0x00007ff8528cc000 	C:\WINDOWS\SYSTEM32\CRYPTBASE.dll
0x00007ff847130000 - 0x00007ff847146000 	C:\WINDOWS\SYSTEM32\dhcpcsvc6.DLL
0x00007ff847c60000 - 0x00007ff847c7c000 	C:\WINDOWS\SYSTEM32\dhcpcsvc.DLL
0x0000000050da0000 - 0x0000000050dc4000 	C:\Program Files\Java\jdk1.8.0_161\jre\bin\sunec.dll

VM Arguments:
jvm_args: -agentlib:jdwp=transport=dt_socket,address=127.0.0.1:64778,suspend=y,server=n -javaagent:C:\Users\root\AppData\Local\JetBrains\IdeaIC2020.1\captureAgent\debugger-agent.jar -Dfile.encoding=UTF-8 
java_command: com.union.app.AppApplication
java_class_path (initial): C:\Program Files\Java\jdk1.8.0_161\jre\lib\charsets.jar;C:\Program Files\Java\jdk1.8.0_161\jre\lib\deploy.jar;C:\Program Files\Java\jdk1.8.0_161\jre\lib\ext\access-bridge-64.jar;C:\Program Files\Java\jdk1.8.0_161\jre\lib\ext\cldrdata.jar;C:\Program Files\Java\jdk1.8.0_161\jre\lib\ext\dnsns.jar;C:\Program Files\Java\jdk1.8.0_161\jre\lib\ext\jaccess.jar;C:\Program Files\Java\jdk1.8.0_161\jre\lib\ext\jfxrt.jar;C:\Program Files\Java\jdk1.8.0_161\jre\lib\ext\localedata.jar;C:\Program Files\Java\jdk1.8.0_161\jre\lib\ext\nashorn.jar;C:\Program Files\Java\jdk1.8.0_161\jre\lib\ext\sunec.jar;C:\Program Files\Java\jdk1.8.0_161\jre\lib\ext\sunjce_provider.jar;C:\Program Files\Java\jdk1.8.0_161\jre\lib\ext\sunmscapi.jar;C:\Program Files\Java\jdk1.8.0_161\jre\lib\ext\sunpkcs11.jar;C:\Program Files\Java\jdk1.8.0_161\jre\lib\ext\zipfs.jar;C:\Program Files\Java\jdk1.8.0_161\jre\lib\javaws.jar;C:\Program Files\Java\jdk1.8.0_161\jre\lib\jce.jar;C:\Program Files\Java\jdk1.8.0_161\jre\lib\jfr.jar;C:\Program Files\Java\jdk1.8.0_161\jre\lib\jfxswt.jar;C:\Program Files\Java\jdk1.8.0_161\jre\lib\jsse.jar;C:\Program Files\Java\jdk1.8.0_161\jre\lib\management-agent.jar;C:\Program Files\Java\jdk1.8.0_161\jre\lib\plugin.jar;C:\Program Files\Java\jdk1.8.0_161\jre\lib\resources.jar;C:\Program Files\Java\jdk1.8.0_161\jre\lib\rt.jar;E:\IDEA Workspace\union-boot-pk\union-app-start\target\classes;E:\IDEA Workspace\union-boot-pk\union-app-util\target\classes;E:\software\maven\maven_lib\org\apache\httpcomponents\httpclient\4.5.9\httpclient-4.5.9.jar;E:\software\maven\maven_lib\commons-codec\commons-codec\1.11\commons-codec-1.11.jar;E:\software\maven\maven_lib\org\apache\httpcomponents\httpcore\4.4.11\httpcore-4.4.11.jar;E:\software\maven\maven_lib\org\apache\httpcomponents\httpcore-nio\4.4.11\httpcore-nio-4.4.11.jar;E:\software\maven\maven_lib\org\apache\httpcomponents\httpasyncclient\4.1.4\httpasyncclient-4.1.4.jar;E:\software\maven\maven_lib\org\apache\httpcomponents\http
Launcher Type: SUN_STANDARD

Environment Variables:
JAVA_HOME=C:\Program Files\Java\jdk1.8.0_161
PATH=C:\ProgramData\Oracle\Java\javapath;C:\Program Files (x86)\Intel\iCLS Client\;C:\Program Files\Intel\iCLS Client\;C:\windows\system32;C:\windows;C:\windows\System32\Wbem;C:\windows\System32\WindowsPowerShell\v1.0\;C:\Program Files (x86)\NVIDIA Corporation\PhysX\Common;C:\Program Files (x86)\Intel\Intel(R) Management Engine Components\DAL;C:\Program Files\Intel\Intel(R) Management Engine Components\DAL;C:\Program Files (x86)\Intel\Intel(R) Management Engine Components\IPT;C:\Program Files\Intel\Intel(R) Management Engine Components\IPT;C:\WINDOWS\system32;C:\WINDOWS;C:\WINDOWS\System32\Wbem;C:\WINDOWS\System32\WindowsPowerShell\v1.0\;C:\WINDOWS\System32\OpenSSH\;C:\Program Files\Java\jdk1.8.0_161\bin;E:\software\maven\apache-maven-3.5.3\bin;C:\Program Files\TortoiseSVN\bin;C:\Program Files\Microsoft SQL Server\130\Tools\Binn\;C:\Program Files\dotnet\;C:\Program Files\TortoiseGit\bin;C:\Program Files\Git\cmd;E:\software\svn\bin;C:\Program Files\nodejs\;C:\Users\root\AppData\Local\Microsoft\WindowsApps;;C:\Program Files\JetBrains\IntelliJ IDEA 2020.2.3\bin;;C:\Program Files\JetBrains\IntelliJ IDEA Community Edition 2020.1.3\bin;;C:\Users\root\.dotnet\tools;C:\Program Files\Huawei\DevEco Studio\bin;;C:\Users\root\AppData\Roaming\npm
USERNAME=root
OS=Windows_NT
PROCESSOR_IDENTIFIER=Intel64 Family 6 Model 142 Stepping 9, GenuineIntel



---------------  S Y S T E M  ---------------

OS: Windows 10.0 , 64 bit Build 18362 (10.0.18362.1350)

CPU:total 4 (initial active 4) (2 cores per cpu, 2 threads per core) family 6 model 142 stepping 9, cmov, cx8, fxsr, mmx, sse, sse2, sse3, ssse3, sse4.1, sse4.2, popcnt, avx, avx2, aes, clmul, erms, 3dnowpref, lzcnt, ht, tsc, tscinvbit, bmi1, bmi2, adx

Memory: 4k page, physical 8301184k(485036k free), swap 14592640k(4252k free)

vm_info: Java HotSpot(TM) 64-Bit Server VM (25.161-b12) for windows-amd64 JRE (1.8.0_161-b12), built on Dec 19 2017 17:52:25 by "java_re" with MS VC++ 10.0 (VS2010)

time: Sun Feb 21 00:13:21 2021
elapsed time: 209 seconds (0d 0h 3m 29s)

