#
# There is insufficient memory for the Java Runtime Environment to continue.
# Native memory allocation (malloc) failed to allocate 32744 bytes for ChunkPool::allocate
# Possible reasons:
#   The system is out of physical RAM or swap space
#   In 32 bit mode, the process size limit was hit
# Possible solutions:
#   Reduce memory load on the system
#   Increase physical memory or swap space
#   Check if swap backing store is full
#   Use 64 bit Java on a 64 bit OS
#   Decrease Java heap size (-Xmx/-Xms)
#   Decrease number of Java threads
#   Decrease Java thread stack sizes (-Xss)
#   Set larger code cache with -XX:ReservedCodeCacheSize=
# This output file may be truncated or incomplete.
#
#  Out of Memory Error (allocation.cpp:273), pid=3460, tid=0x0000000000004b4c
#
# JRE version: Java(TM) SE Runtime Environment (8.0_161-b12) (build 1.8.0_161-b12)
# Java VM: Java HotSpot(TM) 64-Bit Server VM (25.161-b12 mixed mode windows-amd64 compressed oops)
# Failed to write core dump. Minidumps are not enabled by default on client versions of Windows
#

---------------  T H R E A D  ---------------

Current thread (0x000000001a4a9800):  JavaThread "restartedMain" [_thread_in_vm, id=19276, stack(0x000000001b6e0000,0x000000001b7e0000)]

Stack: [0x000000001b6e0000,0x000000001b7e0000]
[error occurred during error reporting (printing stack bounds), id 0xc0000005]

Native frames: (J=compiled Java code, j=interpreted, Vv=VM code, C=native code)

Java frames: (J=compiled Java code, j=interpreted, Vv=VM code)
J 462  java.lang.ClassLoader.defineClass1(Ljava/lang/String;[BIILjava/security/ProtectionDomain;Ljava/lang/String;)Ljava/lang/Class; (0 bytes) @ 0x0000000002f87b9f [0x0000000002f87b00+0x9f]
J 559 C1 java.lang.ClassLoader.defineClass(Ljava/lang/String;[BIILjava/security/ProtectionDomain;)Ljava/lang/Class; (43 bytes) @ 0x0000000002fe097c [0x0000000002fe0380+0x5fc]
J 444 C1 java.net.URLClassLoader.defineClass(Ljava/lang/String;Lsun/misc/Resource;)Ljava/lang/Class; (142 bytes) @ 0x0000000002f85ab4 [0x0000000002f83f20+0x1b94]
J 2711 C1 java.net.URLClassLoader$1.run()Ljava/lang/Class; (63 bytes) @ 0x000000000365ee7c [0x000000000365eba0+0x2dc]
J 2710 C1 java.net.URLClassLoader$1.run()Ljava/lang/Object; (5 bytes) @ 0x000000000365f604 [0x000000000365f580+0x84]
v  ~StubRoutines::call_stub
J 183  java.security.AccessController.doPrivileged(Ljava/security/PrivilegedExceptionAction;Ljava/security/AccessControlContext;)Ljava/lang/Object; (0 bytes) @ 0x0000000002ec7a66 [0x0000000002ec7a00+0x66]
J 1756 C2 java.lang.ClassLoader.loadClass(Ljava/lang/String;Z)Ljava/lang/Class; (122 bytes) @ 0x000000000332d670 [0x000000000332cb80+0xaf0]
J 2409 C2 java.lang.ClassLoader.loadClass(Ljava/lang/String;)Ljava/lang/Class; (7 bytes) @ 0x0000000003093174 [0x0000000003092fc0+0x1b4]
v  ~StubRoutines::call_stub
j  net.bytebuddy.ByteBuddy.<init>(Lnet/bytebuddy/ClassFileVersion;)V+20
j  net.bytebuddy.ByteBuddy.<init>()V+7
j  org.hibernate.bytecode.internal.bytebuddy.ByteBuddyState.<init>()V+9
j  org.hibernate.bytecode.internal.bytebuddy.BytecodeProviderImpl.<init>()V+9
j  org.hibernate.cfg.Environment.buildBytecodeProvider(Ljava/lang/String;)Lorg/hibernate/bytecode/spi/BytecodeProvider;+13
j  org.hibernate.cfg.Environment.buildBytecodeProvider(Ljava/util/Properties;)Lorg/hibernate/bytecode/spi/BytecodeProvider;+10
j  org.hibernate.cfg.Environment.<clinit>()V+309
v  ~StubRoutines::call_stub
j  org.hibernate.boot.registry.StandardServiceRegistryBuilder.<init>(Lorg/hibernate/boot/registry/BootstrapServiceRegistry;Lorg/hibernate/boot/cfgxml/spi/LoadedConfig;)V+28
j  org.hibernate.boot.registry.StandardServiceRegistryBuilder.<init>(Lorg/hibernate/boot/registry/BootstrapServiceRegistry;)V+5
j  org.hibernate.jpa.boot.internal.EntityManagerFactoryBuilderImpl.<init>(Lorg/hibernate/jpa/boot/spi/PersistenceUnitDescriptor;Ljava/util/Map;Ljava/lang/ClassLoader;Lorg/hibernate/boot/registry/classloading/spi/ClassLoaderService;)V+37
j  org.hibernate.jpa.boot.internal.EntityManagerFactoryBuilderImpl.<init>(Lorg/hibernate/jpa/boot/spi/PersistenceUnitDescriptor;Ljava/util/Map;)V+5
j  org.springframework.orm.jpa.vendor.SpringHibernateJpaPersistenceProvider.createContainerEntityManagerFactory(Ljavax/persistence/spi/PersistenceUnitInfo;Ljava/util/Map;)Ljavax/persistence/EntityManagerFactory;+52
j  org.springframework.orm.jpa.LocalContainerEntityManagerFactoryBean.createNativeEntityManagerFactory()Ljavax/persistence/EntityManagerFactory;+129
j  org.springframework.orm.jpa.AbstractEntityManagerFactoryBean.buildNativeEntityManagerFactory()Ljavax/persistence/EntityManagerFactory;+1
j  org.springframework.orm.jpa.AbstractEntityManagerFactoryBean.afterPropertiesSet()V+192
j  org.springframework.orm.jpa.LocalContainerEntityManagerFactoryBean.afterPropertiesSet()V+77
j  org.springframework.beans.factory.support.AbstractAutowireCapableBeanFactory.invokeInitMethods(Ljava/lang/String;Ljava/lang/Object;Lorg/springframework/beans/factory/support/RootBeanDefinition;)V+106
j  org.springframework.beans.factory.support.AbstractAutowireCapableBeanFactory.initializeBean(Ljava/lang/String;Ljava/lang/Object;Lorg/springframework/beans/factory/support/RootBeanDefinition;)Ljava/lang/Object;+59
j  org.springframework.beans.factory.support.AbstractAutowireCapableBeanFactory.doCreateBean(Ljava/lang/String;Lorg/springframework/beans/factory/support/RootBeanDefinition;[Ljava/lang/Object;)Ljava/lang/Object;+245
j  org.springframework.beans.factory.support.AbstractAutowireCapableBeanFactory.createBean(Ljava/lang/String;Lorg/springframework/beans/factory/support/RootBeanDefinition;[Ljava/lang/Object;)Ljava/lang/Object;+169
j  org.springframework.beans.factory.support.AbstractBeanFactory.lambda$doGetBean$0(Ljava/lang/String;Lorg/springframework/beans/factory/support/RootBeanDefinition;[Ljava/lang/Object;)Ljava/lang/Object;+4
j  org.springframework.beans.factory.support.AbstractBeanFactory$$Lambda$121.getObject()Ljava/lang/Object;+16
j  org.springframework.beans.factory.support.DefaultSingletonBeanRegistry.getSingleton(Ljava/lang/String;Lorg/springframework/beans/factory/ObjectFactory;)Ljava/lang/Object;+132
J 3170 C1 org.springframework.beans.factory.support.AbstractBeanFactory.doGetBean(Ljava/lang/String;Ljava/lang/Class;[Ljava/lang/Object;Z)Ljava/lang/Object; (833 bytes) @ 0x000000000386025c [0x000000000385e140+0x211c]
j  org.springframework.beans.factory.support.AbstractBeanFactory.getBean(Ljava/lang/String;)Ljava/lang/Object;+5
j  org.springframework.context.support.AbstractApplicationContext.getBean(Ljava/lang/String;)Ljava/lang/Object;+9
j  org.springframework.context.support.AbstractApplicationContext.finishBeanFactoryInitialization(Lorg/springframework/beans/factory/config/ConfigurableListableBeanFactory;)V+100
j  org.springframework.context.support.AbstractApplicationContext.refresh()V+54
j  org.springframework.boot.web.servlet.context.ServletWebServerApplicationContext.refresh()V+1
j  org.springframework.boot.SpringApplication.refresh(Lorg/springframework/context/ApplicationContext;)V+10
j  org.springframework.boot.SpringApplication.refreshContext(Lorg/springframework/context/ConfigurableApplicationContext;)V+2
j  org.springframework.boot.SpringApplication.run([Ljava/lang/String;)Lorg/springframework/context/ConfigurableApplicationContext;+118
j  com.union.app.AppApplication.main([Ljava/lang/String;)V+48
v  ~StubRoutines::call_stub
j  sun.reflect.NativeMethodAccessorImpl.invoke0(Ljava/lang/reflect/Method;Ljava/lang/Object;[Ljava/lang/Object;)Ljava/lang/Object;+0
j  sun.reflect.NativeMethodAccessorImpl.invoke(Ljava/lang/Object;[Ljava/lang/Object;)Ljava/lang/Object;+100
j  sun.reflect.DelegatingMethodAccessorImpl.invoke(Ljava/lang/Object;[Ljava/lang/Object;)Ljava/lang/Object;+6
j  java.lang.reflect.Method.invoke(Ljava/lang/Object;[Ljava/lang/Object;)Ljava/lang/Object;+56
j  org.springframework.boot.devtools.restart.RestartLauncher.run()V+41
v  ~StubRoutines::call_stub

---------------  P R O C E S S  ---------------

Java Threads: ( => current thread )
  0x0000000020d5f000 JavaThread "container-0" [_thread_blocked, id=7228, stack(0x000000001fea0000,0x000000001ffa0000)]
  0x000000001dd95800 JavaThread "Catalina-utility-2" [_thread_blocked, id=19644, stack(0x000000001f950000,0x000000001fa50000)]
  0x000000001ddb2800 JavaThread "Catalina-utility-1" [_thread_blocked, id=11952, stack(0x000000001bcb0000,0x000000001bdb0000)]
  0x000000001a7f9000 JavaThread "Log4j2-TF-2-Scheduled-1" daemon [_thread_blocked, id=19852, stack(0x000000001b990000,0x000000001ba90000)]
=>0x000000001a4a9800 JavaThread "restartedMain" [_thread_in_vm, id=19276, stack(0x000000001b6e0000,0x000000001b7e0000)]
  0x000000001a4a9000 JavaThread "Thread-1" [_thread_blocked, id=19120, stack(0x000000001b5e0000,0x000000001b6e0000)]
  0x000000001977f000 JavaThread "Service Thread" daemon [_thread_blocked, id=8660, stack(0x000000001a010000,0x000000001a110000)]
  0x0000000019720800 JavaThread "C1 CompilerThread2" daemon [_thread_blocked, id=15268, stack(0x0000000019f10000,0x000000001a010000)]
  0x00000000196cd800 JavaThread "C2 CompilerThread1" daemon [_thread_in_native, id=8876, stack(0x0000000019e10000,0x0000000019f10000)]
  0x00000000196cd000 JavaThread "C2 CompilerThread0" daemon [_thread_in_native, id=17984, stack(0x0000000019d10000,0x0000000019e10000)]
  0x00000000178d3800 JavaThread "JDWP Command Reader" daemon [_thread_in_native, id=11692, stack(0x0000000019410000,0x0000000019510000)]
  0x00000000178d0800 JavaThread "JDWP Event Helper Thread" daemon [_thread_blocked, id=3496, stack(0x0000000019310000,0x0000000019410000)]
  0x00000000178c4800 JavaThread "JDWP Transport Listener: dt_socket" daemon [_thread_blocked, id=16584, stack(0x0000000019210000,0x0000000019310000)]
  0x00000000178b9000 JavaThread "Attach Listener" daemon [_thread_blocked, id=24504, stack(0x00000000190f0000,0x00000000191f0000)]
  0x00000000178a8000 JavaThread "Signal Dispatcher" daemon [_thread_blocked, id=16936, stack(0x0000000018ff0000,0x00000000190f0000)]
  0x0000000017879000 JavaThread "Finalizer" daemon [_thread_blocked, id=10480, stack(0x0000000018af0000,0x0000000018bf0000)]
  0x0000000002ba9000 JavaThread "Reference Handler" daemon [_thread_blocked, id=15848, stack(0x00000000189f0000,0x0000000018af0000)]
  0x0000000002ab9000 JavaThread "main" [_thread_blocked, id=23376, stack(0x00000000029b0000,0x0000000002ab0000)]

Other Threads:
  0x0000000017858000 VMThread [stack: 0x00000000188f0000,0x00000000189f0000] [id=8756]
  0x0000000019788800 WatcherThread [stack: 0x000000001a110000,0x000000001a210000] [id=20048]

VM state:not at safepoint (normal execution)

VM Mutex/Monitor currently owned by a thread: None

Heap:
 PSYoungGen      total 260608K, used 36004K [0x00000000d5c00000, 0x00000000e6f00000, 0x0000000100000000)
  eden space 249856K, 10% used [0x00000000d5c00000,0x00000000d74aa4e0,0x00000000e5000000)
  from space 10752K, 99% used [0x00000000e5a00000,0x00000000e647ecb8,0x00000000e6480000)
  to   space 8192K, 0% used [0x00000000e6700000,0x00000000e6700000,0x00000000e6f00000)
 ParOldGen       total 64000K, used 18177K [0x0000000081400000, 0x0000000085280000, 0x00000000d5c00000)
  object space 64000K, 28% used [0x0000000081400000,0x00000000825c04a8,0x0000000085280000)
 Metaspace       used 43382K, capacity 44996K, committed 45184K, reserved 1089536K
  class space    used 5388K, capacity 5676K, committed 5760K, reserved 1048576K

Card table byte_map: [0x00000000120e0000,0x00000000124e0000] byte_map_base: 0x0000000011cd6000

Marking Bits: (ParMarkBitMap*) 0x000000005e1ef860
 Begin Bits: [0x0000000012b90000, 0x0000000014b40000)
 End Bits:   [0x0000000014b40000, 0x0000000016af0000)

Polling page: 0x0000000000840000

CodeCache: size=245760Kb used=14712Kb max_used=16296Kb free=231047Kb
 bounds [0x0000000002d20000, 0x0000000003d20000, 0x0000000011d20000]
 total_blobs=4310 nmethods=3859 adapters=371
 compilation: enabled

Compilation events (10 events):
Event: 26.381 Thread 0x0000000019720800 4507       3       java.util.zip.ZipFile::finalize (5 bytes)
Event: 26.381 Thread 0x00000000196cd000 nmethod 4505 0x0000000002fd3b50 code [0x0000000002fd3ca0, 0x0000000002fd3d98]
Event: 26.381 Thread 0x0000000019720800 nmethod 4507 0x0000000002f5f510 code [0x0000000002f5f680, 0x0000000002f5f8a8]
Event: 26.410 Thread 0x00000000196cd000 4508       4       java.util.zip.ZipCoder::toString (190 bytes)
Event: 26.420 Thread 0x00000000196cd000 nmethod 4508 0x000000000315ce50 code [0x000000000315d000, 0x000000000315d898]
Event: 26.431 Thread 0x00000000196cd800 nmethod 4421 0x00000000034c7a10 code [0x00000000034c84c0, 0x00000000034d9c90]
Event: 26.580 Thread 0x00000000196cd000 4509       4       java.net.URLClassLoader$1::run (5 bytes)
Event: 26.581 Thread 0x00000000196cd800 4510   !   4       java.net.URLClassLoader$1::run (63 bytes)
Event: 26.718 Thread 0x0000000019720800 4511       1       java.util.concurrent.atomic.AtomicReference::get (5 bytes)
Event: 26.718 Thread 0x0000000019720800 nmethod 4511 0x00000000038d9350 code [0x00000000038d94a0, 0x00000000038d95b0]

GC Heap History (10 events):
Event: 14.610 GC heap before
{Heap before GC invocations=9 (full 1):
 PSYoungGen      total 141824K, used 131584K [0x00000000d5c00000, 0x00000000e7100000, 0x0000000100000000)
  eden space 131584K, 100% used [0x00000000d5c00000,0x00000000ddc80000,0x00000000ddc80000)
  from space 10240K, 0% used [0x00000000ddc80000,0x00000000ddc80000,0x00000000de680000)
  to   space 10240K, 0% used [0x00000000e6700000,0x00000000e6700000,0x00000000e7100000)
 ParOldGen       total 45056K, used 5412K [0x0000000081400000, 0x0000000084000000, 0x00000000d5c00000)
  object space 45056K, 12% used [0x0000000081400000,0x0000000081949028,0x0000000084000000)
 Metaspace       used 26331K, capacity 26924K, committed 27008K, reserved 1073152K
  class space    used 3282K, capacity 3455K, committed 3456K, reserved 1048576K
Event: 14.620 GC heap after
Heap after GC invocations=9 (full 1):
 PSYoungGen      total 258048K, used 8072K [0x00000000d5c00000, 0x00000000e6f00000, 0x0000000100000000)
  eden space 249856K, 0% used [0x00000000d5c00000,0x00000000d5c00000,0x00000000e5000000)
  from space 8192K, 98% used [0x00000000e6700000,0x00000000e6ee23b0,0x00000000e6f00000)
  to   space 10752K, 0% used [0x00000000e5a00000,0x00000000e5a00000,0x00000000e6480000)
 ParOldGen       total 45056K, used 5420K [0x0000000081400000, 0x0000000084000000, 0x00000000d5c00000)
  object space 45056K, 12% used [0x0000000081400000,0x000000008194b028,0x0000000084000000)
 Metaspace       used 26331K, capacity 26924K, committed 27008K, reserved 1073152K
  class space    used 3282K, capacity 3455K, committed 3456K, reserved 1048576K
}
Event: 18.696 GC heap before
{Heap before GC invocations=10 (full 1):
 PSYoungGen      total 258048K, used 257928K [0x00000000d5c00000, 0x00000000e6f00000, 0x0000000100000000)
  eden space 249856K, 100% used [0x00000000d5c00000,0x00000000e5000000,0x00000000e5000000)
  from space 8192K, 98% used [0x00000000e6700000,0x00000000e6ee23b0,0x00000000e6f00000)
  to   space 10752K, 0% used [0x00000000e5a00000,0x00000000e5a00000,0x00000000e6480000)
 ParOldGen       total 45056K, used 5420K [0x0000000081400000, 0x0000000084000000, 0x00000000d5c00000)
  object space 45056K, 12% used [0x0000000081400000,0x000000008194b028,0x0000000084000000)
 Metaspace       used 31023K, capacity 31988K, committed 32128K, reserved 1077248K
  class space    used 3848K, capacity 4104K, committed 4224K, reserved 1048576K
Event: 18.717 GC heap after
Heap after GC invocations=10 (full 1):
 PSYoungGen      total 260608K, used 10724K [0x00000000d5c00000, 0x00000000e6f00000, 0x0000000100000000)
  eden space 249856K, 0% used [0x00000000d5c00000,0x00000000d5c00000,0x00000000e5000000)
  from space 10752K, 99% used [0x00000000e5a00000,0x00000000e64793c8,0x00000000e6480000)
  to   space 8192K, 0% used [0x00000000e6700000,0x00000000e6700000,0x00000000e6f00000)
 ParOldGen       total 45056K, used 7277K [0x0000000081400000, 0x0000000084000000, 0x00000000d5c00000)
  object space 45056K, 16% used [0x0000000081400000,0x0000000081b1b6b8,0x0000000084000000)
 Metaspace       used 31023K, capacity 31988K, committed 32128K, reserved 1077248K
  class space    used 3848K, capacity 4104K, committed 4224K, reserved 1048576K
}
Event: 20.422 GC heap before
{Heap before GC invocations=11 (full 1):
 PSYoungGen      total 260608K, used 99176K [0x00000000d5c00000, 0x00000000e6f00000, 0x0000000100000000)
  eden space 249856K, 35% used [0x00000000d5c00000,0x00000000db261020,0x00000000e5000000)
  from space 10752K, 99% used [0x00000000e5a00000,0x00000000e64793c8,0x00000000e6480000)
  to   space 8192K, 0% used [0x00000000e6700000,0x00000000e6700000,0x00000000e6f00000)
 ParOldGen       total 45056K, used 7277K [0x0000000081400000, 0x0000000084000000, 0x00000000d5c00000)
  object space 45056K, 16% used [0x0000000081400000,0x0000000081b1b6b8,0x0000000084000000)
 Metaspace       used 34218K, capacity 35252K, committed 35416K, reserved 1081344K
  class space    used 4269K, capacity 4494K, committed 4608K, reserved 1048576K
Event: 20.433 GC heap after
Heap after GC invocations=11 (full 1):
 PSYoungGen      total 258048K, used 8188K [0x00000000d5c00000, 0x00000000e6f00000, 0x0000000100000000)
  eden space 249856K, 0% used [0x00000000d5c00000,0x00000000d5c00000,0x00000000e5000000)
  from space 8192K, 99% used [0x00000000e6700000,0x00000000e6eff180,0x00000000e6f00000)
  to   space 10752K, 0% used [0x00000000e5a00000,0x00000000e5a00000,0x00000000e6480000)
 ParOldGen       total 45056K, used 11145K [0x0000000081400000, 0x0000000084000000, 0x00000000d5c00000)
  object space 45056K, 24% used [0x0000000081400000,0x0000000081ee27c8,0x0000000084000000)
 Metaspace       used 34218K, capacity 35252K, committed 35416K, reserved 1081344K
  class space    used 4269K, capacity 4494K, committed 4608K, reserved 1048576K
}
Event: 20.433 GC heap before
{Heap before GC invocations=12 (full 2):
 PSYoungGen      total 258048K, used 8188K [0x00000000d5c00000, 0x00000000e6f00000, 0x0000000100000000)
  eden space 249856K, 0% used [0x00000000d5c00000,0x00000000d5c00000,0x00000000e5000000)
  from space 8192K, 99% used [0x00000000e6700000,0x00000000e6eff180,0x00000000e6f00000)
  to   space 10752K, 0% used [0x00000000e5a00000,0x00000000e5a00000,0x00000000e6480000)
 ParOldGen       total 45056K, used 11145K [0x0000000081400000, 0x0000000084000000, 0x00000000d5c00000)
  object space 45056K, 24% used [0x0000000081400000,0x0000000081ee27c8,0x0000000084000000)
 Metaspace       used 34218K, capacity 35252K, committed 35416K, reserved 1081344K
  class space    used 4269K, capacity 4494K, committed 4608K, reserved 1048576K
Event: 20.531 GC heap after
Heap after GC invocations=12 (full 2):
 PSYoungGen      total 258048K, used 0K [0x00000000d5c00000, 0x00000000e6f00000, 0x0000000100000000)
  eden space 249856K, 0% used [0x00000000d5c00000,0x00000000d5c00000,0x00000000e5000000)
  from space 8192K, 0% used [0x00000000e6700000,0x00000000e6700000,0x00000000e6f00000)
  to   space 10752K, 0% used [0x00000000e5a00000,0x00000000e5a00000,0x00000000e6480000)
 ParOldGen       total 64000K, used 16938K [0x0000000081400000, 0x0000000085280000, 0x00000000d5c00000)
  object space 64000K, 26% used [0x0000000081400000,0x000000008248a9b8,0x0000000085280000)
 Metaspace       used 34218K, capacity 35252K, committed 35416K, reserved 1081344K
  class space    used 4269K, capacity 4494K, committed 4608K, reserved 1048576K
}
Event: 26.358 GC heap before
{Heap before GC invocations=13 (full 2):
 PSYoungGen      total 258048K, used 249856K [0x00000000d5c00000, 0x00000000e6f00000, 0x0000000100000000)
  eden space 249856K, 100% used [0x00000000d5c00000,0x00000000e5000000,0x00000000e5000000)
  from space 8192K, 0% used [0x00000000e6700000,0x00000000e6700000,0x00000000e6f00000)
  to   space 10752K, 0% used [0x00000000e5a00000,0x00000000e5a00000,0x00000000e6480000)
 ParOldGen       total 64000K, used 16938K [0x0000000081400000, 0x0000000085280000, 0x00000000d5c00000)
  object space 64000K, 26% used [0x0000000081400000,0x000000008248a9b8,0x0000000085280000)
 Metaspace       used 42702K, capacity 44292K, committed 44544K, reserved 1087488K
  class space    used 5262K, capacity 5548K, committed 5632K, reserved 1048576K
Event: 26.375 GC heap after
Heap after GC invocations=13 (full 2):
 PSYoungGen      total 260608K, used 10747K [0x00000000d5c00000, 0x00000000e6f00000, 0x0000000100000000)
  eden space 249856K, 0% used [0x00000000d5c00000,0x00000000d5c00000,0x00000000e5000000)
  from space 10752K, 99% used [0x00000000e5a00000,0x00000000e647ecb8,0x00000000e6480000)
  to   space 8192K, 0% used [0x00000000e6700000,0x00000000e6700000,0x00000000e6f00000)
 ParOldGen       total 64000K, used 18177K [0x0000000081400000, 0x0000000085280000, 0x00000000d5c00000)
  object space 64000K, 28% used [0x0000000081400000,0x00000000825c04a8,0x0000000085280000)
 Metaspace       used 42702K, capacity 44292K, committed 44544K, reserved 1087488K
  class space    used 5262K, capacity 5548K, committed 5632K, reserved 1048576K
}

Deoptimization events (10 events):
Event: 25.204 Thread 0x000000001a4a9800 Uncommon trap: reason=unstable_if action=reinterpret pc=0x0000000003aec378 method=org.springframework.boot.context.properties.source.ConfigurationPropertyName.elementEquals(Lorg/springframework/boot/context/properties/source/ConfigurationPropertyName$Elem
Event: 25.205 Thread 0x000000001a4a9800 Uncommon trap: reason=bimorphic action=maybe_recompile pc=0x000000000390ba68 method=java.util.Collections$SetFromMap.contains(Ljava/lang/Object;)Z @ 5
Event: 25.213 Thread 0x000000001a4a9800 Uncommon trap: reason=unstable_if action=reinterpret pc=0x0000000003b1f4e0 method=org.springframework.boot.context.properties.source.ConfigurationPropertyName.elementEquals(Lorg/springframework/boot/context/properties/source/ConfigurationPropertyName$Elem
Event: 25.280 Thread 0x000000001a4a9800 Uncommon trap: reason=unstable_if action=reinterpret pc=0x0000000003a1fb18 method=org.springframework.asm.Frame.push(I)V @ 26
Event: 25.650 Thread 0x000000001a4a9800 Uncommon trap: reason=null_check action=make_not_entrant pc=0x0000000003556d1c method=org.springframework.core.annotation.AnnotatedElementUtils.searchWithGetSemanticsInAnnotations(Ljava/lang/reflect/AnnotatedElement;Ljava/util/List;Ljava/util/Set;Ljava/la
Event: 25.966 Thread 0x000000001a4a9800 Uncommon trap: reason=unstable_if action=reinterpret pc=0x0000000003c013a0 method=java.net.URI.match(CJJ)Z @ 32
Event: 25.966 Thread 0x000000001a4a9800 Uncommon trap: reason=unstable_if action=reinterpret pc=0x0000000002ea8f48 method=java.net.URI.match(CJJ)Z @ 32
Event: 25.975 Thread 0x000000001a4a9800 Uncommon trap: reason=unstable_if action=reinterpret pc=0x0000000003a46cdc method=org.springframework.util.StringUtils.cleanPath(Ljava/lang/String;)Ljava/lang/String; @ 4
Event: 25.975 Thread 0x000000001a4a9800 Uncommon trap: reason=unstable_if action=reinterpret pc=0x0000000003325044 method=java.net.URL.<init>(Ljava/net/URL;Ljava/lang/String;Ljava/net/URLStreamHandler;)V @ 57
Event: 25.975 Thread 0x000000001a4a9800 Uncommon trap: reason=unstable_if action=reinterpret pc=0x0000000003c8d328 method=java.net.URLStreamHandler.parseURL(Ljava/net/URL;Ljava/lang/String;II)V @ 57

Classes redefined (0 events):
No events

Internal exceptions (10 events):
Event: 23.482 Thread 0x000000001a4a9800 Exception <a 'java/lang/ClassNotFoundException': org/springframework/boot/web/servlet/ServletContextInitializerCustomizer> (0x00000000e1026318) thrown at [C:\re\workspace\8-2-build-windows-amd64-cygwin\jdk8u161\10277\hotspot\src\share\vm\classfile\systemD
Event: 23.484 Thread 0x000000001a4a9800 Exception <a 'java/lang/ClassNotFoundException': org/springframework/core/OrderedCustomizer> (0x00000000e1054610) thrown at [C:\re\workspace\8-2-build-windows-amd64-cygwin\jdk8u161\10277\hotspot\src\share\vm\classfile\systemDictionary.cpp, line 210]
Event: 23.547 Thread 0x000000001a4a9800 Exception <a 'java/lang/ClassNotFoundException': java/lang/ObjectCustomizer> (0x00000000e131ca40) thrown at [C:\re\workspace\8-2-build-windows-amd64-cygwin\jdk8u161\10277\hotspot\src\share\vm\classfile\systemDictionary.cpp, line 210]
Event: 23.549 Thread 0x000000001a4a9800 Exception <a 'java/lang/ClassNotFoundException': org/springframework/boot/web/servlet/RegistrationBeanCustomizer> (0x00000000e1358790) thrown at [C:\re\workspace\8-2-build-windows-amd64-cygwin\jdk8u161\10277\hotspot\src\share\vm\classfile\systemDictionary
Event: 23.551 Thread 0x000000001a4a9800 Exception <a 'java/lang/ClassNotFoundException': org/springframework/boot/web/servlet/DynamicRegistrationBeanCustomizer> (0x00000000e1399a58) thrown at [C:\re\workspace\8-2-build-windows-amd64-cygwin\jdk8u161\10277\hotspot\src\share\vm\classfile\systemDic
Event: 23.553 Thread 0x000000001a4a9800 Exception <a 'java/lang/ClassNotFoundException': org/springframework/boot/web/servlet/ServletRegistrationBeanCustomizer> (0x00000000e13de090) thrown at [C:\re\workspace\8-2-build-windows-amd64-cygwin\jdk8u161\10277\hotspot\src\share\vm\classfile\systemDic
Event: 23.558 Thread 0x000000001a4a9800 Exception <a 'java/lang/ClassNotFoundException': org/springframework/boot/web/servlet/ServletContextInitializerCustomizer> (0x00000000e1432d40) thrown at [C:\re\workspace\8-2-build-windows-amd64-cygwin\jdk8u161\10277\hotspot\src\share\vm\classfile\systemD
Event: 23.560 Thread 0x000000001a4a9800 Exception <a 'java/lang/ClassNotFoundException': org/springframework/core/OrderedCustomizer> (0x00000000e1460b48) thrown at [C:\re\workspace\8-2-build-windows-amd64-cygwin\jdk8u161\10277\hotspot\src\share\vm\classfile\systemDictionary.cpp, line 210]
Event: 23.771 Thread 0x000000001a4a9800 Exception <a 'java/io/FileNotFoundException'> (0x00000000e1c18130) thrown at [C:\re\workspace\8-2-build-windows-amd64-cygwin\jdk8u161\10277\hotspot\src\share\vm\prims\jni.cpp, line 709]
Event: 25.650 Thread 0x000000001a4a9800 Implicit null exception at 0x0000000003553a8c to 0x0000000003556ce9

Events (10 events):
Event: 27.035 loading class net/bytebuddy/NamingStrategy$SuffixingRandom$BaseNameResolver$ForUnnamedType
Event: 27.035 loading class net/bytebuddy/NamingStrategy$SuffixingRandom$BaseNameResolver$ForUnnamedType done
Event: 27.038 loading class net/bytebuddy/utility/RandomString
Event: 27.038 loading class net/bytebuddy/utility/RandomString done
Event: 27.040 loading class net/bytebuddy/implementation/auxiliary/AuxiliaryType$NamingStrategy$SuffixingRandom
Event: 27.040 loading class net/bytebuddy/implementation/auxiliary/AuxiliaryType$NamingStrategy$SuffixingRandom done
Event: 27.053 loading class net/bytebuddy/implementation/attribute/AnnotationValueFilter$Default
Event: 27.053 loading class net/bytebuddy/implementation/attribute/AnnotationValueFilter$Default done
Event: 27.056 loading class net/bytebuddy/implementation/attribute/AnnotationValueFilter
Event: 27.056 loading class net/bytebuddy/implementation/attribute/AnnotationValueFilter done


Dynamic libraries:
0x00007ff6c6710000 - 0x00007ff6c6747000 	C:\Program Files\Java\jdk1.8.0_161\bin\java.exe
0x00007ff960000000 - 0x00007ff9601f0000 	C:\WINDOWS\SYSTEM32\ntdll.dll
0x00007ff95e8f0000 - 0x00007ff95e9a2000 	C:\WINDOWS\System32\KERNEL32.DLL
0x00007ff95d450000 - 0x00007ff95d6f5000 	C:\WINDOWS\System32\KERNELBASE.dll
0x00007ff95f630000 - 0x00007ff95f6d3000 	C:\WINDOWS\System32\ADVAPI32.dll
0x00007ff95f8f0000 - 0x00007ff95f98e000 	C:\WINDOWS\System32\msvcrt.dll
0x00007ff95ead0000 - 0x00007ff95eb67000 	C:\WINDOWS\System32\sechost.dll
0x00007ff95e4b0000 - 0x00007ff95e5d0000 	C:\WINDOWS\System32\RPCRT4.dll
0x00007ff95f400000 - 0x00007ff95f594000 	C:\WINDOWS\System32\USER32.dll
0x00007ff95d1e0000 - 0x00007ff95d201000 	C:\WINDOWS\System32\win32u.dll
0x00007ff95e9b0000 - 0x00007ff95e9d6000 	C:\WINDOWS\System32\GDI32.dll
0x00007ff95d2b0000 - 0x00007ff95d446000 	C:\WINDOWS\System32\gdi32full.dll
0x00007ff95d210000 - 0x00007ff95d2ae000 	C:\WINDOWS\System32\msvcp_win.dll
0x00007ff95cf70000 - 0x00007ff95d06a000 	C:\WINDOWS\System32\ucrtbase.dll
0x00007ff94f370000 - 0x00007ff94f5f4000 	C:\WINDOWS\WinSxS\amd64_microsoft.windows.common-controls_6595b64144ccf1df_6.0.18362.1256_none_9e7e379be45e40e2\COMCTL32.dll
0x00007ff95e170000 - 0x00007ff95e4a6000 	C:\WINDOWS\System32\combase.dll
0x00007ff95d730000 - 0x00007ff95d7b1000 	C:\WINDOWS\System32\bcryptPrimitives.dll
0x00007ff95f5a0000 - 0x00007ff95f5ce000 	C:\WINDOWS\System32\IMM32.DLL
0x000000005e520000 - 0x000000005e5f2000 	C:\Program Files\Java\jdk1.8.0_161\jre\bin\msvcr100.dll
0x000000005d9d0000 - 0x000000005e26f000 	C:\Program Files\Java\jdk1.8.0_161\jre\bin\server\jvm.dll
0x00007ff95e160000 - 0x00007ff95e168000 	C:\WINDOWS\System32\PSAPI.DLL
0x00007ff959b20000 - 0x00007ff959b44000 	C:\WINDOWS\SYSTEM32\WINMM.dll
0x00007ff956cb0000 - 0x00007ff956cba000 	C:\WINDOWS\SYSTEM32\VERSION.dll
0x00007ff956c60000 - 0x00007ff956c69000 	C:\WINDOWS\SYSTEM32\WSOCK32.dll
0x00007ff95ec40000 - 0x00007ff95ecaf000 	C:\WINDOWS\System32\WS2_32.dll
0x00007ff959af0000 - 0x00007ff959b1d000 	C:\WINDOWS\SYSTEM32\winmmbase.dll
0x00007ff95d870000 - 0x00007ff95d8ba000 	C:\WINDOWS\System32\cfgmgr32.dll
0x000000005e510000 - 0x000000005e51f000 	C:\Program Files\Java\jdk1.8.0_161\jre\bin\verify.dll
0x000000005e4e0000 - 0x000000005e509000 	C:\Program Files\Java\jdk1.8.0_161\jre\bin\java.dll
0x000000005e480000 - 0x000000005e4b5000 	C:\Program Files\Java\jdk1.8.0_161\jre\bin\jdwp.dll
0x000000005e470000 - 0x000000005e478000 	C:\Program Files\Java\jdk1.8.0_161\jre\bin\npt.dll
0x000000005e440000 - 0x000000005e463000 	C:\Program Files\Java\jdk1.8.0_161\jre\bin\instrument.dll
0x000000005e4c0000 - 0x000000005e4d6000 	C:\Program Files\Java\jdk1.8.0_161\jre\bin\zip.dll
0x00007ff95ecb0000 - 0x00007ff95f397000 	C:\WINDOWS\System32\SHELL32.dll
0x00007ff95f840000 - 0x00007ff95f8e9000 	C:\WINDOWS\System32\shcore.dll
0x00007ff95d8c0000 - 0x00007ff95e041000 	C:\WINDOWS\System32\windows.storage.dll
0x00007ff95cf20000 - 0x00007ff95cf43000 	C:\WINDOWS\System32\profapi.dll
0x00007ff95ced0000 - 0x00007ff95cf1a000 	C:\WINDOWS\System32\powrprof.dll
0x00007ff95cea0000 - 0x00007ff95ceb0000 	C:\WINDOWS\System32\UMPDC.dll
0x00007ff95ea70000 - 0x00007ff95eac2000 	C:\WINDOWS\System32\shlwapi.dll
0x00007ff95cf50000 - 0x00007ff95cf61000 	C:\WINDOWS\System32\kernel.appcore.dll
0x00007ff95d070000 - 0x00007ff95d087000 	C:\WINDOWS\System32\cryptsp.dll
0x000000005e430000 - 0x000000005e439000 	C:\Program Files\Java\jdk1.8.0_161\jre\bin\dt_socket.dll
0x00007ff95c6f0000 - 0x00007ff95c757000 	C:\WINDOWS\system32\mswsock.dll
0x000000005d790000 - 0x000000005d79d000 	C:\Program Files\Java\jdk1.8.0_161\jre\bin\management.dll
0x000000005e410000 - 0x000000005e42a000 	C:\Program Files\Java\jdk1.8.0_161\jre\bin\net.dll
0x00007ff956c90000 - 0x00007ff956ca6000 	C:\WINDOWS\system32\napinsp.dll
0x00007ff956cc0000 - 0x00007ff956cda000 	C:\WINDOWS\system32\pnrpnsp.dll
0x00007ff9580a0000 - 0x00007ff9580b5000 	C:\WINDOWS\system32\wshbth.dll
0x00007ff9596a0000 - 0x00007ff9596bc000 	C:\WINDOWS\system32\NLAapi.dll
0x00007ff95c400000 - 0x00007ff95c43a000 	C:\WINDOWS\SYSTEM32\IPHLPAPI.DLL
0x00007ff95c440000 - 0x00007ff95c50b000 	C:\WINDOWS\SYSTEM32\DNSAPI.dll
0x00007ff95e8e0000 - 0x00007ff95e8e8000 	C:\WINDOWS\System32\NSI.dll
0x00007ff959940000 - 0x00007ff95994e000 	C:\WINDOWS\System32\winrnr.dll
0x00007ff94eb70000 - 0x00007ff94eb7a000 	C:\Windows\System32\rasadhlp.dll
0x00007ff951220000 - 0x00007ff951297000 	C:\WINDOWS\System32\fwpuclnt.dll
0x00007ff95d700000 - 0x00007ff95d726000 	C:\WINDOWS\System32\bcrypt.dll
0x000000005e3f0000 - 0x000000005e401000 	C:\Program Files\Java\jdk1.8.0_161\jre\bin\nio.dll
0x00007ff95c260000 - 0x00007ff95c293000 	C:\WINDOWS\system32\rsaenh.dll
0x00007ff95cdc0000 - 0x00007ff95cde5000 	C:\WINDOWS\SYSTEM32\USERENV.dll
0x00007ff95c8c0000 - 0x00007ff95c8cc000 	C:\WINDOWS\SYSTEM32\CRYPTBASE.dll
0x00007ff9516a0000 - 0x00007ff9516b6000 	C:\WINDOWS\SYSTEM32\dhcpcsvc6.DLL
0x00007ff951a00000 - 0x00007ff951a1c000 	C:\WINDOWS\SYSTEM32\dhcpcsvc.DLL

VM Arguments:
jvm_args: -agentlib:jdwp=transport=dt_socket,address=127.0.0.1:57568,suspend=y,server=n -javaagent:C:\Users\root\AppData\Local\JetBrains\IdeaIC2020.1\captureAgent\debugger-agent.jar -Dfile.encoding=UTF-8 
java_command: com.union.app.AppApplication
java_class_path (initial): C:\Program Files\Java\jdk1.8.0_161\jre\lib\charsets.jar;C:\Program Files\Java\jdk1.8.0_161\jre\lib\deploy.jar;C:\Program Files\Java\jdk1.8.0_161\jre\lib\ext\access-bridge-64.jar;C:\Program Files\Java\jdk1.8.0_161\jre\lib\ext\cldrdata.jar;C:\Program Files\Java\jdk1.8.0_161\jre\lib\ext\dnsns.jar;C:\Program Files\Java\jdk1.8.0_161\jre\lib\ext\jaccess.jar;C:\Program Files\Java\jdk1.8.0_161\jre\lib\ext\jfxrt.jar;C:\Program Files\Java\jdk1.8.0_161\jre\lib\ext\localedata.jar;C:\Program Files\Java\jdk1.8.0_161\jre\lib\ext\nashorn.jar;C:\Program Files\Java\jdk1.8.0_161\jre\lib\ext\sunec.jar;C:\Program Files\Java\jdk1.8.0_161\jre\lib\ext\sunjce_provider.jar;C:\Program Files\Java\jdk1.8.0_161\jre\lib\ext\sunmscapi.jar;C:\Program Files\Java\jdk1.8.0_161\jre\lib\ext\sunpkcs11.jar;C:\Program Files\Java\jdk1.8.0_161\jre\lib\ext\zipfs.jar;C:\Program Files\Java\jdk1.8.0_161\jre\lib\javaws.jar;C:\Program Files\Java\jdk1.8.0_161\jre\lib\jce.jar;C:\Program Files\Java\jdk1.8.0_161\jre\lib\jfr.jar;C:\Program Files\Java\jdk1.8.0_161\jre\lib\jfxswt.jar;C:\Program Files\Java\jdk1.8.0_161\jre\lib\jsse.jar;C:\Program Files\Java\jdk1.8.0_161\jre\lib\management-agent.jar;C:\Program Files\Java\jdk1.8.0_161\jre\lib\plugin.jar;C:\Program Files\Java\jdk1.8.0_161\jre\lib\resources.jar;C:\Program Files\Java\jdk1.8.0_161\jre\lib\rt.jar;E:\IDEA Workspace\union-boot-pk\union-app-start\target\classes;E:\IDEA Workspace\union-boot-pk\union-app-util\target\classes;E:\software\maven\maven_lib\org\apache\httpcomponents\httpclient\4.5.9\httpclient-4.5.9.jar;E:\software\maven\maven_lib\commons-codec\commons-codec\1.11\commons-codec-1.11.jar;E:\software\maven\maven_lib\org\apache\httpcomponents\httpcore\4.4.11\httpcore-4.4.11.jar;E:\software\maven\maven_lib\org\apache\httpcomponents\httpcore-nio\4.4.11\httpcore-nio-4.4.11.jar;E:\software\maven\maven_lib\org\apache\httpcomponents\httpasyncclient\4.1.4\httpasyncclient-4.1.4.jar;E:\software\maven\maven_lib\org\apache\httpcomponents\http
Launcher Type: SUN_STANDARD

Environment Variables:
JAVA_HOME=C:\Program Files\Java\jdk1.8.0_161
PATH=C:\ProgramData\Oracle\Java\javapath;C:\Program Files (x86)\Intel\iCLS Client\;C:\Program Files\Intel\iCLS Client\;C:\windows\system32;C:\windows;C:\windows\System32\Wbem;C:\windows\System32\WindowsPowerShell\v1.0\;C:\Program Files (x86)\NVIDIA Corporation\PhysX\Common;C:\Program Files (x86)\Intel\Intel(R) Management Engine Components\DAL;C:\Program Files\Intel\Intel(R) Management Engine Components\DAL;C:\Program Files (x86)\Intel\Intel(R) Management Engine Components\IPT;C:\Program Files\Intel\Intel(R) Management Engine Components\IPT;C:\WINDOWS\system32;C:\WINDOWS;C:\WINDOWS\System32\Wbem;C:\WINDOWS\System32\WindowsPowerShell\v1.0\;C:\WINDOWS\System32\OpenSSH\;C:\Program Files\Java\jdk1.8.0_161\bin;E:\software\maven\apache-maven-3.5.3\bin;C:\Program Files\TortoiseSVN\bin;C:\Program Files\TortoiseSVN\bin;C:\Program Files\Microsoft SQL Server\130\Tools\Binn\;C:\Program Files\dotnet\;C:\Program Files\TortoiseGit\bin;C:\Program Files\Git\cmd;C:\Users\root\AppData\Local\Microsoft\WindowsApps;;C:\Program Files\JetBrains\IntelliJ IDEA 2020.2.3\bin;;C:\Program Files\JetBrains\IntelliJ IDEA Community Edition 2020.1.3\bin;;C:\Users\root\.dotnet\tools;C:\Program Files\Huawei\DevEco Studio\bin;
USERNAME=root
OS=Windows_NT
PROCESSOR_IDENTIFIER=Intel64 Family 6 Model 142 Stepping 9, GenuineIntel



---------------  S Y S T E M  ---------------

OS: Windows 10.0 , 64 bit Build 18362 (10.0.18362.1110)

CPU:total 4 (initial active 4) (2 cores per cpu, 2 threads per core) family 6 model 142 stepping 9, cmov, cx8, fxsr, mmx, sse, sse2, sse3, ssse3, sse4.1, sse4.2, popcnt, avx, avx2, aes, clmul, erms, 3dnowpref, lzcnt, ht, tsc, tscinvbit, bmi1, bmi2, adx

Memory: 4k page, physical 8301184k(711176k free), swap 14592640k(256k free)

vm_info: Java HotSpot(TM) 64-Bit Server VM (25.161-b12) for windows-amd64 JRE (1.8.0_161-b12), built on Dec 19 2017 17:52:25 by "java_re" with MS VC++ 10.0 (VS2010)

time: Tue Dec 29 12:08:52 2020
elapsed time: 27 seconds (0d 0h 0m 27s)

