#
# There is insufficient memory for the Java Runtime Environment to continue.
# Native memory allocation (malloc) failed to allocate 32744 bytes for ChunkPool::allocate
# Possible reasons:
#   The system is out of physical RAM or swap space
#   In 32 bit mode, the process size limit was hit
# Possible solutions:
#   Reduce memory load on the system
#   Increase physical memory or swap space
#   Check if swap backing store is full
#   Use 64 bit Java on a 64 bit OS
#   Decrease Java heap size (-Xmx/-Xms)
#   Decrease number of Java threads
#   Decrease Java thread stack sizes (-Xss)
#   Set larger code cache with -XX:ReservedCodeCacheSize=
# This output file may be truncated or incomplete.
#
#  Out of Memory Error (allocation.cpp:273), pid=19172, tid=0x00000000000023b4
#
# JRE version: Java(TM) SE Runtime Environment (8.0_161-b12) (build 1.8.0_161-b12)
# Java VM: Java HotSpot(TM) 64-Bit Server VM (25.161-b12 mixed mode windows-amd64 compressed oops)
# Failed to write core dump. Minidumps are not enabled by default on client versions of Windows
#

---------------  T H R E A D  ---------------

Current thread (0x00000000187ff800):  JavaThread "C1 CompilerThread2" daemon [_thread_in_native, id=9140, stack(0x0000000018ff0000,0x00000000190f0000)]

Stack: [0x0000000018ff0000,0x00000000190f0000]
[error occurred during error reporting (printing stack bounds), id 0xc0000005]

Native frames: (J=compiled Java code, j=interpreted, Vv=VM code, C=native code)


Current CompileTask:
C1:   3444 2280   !   2       sun.nio.cs.ext.DoubleByte$Encoder::encodeArrayLoop (409 bytes)


---------------  P R O C E S S  ---------------

Java Threads: ( => current thread )
  0x0000000018885000 JavaThread "Service Thread" daemon [_thread_blocked, id=12464, stack(0x00000000190f0000,0x00000000191f0000)]
=>0x00000000187ff800 JavaThread "C1 CompilerThread2" daemon [_thread_in_native, id=9140, stack(0x0000000018ff0000,0x00000000190f0000)]
  0x00000000187fb000 JavaThread "C2 CompilerThread1" daemon [_thread_in_native, id=9240, stack(0x0000000018ef0000,0x0000000018ff0000)]
  0x00000000174a0000 JavaThread "C2 CompilerThread0" daemon [_thread_in_native, id=20712, stack(0x0000000018df0000,0x0000000018ef0000)]
  0x0000000017488800 JavaThread "Attach Listener" daemon [_thread_blocked, id=3940, stack(0x0000000018cf0000,0x0000000018df0000)]
  0x00000000187f8800 JavaThread "Signal Dispatcher" daemon [_thread_blocked, id=7984, stack(0x0000000018bf0000,0x0000000018cf0000)]
  0x000000000291c000 JavaThread "Finalizer" daemon [_thread_blocked, id=19772, stack(0x00000000186f0000,0x00000000187f0000)]
  0x0000000017459000 JavaThread "Reference Handler" daemon [_thread_blocked, id=19676, stack(0x00000000185f0000,0x00000000186f0000)]
  0x0000000002822800 JavaThread "main" [_thread_in_native, id=2704, stack(0x0000000002720000,0x0000000002820000)]

Other Threads:
  0x0000000017458000 VMThread [stack: 0x00000000184f0000,0x00000000185f0000] [id=13392]
  0x00000000188ad800 WatcherThread [stack: 0x00000000191f0000,0x00000000192f0000] [id=15264]

VM state:not at safepoint (normal execution)

VM Mutex/Monitor currently owned by a thread: None

Heap:
 PSYoungGen      total 71680K, used 54249K [0x00000000d5c00000, 0x00000000da700000, 0x0000000100000000)
  eden space 66560K, 73% used [0x00000000d5c00000,0x00000000d8c023b8,0x00000000d9d00000)
  from space 5120K, 99% used [0x00000000da200000,0x00000000da6f8050,0x00000000da700000)
  to   space 5120K, 0% used [0x00000000d9d00000,0x00000000d9d00000,0x00000000da200000)
 ParOldGen       total 87552K, used 14145K [0x0000000081400000, 0x0000000086980000, 0x00000000d5c00000)
  object space 87552K, 16% used [0x0000000081400000,0x00000000821d07a0,0x0000000086980000)
 Metaspace       used 15275K, capacity 15546K, committed 15872K, reserved 1062912K
  class space    used 1844K, capacity 1945K, committed 2048K, reserved 1048576K

Card table byte_map: [0x0000000011ce0000,0x00000000120e0000] byte_map_base: 0x00000000118d6000

Marking Bits: (ParMarkBitMap*) 0x00000000538bf860
 Begin Bits: [0x0000000012790000, 0x0000000014740000)
 End Bits:   [0x0000000014740000, 0x00000000166f0000)

Polling page: 0x00000000005d0000

CodeCache: size=245760Kb used=7616Kb max_used=7616Kb free=238143Kb
 bounds [0x0000000002920000, 0x00000000030a0000, 0x0000000011920000]
 total_blobs=2598 nmethods=2241 adapters=268
 compilation: enabled

Compilation events (10 events):
Event: 3.435 Thread 0x00000000187ff800 nmethod 2268 0x0000000003095c10 code [0x0000000003095de0, 0x0000000003096348]
Event: 3.435 Thread 0x00000000187ff800 2269       2       java.io.Writer::write (11 bytes)
Event: 3.436 Thread 0x00000000187ff800 nmethod 2269 0x0000000003096950 code [0x0000000003096ac0, 0x0000000003096c48]
Event: 3.436 Thread 0x00000000187ff800 2272   !   2       java.io.BufferedWriter::flushBuffer (53 bytes)
Event: 3.437 Thread 0x00000000187ff800 nmethod 2272 0x0000000003096d50 code [0x0000000003096ee0, 0x0000000003097338]
Event: 3.437 Thread 0x00000000187ff800 2271       2       java.io.BufferedWriter::min (9 bytes)
Event: 3.437 Thread 0x00000000187ff800 nmethod 2271 0x0000000003097590 code [0x00000000030976e0, 0x0000000003097850]
Event: 3.439 Thread 0x00000000187ff800 2274       2       java.io.OutputStreamWriter::write (11 bytes)
Event: 3.439 Thread 0x00000000187ff800 nmethod 2274 0x00000000030978d0 code [0x0000000003097a40, 0x0000000003097ba8]
Event: 3.439 Thread 0x00000000187ff800 2280   !   2       sun.nio.cs.ext.DoubleByte$Encoder::encodeArrayLoop (409 bytes)

GC Heap History (8 events):
Event: 0.780 GC heap before
{Heap before GC invocations=1 (full 0):
 PSYoungGen      total 38400K, used 33280K [0x00000000d5c00000, 0x00000000d8680000, 0x0000000100000000)
  eden space 33280K, 100% used [0x00000000d5c00000,0x00000000d7c80000,0x00000000d7c80000)
  from space 5120K, 0% used [0x00000000d8180000,0x00000000d8180000,0x00000000d8680000)
  to   space 5120K, 0% used [0x00000000d7c80000,0x00000000d7c80000,0x00000000d8180000)
 ParOldGen       total 87552K, used 0K [0x0000000081400000, 0x0000000086980000, 0x00000000d5c00000)
  object space 87552K, 0% used [0x0000000081400000,0x0000000081400000,0x0000000086980000)
 Metaspace       used 8198K, capacity 8360K, committed 8576K, reserved 1056768K
  class space    used 1014K, capacity 1084K, committed 1152K, reserved 1048576K
Event: 0.788 GC heap after
Heap after GC invocations=1 (full 0):
 PSYoungGen      total 38400K, used 5088K [0x00000000d5c00000, 0x00000000d8680000, 0x0000000100000000)
  eden space 33280K, 0% used [0x00000000d5c00000,0x00000000d5c00000,0x00000000d7c80000)
  from space 5120K, 99% used [0x00000000d7c80000,0x00000000d81781e0,0x00000000d8180000)
  to   space 5120K, 0% used [0x00000000d8180000,0x00000000d8180000,0x00000000d8680000)
 ParOldGen       total 87552K, used 349K [0x0000000081400000, 0x0000000086980000, 0x00000000d5c00000)
  object space 87552K, 0% used [0x0000000081400000,0x0000000081457448,0x0000000086980000)
 Metaspace       used 8198K, capacity 8360K, committed 8576K, reserved 1056768K
  class space    used 1014K, capacity 1084K, committed 1152K, reserved 1048576K
}
Event: 1.238 GC heap before
{Heap before GC invocations=2 (full 0):
 PSYoungGen      total 38400K, used 38368K [0x00000000d5c00000, 0x00000000d8680000, 0x0000000100000000)
  eden space 33280K, 100% used [0x00000000d5c00000,0x00000000d7c80000,0x00000000d7c80000)
  from space 5120K, 99% used [0x00000000d7c80000,0x00000000d81781e0,0x00000000d8180000)
  to   space 5120K, 0% used [0x00000000d8180000,0x00000000d8180000,0x00000000d8680000)
 ParOldGen       total 87552K, used 349K [0x0000000081400000, 0x0000000086980000, 0x00000000d5c00000)
  object space 87552K, 0% used [0x0000000081400000,0x0000000081457448,0x0000000086980000)
 Metaspace       used 11910K, capacity 12148K, committed 12416K, reserved 1060864K
  class space    used 1479K, capacity 1576K, committed 1664K, reserved 1048576K
Event: 1.244 GC heap after
Heap after GC invocations=2 (full 0):
 PSYoungGen      total 38400K, used 5107K [0x00000000d5c00000, 0x00000000da700000, 0x0000000100000000)
  eden space 33280K, 0% used [0x00000000d5c00000,0x00000000d5c00000,0x00000000d7c80000)
  from space 5120K, 99% used [0x00000000d8180000,0x00000000d867cc08,0x00000000d8680000)
  to   space 5120K, 0% used [0x00000000d7c80000,0x00000000d7c80000,0x00000000d8180000)
 ParOldGen       total 87552K, used 2655K [0x0000000081400000, 0x0000000086980000, 0x00000000d5c00000)
  object space 87552K, 3% used [0x0000000081400000,0x0000000081697c00,0x0000000086980000)
 Metaspace       used 11910K, capacity 12148K, committed 12416K, reserved 1060864K
  class space    used 1479K, capacity 1576K, committed 1664K, reserved 1048576K
}
Event: 1.825 GC heap before
{Heap before GC invocations=3 (full 0):
 PSYoungGen      total 38400K, used 38387K [0x00000000d5c00000, 0x00000000da700000, 0x0000000100000000)
  eden space 33280K, 100% used [0x00000000d5c00000,0x00000000d7c80000,0x00000000d7c80000)
  from space 5120K, 99% used [0x00000000d8180000,0x00000000d867cc08,0x00000000d8680000)
  to   space 5120K, 0% used [0x00000000d7c80000,0x00000000d7c80000,0x00000000d8180000)
 ParOldGen       total 87552K, used 2655K [0x0000000081400000, 0x0000000086980000, 0x00000000d5c00000)
  object space 87552K, 3% used [0x0000000081400000,0x0000000081697c00,0x0000000086980000)
 Metaspace       used 14844K, capacity 15112K, committed 15232K, reserved 1062912K
  class space    used 1826K, capacity 1910K, committed 1920K, reserved 1048576K
Event: 1.843 GC heap after
Heap after GC invocations=3 (full 0):
 PSYoungGen      total 38400K, used 5088K [0x00000000d5c00000, 0x00000000da700000, 0x0000000100000000)
  eden space 33280K, 0% used [0x00000000d5c00000,0x00000000d5c00000,0x00000000d7c80000)
  from space 5120K, 99% used [0x00000000d7c80000,0x00000000d8178030,0x00000000d8180000)
  to   space 5120K, 0% used [0x00000000da200000,0x00000000da200000,0x00000000da700000)
 ParOldGen       total 87552K, used 9683K [0x0000000081400000, 0x0000000086980000, 0x00000000d5c00000)
  object space 87552K, 11% used [0x0000000081400000,0x0000000081d74f80,0x0000000086980000)
 Metaspace       used 14844K, capacity 15112K, committed 15232K, reserved 1062912K
  class space    used 1826K, capacity 1910K, committed 1920K, reserved 1048576K
}
Event: 3.272 GC heap before
{Heap before GC invocations=4 (full 0):
 PSYoungGen      total 38400K, used 38368K [0x00000000d5c00000, 0x00000000da700000, 0x0000000100000000)
  eden space 33280K, 100% used [0x00000000d5c00000,0x00000000d7c80000,0x00000000d7c80000)
  from space 5120K, 99% used [0x00000000d7c80000,0x00000000d8178030,0x00000000d8180000)
  to   space 5120K, 0% used [0x00000000da200000,0x00000000da200000,0x00000000da700000)
 ParOldGen       total 87552K, used 9683K [0x0000000081400000, 0x0000000086980000, 0x00000000d5c00000)
  object space 87552K, 11% used [0x0000000081400000,0x0000000081d74f80,0x0000000086980000)
 Metaspace       used 15253K, capacity 15546K, committed 15872K, reserved 1062912K
  class space    used 1844K, capacity 1945K, committed 2048K, reserved 1048576K
Event: 3.290 GC heap after
Heap after GC invocations=4 (full 0):
 PSYoungGen      total 71680K, used 5088K [0x00000000d5c00000, 0x00000000da700000, 0x0000000100000000)
  eden space 66560K, 0% used [0x00000000d5c00000,0x00000000d5c00000,0x00000000d9d00000)
  from space 5120K, 99% used [0x00000000da200000,0x00000000da6f8050,0x00000000da700000)
  to   space 5120K, 0% used [0x00000000d9d00000,0x00000000d9d00000,0x00000000da200000)
 ParOldGen       total 87552K, used 14145K [0x0000000081400000, 0x0000000086980000, 0x00000000d5c00000)
  object space 87552K, 16% used [0x0000000081400000,0x00000000821d07a0,0x0000000086980000)
 Metaspace       used 15253K, capacity 15546K, committed 15872K, reserved 1062912K
  class space    used 1844K, capacity 1945K, committed 2048K, reserved 1048576K
}

Deoptimization events (10 events):
Event: 1.597 Thread 0x0000000002822800 Uncommon trap: reason=unstable_if action=reinterpret pc=0x0000000002b27ae0 method=java.lang.AbstractStringBuilder.append(Ljava/lang/String;)Ljava/lang/AbstractStringBuilder; @ 1
Event: 1.626 Thread 0x0000000002822800 Uncommon trap: reason=predicate action=maybe_recompile pc=0x0000000002ccc3c0 method=java.lang.String.regionMatches(ZILjava/lang/String;II)Z @ 63
Event: 1.632 Thread 0x0000000002822800 Uncommon trap: reason=unstable_if action=reinterpret pc=0x0000000002ad4994 method=java.lang.String.replace(CC)Ljava/lang/String; @ 2
Event: 1.698 Thread 0x0000000002822800 Uncommon trap: reason=unstable_if action=reinterpret pc=0x0000000002a4b988 method=java.net.URI.match(CJJ)Z @ 19
Event: 1.699 Thread 0x0000000002822800 Uncommon trap: reason=unstable_if action=reinterpret pc=0x0000000002bf4f9c method=java.nio.charset.CharsetDecoder.decode(Ljava/nio/ByteBuffer;Ljava/nio/CharBuffer;Z)Ljava/nio/charset/CoderResult; @ 1
Event: 1.708 Thread 0x0000000002822800 Uncommon trap: reason=unstable_if action=reinterpret pc=0x0000000002d91d54 method=java.lang.String.substring(I)Ljava/lang/String; @ 35
Event: 1.873 Thread 0x0000000002822800 Uncommon trap: reason=unstable_if action=reinterpret pc=0x0000000002f205c4 method=org.codehaus.plexus.util.xml.pull.MXParser.nextImpl()I @ 879
Event: 2.114 Thread 0x0000000002822800 Uncommon trap: reason=null_check action=make_not_entrant pc=0x0000000002f71b08 method=org.apache.maven.model.io.xpp3.MavenXpp3ReaderEx.checkFieldWithDuplicate(Lorg/codehaus/plexus/util/xml/pull/XmlPullParser;Ljava/lang/String;Ljava/lang/String;Ljava/util/
Event: 2.301 Thread 0x0000000002822800 Uncommon trap: reason=unstable_if action=reinterpret pc=0x0000000002f63104 method=org.codehaus.plexus.util.xml.pull.MXParser.nextImpl()I @ 310
Event: 3.225 Thread 0x0000000002822800 Uncommon trap: reason=unstable_if action=reinterpret pc=0x0000000003014d28 method=java.util.regex.ASCII.isType(II)Z @ 6

Classes redefined (0 events):
No events

Internal exceptions (10 events):
Event: 1.374 Thread 0x0000000002822800 Exception <a 'java/lang/NoClassDefFoundError': javax/annotation/Priority> (0x00000000d6312880) thrown at [C:\re\workspace\8-2-build-windows-amd64-cygwin\jdk8u161\10277\hotspot\src\share\vm\classfile\systemDictionary.cpp, line 199]
Event: 1.559 Thread 0x0000000002822800 Exception <a 'java/lang/NullPointerException'> (0x00000000d6a2a930) thrown at [C:\re\workspace\8-2-build-windows-amd64-cygwin\jdk8u161\10277\hotspot\src\share\vm\interpreter\linkResolver.cpp, line 1185]
Event: 1.559 Thread 0x0000000002822800 Exception <a 'java/lang/NullPointerException'> (0x00000000d6a2ab48) thrown at [C:\re\workspace\8-2-build-windows-amd64-cygwin\jdk8u161\10277\hotspot\src\share\vm\interpreter\linkResolver.cpp, line 1185]
Event: 1.559 Thread 0x0000000002822800 Exception <a 'java/lang/NullPointerException'> (0x00000000d6a2ad60) thrown at [C:\re\workspace\8-2-build-windows-amd64-cygwin\jdk8u161\10277\hotspot\src\share\vm\interpreter\linkResolver.cpp, line 1185]
Event: 1.561 Thread 0x0000000002822800 Exception <a 'java/lang/NullPointerException'> (0x00000000d6a41d10) thrown at [C:\re\workspace\8-2-build-windows-amd64-cygwin\jdk8u161\10277\hotspot\src\share\vm\interpreter\linkResolver.cpp, line 1185]
Event: 1.561 Thread 0x0000000002822800 Exception <a 'java/lang/NullPointerException'> (0x00000000d6a41f28) thrown at [C:\re\workspace\8-2-build-windows-amd64-cygwin\jdk8u161\10277\hotspot\src\share\vm\interpreter\linkResolver.cpp, line 1185]
Event: 1.561 Thread 0x0000000002822800 Exception <a 'java/lang/NullPointerException'> (0x00000000d6a42140) thrown at [C:\re\workspace\8-2-build-windows-amd64-cygwin\jdk8u161\10277\hotspot\src\share\vm\interpreter\linkResolver.cpp, line 1185]
Event: 1.597 Thread 0x0000000002822800 Implicit null exception at 0x0000000002b70a16 to 0x0000000002b70db1
Event: 1.597 Thread 0x0000000002822800 Implicit null exception at 0x0000000002b27714 to 0x0000000002b27ac9
Event: 2.114 Thread 0x0000000002822800 Implicit null exception at 0x0000000002f706ae to 0x0000000002f71af1

Events (10 events):
Event: 3.211 loading class org/apache/maven/artifact/resolver/filter/ExcludesArtifactFilter done
Event: 3.211 loading class org/apache/maven/artifact/resolver/filter/IncludesArtifactFilter
Event: 3.211 loading class org/apache/maven/artifact/resolver/filter/IncludesArtifactFilter done
Event: 3.225 Thread 0x0000000002822800 Uncommon trap: trap_request=0xffffff65 fr.pc=0x0000000003014d28
Event: 3.225 Thread 0x0000000002822800 DEOPT PACKING pc=0x0000000003014d28 sp=0x000000000281db00
Event: 3.225 Thread 0x0000000002822800 DEOPT UNPACKING pc=0x000000000296583b sp=0x000000000281d9f8 mode 2
Event: 3.247 loading class org/apache/maven/project/DefaultProjectBuildingResult
Event: 3.247 loading class org/apache/maven/project/DefaultProjectBuildingResult done
Event: 3.272 Executing VM operation: ParallelGCFailedAllocation
Event: 3.290 Executing VM operation: ParallelGCFailedAllocation done


Dynamic libraries:
0x00007ff629120000 - 0x00007ff629157000 	C:\Program Files\Java\jdk1.8.0_161\bin\java.exe
0x00007ffc1cf80000 - 0x00007ffc1d170000 	C:\WINDOWS\SYSTEM32\ntdll.dll
0x00007ffc1c870000 - 0x00007ffc1c922000 	C:\WINDOWS\System32\KERNEL32.DLL
0x00007ffc19f30000 - 0x00007ffc1a1d5000 	C:\WINDOWS\System32\KERNELBASE.dll
0x00007ffc1c6f0000 - 0x00007ffc1c793000 	C:\WINDOWS\System32\ADVAPI32.dll
0x00007ffc1bce0000 - 0x00007ffc1bd7e000 	C:\WINDOWS\System32\msvcrt.dll
0x00007ffc1c540000 - 0x00007ffc1c5d7000 	C:\WINDOWS\System32\sechost.dll
0x00007ffc1c140000 - 0x00007ffc1c25f000 	C:\WINDOWS\System32\RPCRT4.dll
0x00007ffc1cda0000 - 0x00007ffc1cf34000 	C:\WINDOWS\System32\USER32.dll
0x00007ffc19f00000 - 0x00007ffc19f21000 	C:\WINDOWS\System32\win32u.dll
0x00007ffc1c2e0000 - 0x00007ffc1c306000 	C:\WINDOWS\System32\GDI32.dll
0x00007ffc1ae30000 - 0x00007ffc1afc8000 	C:\WINDOWS\System32\gdi32full.dll
0x00007ffc1a1e0000 - 0x00007ffc1a27e000 	C:\WINDOWS\System32\msvcp_win.dll
0x00007ffc1a340000 - 0x00007ffc1a43a000 	C:\WINDOWS\System32\ucrtbase.dll
0x00007ffc0c020000 - 0x00007ffc0c2a4000 	C:\WINDOWS\WinSxS\amd64_microsoft.windows.common-controls_6595b64144ccf1df_6.0.18362.1316_none_9e7a364fe461dbd7\COMCTL32.dll
0x00007ffc1be00000 - 0x00007ffc1c137000 	C:\WINDOWS\System32\combase.dll
0x00007ffc1a280000 - 0x00007ffc1a301000 	C:\WINDOWS\System32\bcryptPrimitives.dll
0x00007ffc1b900000 - 0x00007ffc1b92e000 	C:\WINDOWS\System32\IMM32.DLL
0x0000000053940000 - 0x0000000053a12000 	C:\Program Files\Java\jdk1.8.0_161\jre\bin\msvcr100.dll
0x00000000530a0000 - 0x000000005393f000 	C:\Program Files\Java\jdk1.8.0_161\jre\bin\server\jvm.dll
0x00007ffc1c2d0000 - 0x00007ffc1c2d8000 	C:\WINDOWS\System32\PSAPI.DLL
0x00007ffbfbb50000 - 0x00007ffbfbb59000 	C:\WINDOWS\SYSTEM32\WSOCK32.dll
0x00007ffc0e930000 - 0x00007ffc0e93a000 	C:\WINDOWS\SYSTEM32\VERSION.dll
0x00007ffc16ac0000 - 0x00007ffc16ae4000 	C:\WINDOWS\SYSTEM32\WINMM.dll
0x00007ffc1c600000 - 0x00007ffc1c66f000 	C:\WINDOWS\System32\WS2_32.dll
0x00007ffc16a90000 - 0x00007ffc16abd000 	C:\WINDOWS\SYSTEM32\WINMMBASE.dll
0x00007ffc1a510000 - 0x00007ffc1a55a000 	C:\WINDOWS\System32\cfgmgr32.dll
0x0000000053090000 - 0x000000005309f000 	C:\Program Files\Java\jdk1.8.0_161\jre\bin\verify.dll
0x0000000053060000 - 0x0000000053089000 	C:\Program Files\Java\jdk1.8.0_161\jre\bin\java.dll
0x0000000053040000 - 0x0000000053056000 	C:\Program Files\Java\jdk1.8.0_161\jre\bin\zip.dll
0x00007ffc1b140000 - 0x00007ffc1b828000 	C:\WINDOWS\System32\SHELL32.dll
0x00007ffc1b030000 - 0x00007ffc1b0d7000 	C:\WINDOWS\System32\shcore.dll
0x00007ffc1a560000 - 0x00007ffc1acdb000 	C:\WINDOWS\System32\windows.storage.dll
0x00007ffc19e60000 - 0x00007ffc19e83000 	C:\WINDOWS\System32\profapi.dll
0x00007ffc19e90000 - 0x00007ffc19eda000 	C:\WINDOWS\System32\powrprof.dll
0x00007ffc19e30000 - 0x00007ffc19e40000 	C:\WINDOWS\System32\UMPDC.dll
0x00007ffc1c4e0000 - 0x00007ffc1c532000 	C:\WINDOWS\System32\shlwapi.dll
0x00007ffc19e40000 - 0x00007ffc19e51000 	C:\WINDOWS\System32\kernel.appcore.dll
0x00007ffc1a4f0000 - 0x00007ffc1a507000 	C:\WINDOWS\System32\cryptsp.dll
0x00007ffc0a000000 - 0x00007ffc0a00a000 	E:\software\maven\apache-maven-3.5.3\lib\jansi-native\windows64\jansi.dll
0x0000000053020000 - 0x000000005303a000 	C:\Program Files\Java\jdk1.8.0_161\jre\bin\net.dll
0x00007ffc19670000 - 0x00007ffc196d7000 	C:\WINDOWS\system32\mswsock.dll
0x0000000053000000 - 0x0000000053011000 	C:\Program Files\Java\jdk1.8.0_161\jre\bin\nio.dll

VM Arguments:
jvm_args: -Dclassworlds.conf=E:\software\maven\apache-maven-3.5.3\bin\..\bin\m2.conf -Dmaven.home=E:\software\maven\apache-maven-3.5.3\bin\.. -Dlibrary.jansi.path=E:\software\maven\apache-maven-3.5.3\bin\..\lib\jansi-native -Dmaven.multiModuleProjectDirectory=E:\IDEA Workspace\union-boot-pk 
java_command: org.codehaus.plexus.classworlds.launcher.Launcher clean
java_class_path (initial): E:\software\maven\apache-maven-3.5.3\bin\..\boot\plexus-classworlds-2.5.2.jar
Launcher Type: SUN_STANDARD

Environment Variables:
JAVA_HOME=C:\Program Files\Java\jdk1.8.0_161
PATH=C:\ProgramData\Oracle\Java\javapath;C:\Program Files (x86)\Intel\iCLS Client\;C:\Program Files\Intel\iCLS Client\;C:\windows\system32;C:\windows;C:\windows\System32\Wbem;C:\windows\System32\WindowsPowerShell\v1.0\;C:\Program Files (x86)\NVIDIA Corporation\PhysX\Common;C:\Program Files (x86)\Intel\Intel(R) Management Engine Components\DAL;C:\Program Files\Intel\Intel(R) Management Engine Components\DAL;C:\Program Files (x86)\Intel\Intel(R) Management Engine Components\IPT;C:\Program Files\Intel\Intel(R) Management Engine Components\IPT;C:\WINDOWS\system32;C:\WINDOWS;C:\WINDOWS\System32\Wbem;C:\WINDOWS\System32\WindowsPowerShell\v1.0\;C:\WINDOWS\System32\OpenSSH\;C:\Program Files\Java\jdk1.8.0_161\bin;E:\software\maven\apache-maven-3.5.3\bin;C:\Program Files\TortoiseSVN\bin;C:\Program Files\Microsoft SQL Server\130\Tools\Binn\;C:\Program Files\dotnet\;C:\Program Files\TortoiseGit\bin;C:\Program Files\Git\cmd;E:\software\svn\bin;C:\Program Files\nodejs\;C:\Users\root\AppData\Local\Microsoft\WindowsApps;C:\Program Files\JetBrains\IntelliJ IDEA 2020.2.3\bin;C:\Program Files\JetBrains\IntelliJ IDEA Community Edition 2020.1.3\bin;C:\Users\root\.dotnet\tools;C:\Program Files\Huawei\DevEco Studio\bin;C:\Users\root\AppData\Roaming\npm
USERNAME=root
OS=Windows_NT
PROCESSOR_IDENTIFIER=Intel64 Family 6 Model 142 Stepping 9, GenuineIntel



---------------  S Y S T E M  ---------------

OS: Windows 10.0 , 64 bit Build 18362 (10.0.18362.1316)

CPU:total 4 (initial active 4) (2 cores per cpu, 2 threads per core) family 6 model 142 stepping 9, cmov, cx8, fxsr, mmx, sse, sse2, sse3, ssse3, sse4.1, sse4.2, popcnt, avx, avx2, aes, clmul, erms, 3dnowpref, lzcnt, ht, tsc, tscinvbit, bmi1, bmi2, adx

Memory: 4k page, physical 8301184k(665716k free), swap 14592640k(6000k free)

vm_info: Java HotSpot(TM) 64-Bit Server VM (25.161-b12) for windows-amd64 JRE (1.8.0_161-b12), built on Dec 19 2017 17:52:25 by "java_re" with MS VC++ 10.0 (VS2010)

time: Thu Jan 21 15:47:24 2021
elapsed time: 3 seconds (0d 0h 0m 3s)

