#
# There is insufficient memory for the Java Runtime Environment to continue.
# Native memory allocation (malloc) failed to allocate 65696 bytes for Chunk::new
# Possible reasons:
#   The system is out of physical RAM or swap space
#   In 32 bit mode, the process size limit was hit
# Possible solutions:
#   Reduce memory load on the system
#   Increase physical memory or swap space
#   Check if swap backing store is full
#   Use 64 bit Java on a 64 bit OS
#   Decrease Java heap size (-Xmx/-Xms)
#   Decrease number of Java threads
#   Decrease Java thread stack sizes (-Xss)
#   Set larger code cache with -XX:ReservedCodeCacheSize=
# This output file may be truncated or incomplete.
#
#  Out of Memory Error (allocation.cpp:390), pid=8444, tid=0x00000000000030e8
#
# JRE version: Java(TM) SE Runtime Environment (8.0_161-b12) (build 1.8.0_161-b12)
# Java VM: Java HotSpot(TM) 64-Bit Server VM (25.161-b12 mixed mode windows-amd64 compressed oops)
# Failed to write core dump. Minidumps are not enabled by default on client versions of Windows
#

---------------  T H R E A D  ---------------

Current thread (0x0000000019985800):  JavaThread "C2 CompilerThread1" daemon [_thread_in_native, id=12520, stack(0x000000001a010000,0x000000001a110000)]

Stack: [0x000000001a010000,0x000000001a110000]
[error occurred during error reporting (printing stack bounds), id 0xc0000005]

Native frames: (J=compiled Java code, j=interpreted, Vv=VM code, C=native code)


Current CompileTask:
C2:13023932 8415       4       java.util.StringTokenizer::hasMoreTokens (29 bytes)


---------------  P R O C E S S  ---------------

Java Threads: ( => current thread )
  0x0000000019add800 JavaThread "lettuce-nioEventLoop-4-4" daemon [_thread_in_native, id=17236, stack(0x0000000027540000,0x0000000027640000)]
  0x0000000019ae4800 JavaThread "lettuce-nioEventLoop-4-3" daemon [_thread_in_native, id=10928, stack(0x0000000023f60000,0x0000000024060000)]
  0x0000000019add000 JavaThread "lettuce-nioEventLoop-4-2" daemon [_thread_in_native, id=17232, stack(0x000000001c8b0000,0x000000001c9b0000)]
  0x0000000019ae2000 JavaThread "lettuce-timer-3-1" [_thread_blocked, id=15060, stack(0x000000001c7b0000,0x000000001c8b0000)]
  0x0000000019ae0800 JavaThread "DestroyJavaVM" [_thread_blocked, id=8416, stack(0x0000000002b60000,0x0000000002c60000)]
  0x0000000019ae3000 JavaThread "http-nio-8080-Acceptor" daemon [_thread_in_native, id=9388, stack(0x000000002b330000,0x000000002b430000)]
  0x0000000019ae0000 JavaThread "http-nio-8080-ClientPoller" daemon [_thread_in_native, id=17124, stack(0x000000002b230000,0x000000002b330000)]
  0x0000000019ae1800 JavaThread "http-nio-8080-exec-10" daemon [_thread_blocked, id=16220, stack(0x000000002b130000,0x000000002b230000)]
  0x0000000019adf000 JavaThread "http-nio-8080-exec-9" daemon [_thread_blocked, id=17116, stack(0x000000002b030000,0x000000002b130000)]
  0x0000000019ae3800 JavaThread "http-nio-8080-exec-8" daemon [_thread_blocked, id=7192, stack(0x000000002af30000,0x000000002b030000)]
  0x000000001a47b800 JavaThread "http-nio-8080-exec-7" daemon [_thread_blocked, id=5504, stack(0x000000002ae30000,0x000000002af30000)]
  0x000000001a47c800 JavaThread "http-nio-8080-exec-6" daemon [_thread_blocked, id=12724, stack(0x000000002ad30000,0x000000002ae30000)]
  0x000000001a47e800 JavaThread "http-nio-8080-exec-5" daemon [_thread_blocked, id=3300, stack(0x000000002ac30000,0x000000002ad30000)]
  0x000000001a47d000 JavaThread "http-nio-8080-exec-4" daemon [_thread_blocked, id=1132, stack(0x000000002ab30000,0x000000002ac30000)]
  0x000000001a47e000 JavaThread "http-nio-8080-exec-3" daemon [_thread_blocked, id=10732, stack(0x000000002a740000,0x000000002a840000)]
  0x000000001a47b000 JavaThread "http-nio-8080-exec-2" daemon [_thread_blocked, id=10788, stack(0x000000002a460000,0x000000002a560000)]
  0x000000001a47a000 JavaThread "http-nio-8080-exec-1" daemon [_thread_in_vm, id=7668, stack(0x000000002a360000,0x000000002a460000)]
  0x000000001a472800 JavaThread "http-nio-8080-BlockPoller" daemon [_thread_in_native, id=11660, stack(0x000000002a260000,0x000000002a360000)]
  0x000000001a478800 JavaThread "scheduling-1" [_thread_blocked, id=12704, stack(0x000000002a160000,0x000000002a260000)]
  0x000000001a478000 JavaThread "File Watcher" daemon [_thread_blocked, id=12628, stack(0x000000002a640000,0x000000002a740000)]
  0x000000001a477000 JavaThread "quartzScheduler_QuartzSchedulerThread" [_thread_blocked, id=10672, stack(0x000000002a060000,0x000000002a160000)]
  0x000000001a479800 JavaThread "quartzScheduler_Worker-10" [_thread_blocked, id=13688, stack(0x0000000029f60000,0x000000002a060000)]
  0x000000001a476800 JavaThread "quartzScheduler_Worker-9" [_thread_blocked, id=11600, stack(0x0000000029e60000,0x0000000029f60000)]
  0x000000001a470800 JavaThread "quartzScheduler_Worker-8" [_thread_blocked, id=1412, stack(0x0000000029390000,0x0000000029490000)]
  0x000000001a472000 JavaThread "quartzScheduler_Worker-7" [_thread_blocked, id=14892, stack(0x0000000029d60000,0x0000000029e60000)]
  0x000000001a473800 JavaThread "quartzScheduler_Worker-6" [_thread_blocked, id=17224, stack(0x0000000029c60000,0x0000000029d60000)]
  0x000000001a46f800 JavaThread "quartzScheduler_Worker-5" [_thread_blocked, id=17028, stack(0x0000000029b60000,0x0000000029c60000)]
  0x000000001a471000 JavaThread "quartzScheduler_Worker-4" [_thread_blocked, id=12016, stack(0x00000000297c0000,0x00000000298c0000)]
  0x000000001a474000 JavaThread "quartzScheduler_Worker-3" [_thread_blocked, id=13408, stack(0x00000000296c0000,0x00000000297c0000)]
  0x000000001a475000 JavaThread "quartzScheduler_Worker-2" [_thread_blocked, id=16708, stack(0x00000000295c0000,0x00000000296c0000)]
  0x000000001a475800 JavaThread "quartzScheduler_Worker-1" [_thread_blocked, id=15256, stack(0x00000000294c0000,0x00000000295c0000)]
  0x0000000022ed9000 JavaThread "idle_connection_reaper" daemon [_thread_blocked, id=16112, stack(0x0000000028e90000,0x0000000028f90000)]
  0x0000000022ede800 JavaThread "lettuce-eventExecutorLoop-1-4" daemon [_thread_blocked, id=16132, stack(0x0000000028d90000,0x0000000028e90000)]
  0x0000000022eda800 JavaThread "lettuce-eventExecutorLoop-1-3" daemon [_thread_blocked, id=16152, stack(0x0000000028c90000,0x0000000028d90000)]
  0x0000000022eda000 JavaThread "lettuce-eventExecutorLoop-1-2" daemon [_thread_blocked, id=15952, stack(0x0000000027680000,0x0000000027780000)]
  0x0000000022edf000 JavaThread "lettuce-eventExecutorLoop-1-1" daemon [_thread_blocked, id=13180, stack(0x0000000027440000,0x0000000027540000)]
  0x0000000022edd800 JavaThread "lettuce-nioEventLoop-4-1" daemon [_thread_in_native, id=6224, stack(0x0000000024b80000,0x0000000024c80000)]
  0x0000000022edd000 JavaThread "Live Reload Server" daemon [_thread_in_native, id=12472, stack(0x0000000026f40000,0x0000000027040000)]
  0x000000001b238800 JavaThread "Druid-ConnectionPool-Destroy-710044659" daemon [_thread_blocked, id=12488, stack(0x0000000024060000,0x0000000024160000)]
  0x00000000201e3800 JavaThread "Druid-ConnectionPool-Create-710044659" daemon [_thread_blocked, id=12524, stack(0x0000000000cb0000,0x0000000000db0000)]
  0x0000000019d11000 JavaThread "Abandoned connection cleanup thread" daemon [_thread_blocked, id=15100, stack(0x000000001fc00000,0x000000001fd00000)]
  0x000000001b720000 JavaThread "container-0" [_thread_blocked, id=15140, stack(0x0000000023760000,0x0000000023860000)]
  0x00000000216b9000 JavaThread "Catalina-utility-2" [_thread_blocked, id=15132, stack(0x0000000021160000,0x0000000021260000)]
  0x0000000019caa000 JavaThread "Catalina-utility-1" [_thread_blocked, id=15136, stack(0x000000001c9b0000,0x000000001cab0000)]
  0x000000001b256000 JavaThread "Log4j2-TF-2-Scheduled-1" daemon [_thread_blocked, id=14448, stack(0x000000001d160000,0x000000001d260000)]
  0x0000000019a0a000 JavaThread "Service Thread" daemon [_thread_blocked, id=14716, stack(0x000000001a210000,0x000000001a310000)]
  0x000000001998f000 JavaThread "C1 CompilerThread2" daemon [_thread_blocked, id=1176, stack(0x000000001a110000,0x000000001a210000)]
=>0x0000000019985800 JavaThread "C2 CompilerThread1" daemon [_thread_in_native, id=12520, stack(0x000000001a010000,0x000000001a110000)]
  0x0000000019983000 JavaThread "C2 CompilerThread0" daemon [_thread_blocked, id=14108, stack(0x0000000019f10000,0x000000001a010000)]
  0x0000000017ae5800 JavaThread "JDWP Command Reader" daemon [_thread_in_native, id=3416, stack(0x0000000019610000,0x0000000019710000)]
  0x0000000017ae2000 JavaThread "JDWP Event Helper Thread" daemon [_thread_blocked, id=6336, stack(0x0000000019510000,0x0000000019610000)]
  0x0000000017ad3800 JavaThread "JDWP Transport Listener: dt_socket" daemon [_thread_blocked, id=11224, stack(0x0000000019410000,0x0000000019510000)]
  0x0000000017acb000 JavaThread "Attach Listener" daemon [_thread_blocked, id=14948, stack(0x0000000019310000,0x0000000019410000)]
  0x0000000017ab9000 JavaThread "Signal Dispatcher" daemon [_thread_blocked, id=13400, stack(0x0000000019210000,0x0000000019310000)]
  0x0000000002e2e800 JavaThread "Finalizer" daemon [_thread_blocked, id=16580, stack(0x0000000018d10000,0x0000000018e10000)]
  0x0000000017a68800 JavaThread "Reference Handler" daemon [_thread_blocked, id=16872, stack(0x0000000018c10000,0x0000000018d10000)]

Other Threads:
  0x0000000017a67800 VMThread [stack: 0x0000000018b10000,0x0000000018c10000] [id=16684]
  0x0000000019a6a000 WatcherThread [stack: 0x000000001a310000,0x000000001a410000] [id=15736]

VM state:not at safepoint (normal execution)

VM Mutex/Monitor currently owned by a thread: None

Heap:
 PSYoungGen      total 519680K, used 223207K [0x00000000d5c00000, 0x00000000f9580000, 0x0000000100000000)
  eden space 519168K, 42% used [0x00000000d5c00000,0x00000000e35c9c18,0x00000000f5700000)
  from space 512K, 37% used [0x00000000f9500000,0x00000000f9530000,0x00000000f9580000)
  to   space 20992K, 0% used [0x00000000f6c80000,0x00000000f6c80000,0x00000000f8100000)
 ParOldGen       total 102400K, used 44283K [0x0000000081400000, 0x0000000087800000, 0x00000000d5c00000)
  object space 102400K, 43% used [0x0000000081400000,0x0000000083f3ee80,0x0000000087800000)
 Metaspace       used 79681K, capacity 82474K, committed 82688K, reserved 1122304K
  class space    used 10209K, capacity 10695K, committed 10752K, reserved 1048576K

Card table byte_map: [0x00000000122f0000,0x00000000126f0000] byte_map_base: 0x0000000011ee6000

Marking Bits: (ParMarkBitMap*) 0x000000006beef860
 Begin Bits: [0x0000000012da0000, 0x0000000014d50000)
 End Bits:   [0x0000000014d50000, 0x0000000016d00000)

Polling page: 0x0000000000aa0000

CodeCache: size=245760Kb used=25013Kb max_used=27017Kb free=220746Kb
 bounds [0x0000000002f30000, 0x00000000049c0000, 0x0000000011f30000]
 total_blobs=7535 nmethods=6890 adapters=564
 compilation: enabled

Compilation events (10 events):
Event: 13017.633 Thread 0x000000001998f000 8410       3       sun.util.locale.provider.LocaleResources::removeEmptyReferences (33 bytes)
Event: 13017.651 Thread 0x000000001998f000 nmethod 8410 0x00000000031912d0 code [0x0000000003191480, 0x0000000003191b98]
Event: 13018.184 Thread 0x000000001998f000 8411       3       org.apache.logging.log4j.core.impl.ExtendedStackTraceElement::render (216 bytes)
Event: 13018.195 Thread 0x000000001998f000 nmethod 8411 0x0000000003bb06d0 code [0x0000000003bb0a80, 0x0000000003bb2b98]
Event: 13018.195 Thread 0x000000001998f000 8412       3       org.apache.logging.log4j.core.impl.ExtendedClassInfo::renderOn (78 bytes)
Event: 13018.208 Thread 0x000000001998f000 nmethod 8412 0x0000000003aa9a10 code [0x0000000003aa9c40, 0x0000000003aaa838]
Event: 13019.605 Thread 0x0000000019983000 8413       4       java.util.StringTokenizer::skipDelimiters (116 bytes)
Event: 13019.605 Thread 0x000000001998f000 8414 %     3       java.util.StringTokenizer::scanToken @ 2 (179 bytes)
Event: 13019.612 Thread 0x000000001998f000 nmethod 8414% 0x0000000004000410 code [0x00000000040006a0, 0x0000000004001b18]
Event: 13019.626 Thread 0x0000000019985800 8415       4       java.util.StringTokenizer::hasMoreTokens (29 bytes)

GC Heap History (10 events):
Event: 77.428 GC heap before
{Heap before GC invocations=19 (full 3):
 PSYoungGen      total 374784K, used 356352K [0x00000000d5c00000, 0x00000000f5780000, 0x0000000100000000)
  eden space 356352K, 100% used [0x00000000d5c00000,0x00000000eb800000,0x00000000eb800000)
  from space 18432K, 0% used [0x00000000eb800000,0x00000000eb800000,0x00000000eca00000)
  to   space 18432K, 0% used [0x00000000f4580000,0x00000000f4580000,0x00000000f5780000)
 ParOldGen       total 102400K, used 28224K [0x0000000081400000, 0x0000000087800000, 0x00000000d5c00000)
  object space 102400K, 27% used [0x0000000081400000,0x0000000082f90300,0x0000000087800000)
 Metaspace       used 73007K, capacity 75346K, committed 75648K, reserved 1116160K
  class space    used 9311K, capacity 9741K, committed 9856K, reserved 1048576K
Event: 77.492 GC heap after
Heap after GC invocations=19 (full 3):
 PSYoungGen      total 497152K, used 18413K [0x00000000d5c00000, 0x00000000f6180000, 0x0000000100000000)
  eden space 478720K, 0% used [0x00000000d5c00000,0x00000000d5c00000,0x00000000f2f80000)
  from space 18432K, 99% used [0x00000000f4580000,0x00000000f577b640,0x00000000f5780000)
  to   space 22528K, 0% used [0x00000000f2f80000,0x00000000f2f80000,0x00000000f4580000)
 ParOldGen       total 102400K, used 31028K [0x0000000081400000, 0x0000000087800000, 0x00000000d5c00000)
  object space 102400K, 30% used [0x0000000081400000,0x000000008324d1c0,0x0000000087800000)
 Metaspace       used 73007K, capacity 75346K, committed 75648K, reserved 1116160K
  class space    used 9311K, capacity 9741K, committed 9856K, reserved 1048576K
}
Event: 366.022 GC heap before
{Heap before GC invocations=20 (full 3):
 PSYoungGen      total 497152K, used 497133K [0x00000000d5c00000, 0x00000000f6180000, 0x0000000100000000)
  eden space 478720K, 100% used [0x00000000d5c00000,0x00000000f2f80000,0x00000000f2f80000)
  from space 18432K, 99% used [0x00000000f4580000,0x00000000f577b640,0x00000000f5780000)
  to   space 22528K, 0% used [0x00000000f2f80000,0x00000000f2f80000,0x00000000f4580000)
 ParOldGen       total 102400K, used 31028K [0x0000000081400000, 0x0000000087800000, 0x00000000d5c00000)
  object space 102400K, 30% used [0x0000000081400000,0x000000008324d1c0,0x0000000087800000)
 Metaspace       used 78034K, capacity 80752K, committed 80896K, reserved 1120256K
  class space    used 9990K, capacity 10466K, committed 10496K, reserved 1048576K
Event: 366.428 GC heap after
Heap after GC invocations=20 (full 3):
 PSYoungGen      total 501248K, used 7536K [0x00000000d5c00000, 0x00000000fbe80000, 0x0000000100000000)
  eden space 478720K, 0% used [0x00000000d5c00000,0x00000000d5c00000,0x00000000f2f80000)
  from space 22528K, 33% used [0x00000000f2f80000,0x00000000f36dc0a8,0x00000000f4580000)
  to   space 21504K, 0% used [0x00000000fa980000,0x00000000fa980000,0x00000000fbe80000)
 ParOldGen       total 102400K, used 40607K [0x0000000081400000, 0x0000000087800000, 0x00000000d5c00000)
  object space 102400K, 39% used [0x0000000081400000,0x0000000083ba7d88,0x0000000087800000)
 Metaspace       used 78034K, capacity 80752K, committed 80896K, reserved 1120256K
  class space    used 9990K, capacity 10466K, committed 10496K, reserved 1048576K
}
Event: 804.911 GC heap before
{Heap before GC invocations=21 (full 3):
 PSYoungGen      total 501248K, used 486256K [0x00000000d5c00000, 0x00000000fbe80000, 0x0000000100000000)
  eden space 478720K, 100% used [0x00000000d5c00000,0x00000000f2f80000,0x00000000f2f80000)
  from space 22528K, 33% used [0x00000000f2f80000,0x00000000f36dc0a8,0x00000000f4580000)
  to   space 21504K, 0% used [0x00000000fa980000,0x00000000fa980000,0x00000000fbe80000)
 ParOldGen       total 102400K, used 40607K [0x0000000081400000, 0x0000000087800000, 0x00000000d5c00000)
  object space 102400K, 39% used [0x0000000081400000,0x0000000083ba7d88,0x0000000087800000)
 Metaspace       used 78099K, capacity 80758K, committed 80896K, reserved 1120256K
  class space    used 9990K, capacity 10467K, committed 10496K, reserved 1048576K
Event: 804.992 GC heap after
Heap after GC invocations=21 (full 3):
 PSYoungGen      total 576000K, used 288K [0x00000000d5c00000, 0x00000000fb100000, 0x0000000100000000)
  eden space 568320K, 0% used [0x00000000d5c00000,0x00000000d5c00000,0x00000000f8700000)
  from space 7680K, 3% used [0x00000000fa980000,0x00000000fa9c8000,0x00000000fb100000)
  to   space 21504K, 0% used [0x00000000f8700000,0x00000000f8700000,0x00000000f9c00000)
 ParOldGen       total 102400K, used 44267K [0x0000000081400000, 0x0000000087800000, 0x00000000d5c00000)
  object space 102400K, 43% used [0x0000000081400000,0x0000000083f3ae80,0x0000000087800000)
 Metaspace       used 78099K, capacity 80758K, committed 80896K, reserved 1120256K
  class space    used 9990K, capacity 10467K, committed 10496K, reserved 1048576K
}
Event: 1335.690 GC heap before
{Heap before GC invocations=22 (full 3):
 PSYoungGen      total 576000K, used 568608K [0x00000000d5c00000, 0x00000000fb100000, 0x0000000100000000)
  eden space 568320K, 100% used [0x00000000d5c00000,0x00000000f8700000,0x00000000f8700000)
  from space 7680K, 3% used [0x00000000fa980000,0x00000000fa9c8000,0x00000000fb100000)
  to   space 21504K, 0% used [0x00000000f8700000,0x00000000f8700000,0x00000000f9c00000)
 ParOldGen       total 102400K, used 44267K [0x0000000081400000, 0x0000000087800000, 0x00000000d5c00000)
  object space 102400K, 43% used [0x0000000081400000,0x0000000083f3ae80,0x0000000087800000)
 Metaspace       used 78131K, capacity 80782K, committed 80896K, reserved 1120256K
  class space    used 9992K, capacity 10471K, committed 10496K, reserved 1048576K
Event: 1337.316 GC heap after
Heap after GC invocations=22 (full 3):
 PSYoungGen      total 543744K, used 160K [0x00000000d5c00000, 0x00000000faa00000, 0x0000000100000000)
  eden space 543232K, 0% used [0x00000000d5c00000,0x00000000d5c00000,0x00000000f6e80000)
  from space 512K, 31% used [0x00000000f8700000,0x00000000f8728000,0x00000000f8780000)
  to   space 21504K, 0% used [0x00000000f9500000,0x00000000f9500000,0x00000000faa00000)
 ParOldGen       total 102400K, used 44275K [0x0000000081400000, 0x0000000087800000, 0x00000000d5c00000)
  object space 102400K, 43% used [0x0000000081400000,0x0000000083f3ce80,0x0000000087800000)
 Metaspace       used 78131K, capacity 80782K, committed 80896K, reserved 1120256K
  class space    used 9992K, capacity 10471K, committed 10496K, reserved 1048576K
}
Event: 1852.022 GC heap before
{Heap before GC invocations=23 (full 3):
 PSYoungGen      total 543744K, used 543392K [0x00000000d5c00000, 0x00000000faa00000, 0x0000000100000000)
  eden space 543232K, 100% used [0x00000000d5c00000,0x00000000f6e80000,0x00000000f6e80000)
  from space 512K, 31% used [0x00000000f8700000,0x00000000f8728000,0x00000000f8780000)
  to   space 21504K, 0% used [0x00000000f9500000,0x00000000f9500000,0x00000000faa00000)
 ParOldGen       total 102400K, used 44275K [0x0000000081400000, 0x0000000087800000, 0x00000000d5c00000)
  object space 102400K, 43% used [0x0000000081400000,0x0000000083f3ce80,0x0000000087800000)
 Metaspace       used 78151K, capacity 80846K, committed 80896K, reserved 1120256K
  class space    used 9992K, capacity 10471K, committed 10496K, reserved 1048576K
Event: 1853.047 GC heap after
Heap after GC invocations=23 (full 3):
 PSYoungGen      total 519680K, used 192K [0x00000000d5c00000, 0x00000000f9580000, 0x0000000100000000)
  eden space 519168K, 0% used [0x00000000d5c00000,0x00000000d5c00000,0x00000000f5700000)
  from space 512K, 37% used [0x00000000f9500000,0x00000000f9530000,0x00000000f9580000)
  to   space 20992K, 0% used [0x00000000f6c80000,0x00000000f6c80000,0x00000000f8100000)
 ParOldGen       total 102400K, used 44283K [0x0000000081400000, 0x0000000087800000, 0x00000000d5c00000)
  object space 102400K, 43% used [0x0000000081400000,0x0000000083f3ee80,0x0000000087800000)
 Metaspace       used 78151K, capacity 80846K, committed 80896K, reserved 1120256K
  class space    used 9992K, capacity 10471K, committed 10496K, reserved 1048576K
}

Deoptimization events (10 events):
Event: 12954.138 Thread 0x0000000019add000 Uncommon trap: reason=unstable_if action=reinterpret pc=0x00000000031077b0 method=sun.nio.ch.SelectorImpl.processDeregisterQueue()V @ 15
Event: 12954.138 Thread 0x0000000019ae4800 Uncommon trap: reason=unstable_if action=reinterpret pc=0x0000000003c42b34 method=io.netty.util.internal.shaded.org.jctools.queues.BaseMpscLinkedArrayQueue.isEmpty()Z @ 9
Event: 12954.902 Thread 0x0000000019ae4800 Uncommon trap: reason=unstable_if action=reinterpret pc=0x0000000003b8e9b4 method=sun.nio.ch.SelectorImpl.processDeregisterQueue()V @ 15
Event: 12973.424 Thread 0x000000001a478800 Uncommon trap: reason=unstable_if action=reinterpret pc=0x0000000004936014 method=java.util.concurrent.locks.AbstractQueuedSynchronizer$ConditionObject.addConditionWaiter()Ljava/util/concurrent/locks/AbstractQueuedSynchronizer$Node; @ 15
Event: 12973.424 Thread 0x000000001a478800 Uncommon trap: reason=speculate_class_check action=maybe_recompile pc=0x00000000031fe384 method=java.util.concurrent.locks.AbstractQueuedSynchronizer.release(I)Z @ 2
Event: 12984.725 Thread 0x000000001a47a000 Uncommon trap: reason=unstable_if action=reinterpret pc=0x0000000003098f0c method=org.springframework.util.AntPathMatcher$AntPathStringMatcher.matchStrings(Ljava/lang/String;Ljava/util/Map;)Z @ 17
Event: 13010.711 Thread 0x000000001a47a000 Uncommon trap: reason=unstable_if action=reinterpret pc=0x00000000031de6fc method=java.lang.StringBuffer.toString()Ljava/lang/String; @ 4
Event: 13019.556 Thread 0x000000001a47a000 Uncommon trap: reason=predicate action=maybe_recompile pc=0x00000000030a7130 method=java.util.StringTokenizer.skipDelimiters(I)I @ 17
Event: 13019.587 Thread 0x000000001a47a000 Uncommon trap: reason=unstable_if action=reinterpret pc=0x00000000032cfdb4 method=java.util.StringTokenizer.scanToken(I)I @ 96
Event: 13019.605 Thread 0x000000001a47a000 Uncommon trap: reason=unstable_if action=reinterpret pc=0x000000000426a66c method=java.util.StringTokenizer.scanToken(I)I @ 96

Classes redefined (0 events):
No events

Internal exceptions (10 events):
Event: 12967.922 Thread 0x0000000019add800 Exception <a 'java/net/NoRouteToHostException': No route to host: no further information> (0x00000000def94e90) thrown at [C:\re\workspace\8-2-build-windows-amd64-cygwin\jdk8u161\10277\hotspot\src\share\vm\prims\jni.cpp, line 735]
Event: 12970.236 Thread 0x00000000201e3800 Exception <a 'java/net/UnknownHostException': rm-2ze82vqtbo2d74flkao.mysql.rds.aliyuncs.com> (0x00000000dbfb3108) thrown at [C:\re\workspace\8-2-build-windows-amd64-cygwin\jdk8u161\10277\hotspot\src\share\vm\prims\jni.cpp, line 735]
Event: 12970.248 Thread 0x0000000022edd800 Exception <a 'java/net/NoRouteToHostException': No route to host: no further information> (0x00000000dd1e0ed8) thrown at [C:\re\workspace\8-2-build-windows-amd64-cygwin\jdk8u161\10277\hotspot\src\share\vm\prims\jni.cpp, line 735]
Event: 12974.424 Thread 0x0000000019add000 Exception <a 'java/net/NoRouteToHostException': No route to host: no further information> (0x00000000de5726e8) thrown at [C:\re\workspace\8-2-build-windows-amd64-cygwin\jdk8u161\10277\hotspot\src\share\vm\prims\jni.cpp, line 735]
Event: 12981.983 Thread 0x00000000201e3800 Exception <a 'java/net/UnknownHostException': rm-2ze82vqtbo2d74flkao.mysql.rds.aliyuncs.com> (0x00000000dc04fc10) thrown at [C:\re\workspace\8-2-build-windows-amd64-cygwin\jdk8u161\10277\hotspot\src\share\vm\prims\jni.cpp, line 735]
Event: 12982.625 Thread 0x0000000019ae4800 Exception <a 'java/net/NoRouteToHostException': No route to host: no further information> (0x00000000dee678c0) thrown at [C:\re\workspace\8-2-build-windows-amd64-cygwin\jdk8u161\10277\hotspot\src\share\vm\prims\jni.cpp, line 735]
Event: 12994.761 Thread 0x00000000201e3800 Exception <a 'java/net/UnknownHostException': rm-2ze82vqtbo2d74flkao.mysql.rds.aliyuncs.com> (0x00000000e0c446f0) thrown at [C:\re\workspace\8-2-build-windows-amd64-cygwin\jdk8u161\10277\hotspot\src\share\vm\prims\jni.cpp, line 735]
Event: 12999.318 Thread 0x0000000019add800 Exception <a 'java/net/NoRouteToHostException': No route to host: no further information> (0x00000000def98018) thrown at [C:\re\workspace\8-2-build-windows-amd64-cygwin\jdk8u161\10277\hotspot\src\share\vm\prims\jni.cpp, line 735]
Event: 13006.167 Thread 0x00000000201e3800 Exception <a 'java/net/UnknownHostException': rm-2ze82vqtbo2d74flkao.mysql.rds.aliyuncs.com> (0x00000000e0d2f3a8) thrown at [C:\re\workspace\8-2-build-windows-amd64-cygwin\jdk8u161\10277\hotspot\src\share\vm\prims\jni.cpp, line 735]
Event: 13018.685 Thread 0x00000000201e3800 Exception <a 'java/net/UnknownHostException': rm-2ze82vqtbo2d74flkao.mysql.rds.aliyuncs.com> (0x00000000e0e7baa0) thrown at [C:\re\workspace\8-2-build-windows-amd64-cygwin\jdk8u161\10277\hotspot\src\share\vm\prims\jni.cpp, line 735]

Events (10 events):
Event: 13019.587 Thread 0x000000001a47a000 Uncommon trap: trap_request=0xffffff65 fr.pc=0x00000000032cfdb4
Event: 13019.592 Thread 0x000000001a47a000 DEOPT PACKING pc=0x00000000032cfdb4 sp=0x000000002a45b8e0
Event: 13019.605 Thread 0x000000001a47a000 DEOPT UNPACKING pc=0x0000000002f7583b sp=0x000000002a45b898 mode 2
Event: 13019.605 Thread 0x000000001a47a000 Uncommon trap: trap_request=0xffffff65 fr.pc=0x000000000426a66c
Event: 13019.605 Thread 0x000000001a47a000 DEOPT PACKING pc=0x000000000426a66c sp=0x000000002a45b8e0
Event: 13019.626 Thread 0x000000001a47a000 DEOPT UNPACKING pc=0x0000000002f7583b sp=0x000000002a45b888 mode 2
Event: 13019.626 loading class org/hibernate/hql/internal/classic/ParserHelper
Event: 13019.626 loading class org/hibernate/hql/internal/classic/ParserHelper done
Event: 13019.626 Thread 0x000000001a47a000 DEOPT PACKING pc=0x0000000003edeefc sp=0x000000002a45a750
Event: 13019.626 Thread 0x000000001a47a000 DEOPT UNPACKING pc=0x0000000002f77890 sp=0x000000002a45a420 mode 1


Dynamic libraries:
0x00007ff7e79a0000 - 0x00007ff7e79d7000 	C:\Program Files\Java\jdk1.8.0_161\bin\java.exe
0x00007ff84e700000 - 0x00007ff84e8f0000 	C:\WINDOWS\SYSTEM32\ntdll.dll
0x00007ff84c970000 - 0x00007ff84ca22000 	C:\WINDOWS\System32\KERNEL32.DLL
0x00007ff84b7d0000 - 0x00007ff84ba75000 	C:\WINDOWS\System32\KERNELBASE.dll
0x00007ff84db70000 - 0x00007ff84dc13000 	C:\WINDOWS\System32\ADVAPI32.dll
0x00007ff84df90000 - 0x00007ff84e02e000 	C:\WINDOWS\System32\msvcrt.dll
0x00007ff84dc80000 - 0x00007ff84dd17000 	C:\WINDOWS\System32\sechost.dll
0x00007ff84d3d0000 - 0x00007ff84d4ef000 	C:\WINDOWS\System32\RPCRT4.dll
0x00007ff84ca30000 - 0x00007ff84cbc4000 	C:\WINDOWS\System32\USER32.dll
0x00007ff84c450000 - 0x00007ff84c471000 	C:\WINDOWS\System32\win32u.dll
0x00007ff84cc30000 - 0x00007ff84cc56000 	C:\WINDOWS\System32\GDI32.dll
0x00007ff84c480000 - 0x00007ff84c618000 	C:\WINDOWS\System32\gdi32full.dll
0x00007ff84c620000 - 0x00007ff84c6be000 	C:\WINDOWS\System32\msvcp_win.dll
0x00007ff84b680000 - 0x00007ff84b77a000 	C:\WINDOWS\System32\ucrtbase.dll
0x00007ff83d920000 - 0x00007ff83dba4000 	C:\WINDOWS\WinSxS\amd64_microsoft.windows.common-controls_6595b64144ccf1df_6.0.18362.1316_none_9e7a364fe461dbd7\COMCTL32.dll
0x00007ff84d5e0000 - 0x00007ff84d917000 	C:\WINDOWS\System32\combase.dll
0x00007ff84c720000 - 0x00007ff84c7a1000 	C:\WINDOWS\System32\bcryptPrimitives.dll
0x00007ff84e030000 - 0x00007ff84e05e000 	C:\WINDOWS\System32\IMM32.DLL
0x000000006bf70000 - 0x000000006c042000 	C:\Program Files\Java\jdk1.8.0_161\jre\bin\msvcr100.dll
0x000000006b6d0000 - 0x000000006bf6f000 	C:\Program Files\Java\jdk1.8.0_161\jre\bin\server\jvm.dll
0x00007ff84db60000 - 0x00007ff84db68000 	C:\WINDOWS\System32\PSAPI.DLL
0x00007ff848060000 - 0x00007ff848069000 	C:\WINDOWS\SYSTEM32\WSOCK32.dll
0x00007ff84d4f0000 - 0x00007ff84d55f000 	C:\WINDOWS\System32\WS2_32.dll
0x00007ff849620000 - 0x00007ff849644000 	C:\WINDOWS\SYSTEM32\WINMM.dll
0x00007ff845e20000 - 0x00007ff845e2a000 	C:\WINDOWS\SYSTEM32\VERSION.dll
0x00007ff8495f0000 - 0x00007ff84961d000 	C:\WINDOWS\SYSTEM32\WINMMBASE.dll
0x00007ff84ba80000 - 0x00007ff84baca000 	C:\WINDOWS\System32\cfgmgr32.dll
0x000000006b6c0000 - 0x000000006b6cf000 	C:\Program Files\Java\jdk1.8.0_161\jre\bin\verify.dll
0x000000006b690000 - 0x000000006b6b9000 	C:\Program Files\Java\jdk1.8.0_161\jre\bin\java.dll
0x000000006b650000 - 0x000000006b685000 	C:\Program Files\Java\jdk1.8.0_161\jre\bin\jdwp.dll
0x000000006b640000 - 0x000000006b648000 	C:\Program Files\Java\jdk1.8.0_161\jre\bin\npt.dll
0x000000006b610000 - 0x000000006b633000 	C:\Program Files\Java\jdk1.8.0_161\jre\bin\instrument.dll
0x000000006b5f0000 - 0x000000006b606000 	C:\Program Files\Java\jdk1.8.0_161\jre\bin\zip.dll
0x00007ff84cce0000 - 0x00007ff84d3c8000 	C:\WINDOWS\System32\SHELL32.dll
0x00007ff84dd30000 - 0x00007ff84ddd7000 	C:\WINDOWS\System32\shcore.dll
0x00007ff84bcd0000 - 0x00007ff84c44b000 	C:\WINDOWS\System32\windows.storage.dll
0x00007ff84b650000 - 0x00007ff84b673000 	C:\WINDOWS\System32\profapi.dll
0x00007ff84b5e0000 - 0x00007ff84b62a000 	C:\WINDOWS\System32\powrprof.dll
0x00007ff84b5b0000 - 0x00007ff84b5c0000 	C:\WINDOWS\System32\UMPDC.dll
0x00007ff84cbd0000 - 0x00007ff84cc22000 	C:\WINDOWS\System32\shlwapi.dll
0x00007ff84b630000 - 0x00007ff84b641000 	C:\WINDOWS\System32\kernel.appcore.dll
0x00007ff84b7b0000 - 0x00007ff84b7c7000 	C:\WINDOWS\System32\cryptsp.dll
0x000000006b5e0000 - 0x000000006b5e9000 	C:\Program Files\Java\jdk1.8.0_161\jre\bin\dt_socket.dll
0x00007ff84adf0000 - 0x00007ff84ae57000 	C:\WINDOWS\system32\mswsock.dll
0x000000006b590000 - 0x000000006b59d000 	C:\Program Files\Java\jdk1.8.0_161\jre\bin\management.dll
0x000000006b5c0000 - 0x000000006b5da000 	C:\Program Files\Java\jdk1.8.0_161\jre\bin\net.dll
0x00007ff8453c0000 - 0x00007ff8453d6000 	C:\WINDOWS\system32\napinsp.dll
0x00007ff8453e0000 - 0x00007ff8453fa000 	C:\WINDOWS\system32\pnrpnsp.dll
0x00007ff847090000 - 0x00007ff8470a5000 	C:\WINDOWS\system32\wshbth.dll
0x00007ff847cd0000 - 0x00007ff847cec000 	C:\WINDOWS\system32\NLAapi.dll
0x00007ff84ab00000 - 0x00007ff84ab3a000 	C:\WINDOWS\SYSTEM32\IPHLPAPI.DLL
0x00007ff84ab40000 - 0x00007ff84ac0b000 	C:\WINDOWS\SYSTEM32\DNSAPI.dll
0x00007ff84dd20000 - 0x00007ff84dd28000 	C:\WINDOWS\System32\NSI.dll
0x00007ff845400000 - 0x00007ff84540e000 	C:\WINDOWS\System32\winrnr.dll
0x00007ff83e420000 - 0x00007ff83e42a000 	C:\Windows\System32\rasadhlp.dll
0x00007ff83f720000 - 0x00007ff83f797000 	C:\WINDOWS\System32\fwpuclnt.dll
0x00007ff84b780000 - 0x00007ff84b7a6000 	C:\WINDOWS\System32\bcrypt.dll
0x000000006b5a0000 - 0x000000006b5b1000 	C:\Program Files\Java\jdk1.8.0_161\jre\bin\nio.dll
0x00007ff84a970000 - 0x00007ff84a9a3000 	C:\WINDOWS\system32\rsaenh.dll
0x00007ff84b4d0000 - 0x00007ff84b4f5000 	C:\WINDOWS\SYSTEM32\USERENV.dll
0x00007ff84afc0000 - 0x00007ff84afcc000 	C:\WINDOWS\SYSTEM32\CRYPTBASE.dll
0x00007ff83f820000 - 0x00007ff83f836000 	C:\WINDOWS\SYSTEM32\dhcpcsvc6.DLL
0x00007ff83fa90000 - 0x00007ff83faac000 	C:\WINDOWS\SYSTEM32\dhcpcsvc.DLL
0x000000006b560000 - 0x000000006b584000 	C:\Program Files\Java\jdk1.8.0_161\jre\bin\sunec.dll

VM Arguments:
jvm_args: -agentlib:jdwp=transport=dt_socket,address=127.0.0.1:50589,suspend=y,server=n -javaagent:C:\Users\root\AppData\Local\JetBrains\IdeaIC2020.1\captureAgent\debugger-agent.jar -Dfile.encoding=UTF-8 
java_command: com.union.app.AppApplication
java_class_path (initial): C:\Program Files\Java\jdk1.8.0_161\jre\lib\charsets.jar;C:\Program Files\Java\jdk1.8.0_161\jre\lib\deploy.jar;C:\Program Files\Java\jdk1.8.0_161\jre\lib\ext\access-bridge-64.jar;C:\Program Files\Java\jdk1.8.0_161\jre\lib\ext\cldrdata.jar;C:\Program Files\Java\jdk1.8.0_161\jre\lib\ext\dnsns.jar;C:\Program Files\Java\jdk1.8.0_161\jre\lib\ext\jaccess.jar;C:\Program Files\Java\jdk1.8.0_161\jre\lib\ext\jfxrt.jar;C:\Program Files\Java\jdk1.8.0_161\jre\lib\ext\localedata.jar;C:\Program Files\Java\jdk1.8.0_161\jre\lib\ext\nashorn.jar;C:\Program Files\Java\jdk1.8.0_161\jre\lib\ext\sunec.jar;C:\Program Files\Java\jdk1.8.0_161\jre\lib\ext\sunjce_provider.jar;C:\Program Files\Java\jdk1.8.0_161\jre\lib\ext\sunmscapi.jar;C:\Program Files\Java\jdk1.8.0_161\jre\lib\ext\sunpkcs11.jar;C:\Program Files\Java\jdk1.8.0_161\jre\lib\ext\zipfs.jar;C:\Program Files\Java\jdk1.8.0_161\jre\lib\javaws.jar;C:\Program Files\Java\jdk1.8.0_161\jre\lib\jce.jar;C:\Program Files\Java\jdk1.8.0_161\jre\lib\jfr.jar;C:\Program Files\Java\jdk1.8.0_161\jre\lib\jfxswt.jar;C:\Program Files\Java\jdk1.8.0_161\jre\lib\jsse.jar;C:\Program Files\Java\jdk1.8.0_161\jre\lib\management-agent.jar;C:\Program Files\Java\jdk1.8.0_161\jre\lib\plugin.jar;C:\Program Files\Java\jdk1.8.0_161\jre\lib\resources.jar;C:\Program Files\Java\jdk1.8.0_161\jre\lib\rt.jar;E:\IDEA Workspace\union-boot-pk\union-app-start\target\classes;E:\IDEA Workspace\union-boot-pk\union-app-util\target\classes;E:\software\maven\maven_lib\org\apache\httpcomponents\httpclient\4.5.9\httpclient-4.5.9.jar;E:\software\maven\maven_lib\commons-codec\commons-codec\1.11\commons-codec-1.11.jar;E:\software\maven\maven_lib\org\apache\httpcomponents\httpcore\4.4.11\httpcore-4.4.11.jar;E:\software\maven\maven_lib\org\apache\httpcomponents\httpcore-nio\4.4.11\httpcore-nio-4.4.11.jar;E:\software\maven\maven_lib\org\apache\httpcomponents\httpasyncclient\4.1.4\httpasyncclient-4.1.4.jar;E:\software\maven\maven_lib\org\apache\httpcomponents\http
Launcher Type: SUN_STANDARD

Environment Variables:
JAVA_HOME=C:\Program Files\Java\jdk1.8.0_161
PATH=C:\ProgramData\Oracle\Java\javapath;C:\Program Files (x86)\Intel\iCLS Client\;C:\Program Files\Intel\iCLS Client\;C:\windows\system32;C:\windows;C:\windows\System32\Wbem;C:\windows\System32\WindowsPowerShell\v1.0\;C:\Program Files (x86)\NVIDIA Corporation\PhysX\Common;C:\Program Files (x86)\Intel\Intel(R) Management Engine Components\DAL;C:\Program Files\Intel\Intel(R) Management Engine Components\DAL;C:\Program Files (x86)\Intel\Intel(R) Management Engine Components\IPT;C:\Program Files\Intel\Intel(R) Management Engine Components\IPT;C:\WINDOWS\system32;C:\WINDOWS;C:\WINDOWS\System32\Wbem;C:\WINDOWS\System32\WindowsPowerShell\v1.0\;C:\WINDOWS\System32\OpenSSH\;C:\Program Files\Java\jdk1.8.0_161\bin;E:\software\maven\apache-maven-3.5.3\bin;C:\Program Files\TortoiseSVN\bin;C:\Program Files\Microsoft SQL Server\130\Tools\Binn\;C:\Program Files\dotnet\;C:\Program Files\TortoiseGit\bin;C:\Program Files\Git\cmd;E:\software\svn\bin;C:\Program Files\nodejs\;C:\Users\root\AppData\Local\Microsoft\WindowsApps;;C:\Program Files\JetBrains\IntelliJ IDEA 2020.2.3\bin;;C:\Program Files\JetBrains\IntelliJ IDEA Community Edition 2020.1.3\bin;;C:\Users\root\.dotnet\tools;C:\Program Files\Huawei\DevEco Studio\bin;;C:\Users\root\AppData\Roaming\npm
USERNAME=root
OS=Windows_NT
PROCESSOR_IDENTIFIER=Intel64 Family 6 Model 142 Stepping 9, GenuineIntel



---------------  S Y S T E M  ---------------

OS: Windows 10.0 , 64 bit Build 18362 (10.0.18362.1316)

CPU:total 4 (initial active 4) (2 cores per cpu, 2 threads per core) family 6 model 142 stepping 9, cmov, cx8, fxsr, mmx, sse, sse2, sse3, ssse3, sse4.1, sse4.2, popcnt, avx, avx2, aes, clmul, erms, 3dnowpref, lzcnt, ht, tsc, tscinvbit, bmi1, bmi2, adx

Memory: 4k page, physical 8301184k(344184k free), swap 14592640k(6016k free)

vm_info: Java HotSpot(TM) 64-Bit Server VM (25.161-b12) for windows-amd64 JRE (1.8.0_161-b12), built on Dec 19 2017 17:52:25 by "java_re" with MS VC++ 10.0 (VS2010)

time: Mon Feb 15 15:29:46 2021
elapsed time: 13025 seconds (0d 3h 37m 5s)

